I0503 09:29:21.566321  8462 caffe.cpp:204] Using GPUs 0
I0503 09:29:21.593399  8462 caffe.cpp:209] GPU 0: GeForce 940MX
I0503 09:29:21.881834  8462 solver.cpp:45] Initializing solver from parameters: 
test_iter: 110
test_interval: 125
base_lr: 0.01
display: 500
max_iter: 10000
lr_policy: "fixed"
gamma: 0.1
momentum: 0.9
weight_decay: 0.0005
stepsize: 20000
snapshot: 1000
snapshot_prefix: "models/sp_final_lenet/exp_10/caffe_lenet_fixed10_train"
solver_mode: GPU
device_id: 0
net: "models/sp_final_lenet/lenet_train_val.prototxt"
train_state {
  level: 0
  stage: ""
}
I0503 09:29:21.882009  8462 solver.cpp:102] Creating training net from net file: models/sp_final_lenet/lenet_train_val.prototxt
I0503 09:29:21.882201  8462 net.cpp:294] The NetState phase (0) differed from the phase (1) specified by a rule in layer data
I0503 09:29:21.882215  8462 net.cpp:294] The NetState phase (0) differed from the phase (1) specified by a rule in layer accuracy
I0503 09:29:21.882310  8462 net.cpp:51] Initializing net from parameters: 
name: "LeNet"
state {
  phase: TRAIN
  level: 0
  stage: ""
}
layer {
  name: "data"
  type: "Data"
  top: "data"
  top: "label"
  include {
    phase: TRAIN
  }
  transform_param {
    scale: 0.00390625
  }
  data_param {
    source: "examples/final_sp/sp_train_lmdb"
    batch_size: 64
    backend: LMDB
  }
}
layer {
  name: "conv1"
  type: "Convolution"
  bottom: "data"
  top: "conv1"
  param {
    lr_mult: 1
  }
  param {
    lr_mult: 2
  }
  convolution_param {
    num_output: 20
    kernel_size: 5
    stride: 1
    weight_filler {
      type: "xavier"
    }
    bias_filler {
      type: "constant"
    }
  }
}
layer {
  name: "pool1"
  type: "Pooling"
  bottom: "conv1"
  top: "pool1"
  pooling_param {
    pool: MAX
    kernel_size: 2
    stride: 2
  }
}
layer {
  name: "conv2"
  type: "Convolution"
  bottom: "pool1"
  top: "conv2"
  param {
    lr_mult: 1
  }
  param {
    lr_mult: 2
  }
  convolution_param {
    num_output: 50
    kernel_size: 5
    stride: 1
    weight_filler {
      type: "xavier"
    }
    bias_filler {
      type: "constant"
    }
  }
}
layer {
  name: "pool2"
  type: "Pooling"
  bottom: "conv2"
  top: "pool2"
  pooling_param {
    pool: MAX
    kernel_size: 2
    stride: 2
  }
}
layer {
  name: "ip1"
  type: "InnerProduct"
  bottom: "pool2"
  top: "ip1"
  param {
    lr_mult: 1
  }
  param {
    lr_mult: 2
  }
  inner_product_param {
    num_output: 500
    weight_filler {
      type: "xavier"
    }
    bias_filler {
      type: "constant"
    }
  }
}
layer {
  name: "relu1"
  type: "ReLU"
  bottom: "ip1"
  top: "ip1"
}
layer {
  name: "ip2"
  type: "InnerProduct"
  bottom: "ip1"
  top: "ip2"
  param {
    lr_mult: 1
  }
  param {
    lr_mult: 2
  }
  inner_product_param {
    num_output: 52
    weight_filler {
      type: "xavier"
    }
    bias_filler {
      type: "constant"
    }
  }
}
layer {
  name: "loss"
  type: "SoftmaxWithLoss"
  bottom: "ip2"
  bottom: "label"
  top: "loss"
}
I0503 09:29:21.882380  8462 layer_factory.hpp:77] Creating layer data
I0503 09:29:21.882489  8462 db_lmdb.cpp:35] Opened lmdb examples/final_sp/sp_train_lmdb
I0503 09:29:21.882514  8462 net.cpp:84] Creating Layer data
I0503 09:29:21.882524  8462 net.cpp:380] data -> data
I0503 09:29:21.882546  8462 net.cpp:380] data -> label
I0503 09:29:21.883180  8462 data_layer.cpp:45] output data size: 64,3,28,28
I0503 09:29:21.887507  8462 net.cpp:122] Setting up data
I0503 09:29:21.887538  8462 net.cpp:129] Top shape: 64 3 28 28 (150528)
I0503 09:29:21.887544  8462 net.cpp:129] Top shape: 64 (64)
I0503 09:29:21.887549  8462 net.cpp:137] Memory required for data: 602368
I0503 09:29:21.887562  8462 layer_factory.hpp:77] Creating layer conv1
I0503 09:29:21.887594  8462 net.cpp:84] Creating Layer conv1
I0503 09:29:21.887603  8462 net.cpp:406] conv1 <- data
I0503 09:29:21.887625  8462 net.cpp:380] conv1 -> conv1
I0503 09:29:21.888788  8462 net.cpp:122] Setting up conv1
I0503 09:29:21.888804  8462 net.cpp:129] Top shape: 64 20 24 24 (737280)
I0503 09:29:21.888808  8462 net.cpp:137] Memory required for data: 3551488
I0503 09:29:21.888830  8462 layer_factory.hpp:77] Creating layer pool1
I0503 09:29:21.888896  8462 net.cpp:84] Creating Layer pool1
I0503 09:29:21.888906  8462 net.cpp:406] pool1 <- conv1
I0503 09:29:21.888916  8462 net.cpp:380] pool1 -> pool1
I0503 09:29:21.888985  8462 net.cpp:122] Setting up pool1
I0503 09:29:21.888998  8462 net.cpp:129] Top shape: 64 20 12 12 (184320)
I0503 09:29:21.889003  8462 net.cpp:137] Memory required for data: 4288768
I0503 09:29:21.889008  8462 layer_factory.hpp:77] Creating layer conv2
I0503 09:29:21.889024  8462 net.cpp:84] Creating Layer conv2
I0503 09:29:21.889030  8462 net.cpp:406] conv2 <- pool1
I0503 09:29:21.889040  8462 net.cpp:380] conv2 -> conv2
I0503 09:29:21.890172  8462 net.cpp:122] Setting up conv2
I0503 09:29:21.890185  8462 net.cpp:129] Top shape: 64 50 8 8 (204800)
I0503 09:29:21.890192  8462 net.cpp:137] Memory required for data: 5107968
I0503 09:29:21.890204  8462 layer_factory.hpp:77] Creating layer pool2
I0503 09:29:21.890220  8462 net.cpp:84] Creating Layer pool2
I0503 09:29:21.890226  8462 net.cpp:406] pool2 <- conv2
I0503 09:29:21.890235  8462 net.cpp:380] pool2 -> pool2
I0503 09:29:21.890292  8462 net.cpp:122] Setting up pool2
I0503 09:29:21.890305  8462 net.cpp:129] Top shape: 64 50 4 4 (51200)
I0503 09:29:21.890310  8462 net.cpp:137] Memory required for data: 5312768
I0503 09:29:21.890314  8462 layer_factory.hpp:77] Creating layer ip1
I0503 09:29:21.890326  8462 net.cpp:84] Creating Layer ip1
I0503 09:29:21.890331  8462 net.cpp:406] ip1 <- pool2
I0503 09:29:21.890342  8462 net.cpp:380] ip1 -> ip1
I0503 09:29:21.894502  8462 net.cpp:122] Setting up ip1
I0503 09:29:21.895948  8462 net.cpp:129] Top shape: 64 500 (32000)
I0503 09:29:21.895958  8462 net.cpp:137] Memory required for data: 5440768
I0503 09:29:21.895974  8462 layer_factory.hpp:77] Creating layer relu1
I0503 09:29:21.895987  8462 net.cpp:84] Creating Layer relu1
I0503 09:29:21.895993  8462 net.cpp:406] relu1 <- ip1
I0503 09:29:21.896005  8462 net.cpp:367] relu1 -> ip1 (in-place)
I0503 09:29:21.896018  8462 net.cpp:122] Setting up relu1
I0503 09:29:21.896024  8462 net.cpp:129] Top shape: 64 500 (32000)
I0503 09:29:21.896028  8462 net.cpp:137] Memory required for data: 5568768
I0503 09:29:21.896033  8462 layer_factory.hpp:77] Creating layer ip2
I0503 09:29:21.896041  8462 net.cpp:84] Creating Layer ip2
I0503 09:29:21.896046  8462 net.cpp:406] ip2 <- ip1
I0503 09:29:21.896054  8462 net.cpp:380] ip2 -> ip2
I0503 09:29:21.896317  8462 net.cpp:122] Setting up ip2
I0503 09:29:21.896327  8462 net.cpp:129] Top shape: 64 52 (3328)
I0503 09:29:21.896332  8462 net.cpp:137] Memory required for data: 5582080
I0503 09:29:21.896340  8462 layer_factory.hpp:77] Creating layer loss
I0503 09:29:21.896353  8462 net.cpp:84] Creating Layer loss
I0503 09:29:21.896358  8462 net.cpp:406] loss <- ip2
I0503 09:29:21.896364  8462 net.cpp:406] loss <- label
I0503 09:29:21.896376  8462 net.cpp:380] loss -> loss
I0503 09:29:21.896395  8462 layer_factory.hpp:77] Creating layer loss
I0503 09:29:21.896533  8462 net.cpp:122] Setting up loss
I0503 09:29:21.896543  8462 net.cpp:129] Top shape: (1)
I0503 09:29:21.896548  8462 net.cpp:132]     with loss weight 1
I0503 09:29:21.896575  8462 net.cpp:137] Memory required for data: 5582084
I0503 09:29:21.896581  8462 net.cpp:198] loss needs backward computation.
I0503 09:29:21.896591  8462 net.cpp:198] ip2 needs backward computation.
I0503 09:29:21.896596  8462 net.cpp:198] relu1 needs backward computation.
I0503 09:29:21.896601  8462 net.cpp:198] ip1 needs backward computation.
I0503 09:29:21.896606  8462 net.cpp:198] pool2 needs backward computation.
I0503 09:29:21.896611  8462 net.cpp:198] conv2 needs backward computation.
I0503 09:29:21.896616  8462 net.cpp:198] pool1 needs backward computation.
I0503 09:29:21.896621  8462 net.cpp:198] conv1 needs backward computation.
I0503 09:29:21.896627  8462 net.cpp:200] data does not need backward computation.
I0503 09:29:21.896632  8462 net.cpp:242] This network produces output loss
I0503 09:29:21.896646  8462 net.cpp:255] Network initialization done.
I0503 09:29:21.896919  8462 solver.cpp:190] Creating test net (#0) specified by net file: models/sp_final_lenet/lenet_train_val.prototxt
I0503 09:29:21.896965  8462 net.cpp:294] The NetState phase (1) differed from the phase (0) specified by a rule in layer data
I0503 09:29:21.897055  8462 net.cpp:51] Initializing net from parameters: 
name: "LeNet"
state {
  phase: TEST
}
layer {
  name: "data"
  type: "Data"
  top: "data"
  top: "label"
  include {
    phase: TEST
  }
  transform_param {
    scale: 0.00390625
  }
  data_param {
    source: "examples/final_sp/sp_val_lmdb"
    batch_size: 64
    backend: LMDB
  }
}
layer {
  name: "conv1"
  type: "Convolution"
  bottom: "data"
  top: "conv1"
  param {
    lr_mult: 1
  }
  param {
    lr_mult: 2
  }
  convolution_param {
    num_output: 20
    kernel_size: 5
    stride: 1
    weight_filler {
      type: "xavier"
    }
    bias_filler {
      type: "constant"
    }
  }
}
layer {
  name: "pool1"
  type: "Pooling"
  bottom: "conv1"
  top: "pool1"
  pooling_param {
    pool: MAX
    kernel_size: 2
    stride: 2
  }
}
layer {
  name: "conv2"
  type: "Convolution"
  bottom: "pool1"
  top: "conv2"
  param {
    lr_mult: 1
  }
  param {
    lr_mult: 2
  }
  convolution_param {
    num_output: 50
    kernel_size: 5
    stride: 1
    weight_filler {
      type: "xavier"
    }
    bias_filler {
      type: "constant"
    }
  }
}
layer {
  name: "pool2"
  type: "Pooling"
  bottom: "conv2"
  top: "pool2"
  pooling_param {
    pool: MAX
    kernel_size: 2
    stride: 2
  }
}
layer {
  name: "ip1"
  type: "InnerProduct"
  bottom: "pool2"
  top: "ip1"
  param {
    lr_mult: 1
  }
  param {
    lr_mult: 2
  }
  inner_product_param {
    num_output: 500
    weight_filler {
      type: "xavier"
    }
    bias_filler {
      type: "constant"
    }
  }
}
layer {
  name: "relu1"
  type: "ReLU"
  bottom: "ip1"
  top: "ip1"
}
layer {
  name: "ip2"
  type: "InnerProduct"
  bottom: "ip1"
  top: "ip2"
  param {
    lr_mult: 1
  }
  param {
    lr_mult: 2
  }
  inner_product_param {
    num_output: 52
    weight_filler {
      type: "xavier"
    }
    bias_filler {
      type: "constant"
    }
  }
}
layer {
  name: "accuracy"
  type: "Accuracy"
  bottom: "ip2"
  bottom: "label"
  top: "accuracy"
  include {
    phase: TEST
  }
}
layer {
  name: "loss"
  type: "SoftmaxWithLoss"
  bottom: "ip2"
  bottom: "label"
  top: "loss"
}
I0503 09:29:21.897155  8462 layer_factory.hpp:77] Creating layer data
I0503 09:29:21.897225  8462 db_lmdb.cpp:35] Opened lmdb examples/final_sp/sp_val_lmdb
I0503 09:29:21.897243  8462 net.cpp:84] Creating Layer data
I0503 09:29:21.897253  8462 net.cpp:380] data -> data
I0503 09:29:21.897265  8462 net.cpp:380] data -> label
I0503 09:29:21.897385  8462 data_layer.cpp:45] output data size: 64,3,28,28
I0503 09:29:21.902050  8462 net.cpp:122] Setting up data
I0503 09:29:21.902081  8462 net.cpp:129] Top shape: 64 3 28 28 (150528)
I0503 09:29:21.902088  8462 net.cpp:129] Top shape: 64 (64)
I0503 09:29:21.902092  8462 net.cpp:137] Memory required for data: 602368
I0503 09:29:21.902101  8462 layer_factory.hpp:77] Creating layer label_data_1_split
I0503 09:29:21.902120  8462 net.cpp:84] Creating Layer label_data_1_split
I0503 09:29:21.902125  8462 net.cpp:406] label_data_1_split <- label
I0503 09:29:21.902138  8462 net.cpp:380] label_data_1_split -> label_data_1_split_0
I0503 09:29:21.902153  8462 net.cpp:380] label_data_1_split -> label_data_1_split_1
I0503 09:29:21.902230  8462 net.cpp:122] Setting up label_data_1_split
I0503 09:29:21.902240  8462 net.cpp:129] Top shape: 64 (64)
I0503 09:29:21.902276  8462 net.cpp:129] Top shape: 64 (64)
I0503 09:29:21.902281  8462 net.cpp:137] Memory required for data: 602880
I0503 09:29:21.902287  8462 layer_factory.hpp:77] Creating layer conv1
I0503 09:29:21.902305  8462 net.cpp:84] Creating Layer conv1
I0503 09:29:21.902312  8462 net.cpp:406] conv1 <- data
I0503 09:29:21.902323  8462 net.cpp:380] conv1 -> conv1
I0503 09:29:21.902565  8462 net.cpp:122] Setting up conv1
I0503 09:29:21.902575  8462 net.cpp:129] Top shape: 64 20 24 24 (737280)
I0503 09:29:21.902581  8462 net.cpp:137] Memory required for data: 3552000
I0503 09:29:21.902612  8462 layer_factory.hpp:77] Creating layer pool1
I0503 09:29:21.902622  8462 net.cpp:84] Creating Layer pool1
I0503 09:29:21.902628  8462 net.cpp:406] pool1 <- conv1
I0503 09:29:21.902638  8462 net.cpp:380] pool1 -> pool1
I0503 09:29:21.902691  8462 net.cpp:122] Setting up pool1
I0503 09:29:21.902704  8462 net.cpp:129] Top shape: 64 20 12 12 (184320)
I0503 09:29:21.902709  8462 net.cpp:137] Memory required for data: 4289280
I0503 09:29:21.902714  8462 layer_factory.hpp:77] Creating layer conv2
I0503 09:29:21.902730  8462 net.cpp:84] Creating Layer conv2
I0503 09:29:21.902736  8462 net.cpp:406] conv2 <- pool1
I0503 09:29:21.902750  8462 net.cpp:380] conv2 -> conv2
I0503 09:29:21.903604  8462 net.cpp:122] Setting up conv2
I0503 09:29:21.903621  8462 net.cpp:129] Top shape: 64 50 8 8 (204800)
I0503 09:29:21.903628  8462 net.cpp:137] Memory required for data: 5108480
I0503 09:29:21.903642  8462 layer_factory.hpp:77] Creating layer pool2
I0503 09:29:21.903652  8462 net.cpp:84] Creating Layer pool2
I0503 09:29:21.903659  8462 net.cpp:406] pool2 <- conv2
I0503 09:29:21.903671  8462 net.cpp:380] pool2 -> pool2
I0503 09:29:21.903715  8462 net.cpp:122] Setting up pool2
I0503 09:29:21.903728  8462 net.cpp:129] Top shape: 64 50 4 4 (51200)
I0503 09:29:21.903733  8462 net.cpp:137] Memory required for data: 5313280
I0503 09:29:21.903738  8462 layer_factory.hpp:77] Creating layer ip1
I0503 09:29:21.903765  8462 net.cpp:84] Creating Layer ip1
I0503 09:29:21.903774  8462 net.cpp:406] ip1 <- pool2
I0503 09:29:21.903784  8462 net.cpp:380] ip1 -> ip1
I0503 09:29:21.906716  8462 net.cpp:122] Setting up ip1
I0503 09:29:21.906739  8462 net.cpp:129] Top shape: 64 500 (32000)
I0503 09:29:21.906744  8462 net.cpp:137] Memory required for data: 5441280
I0503 09:29:21.906764  8462 layer_factory.hpp:77] Creating layer relu1
I0503 09:29:21.906777  8462 net.cpp:84] Creating Layer relu1
I0503 09:29:21.906783  8462 net.cpp:406] relu1 <- ip1
I0503 09:29:21.906793  8462 net.cpp:367] relu1 -> ip1 (in-place)
I0503 09:29:21.906805  8462 net.cpp:122] Setting up relu1
I0503 09:29:21.906811  8462 net.cpp:129] Top shape: 64 500 (32000)
I0503 09:29:21.906816  8462 net.cpp:137] Memory required for data: 5569280
I0503 09:29:21.906821  8462 layer_factory.hpp:77] Creating layer ip2
I0503 09:29:21.906836  8462 net.cpp:84] Creating Layer ip2
I0503 09:29:21.906842  8462 net.cpp:406] ip2 <- ip1
I0503 09:29:21.906852  8462 net.cpp:380] ip2 -> ip2
I0503 09:29:21.907130  8462 net.cpp:122] Setting up ip2
I0503 09:29:21.907141  8462 net.cpp:129] Top shape: 64 52 (3328)
I0503 09:29:21.907146  8462 net.cpp:137] Memory required for data: 5582592
I0503 09:29:21.907155  8462 layer_factory.hpp:77] Creating layer ip2_ip2_0_split
I0503 09:29:21.907167  8462 net.cpp:84] Creating Layer ip2_ip2_0_split
I0503 09:29:21.907173  8462 net.cpp:406] ip2_ip2_0_split <- ip2
I0503 09:29:21.907182  8462 net.cpp:380] ip2_ip2_0_split -> ip2_ip2_0_split_0
I0503 09:29:21.907192  8462 net.cpp:380] ip2_ip2_0_split -> ip2_ip2_0_split_1
I0503 09:29:21.907240  8462 net.cpp:122] Setting up ip2_ip2_0_split
I0503 09:29:21.907253  8462 net.cpp:129] Top shape: 64 52 (3328)
I0503 09:29:21.907260  8462 net.cpp:129] Top shape: 64 52 (3328)
I0503 09:29:21.907264  8462 net.cpp:137] Memory required for data: 5609216
I0503 09:29:21.907271  8462 layer_factory.hpp:77] Creating layer accuracy
I0503 09:29:21.907281  8462 net.cpp:84] Creating Layer accuracy
I0503 09:29:21.907287  8462 net.cpp:406] accuracy <- ip2_ip2_0_split_0
I0503 09:29:21.907294  8462 net.cpp:406] accuracy <- label_data_1_split_0
I0503 09:29:21.907305  8462 net.cpp:380] accuracy -> accuracy
I0503 09:29:21.907316  8462 net.cpp:122] Setting up accuracy
I0503 09:29:21.907323  8462 net.cpp:129] Top shape: (1)
I0503 09:29:21.907328  8462 net.cpp:137] Memory required for data: 5609220
I0503 09:29:21.907333  8462 layer_factory.hpp:77] Creating layer loss
I0503 09:29:21.907341  8462 net.cpp:84] Creating Layer loss
I0503 09:29:21.907346  8462 net.cpp:406] loss <- ip2_ip2_0_split_1
I0503 09:29:21.907353  8462 net.cpp:406] loss <- label_data_1_split_1
I0503 09:29:21.907378  8462 net.cpp:380] loss -> loss
I0503 09:29:21.907390  8462 layer_factory.hpp:77] Creating layer loss
I0503 09:29:21.907493  8462 net.cpp:122] Setting up loss
I0503 09:29:21.907501  8462 net.cpp:129] Top shape: (1)
I0503 09:29:21.907506  8462 net.cpp:132]     with loss weight 1
I0503 09:29:21.907519  8462 net.cpp:137] Memory required for data: 5609224
I0503 09:29:21.907526  8462 net.cpp:198] loss needs backward computation.
I0503 09:29:21.907532  8462 net.cpp:200] accuracy does not need backward computation.
I0503 09:29:21.907538  8462 net.cpp:198] ip2_ip2_0_split needs backward computation.
I0503 09:29:21.907544  8462 net.cpp:198] ip2 needs backward computation.
I0503 09:29:21.907549  8462 net.cpp:198] relu1 needs backward computation.
I0503 09:29:21.907554  8462 net.cpp:198] ip1 needs backward computation.
I0503 09:29:21.907559  8462 net.cpp:198] pool2 needs backward computation.
I0503 09:29:21.907565  8462 net.cpp:198] conv2 needs backward computation.
I0503 09:29:21.907570  8462 net.cpp:198] pool1 needs backward computation.
I0503 09:29:21.907575  8462 net.cpp:198] conv1 needs backward computation.
I0503 09:29:21.907580  8462 net.cpp:200] label_data_1_split does not need backward computation.
I0503 09:29:21.907586  8462 net.cpp:200] data does not need backward computation.
I0503 09:29:21.907591  8462 net.cpp:242] This network produces output accuracy
I0503 09:29:21.907598  8462 net.cpp:242] This network produces output loss
I0503 09:29:21.907616  8462 net.cpp:255] Network initialization done.
I0503 09:29:21.907677  8462 solver.cpp:57] Solver scaffolding done.
I0503 09:29:21.908310  8462 caffe.cpp:239] Starting Optimization
I0503 09:29:21.908324  8462 solver.cpp:293] Solving LeNet
I0503 09:29:21.908330  8462 solver.cpp:294] Learning Rate Policy: fixed
I0503 09:29:21.909309  8462 solver.cpp:351] Iteration 0, Testing net (#0)
I0503 09:29:22.209949  8469 data_layer.cpp:73] Restarting data prefetching from start.
I0503 09:29:22.514108  8469 data_layer.cpp:73] Restarting data prefetching from start.
I0503 09:29:22.829999  8469 data_layer.cpp:73] Restarting data prefetching from start.
I0503 09:29:22.988152  8462 solver.cpp:418]     Test net output #0: accuracy = 0.0214489
I0503 09:29:22.988179  8462 solver.cpp:418]     Test net output #1: loss = 3.98741 (* 1 = 3.98741 loss)
I0503 09:29:23.018975  8462 solver.cpp:239] Iteration 0 (9.08933e+37 iter/s, 1.11058s/500 iters), loss = 3.99904
I0503 09:29:23.019021  8462 solver.cpp:258]     Train net output #0: loss = 3.99904 (* 1 = 3.99904 loss)
I0503 09:29:23.019027  8462 sgd_solver.cpp:112] Iteration 0, lr = 0.01
I0503 09:29:26.258255  8462 solver.cpp:351] Iteration 125, Testing net (#0)
I0503 09:29:26.430763  8469 data_layer.cpp:73] Restarting data prefetching from start.
I0503 09:29:26.740407  8469 data_layer.cpp:73] Restarting data prefetching from start.
I0503 09:29:27.051478  8469 data_layer.cpp:73] Restarting data prefetching from start.
I0503 09:29:27.324812  8462 solver.cpp:418]     Test net output #0: accuracy = 0.871875
I0503 09:29:27.324842  8462 solver.cpp:418]     Test net output #1: loss = 0.450858 (* 1 = 0.450858 loss)
I0503 09:29:27.354614  8468 data_layer.cpp:73] Restarting data prefetching from start.
I0503 09:29:30.586094  8462 solver.cpp:351] Iteration 250, Testing net (#0)
I0503 09:29:30.649194  8469 data_layer.cpp:73] Restarting data prefetching from start.
I0503 09:29:30.952838  8469 data_layer.cpp:73] Restarting data prefetching from start.
I0503 09:29:31.267966  8469 data_layer.cpp:73] Restarting data prefetching from start.
I0503 09:29:31.569196  8469 data_layer.cpp:73] Restarting data prefetching from start.
I0503 09:29:31.662820  8462 solver.cpp:418]     Test net output #0: accuracy = 0.913494
I0503 09:29:31.662850  8462 solver.cpp:418]     Test net output #1: loss = 0.259844 (* 1 = 0.259844 loss)
I0503 09:29:31.829262  8468 data_layer.cpp:73] Restarting data prefetching from start.
I0503 09:29:34.920894  8462 solver.cpp:351] Iteration 375, Testing net (#0)
I0503 09:29:35.164237  8469 data_layer.cpp:73] Restarting data prefetching from start.
I0503 09:29:35.468928  8469 data_layer.cpp:73] Restarting data prefetching from start.
I0503 09:29:35.785228  8469 data_layer.cpp:73] Restarting data prefetching from start.
I0503 09:29:35.985770  8462 solver.cpp:418]     Test net output #0: accuracy = 0.940341
I0503 09:29:35.985801  8462 solver.cpp:418]     Test net output #1: loss = 0.191035 (* 1 = 0.191035 loss)
I0503 09:29:36.285231  8468 data_layer.cpp:73] Restarting data prefetching from start.
I0503 09:29:39.253444  8462 solver.cpp:351] Iteration 500, Testing net (#0)
I0503 09:29:39.381260  8469 data_layer.cpp:73] Restarting data prefetching from start.
I0503 09:29:39.694478  8469 data_layer.cpp:73] Restarting data prefetching from start.
I0503 09:29:40.000211  8469 data_layer.cpp:73] Restarting data prefetching from start.
I0503 09:29:40.309429  8469 data_layer.cpp:73] Restarting data prefetching from start.
I0503 09:29:40.317819  8462 solver.cpp:418]     Test net output #0: accuracy = 0.950284
I0503 09:29:40.317847  8462 solver.cpp:418]     Test net output #1: loss = 0.152743 (* 1 = 0.152743 loss)
I0503 09:29:40.351035  8462 solver.cpp:239] Iteration 500 (28.8497 iter/s, 17.3312s/500 iters), loss = 0.151435
I0503 09:29:40.351085  8462 solver.cpp:258]     Train net output #0: loss = 0.151435 (* 1 = 0.151435 loss)
I0503 09:29:40.351094  8462 sgd_solver.cpp:112] Iteration 500, lr = 0.01
I0503 09:29:40.751094  8468 data_layer.cpp:73] Restarting data prefetching from start.
I0503 09:29:43.586838  8462 solver.cpp:351] Iteration 625, Testing net (#0)
I0503 09:29:43.896754  8469 data_layer.cpp:73] Restarting data prefetching from start.
I0503 09:29:44.216442  8469 data_layer.cpp:73] Restarting data prefetching from start.
I0503 09:29:44.640763  8469 data_layer.cpp:73] Restarting data prefetching from start.
I0503 09:29:44.820747  8462 solver.cpp:418]     Test net output #0: accuracy = 0.963352
I0503 09:29:44.820822  8462 solver.cpp:418]     Test net output #1: loss = 0.135044 (* 1 = 0.135044 loss)
I0503 09:29:45.470638  8468 data_layer.cpp:73] Restarting data prefetching from start.
I0503 09:29:48.396240  8462 solver.cpp:351] Iteration 750, Testing net (#0)
I0503 09:29:48.609434  8469 data_layer.cpp:73] Restarting data prefetching from start.
I0503 09:29:49.023191  8469 data_layer.cpp:73] Restarting data prefetching from start.
I0503 09:29:49.417510  8469 data_layer.cpp:73] Restarting data prefetching from start.
I0503 09:29:49.741017  8462 solver.cpp:418]     Test net output #0: accuracy = 0.965909
I0503 09:29:49.741047  8462 solver.cpp:418]     Test net output #1: loss = 0.116285 (* 1 = 0.116285 loss)
I0503 09:29:50.587255  8468 data_layer.cpp:73] Restarting data prefetching from start.
I0503 09:29:53.408746  8462 solver.cpp:351] Iteration 875, Testing net (#0)
I0503 09:29:53.491397  8469 data_layer.cpp:73] Restarting data prefetching from start.
I0503 09:29:53.802376  8469 data_layer.cpp:73] Restarting data prefetching from start.
I0503 09:29:54.103377  8469 data_layer.cpp:73] Restarting data prefetching from start.
I0503 09:29:54.413820  8469 data_layer.cpp:73] Restarting data prefetching from start.
I0503 09:29:54.478366  8462 solver.cpp:418]     Test net output #0: accuracy = 0.975
I0503 09:29:54.478394  8462 solver.cpp:418]     Test net output #1: loss = 0.0823822 (* 1 = 0.0823822 loss)
I0503 09:29:55.294055  8468 data_layer.cpp:73] Restarting data prefetching from start.
I0503 09:29:57.737567  8462 solver.cpp:468] Snapshotting to binary proto file models/sp_final_lenet/exp_10/caffe_lenet_fixed10_train_iter_1000.caffemodel
I0503 09:29:57.765660  8462 sgd_solver.cpp:280] Snapshotting solver state to binary proto file models/sp_final_lenet/exp_10/caffe_lenet_fixed10_train_iter_1000.solverstate
I0503 09:29:57.769201  8462 solver.cpp:351] Iteration 1000, Testing net (#0)
I0503 09:29:58.018334  8469 data_layer.cpp:73] Restarting data prefetching from start.
I0503 09:29:58.328996  8469 data_layer.cpp:73] Restarting data prefetching from start.
I0503 09:29:58.629285  8469 data_layer.cpp:73] Restarting data prefetching from start.
I0503 09:29:58.815613  8462 solver.cpp:418]     Test net output #0: accuracy = 0.962926
I0503 09:29:58.815641  8462 solver.cpp:418]     Test net output #1: loss = 0.119662 (* 1 = 0.119662 loss)
I0503 09:29:58.846227  8462 solver.cpp:239] Iteration 1000 (27.0344 iter/s, 18.495s/500 iters), loss = 0.101886
I0503 09:29:58.846287  8462 solver.cpp:258]     Train net output #0: loss = 0.101886 (* 1 = 0.101886 loss)
I0503 09:29:58.846298  8462 sgd_solver.cpp:112] Iteration 1000, lr = 0.01
I0503 09:29:59.767550  8468 data_layer.cpp:73] Restarting data prefetching from start.
I0503 09:30:02.228397  8462 solver.cpp:351] Iteration 1125, Testing net (#0)
I0503 09:30:02.400704  8469 data_layer.cpp:73] Restarting data prefetching from start.
I0503 09:30:02.729008  8469 data_layer.cpp:73] Restarting data prefetching from start.
I0503 09:30:03.062397  8469 data_layer.cpp:73] Restarting data prefetching from start.
I0503 09:30:03.372333  8462 solver.cpp:418]     Test net output #0: accuracy = 0.97642
I0503 09:30:03.372361  8462 solver.cpp:418]     Test net output #1: loss = 0.0790315 (* 1 = 0.0790315 loss)
I0503 09:30:04.504062  8468 data_layer.cpp:73] Restarting data prefetching from start.
I0503 09:30:06.724364  8462 solver.cpp:351] Iteration 1250, Testing net (#0)
I0503 09:30:06.751371  8469 data_layer.cpp:73] Restarting data prefetching from start.
I0503 09:30:07.107365  8469 data_layer.cpp:73] Restarting data prefetching from start.
I0503 09:30:07.412472  8469 data_layer.cpp:73] Restarting data prefetching from start.
I0503 09:30:07.724774  8469 data_layer.cpp:73] Restarting data prefetching from start.
I0503 09:30:07.835808  8462 solver.cpp:418]     Test net output #0: accuracy = 0.960795
I0503 09:30:07.835839  8462 solver.cpp:418]     Test net output #1: loss = 0.152841 (* 1 = 0.152841 loss)
I0503 09:30:09.085484  8468 data_layer.cpp:73] Restarting data prefetching from start.
I0503 09:30:11.172456  8462 solver.cpp:351] Iteration 1375, Testing net (#0)
I0503 09:30:11.389525  8469 data_layer.cpp:73] Restarting data prefetching from start.
I0503 09:30:11.781164  8469 data_layer.cpp:73] Restarting data prefetching from start.
I0503 09:30:12.197350  8469 data_layer.cpp:73] Restarting data prefetching from start.
I0503 09:30:12.495924  8462 solver.cpp:418]     Test net output #0: accuracy = 0.978125
I0503 09:30:12.495960  8462 solver.cpp:418]     Test net output #1: loss = 0.0783313 (* 1 = 0.0783313 loss)
I0503 09:30:14.150012  8468 data_layer.cpp:73] Restarting data prefetching from start.
I0503 09:30:16.167168  8462 solver.cpp:351] Iteration 1500, Testing net (#0)
I0503 09:30:16.277910  8469 data_layer.cpp:73] Restarting data prefetching from start.
I0503 09:30:16.582828  8469 data_layer.cpp:73] Restarting data prefetching from start.
I0503 09:30:16.896792  8469 data_layer.cpp:73] Restarting data prefetching from start.
I0503 09:30:17.199375  8469 data_layer.cpp:73] Restarting data prefetching from start.
I0503 09:30:17.244413  8462 solver.cpp:418]     Test net output #0: accuracy = 0.978977
I0503 09:30:17.244442  8462 solver.cpp:418]     Test net output #1: loss = 0.0917167 (* 1 = 0.0917167 loss)
I0503 09:30:17.277981  8462 solver.cpp:239] Iteration 1500 (27.129 iter/s, 18.4305s/500 iters), loss = 0.0404375
I0503 09:30:17.278033  8462 solver.cpp:258]     Train net output #0: loss = 0.0404374 (* 1 = 0.0404374 loss)
I0503 09:30:17.278041  8462 sgd_solver.cpp:112] Iteration 1500, lr = 0.01
I0503 09:30:18.716773  8468 data_layer.cpp:73] Restarting data prefetching from start.
I0503 09:30:20.519088  8462 solver.cpp:351] Iteration 1625, Testing net (#0)
I0503 09:30:20.809201  8469 data_layer.cpp:73] Restarting data prefetching from start.
I0503 09:30:21.111555  8469 data_layer.cpp:73] Restarting data prefetching from start.
I0503 09:30:21.423351  8469 data_layer.cpp:73] Restarting data prefetching from start.
I0503 09:30:21.579458  8462 solver.cpp:418]     Test net output #0: accuracy = 0.984517
I0503 09:30:21.579499  8462 solver.cpp:418]     Test net output #1: loss = 0.0572831 (* 1 = 0.0572831 loss)
I0503 09:30:23.174543  8468 data_layer.cpp:73] Restarting data prefetching from start.
I0503 09:30:24.828359  8462 solver.cpp:351] Iteration 1750, Testing net (#0)
I0503 09:30:25.000201  8469 data_layer.cpp:73] Restarting data prefetching from start.
I0503 09:30:25.310816  8469 data_layer.cpp:73] Restarting data prefetching from start.
I0503 09:30:25.612927  8469 data_layer.cpp:73] Restarting data prefetching from start.
I0503 09:30:25.886134  8462 solver.cpp:418]     Test net output #0: accuracy = 0.984801
I0503 09:30:25.886162  8462 solver.cpp:418]     Test net output #1: loss = 0.0588066 (* 1 = 0.0588066 loss)
I0503 09:30:27.609980  8468 data_layer.cpp:73] Restarting data prefetching from start.
I0503 09:30:29.132802  8462 solver.cpp:351] Iteration 1875, Testing net (#0)
I0503 09:30:29.196388  8469 data_layer.cpp:73] Restarting data prefetching from start.
I0503 09:30:29.497967  8469 data_layer.cpp:73] Restarting data prefetching from start.
I0503 09:30:29.806556  8469 data_layer.cpp:73] Restarting data prefetching from start.
I0503 09:30:30.109089  8469 data_layer.cpp:73] Restarting data prefetching from start.
I0503 09:30:30.207119  8462 solver.cpp:418]     Test net output #0: accuracy = 0.986648
I0503 09:30:30.207157  8462 solver.cpp:418]     Test net output #1: loss = 0.0527698 (* 1 = 0.0527698 loss)
I0503 09:30:32.418004  8468 data_layer.cpp:73] Restarting data prefetching from start.
I0503 09:30:33.818908  8462 solver.cpp:468] Snapshotting to binary proto file models/sp_final_lenet/exp_10/caffe_lenet_fixed10_train_iter_2000.caffemodel
I0503 09:30:33.841392  8462 sgd_solver.cpp:280] Snapshotting solver state to binary proto file models/sp_final_lenet/exp_10/caffe_lenet_fixed10_train_iter_2000.solverstate
I0503 09:30:33.844720  8462 solver.cpp:351] Iteration 2000, Testing net (#0)
I0503 09:30:34.084136  8469 data_layer.cpp:73] Restarting data prefetching from start.
I0503 09:30:34.394873  8469 data_layer.cpp:73] Restarting data prefetching from start.
I0503 09:30:34.704484  8469 data_layer.cpp:73] Restarting data prefetching from start.
I0503 09:30:34.910475  8462 solver.cpp:418]     Test net output #0: accuracy = 0.98267
I0503 09:30:34.910504  8462 solver.cpp:418]     Test net output #1: loss = 0.0571871 (* 1 = 0.0571871 loss)
I0503 09:30:34.939713  8462 solver.cpp:239] Iteration 2000 (28.3102 iter/s, 17.6615s/500 iters), loss = 0.0216846
I0503 09:30:34.939771  8462 solver.cpp:258]     Train net output #0: loss = 0.0216845 (* 1 = 0.0216845 loss)
I0503 09:30:34.939781  8462 sgd_solver.cpp:112] Iteration 2000, lr = 0.01
I0503 09:30:36.910924  8468 data_layer.cpp:73] Restarting data prefetching from start.
I0503 09:30:38.180816  8462 solver.cpp:351] Iteration 2125, Testing net (#0)
I0503 09:30:38.310770  8469 data_layer.cpp:73] Restarting data prefetching from start.
I0503 09:30:38.628698  8469 data_layer.cpp:73] Restarting data prefetching from start.
I0503 09:30:38.930970  8469 data_layer.cpp:73] Restarting data prefetching from start.
I0503 09:30:39.241753  8469 data_layer.cpp:73] Restarting data prefetching from start.
I0503 09:30:39.249850  8462 solver.cpp:418]     Test net output #0: accuracy = 0.984801
I0503 09:30:39.249889  8462 solver.cpp:418]     Test net output #1: loss = 0.0570327 (* 1 = 0.0570327 loss)
I0503 09:30:41.377667  8468 data_layer.cpp:73] Restarting data prefetching from start.
I0503 09:30:42.518806  8462 solver.cpp:351] Iteration 2250, Testing net (#0)
I0503 09:30:42.826397  8469 data_layer.cpp:73] Restarting data prefetching from start.
I0503 09:30:43.137352  8469 data_layer.cpp:73] Restarting data prefetching from start.
I0503 09:30:43.443316  8469 data_layer.cpp:73] Restarting data prefetching from start.
I0503 09:30:43.583220  8462 solver.cpp:418]     Test net output #0: accuracy = 0.984233
I0503 09:30:43.583248  8462 solver.cpp:418]     Test net output #1: loss = 0.0604885 (* 1 = 0.0604885 loss)
I0503 09:30:45.843935  8468 data_layer.cpp:73] Restarting data prefetching from start.
I0503 09:30:46.858160  8462 solver.cpp:351] Iteration 2375, Testing net (#0)
I0503 09:30:47.060115  8469 data_layer.cpp:73] Restarting data prefetching from start.
I0503 09:30:47.367960  8469 data_layer.cpp:73] Restarting data prefetching from start.
I0503 09:30:47.677515  8469 data_layer.cpp:73] Restarting data prefetching from start.
I0503 09:30:47.925070  8462 solver.cpp:418]     Test net output #0: accuracy = 0.984801
I0503 09:30:47.925101  8462 solver.cpp:418]     Test net output #1: loss = 0.0583342 (* 1 = 0.0583342 loss)
I0503 09:30:50.308800  8468 data_layer.cpp:73] Restarting data prefetching from start.
I0503 09:30:51.193641  8462 solver.cpp:351] Iteration 2500, Testing net (#0)
I0503 09:30:51.276739  8469 data_layer.cpp:73] Restarting data prefetching from start.
I0503 09:30:51.592197  8469 data_layer.cpp:73] Restarting data prefetching from start.
I0503 09:30:51.898181  8469 data_layer.cpp:73] Restarting data prefetching from start.
I0503 09:30:52.216128  8469 data_layer.cpp:73] Restarting data prefetching from start.
I0503 09:30:52.281267  8462 solver.cpp:418]     Test net output #0: accuracy = 0.986364
I0503 09:30:52.281296  8462 solver.cpp:418]     Test net output #1: loss = 0.0584823 (* 1 = 0.0584823 loss)
I0503 09:30:52.310871  8462 solver.cpp:239] Iteration 2500 (28.7875 iter/s, 17.3687s/500 iters), loss = 0.00749075
I0503 09:30:52.310925  8462 solver.cpp:258]     Train net output #0: loss = 0.00749075 (* 1 = 0.00749075 loss)
I0503 09:30:52.310935  8462 sgd_solver.cpp:112] Iteration 2500, lr = 0.01
I0503 09:30:54.797514  8468 data_layer.cpp:73] Restarting data prefetching from start.
I0503 09:30:55.547940  8462 solver.cpp:351] Iteration 2625, Testing net (#0)
I0503 09:30:55.809996  8469 data_layer.cpp:73] Restarting data prefetching from start.
I0503 09:30:56.126085  8469 data_layer.cpp:73] Restarting data prefetching from start.
I0503 09:30:56.428373  8469 data_layer.cpp:73] Restarting data prefetching from start.
I0503 09:30:56.619004  8462 solver.cpp:418]     Test net output #0: accuracy = 0.985937
I0503 09:30:56.619040  8462 solver.cpp:418]     Test net output #1: loss = 0.0593467 (* 1 = 0.0593467 loss)
I0503 09:30:59.270828  8468 data_layer.cpp:73] Restarting data prefetching from start.
I0503 09:30:59.893005  8462 solver.cpp:351] Iteration 2750, Testing net (#0)
I0503 09:31:00.047025  8469 data_layer.cpp:73] Restarting data prefetching from start.
I0503 09:31:00.364236  8469 data_layer.cpp:73] Restarting data prefetching from start.
I0503 09:31:00.679738  8469 data_layer.cpp:73] Restarting data prefetching from start.
I0503 09:31:00.975162  8462 solver.cpp:418]     Test net output #0: accuracy = 0.987216
I0503 09:31:00.975190  8462 solver.cpp:418]     Test net output #1: loss = 0.0616707 (* 1 = 0.0616707 loss)
I0503 09:31:03.751161  8468 data_layer.cpp:73] Restarting data prefetching from start.
I0503 09:31:04.241497  8462 solver.cpp:351] Iteration 2875, Testing net (#0)
I0503 09:31:04.273461  8469 data_layer.cpp:73] Restarting data prefetching from start.
I0503 09:31:04.590996  8469 data_layer.cpp:73] Restarting data prefetching from start.
I0503 09:31:04.894454  8469 data_layer.cpp:73] Restarting data prefetching from start.
I0503 09:31:05.209446  8469 data_layer.cpp:73] Restarting data prefetching from start.
I0503 09:31:05.323596  8462 solver.cpp:418]     Test net output #0: accuracy = 0.986222
I0503 09:31:05.323626  8462 solver.cpp:418]     Test net output #1: loss = 0.0578209 (* 1 = 0.0578209 loss)
I0503 09:31:08.218222  8468 data_layer.cpp:73] Restarting data prefetching from start.
I0503 09:31:08.575721  8462 solver.cpp:468] Snapshotting to binary proto file models/sp_final_lenet/exp_10/caffe_lenet_fixed10_train_iter_3000.caffemodel
I0503 09:31:08.597563  8462 sgd_solver.cpp:280] Snapshotting solver state to binary proto file models/sp_final_lenet/exp_10/caffe_lenet_fixed10_train_iter_3000.solverstate
I0503 09:31:08.600963  8462 solver.cpp:351] Iteration 3000, Testing net (#0)
I0503 09:31:08.803969  8469 data_layer.cpp:73] Restarting data prefetching from start.
I0503 09:31:09.119348  8469 data_layer.cpp:73] Restarting data prefetching from start.
I0503 09:31:09.421032  8469 data_layer.cpp:73] Restarting data prefetching from start.
I0503 09:31:09.652765  8462 solver.cpp:418]     Test net output #0: accuracy = 0.986648
I0503 09:31:09.652794  8462 solver.cpp:418]     Test net output #1: loss = 0.0596828 (* 1 = 0.0596828 loss)
I0503 09:31:09.678751  8462 solver.cpp:239] Iteration 3000 (28.7926 iter/s, 17.3655s/500 iters), loss = 0.00231015
I0503 09:31:09.678814  8462 solver.cpp:258]     Train net output #0: loss = 0.00231015 (* 1 = 0.00231015 loss)
I0503 09:31:09.678825  8462 sgd_solver.cpp:112] Iteration 3000, lr = 0.01
I0503 09:31:12.704602  8468 data_layer.cpp:73] Restarting data prefetching from start.
I0503 09:31:12.932572  8462 solver.cpp:351] Iteration 3125, Testing net (#0)
I0503 09:31:13.041604  8469 data_layer.cpp:73] Restarting data prefetching from start.
I0503 09:31:13.349172  8469 data_layer.cpp:73] Restarting data prefetching from start.
I0503 09:31:13.667031  8469 data_layer.cpp:73] Restarting data prefetching from start.
I0503 09:31:13.969859  8469 data_layer.cpp:73] Restarting data prefetching from start.
I0503 09:31:14.018829  8462 solver.cpp:418]     Test net output #0: accuracy = 0.986932
I0503 09:31:14.018859  8462 solver.cpp:418]     Test net output #1: loss = 0.0608532 (* 1 = 0.0608532 loss)
I0503 09:31:17.186717  8468 data_layer.cpp:73] Restarting data prefetching from start.
I0503 09:31:17.290742  8462 solver.cpp:351] Iteration 3250, Testing net (#0)
I0503 09:31:17.581831  8469 data_layer.cpp:73] Restarting data prefetching from start.
I0503 09:31:17.888092  8469 data_layer.cpp:73] Restarting data prefetching from start.
I0503 09:31:18.198907  8469 data_layer.cpp:73] Restarting data prefetching from start.
I0503 09:31:18.354182  8462 solver.cpp:418]     Test net output #0: accuracy = 0.987926
I0503 09:31:18.354213  8462 solver.cpp:418]     Test net output #1: loss = 0.0582315 (* 1 = 0.0582315 loss)
I0503 09:31:21.600320  8462 solver.cpp:351] Iteration 3375, Testing net (#0)
I0503 09:31:21.773757  8469 data_layer.cpp:73] Restarting data prefetching from start.
I0503 09:31:22.085983  8469 data_layer.cpp:73] Restarting data prefetching from start.
I0503 09:31:22.394673  8469 data_layer.cpp:73] Restarting data prefetching from start.
I0503 09:31:22.669708  8462 solver.cpp:418]     Test net output #0: accuracy = 0.987216
I0503 09:31:22.669736  8462 solver.cpp:418]     Test net output #1: loss = 0.0554185 (* 1 = 0.0554185 loss)
I0503 09:31:22.704463  8468 data_layer.cpp:73] Restarting data prefetching from start.
I0503 09:31:25.939728  8462 solver.cpp:351] Iteration 3500, Testing net (#0)
I0503 09:31:26.003690  8469 data_layer.cpp:73] Restarting data prefetching from start.
I0503 09:31:26.304657  8469 data_layer.cpp:73] Restarting data prefetching from start.
I0503 09:31:26.620786  8469 data_layer.cpp:73] Restarting data prefetching from start.
I0503 09:31:26.922592  8469 data_layer.cpp:73] Restarting data prefetching from start.
I0503 09:31:27.015043  8462 solver.cpp:418]     Test net output #0: accuracy = 0.9875
I0503 09:31:27.015074  8462 solver.cpp:418]     Test net output #1: loss = 0.0519747 (* 1 = 0.0519747 loss)
I0503 09:31:27.045476  8462 solver.cpp:239] Iteration 3500 (28.7911 iter/s, 17.3665s/500 iters), loss = 0.00312859
I0503 09:31:27.045531  8462 solver.cpp:258]     Train net output #0: loss = 0.0031286 (* 1 = 0.0031286 loss)
I0503 09:31:27.045542  8462 sgd_solver.cpp:112] Iteration 3500, lr = 0.01
I0503 09:31:27.187222  8468 data_layer.cpp:73] Restarting data prefetching from start.
I0503 09:31:30.286352  8462 solver.cpp:351] Iteration 3625, Testing net (#0)
I0503 09:31:30.532186  8469 data_layer.cpp:73] Restarting data prefetching from start.
I0503 09:31:30.838227  8469 data_layer.cpp:73] Restarting data prefetching from start.
I0503 09:31:31.152386  8469 data_layer.cpp:73] Restarting data prefetching from start.
I0503 09:31:31.357692  8462 solver.cpp:418]     Test net output #0: accuracy = 0.988352
I0503 09:31:31.357725  8462 solver.cpp:418]     Test net output #1: loss = 0.0485181 (* 1 = 0.0485181 loss)
I0503 09:31:31.656286  8468 data_layer.cpp:73] Restarting data prefetching from start.
I0503 09:31:34.623133  8462 solver.cpp:351] Iteration 3750, Testing net (#0)
I0503 09:31:34.753216  8469 data_layer.cpp:73] Restarting data prefetching from start.
I0503 09:31:35.065457  8469 data_layer.cpp:73] Restarting data prefetching from start.
I0503 09:31:35.372308  8469 data_layer.cpp:73] Restarting data prefetching from start.
I0503 09:31:35.682996  8469 data_layer.cpp:73] Restarting data prefetching from start.
I0503 09:31:35.690884  8462 solver.cpp:418]     Test net output #0: accuracy = 0.987784
I0503 09:31:35.690910  8462 solver.cpp:418]     Test net output #1: loss = 0.0510788 (* 1 = 0.0510788 loss)
I0503 09:31:36.128733  8468 data_layer.cpp:73] Restarting data prefetching from start.
I0503 09:31:38.973839  8462 solver.cpp:351] Iteration 3875, Testing net (#0)
I0503 09:31:39.283676  8469 data_layer.cpp:73] Restarting data prefetching from start.
I0503 09:31:39.602999  8469 data_layer.cpp:73] Restarting data prefetching from start.
I0503 09:31:39.907763  8469 data_layer.cpp:73] Restarting data prefetching from start.
I0503 09:31:40.048794  8462 solver.cpp:418]     Test net output #0: accuracy = 0.989347
I0503 09:31:40.048827  8462 solver.cpp:418]     Test net output #1: loss = 0.0478857 (* 1 = 0.0478857 loss)
I0503 09:31:40.610884  8468 data_layer.cpp:73] Restarting data prefetching from start.
I0503 09:31:43.324605  8462 solver.cpp:468] Snapshotting to binary proto file models/sp_final_lenet/exp_10/caffe_lenet_fixed10_train_iter_4000.caffemodel
I0503 09:31:43.347065  8462 sgd_solver.cpp:280] Snapshotting solver state to binary proto file models/sp_final_lenet/exp_10/caffe_lenet_fixed10_train_iter_4000.solverstate
I0503 09:31:43.350281  8462 solver.cpp:351] Iteration 4000, Testing net (#0)
I0503 09:31:43.534706  8469 data_layer.cpp:73] Restarting data prefetching from start.
I0503 09:31:43.844091  8469 data_layer.cpp:73] Restarting data prefetching from start.
I0503 09:31:44.155215  8469 data_layer.cpp:73] Restarting data prefetching from start.
I0503 09:31:44.408731  8462 solver.cpp:418]     Test net output #0: accuracy = 0.987358
I0503 09:31:44.408761  8462 solver.cpp:418]     Test net output #1: loss = 0.0501266 (* 1 = 0.0501266 loss)
I0503 09:31:44.434681  8462 solver.cpp:239] Iteration 4000 (28.7539 iter/s, 17.3889s/500 iters), loss = 0.002159
I0503 09:31:44.434738  8462 solver.cpp:258]     Train net output #0: loss = 0.00215901 (* 1 = 0.00215901 loss)
I0503 09:31:44.434748  8462 sgd_solver.cpp:112] Iteration 4000, lr = 0.01
I0503 09:31:45.111253  8468 data_layer.cpp:73] Restarting data prefetching from start.
I0503 09:31:47.676321  8462 solver.cpp:351] Iteration 4125, Testing net (#0)
I0503 09:31:47.760624  8469 data_layer.cpp:73] Restarting data prefetching from start.
I0503 09:31:48.072624  8469 data_layer.cpp:73] Restarting data prefetching from start.
I0503 09:31:48.380892  8469 data_layer.cpp:73] Restarting data prefetching from start.
I0503 09:31:48.692313  8469 data_layer.cpp:73] Restarting data prefetching from start.
I0503 09:31:48.759088  8462 solver.cpp:418]     Test net output #0: accuracy = 0.988778
I0503 09:31:48.759115  8462 solver.cpp:418]     Test net output #1: loss = 0.0500802 (* 1 = 0.0500802 loss)
I0503 09:31:49.583043  8468 data_layer.cpp:73] Restarting data prefetching from start.
I0503 09:31:52.028529  8462 solver.cpp:351] Iteration 4250, Testing net (#0)
I0503 09:31:52.290932  8469 data_layer.cpp:73] Restarting data prefetching from start.
I0503 09:31:52.607100  8469 data_layer.cpp:73] Restarting data prefetching from start.
I0503 09:31:52.910815  8469 data_layer.cpp:73] Restarting data prefetching from start.
I0503 09:31:53.092710  8462 solver.cpp:418]     Test net output #0: accuracy = 0.989347
I0503 09:31:53.092739  8462 solver.cpp:418]     Test net output #1: loss = 0.0459418 (* 1 = 0.0459418 loss)
I0503 09:31:54.044329  8468 data_layer.cpp:73] Restarting data prefetching from start.
I0503 09:31:56.360913  8462 solver.cpp:351] Iteration 4375, Testing net (#0)
I0503 09:31:56.517303  8469 data_layer.cpp:73] Restarting data prefetching from start.
I0503 09:31:56.824468  8469 data_layer.cpp:73] Restarting data prefetching from start.
I0503 09:31:57.137285  8469 data_layer.cpp:73] Restarting data prefetching from start.
I0503 09:31:57.436071  8462 solver.cpp:418]     Test net output #0: accuracy = 0.98821
I0503 09:31:57.436101  8462 solver.cpp:418]     Test net output #1: loss = 0.0499357 (* 1 = 0.0499357 loss)
I0503 09:31:58.516209  8468 data_layer.cpp:73] Restarting data prefetching from start.
I0503 09:32:00.709645  8462 solver.cpp:351] Iteration 4500, Testing net (#0)
I0503 09:32:00.735168  8469 data_layer.cpp:73] Restarting data prefetching from start.
I0503 09:32:01.058094  8469 data_layer.cpp:73] Restarting data prefetching from start.
I0503 09:32:01.360029  8469 data_layer.cpp:73] Restarting data prefetching from start.
I0503 09:32:01.675478  8469 data_layer.cpp:73] Restarting data prefetching from start.
I0503 09:32:01.786748  8462 solver.cpp:418]     Test net output #0: accuracy = 0.988352
I0503 09:32:01.786777  8462 solver.cpp:418]     Test net output #1: loss = 0.0482217 (* 1 = 0.0482217 loss)
I0503 09:32:01.815896  8462 solver.cpp:239] Iteration 4500 (28.767 iter/s, 17.381s/500 iters), loss = 0.00196252
I0503 09:32:01.815951  8462 solver.cpp:258]     Train net output #0: loss = 0.00196254 (* 1 = 0.00196254 loss)
I0503 09:32:01.815961  8462 sgd_solver.cpp:112] Iteration 4500, lr = 0.01
I0503 09:32:03.008963  8468 data_layer.cpp:73] Restarting data prefetching from start.
I0503 09:32:05.063694  8462 solver.cpp:351] Iteration 4625, Testing net (#0)
I0503 09:32:05.285151  8469 data_layer.cpp:73] Restarting data prefetching from start.
I0503 09:32:05.596293  8469 data_layer.cpp:73] Restarting data prefetching from start.
I0503 09:32:05.901170  8469 data_layer.cpp:73] Restarting data prefetching from start.
I0503 09:32:06.129060  8462 solver.cpp:418]     Test net output #0: accuracy = 0.988068
I0503 09:32:06.129091  8462 solver.cpp:418]     Test net output #1: loss = 0.0471868 (* 1 = 0.0471868 loss)
I0503 09:32:07.478062  8468 data_layer.cpp:73] Restarting data prefetching from start.
I0503 09:32:09.407012  8462 solver.cpp:351] Iteration 4750, Testing net (#0)
I0503 09:32:09.515751  8469 data_layer.cpp:73] Restarting data prefetching from start.
I0503 09:32:09.817442  8469 data_layer.cpp:73] Restarting data prefetching from start.
I0503 09:32:10.135572  8469 data_layer.cpp:73] Restarting data prefetching from start.
I0503 09:32:10.439642  8469 data_layer.cpp:73] Restarting data prefetching from start.
I0503 09:32:10.486713  8462 solver.cpp:418]     Test net output #0: accuracy = 0.9875
I0503 09:32:10.486744  8462 solver.cpp:418]     Test net output #1: loss = 0.050753 (* 1 = 0.050753 loss)
I0503 09:32:11.968082  8468 data_layer.cpp:73] Restarting data prefetching from start.
I0503 09:32:13.766353  8462 solver.cpp:351] Iteration 4875, Testing net (#0)
I0503 09:32:14.057600  8469 data_layer.cpp:73] Restarting data prefetching from start.
I0503 09:32:14.366041  8469 data_layer.cpp:73] Restarting data prefetching from start.
I0503 09:32:14.679409  8469 data_layer.cpp:73] Restarting data prefetching from start.
I0503 09:32:14.837347  8462 solver.cpp:418]     Test net output #0: accuracy = 0.987784
I0503 09:32:14.837378  8462 solver.cpp:418]     Test net output #1: loss = 0.0495177 (* 1 = 0.0495177 loss)
I0503 09:32:16.441021  8468 data_layer.cpp:73] Restarting data prefetching from start.
I0503 09:32:18.110186  8462 solver.cpp:468] Snapshotting to binary proto file models/sp_final_lenet/exp_10/caffe_lenet_fixed10_train_iter_5000.caffemodel
I0503 09:32:18.132678  8462 sgd_solver.cpp:280] Snapshotting solver state to binary proto file models/sp_final_lenet/exp_10/caffe_lenet_fixed10_train_iter_5000.solverstate
I0503 09:32:18.135905  8462 solver.cpp:351] Iteration 5000, Testing net (#0)
I0503 09:32:18.295450  8469 data_layer.cpp:73] Restarting data prefetching from start.
I0503 09:32:18.612141  8469 data_layer.cpp:73] Restarting data prefetching from start.
I0503 09:32:18.913753  8469 data_layer.cpp:73] Restarting data prefetching from start.
I0503 09:32:19.194764  8462 solver.cpp:418]     Test net output #0: accuracy = 0.986932
I0503 09:32:19.194793  8462 solver.cpp:418]     Test net output #1: loss = 0.0539671 (* 1 = 0.0539671 loss)
I0503 09:32:19.226014  8462 solver.cpp:239] Iteration 5000 (28.7228 iter/s, 17.4078s/500 iters), loss = 0.00790155
I0503 09:32:19.226069  8462 solver.cpp:258]     Train net output #0: loss = 0.00790156 (* 1 = 0.00790156 loss)
I0503 09:32:19.226079  8462 sgd_solver.cpp:112] Iteration 5000, lr = 0.01
I0503 09:32:20.934271  8468 data_layer.cpp:73] Restarting data prefetching from start.
I0503 09:32:22.467077  8462 solver.cpp:351] Iteration 5125, Testing net (#0)
I0503 09:32:22.532017  8469 data_layer.cpp:73] Restarting data prefetching from start.
I0503 09:32:22.842067  8469 data_layer.cpp:73] Restarting data prefetching from start.
I0503 09:32:23.155722  8469 data_layer.cpp:73] Restarting data prefetching from start.
I0503 09:32:23.461737  8469 data_layer.cpp:73] Restarting data prefetching from start.
I0503 09:32:23.555107  8462 solver.cpp:418]     Test net output #0: accuracy = 0.986932
I0503 09:32:23.555138  8462 solver.cpp:418]     Test net output #1: loss = 0.0535824 (* 1 = 0.0535824 loss)
I0503 09:32:25.422250  8468 data_layer.cpp:73] Restarting data prefetching from start.
I0503 09:32:26.826292  8462 solver.cpp:351] Iteration 5250, Testing net (#0)
I0503 09:32:27.081478  8469 data_layer.cpp:73] Restarting data prefetching from start.
I0503 09:32:27.385195  8469 data_layer.cpp:73] Restarting data prefetching from start.
I0503 09:32:27.699594  8469 data_layer.cpp:73] Restarting data prefetching from start.
I0503 09:32:27.902915  8462 solver.cpp:418]     Test net output #0: accuracy = 0.986648
I0503 09:32:27.902945  8462 solver.cpp:418]     Test net output #1: loss = 0.0520902 (* 1 = 0.0520902 loss)
I0503 09:32:29.897509  8468 data_layer.cpp:73] Restarting data prefetching from start.
I0503 09:32:31.181380  8462 solver.cpp:351] Iteration 5375, Testing net (#0)
I0503 09:32:31.310364  8469 data_layer.cpp:73] Restarting data prefetching from start.
I0503 09:32:31.620290  8469 data_layer.cpp:73] Restarting data prefetching from start.
I0503 09:32:31.926698  8469 data_layer.cpp:73] Restarting data prefetching from start.
I0503 09:32:32.237859  8469 data_layer.cpp:73] Restarting data prefetching from start.
I0503 09:32:32.246264  8462 solver.cpp:418]     Test net output #0: accuracy = 0.986506
I0503 09:32:32.246289  8462 solver.cpp:418]     Test net output #1: loss = 0.0558482 (* 1 = 0.0558482 loss)
I0503 09:32:34.379464  8468 data_layer.cpp:73] Restarting data prefetching from start.
I0503 09:32:35.520133  8462 solver.cpp:351] Iteration 5500, Testing net (#0)
I0503 09:32:35.829972  8469 data_layer.cpp:73] Restarting data prefetching from start.
I0503 09:32:36.141436  8469 data_layer.cpp:73] Restarting data prefetching from start.
I0503 09:32:36.442512  8469 data_layer.cpp:73] Restarting data prefetching from start.
I0503 09:32:36.583797  8462 solver.cpp:418]     Test net output #0: accuracy = 0.986506
I0503 09:32:36.583828  8462 solver.cpp:418]     Test net output #1: loss = 0.0548783 (* 1 = 0.0548783 loss)
I0503 09:32:36.614131  8462 solver.cpp:239] Iteration 5500 (28.7578 iter/s, 17.3866s/500 iters), loss = 0.00196376
I0503 09:32:36.614183  8462 solver.cpp:258]     Train net output #0: loss = 0.00196377 (* 1 = 0.00196377 loss)
I0503 09:32:36.614194  8462 sgd_solver.cpp:112] Iteration 5500, lr = 0.01
I0503 09:32:38.847625  8468 data_layer.cpp:73] Restarting data prefetching from start.
I0503 09:32:39.860576  8462 solver.cpp:351] Iteration 5625, Testing net (#0)
I0503 09:32:40.060511  8469 data_layer.cpp:73] Restarting data prefetching from start.
I0503 09:32:40.369894  8469 data_layer.cpp:73] Restarting data prefetching from start.
I0503 09:32:40.684078  8469 data_layer.cpp:73] Restarting data prefetching from start.
I0503 09:32:40.930790  8462 solver.cpp:418]     Test net output #0: accuracy = 0.9875
I0503 09:32:40.930821  8462 solver.cpp:418]     Test net output #1: loss = 0.0544638 (* 1 = 0.0544638 loss)
I0503 09:32:43.313949  8468 data_layer.cpp:73] Restarting data prefetching from start.
I0503 09:32:44.194142  8462 solver.cpp:351] Iteration 5750, Testing net (#0)
I0503 09:32:44.276072  8469 data_layer.cpp:73] Restarting data prefetching from start.
I0503 09:32:44.591385  8469 data_layer.cpp:73] Restarting data prefetching from start.
I0503 09:32:44.896875  8469 data_layer.cpp:73] Restarting data prefetching from start.
I0503 09:32:45.214494  8469 data_layer.cpp:73] Restarting data prefetching from start.
I0503 09:32:45.283761  8462 solver.cpp:418]     Test net output #0: accuracy = 0.987216
I0503 09:32:45.283790  8462 solver.cpp:418]     Test net output #1: loss = 0.054668 (* 1 = 0.054668 loss)
I0503 09:32:47.810283  8468 data_layer.cpp:73] Restarting data prefetching from start.
I0503 09:32:48.622205  8462 solver.cpp:351] Iteration 5875, Testing net (#0)
I0503 09:32:48.968060  8469 data_layer.cpp:73] Restarting data prefetching from start.
I0503 09:32:49.315563  8469 data_layer.cpp:73] Restarting data prefetching from start.
I0503 09:32:49.646195  8469 data_layer.cpp:73] Restarting data prefetching from start.
I0503 09:32:49.849206  8462 solver.cpp:418]     Test net output #0: accuracy = 0.988494
I0503 09:32:49.849237  8462 solver.cpp:418]     Test net output #1: loss = 0.0512222 (* 1 = 0.0512222 loss)
I0503 09:32:52.737103  8468 data_layer.cpp:73] Restarting data prefetching from start.
I0503 09:32:53.382226  8462 solver.cpp:468] Snapshotting to binary proto file models/sp_final_lenet/exp_10/caffe_lenet_fixed10_train_iter_6000.caffemodel
I0503 09:32:53.409229  8462 sgd_solver.cpp:280] Snapshotting solver state to binary proto file models/sp_final_lenet/exp_10/caffe_lenet_fixed10_train_iter_6000.solverstate
I0503 09:32:53.413159  8462 solver.cpp:351] Iteration 6000, Testing net (#0)
I0503 09:32:53.560020  8469 data_layer.cpp:73] Restarting data prefetching from start.
I0503 09:32:53.863382  8469 data_layer.cpp:73] Restarting data prefetching from start.
I0503 09:32:54.181881  8469 data_layer.cpp:73] Restarting data prefetching from start.
I0503 09:32:54.472575  8462 solver.cpp:418]     Test net output #0: accuracy = 0.988636
I0503 09:32:54.472606  8462 solver.cpp:418]     Test net output #1: loss = 0.0521541 (* 1 = 0.0521541 loss)
I0503 09:32:54.503298  8462 solver.cpp:239] Iteration 6000 (27.9519 iter/s, 17.8878s/500 iters), loss = 0.00132424
I0503 09:32:54.503357  8462 solver.cpp:258]     Train net output #0: loss = 0.00132425 (* 1 = 0.00132425 loss)
I0503 09:32:54.503367  8462 sgd_solver.cpp:112] Iteration 6000, lr = 0.01
I0503 09:32:57.265630  8468 data_layer.cpp:73] Restarting data prefetching from start.
I0503 09:32:57.752918  8462 solver.cpp:351] Iteration 6125, Testing net (#0)
I0503 09:32:57.778667  8469 data_layer.cpp:73] Restarting data prefetching from start.
I0503 09:32:58.097172  8469 data_layer.cpp:73] Restarting data prefetching from start.
I0503 09:32:58.398892  8469 data_layer.cpp:73] Restarting data prefetching from start.
I0503 09:32:58.715430  8469 data_layer.cpp:73] Restarting data prefetching from start.
I0503 09:32:58.829556  8462 solver.cpp:418]     Test net output #0: accuracy = 0.98892
I0503 09:32:58.829584  8462 solver.cpp:418]     Test net output #1: loss = 0.0504473 (* 1 = 0.0504473 loss)
I0503 09:33:01.745103  8468 data_layer.cpp:73] Restarting data prefetching from start.
I0503 09:33:02.107367  8462 solver.cpp:351] Iteration 6250, Testing net (#0)
I0503 09:33:02.324331  8469 data_layer.cpp:73] Restarting data prefetching from start.
I0503 09:33:02.643146  8469 data_layer.cpp:73] Restarting data prefetching from start.
I0503 09:33:02.963768  8469 data_layer.cpp:73] Restarting data prefetching from start.
I0503 09:33:03.257151  8462 solver.cpp:418]     Test net output #0: accuracy = 0.988068
I0503 09:33:03.257179  8462 solver.cpp:418]     Test net output #1: loss = 0.0530182 (* 1 = 0.0530182 loss)
I0503 09:33:06.293320  8468 data_layer.cpp:73] Restarting data prefetching from start.
I0503 09:33:06.521019  8462 solver.cpp:351] Iteration 6375, Testing net (#0)
I0503 09:33:06.631028  8469 data_layer.cpp:73] Restarting data prefetching from start.
I0503 09:33:06.942028  8469 data_layer.cpp:73] Restarting data prefetching from start.
I0503 09:33:07.253028  8469 data_layer.cpp:73] Restarting data prefetching from start.
I0503 09:33:07.560235  8469 data_layer.cpp:73] Restarting data prefetching from start.
I0503 09:33:07.611016  8462 solver.cpp:418]     Test net output #0: accuracy = 0.988778
I0503 09:33:07.611047  8462 solver.cpp:418]     Test net output #1: loss = 0.051864 (* 1 = 0.051864 loss)
I0503 09:33:10.779664  8468 data_layer.cpp:73] Restarting data prefetching from start.
I0503 09:33:10.881502  8462 solver.cpp:351] Iteration 6500, Testing net (#0)
I0503 09:33:11.179183  8469 data_layer.cpp:73] Restarting data prefetching from start.
I0503 09:33:11.480163  8469 data_layer.cpp:73] Restarting data prefetching from start.
I0503 09:33:11.797832  8469 data_layer.cpp:73] Restarting data prefetching from start.
I0503 09:33:11.957204  8462 solver.cpp:418]     Test net output #0: accuracy = 0.98892
I0503 09:33:11.957237  8462 solver.cpp:418]     Test net output #1: loss = 0.0480426 (* 1 = 0.0480426 loss)
I0503 09:33:11.986569  8462 solver.cpp:239] Iteration 6500 (28.6013 iter/s, 17.4817s/500 iters), loss = 0.00168941
I0503 09:33:11.986624  8462 solver.cpp:258]     Train net output #0: loss = 0.00168942 (* 1 = 0.00168942 loss)
I0503 09:33:11.986636  8462 sgd_solver.cpp:112] Iteration 6500, lr = 0.01
I0503 09:33:15.224489  8462 solver.cpp:351] Iteration 6625, Testing net (#0)
I0503 09:33:15.401841  8469 data_layer.cpp:73] Restarting data prefetching from start.
I0503 09:33:15.713891  8469 data_layer.cpp:73] Restarting data prefetching from start.
I0503 09:33:16.020280  8469 data_layer.cpp:73] Restarting data prefetching from start.
I0503 09:33:16.293936  8462 solver.cpp:418]     Test net output #0: accuracy = 0.989205
I0503 09:33:16.293967  8462 solver.cpp:418]     Test net output #1: loss = 0.0486095 (* 1 = 0.0486095 loss)
I0503 09:33:16.327607  8468 data_layer.cpp:73] Restarting data prefetching from start.
I0503 09:33:19.548969  8462 solver.cpp:351] Iteration 6750, Testing net (#0)
I0503 09:33:19.613626  8469 data_layer.cpp:73] Restarting data prefetching from start.
I0503 09:33:19.916448  8469 data_layer.cpp:73] Restarting data prefetching from start.
I0503 09:33:20.233489  8469 data_layer.cpp:73] Restarting data prefetching from start.
I0503 09:33:20.534771  8469 data_layer.cpp:73] Restarting data prefetching from start.
I0503 09:33:20.626158  8462 solver.cpp:418]     Test net output #0: accuracy = 0.989347
I0503 09:33:20.626188  8462 solver.cpp:418]     Test net output #1: loss = 0.0469841 (* 1 = 0.0469841 loss)
I0503 09:33:20.799140  8468 data_layer.cpp:73] Restarting data prefetching from start.
I0503 09:33:23.899709  8462 solver.cpp:351] Iteration 6875, Testing net (#0)
I0503 09:33:24.145690  8469 data_layer.cpp:73] Restarting data prefetching from start.
I0503 09:33:24.456569  8469 data_layer.cpp:73] Restarting data prefetching from start.
I0503 09:33:24.767971  8469 data_layer.cpp:73] Restarting data prefetching from start.
I0503 09:33:24.968922  8462 solver.cpp:418]     Test net output #0: accuracy = 0.989062
I0503 09:33:24.968956  8462 solver.cpp:418]     Test net output #1: loss = 0.0444275 (* 1 = 0.0444275 loss)
I0503 09:33:25.268255  8468 data_layer.cpp:73] Restarting data prefetching from start.
I0503 09:33:28.234637  8462 solver.cpp:468] Snapshotting to binary proto file models/sp_final_lenet/exp_10/caffe_lenet_fixed10_train_iter_7000.caffemodel
I0503 09:33:28.257197  8462 sgd_solver.cpp:280] Snapshotting solver state to binary proto file models/sp_final_lenet/exp_10/caffe_lenet_fixed10_train_iter_7000.solverstate
I0503 09:33:28.260416  8462 solver.cpp:351] Iteration 7000, Testing net (#0)
I0503 09:33:28.373791  8469 data_layer.cpp:73] Restarting data prefetching from start.
I0503 09:33:28.688158  8469 data_layer.cpp:73] Restarting data prefetching from start.
I0503 09:33:28.990721  8469 data_layer.cpp:73] Restarting data prefetching from start.
I0503 09:33:29.309263  8469 data_layer.cpp:73] Restarting data prefetching from start.
I0503 09:33:29.317358  8462 solver.cpp:418]     Test net output #0: accuracy = 0.988778
I0503 09:33:29.317384  8462 solver.cpp:418]     Test net output #1: loss = 0.0481831 (* 1 = 0.0481831 loss)
I0503 09:33:29.351092  8462 solver.cpp:239] Iteration 7000 (28.7982 iter/s, 17.3622s/500 iters), loss = 0.00142031
I0503 09:33:29.351145  8462 solver.cpp:258]     Train net output #0: loss = 0.00142032 (* 1 = 0.00142032 loss)
I0503 09:33:29.351155  8462 sgd_solver.cpp:112] Iteration 7000, lr = 0.01
I0503 09:33:29.758184  8468 data_layer.cpp:73] Restarting data prefetching from start.
I0503 09:33:32.595270  8462 solver.cpp:351] Iteration 7125, Testing net (#0)
I0503 09:33:32.905881  8469 data_layer.cpp:73] Restarting data prefetching from start.
I0503 09:33:33.218109  8469 data_layer.cpp:73] Restarting data prefetching from start.
I0503 09:33:33.527398  8469 data_layer.cpp:73] Restarting data prefetching from start.
I0503 09:33:33.667352  8462 solver.cpp:418]     Test net output #0: accuracy = 0.989205
I0503 09:33:33.667384  8462 solver.cpp:418]     Test net output #1: loss = 0.045635 (* 1 = 0.045635 loss)
I0503 09:33:34.227540  8468 data_layer.cpp:73] Restarting data prefetching from start.
I0503 09:33:36.941488  8462 solver.cpp:351] Iteration 7250, Testing net (#0)
I0503 09:33:37.140893  8469 data_layer.cpp:73] Restarting data prefetching from start.
I0503 09:33:37.446972  8469 data_layer.cpp:73] Restarting data prefetching from start.
I0503 09:33:37.759377  8469 data_layer.cpp:73] Restarting data prefetching from start.
I0503 09:33:38.007777  8462 solver.cpp:418]     Test net output #0: accuracy = 0.988778
I0503 09:33:38.007808  8462 solver.cpp:418]     Test net output #1: loss = 0.0457197 (* 1 = 0.0457197 loss)
I0503 09:33:38.694059  8468 data_layer.cpp:73] Restarting data prefetching from start.
I0503 09:33:41.275207  8462 solver.cpp:351] Iteration 7375, Testing net (#0)
I0503 09:33:41.357148  8469 data_layer.cpp:73] Restarting data prefetching from start.
I0503 09:33:41.671484  8469 data_layer.cpp:73] Restarting data prefetching from start.
I0503 09:33:41.972543  8469 data_layer.cpp:73] Restarting data prefetching from start.
I0503 09:33:42.290043  8469 data_layer.cpp:73] Restarting data prefetching from start.
I0503 09:33:42.355386  8462 solver.cpp:418]     Test net output #0: accuracy = 0.98892
I0503 09:33:42.355413  8462 solver.cpp:418]     Test net output #1: loss = 0.0476156 (* 1 = 0.0476156 loss)
I0503 09:33:43.176941  8468 data_layer.cpp:73] Restarting data prefetching from start.
I0503 09:33:45.614714  8462 solver.cpp:351] Iteration 7500, Testing net (#0)
I0503 09:33:45.879273  8469 data_layer.cpp:73] Restarting data prefetching from start.
I0503 09:33:46.191117  8469 data_layer.cpp:73] Restarting data prefetching from start.
I0503 09:33:46.500217  8469 data_layer.cpp:73] Restarting data prefetching from start.
I0503 09:33:46.681833  8462 solver.cpp:418]     Test net output #0: accuracy = 0.989347
I0503 09:33:46.681860  8462 solver.cpp:418]     Test net output #1: loss = 0.0445085 (* 1 = 0.0445085 loss)
I0503 09:33:46.711208  8462 solver.cpp:239] Iteration 7500 (28.802 iter/s, 17.3599s/500 iters), loss = 0.00192192
I0503 09:33:46.711257  8462 solver.cpp:258]     Train net output #0: loss = 0.00192192 (* 1 = 0.00192192 loss)
I0503 09:33:46.711267  8462 sgd_solver.cpp:112] Iteration 7500, lr = 0.01
I0503 09:33:47.641651  8468 data_layer.cpp:73] Restarting data prefetching from start.
I0503 09:33:49.962589  8462 solver.cpp:351] Iteration 7625, Testing net (#0)
I0503 09:33:50.116739  8469 data_layer.cpp:73] Restarting data prefetching from start.
I0503 09:33:50.418787  8469 data_layer.cpp:73] Restarting data prefetching from start.
I0503 09:33:50.732805  8469 data_layer.cpp:73] Restarting data prefetching from start.
I0503 09:33:51.025096  8462 solver.cpp:418]     Test net output #0: accuracy = 0.988636
I0503 09:33:51.025126  8462 solver.cpp:418]     Test net output #1: loss = 0.0474806 (* 1 = 0.0474806 loss)
I0503 09:33:52.103760  8468 data_layer.cpp:73] Restarting data prefetching from start.
I0503 09:33:54.294582  8462 solver.cpp:351] Iteration 7750, Testing net (#0)
I0503 09:33:54.320307  8469 data_layer.cpp:73] Restarting data prefetching from start.
I0503 09:33:54.638967  8469 data_layer.cpp:73] Restarting data prefetching from start.
I0503 09:33:54.947602  8469 data_layer.cpp:73] Restarting data prefetching from start.
I0503 09:33:55.265360  8469 data_layer.cpp:73] Restarting data prefetching from start.
I0503 09:33:55.377816  8462 solver.cpp:418]     Test net output #0: accuracy = 0.98892
I0503 09:33:55.377846  8462 solver.cpp:418]     Test net output #1: loss = 0.0468426 (* 1 = 0.0468426 loss)
I0503 09:33:56.591428  8468 data_layer.cpp:73] Restarting data prefetching from start.
I0503 09:33:58.649405  8462 solver.cpp:351] Iteration 7875, Testing net (#0)
I0503 09:33:58.867501  8469 data_layer.cpp:73] Restarting data prefetching from start.
I0503 09:33:59.184172  8469 data_layer.cpp:73] Restarting data prefetching from start.
I0503 09:33:59.490463  8469 data_layer.cpp:73] Restarting data prefetching from start.
I0503 09:33:59.726683  8462 solver.cpp:418]     Test net output #0: accuracy = 0.988494
I0503 09:33:59.726714  8462 solver.cpp:418]     Test net output #1: loss = 0.0452834 (* 1 = 0.0452834 loss)
I0503 09:34:01.078388  8468 data_layer.cpp:73] Restarting data prefetching from start.
I0503 09:34:03.003545  8462 solver.cpp:468] Snapshotting to binary proto file models/sp_final_lenet/exp_10/caffe_lenet_fixed10_train_iter_8000.caffemodel
I0503 09:34:03.026002  8462 sgd_solver.cpp:280] Snapshotting solver state to binary proto file models/sp_final_lenet/exp_10/caffe_lenet_fixed10_train_iter_8000.solverstate
I0503 09:34:03.029268  8462 solver.cpp:351] Iteration 8000, Testing net (#0)
I0503 09:34:03.134003  8469 data_layer.cpp:73] Restarting data prefetching from start.
I0503 09:34:03.441442  8469 data_layer.cpp:73] Restarting data prefetching from start.
I0503 09:34:03.752275  8469 data_layer.cpp:73] Restarting data prefetching from start.
I0503 09:34:04.061226  8469 data_layer.cpp:73] Restarting data prefetching from start.
I0503 09:34:04.106039  8462 solver.cpp:418]     Test net output #0: accuracy = 0.987784
I0503 09:34:04.106070  8462 solver.cpp:418]     Test net output #1: loss = 0.0493284 (* 1 = 0.0493284 loss)
I0503 09:34:04.141194  8462 solver.cpp:239] Iteration 8000 (28.6901 iter/s, 17.4276s/500 iters), loss = 0.00201956
I0503 09:34:04.141250  8462 solver.cpp:258]     Train net output #0: loss = 0.00201956 (* 1 = 0.00201956 loss)
I0503 09:34:04.141261  8462 sgd_solver.cpp:112] Iteration 8000, lr = 0.01
I0503 09:34:05.584805  8468 data_layer.cpp:73] Restarting data prefetching from start.
I0503 09:34:07.385566  8462 solver.cpp:351] Iteration 8125, Testing net (#0)
I0503 09:34:07.678880  8469 data_layer.cpp:73] Restarting data prefetching from start.
I0503 09:34:07.982401  8469 data_layer.cpp:73] Restarting data prefetching from start.
I0503 09:34:08.297226  8469 data_layer.cpp:73] Restarting data prefetching from start.
I0503 09:34:08.459888  8462 solver.cpp:418]     Test net output #0: accuracy = 0.987784
I0503 09:34:08.459920  8462 solver.cpp:418]     Test net output #1: loss = 0.0471277 (* 1 = 0.0471277 loss)
I0503 09:34:10.061715  8468 data_layer.cpp:73] Restarting data prefetching from start.
I0503 09:34:11.725746  8462 solver.cpp:351] Iteration 8250, Testing net (#0)
I0503 09:34:11.901504  8469 data_layer.cpp:73] Restarting data prefetching from start.
I0503 09:34:12.213532  8469 data_layer.cpp:73] Restarting data prefetching from start.
I0503 09:34:12.524557  8469 data_layer.cpp:73] Restarting data prefetching from start.
I0503 09:34:12.798863  8462 solver.cpp:418]     Test net output #0: accuracy = 0.987358
I0503 09:34:12.798893  8462 solver.cpp:418]     Test net output #1: loss = 0.0517154 (* 1 = 0.0517154 loss)
I0503 09:34:14.535567  8468 data_layer.cpp:73] Restarting data prefetching from start.
I0503 09:34:16.070268  8462 solver.cpp:351] Iteration 8375, Testing net (#0)
I0503 09:34:16.135891  8469 data_layer.cpp:73] Restarting data prefetching from start.
I0503 09:34:16.440147  8469 data_layer.cpp:73] Restarting data prefetching from start.
I0503 09:34:16.756660  8469 data_layer.cpp:73] Restarting data prefetching from start.
I0503 09:34:17.058806  8469 data_layer.cpp:73] Restarting data prefetching from start.
I0503 09:34:17.154440  8462 solver.cpp:418]     Test net output #0: accuracy = 0.987926
I0503 09:34:17.154469  8462 solver.cpp:418]     Test net output #1: loss = 0.0503056 (* 1 = 0.0503056 loss)
I0503 09:34:19.017720  8468 data_layer.cpp:73] Restarting data prefetching from start.
I0503 09:34:20.422219  8462 solver.cpp:351] Iteration 8500, Testing net (#0)
I0503 09:34:20.666762  8469 data_layer.cpp:73] Restarting data prefetching from start.
I0503 09:34:20.974370  8469 data_layer.cpp:73] Restarting data prefetching from start.
I0503 09:34:21.284303  8469 data_layer.cpp:73] Restarting data prefetching from start.
I0503 09:34:21.490872  8462 solver.cpp:418]     Test net output #0: accuracy = 0.9875
I0503 09:34:21.490900  8462 solver.cpp:418]     Test net output #1: loss = 0.048682 (* 1 = 0.048682 loss)
I0503 09:34:21.516804  8462 solver.cpp:239] Iteration 8500 (28.7764 iter/s, 17.3754s/500 iters), loss = 0.00257516
I0503 09:34:21.516852  8462 solver.cpp:258]     Train net output #0: loss = 0.00257517 (* 1 = 0.00257517 loss)
I0503 09:34:21.516862  8462 sgd_solver.cpp:112] Iteration 8500, lr = 0.01
I0503 09:34:23.493268  8468 data_layer.cpp:73] Restarting data prefetching from start.
I0503 09:34:24.765231  8462 solver.cpp:351] Iteration 8625, Testing net (#0)
I0503 09:34:24.891641  8469 data_layer.cpp:73] Restarting data prefetching from start.
I0503 09:34:25.209606  8469 data_layer.cpp:73] Restarting data prefetching from start.
I0503 09:34:25.513234  8469 data_layer.cpp:73] Restarting data prefetching from start.
I0503 09:34:25.832625  8469 data_layer.cpp:73] Restarting data prefetching from start.
I0503 09:34:25.840947  8462 solver.cpp:418]     Test net output #0: accuracy = 0.9875
I0503 09:34:25.840975  8462 solver.cpp:418]     Test net output #1: loss = 0.0536292 (* 1 = 0.0536292 loss)
I0503 09:34:27.964263  8468 data_layer.cpp:73] Restarting data prefetching from start.
I0503 09:34:29.111686  8462 solver.cpp:351] Iteration 8750, Testing net (#0)
I0503 09:34:29.425151  8469 data_layer.cpp:73] Restarting data prefetching from start.
I0503 09:34:29.736286  8469 data_layer.cpp:73] Restarting data prefetching from start.
I0503 09:34:30.044922  8469 data_layer.cpp:73] Restarting data prefetching from start.
I0503 09:34:30.185813  8462 solver.cpp:418]     Test net output #0: accuracy = 0.988068
I0503 09:34:30.185842  8462 solver.cpp:418]     Test net output #1: loss = 0.0535915 (* 1 = 0.0535915 loss)
I0503 09:34:32.440347  8468 data_layer.cpp:73] Restarting data prefetching from start.
I0503 09:34:33.452834  8462 solver.cpp:351] Iteration 8875, Testing net (#0)
I0503 09:34:33.652241  8469 data_layer.cpp:73] Restarting data prefetching from start.
I0503 09:34:33.953263  8469 data_layer.cpp:73] Restarting data prefetching from start.
I0503 09:34:34.268877  8469 data_layer.cpp:73] Restarting data prefetching from start.
I0503 09:34:34.519600  8462 solver.cpp:418]     Test net output #0: accuracy = 0.988494
I0503 09:34:34.519629  8462 solver.cpp:418]     Test net output #1: loss = 0.0534559 (* 1 = 0.0534559 loss)
I0503 09:34:36.907104  8468 data_layer.cpp:73] Restarting data prefetching from start.
I0503 09:34:37.787829  8462 solver.cpp:468] Snapshotting to binary proto file models/sp_final_lenet/exp_10/caffe_lenet_fixed10_train_iter_9000.caffemodel
I0503 09:34:37.809653  8462 sgd_solver.cpp:280] Snapshotting solver state to binary proto file models/sp_final_lenet/exp_10/caffe_lenet_fixed10_train_iter_9000.solverstate
I0503 09:34:37.812903  8462 solver.cpp:351] Iteration 9000, Testing net (#0)
I0503 09:34:37.885915  8469 data_layer.cpp:73] Restarting data prefetching from start.
I0503 09:34:38.199127  8469 data_layer.cpp:73] Restarting data prefetching from start.
I0503 09:34:38.507021  8469 data_layer.cpp:73] Restarting data prefetching from start.
I0503 09:34:38.817955  8469 data_layer.cpp:73] Restarting data prefetching from start.
I0503 09:34:38.882694  8462 solver.cpp:418]     Test net output #0: accuracy = 0.98821
I0503 09:34:38.882724  8462 solver.cpp:418]     Test net output #1: loss = 0.0534747 (* 1 = 0.0534747 loss)
I0503 09:34:38.912039  8462 solver.cpp:239] Iteration 9000 (28.7439 iter/s, 17.395s/500 iters), loss = 0.0024313
I0503 09:34:38.912096  8462 solver.cpp:258]     Train net output #0: loss = 0.00243131 (* 1 = 0.00243131 loss)
I0503 09:34:38.912106  8462 sgd_solver.cpp:112] Iteration 9000, lr = 0.01
I0503 09:34:41.407483  8468 data_layer.cpp:73] Restarting data prefetching from start.
I0503 09:34:42.158577  8462 solver.cpp:351] Iteration 9125, Testing net (#0)
I0503 09:34:42.421568  8469 data_layer.cpp:73] Restarting data prefetching from start.
I0503 09:34:42.738731  8469 data_layer.cpp:73] Restarting data prefetching from start.
I0503 09:34:43.044692  8469 data_layer.cpp:73] Restarting data prefetching from start.
I0503 09:34:43.231382  8462 solver.cpp:418]     Test net output #0: accuracy = 0.98892
I0503 09:34:43.231415  8462 solver.cpp:418]     Test net output #1: loss = 0.0499015 (* 1 = 0.0499015 loss)
I0503 09:34:45.878566  8468 data_layer.cpp:73] Restarting data prefetching from start.
I0503 09:34:46.500267  8462 solver.cpp:351] Iteration 9250, Testing net (#0)
I0503 09:34:46.653985  8469 data_layer.cpp:73] Restarting data prefetching from start.
I0503 09:34:46.963443  8469 data_layer.cpp:73] Restarting data prefetching from start.
I0503 09:34:47.277231  8469 data_layer.cpp:73] Restarting data prefetching from start.
I0503 09:34:47.576459  8462 solver.cpp:418]     Test net output #0: accuracy = 0.989062
I0503 09:34:47.576493  8462 solver.cpp:418]     Test net output #1: loss = 0.0508047 (* 1 = 0.0508047 loss)
I0503 09:34:50.353032  8468 data_layer.cpp:73] Restarting data prefetching from start.
I0503 09:34:50.845114  8462 solver.cpp:351] Iteration 9375, Testing net (#0)
I0503 09:34:50.870404  8469 data_layer.cpp:73] Restarting data prefetching from start.
I0503 09:34:51.195611  8469 data_layer.cpp:73] Restarting data prefetching from start.
I0503 09:34:51.500838  8469 data_layer.cpp:73] Restarting data prefetching from start.
I0503 09:34:51.819527  8469 data_layer.cpp:73] Restarting data prefetching from start.
I0503 09:34:51.930347  8462 solver.cpp:418]     Test net output #0: accuracy = 0.987784
I0503 09:34:51.930375  8462 solver.cpp:418]     Test net output #1: loss = 0.0516883 (* 1 = 0.0516883 loss)
I0503 09:34:54.823678  8468 data_layer.cpp:73] Restarting data prefetching from start.
I0503 09:34:55.181798  8462 solver.cpp:351] Iteration 9500, Testing net (#0)
I0503 09:34:55.400549  8469 data_layer.cpp:73] Restarting data prefetching from start.
I0503 09:34:55.714682  8469 data_layer.cpp:73] Restarting data prefetching from start.
I0503 09:34:56.017197  8469 data_layer.cpp:73] Restarting data prefetching from start.
I0503 09:34:56.248463  8462 solver.cpp:418]     Test net output #0: accuracy = 0.989489
I0503 09:34:56.248494  8462 solver.cpp:418]     Test net output #1: loss = 0.0497344 (* 1 = 0.0497344 loss)
I0503 09:34:56.275374  8462 solver.cpp:239] Iteration 9500 (28.8003 iter/s, 17.3609s/500 iters), loss = 0.00190369
I0503 09:34:56.275434  8462 solver.cpp:258]     Train net output #0: loss = 0.00190369 (* 1 = 0.00190369 loss)
I0503 09:34:56.275444  8462 sgd_solver.cpp:112] Iteration 9500, lr = 0.01
I0503 09:34:59.301945  8468 data_layer.cpp:73] Restarting data prefetching from start.
I0503 09:34:59.531102  8462 solver.cpp:351] Iteration 9625, Testing net (#0)
I0503 09:34:59.640933  8469 data_layer.cpp:73] Restarting data prefetching from start.
I0503 09:34:59.938896  8469 data_layer.cpp:73] Restarting data prefetching from start.
I0503 09:35:00.264928  8469 data_layer.cpp:73] Restarting data prefetching from start.
I0503 09:35:00.566968  8469 data_layer.cpp:73] Restarting data prefetching from start.
I0503 09:35:00.612105  8462 solver.cpp:418]     Test net output #0: accuracy = 0.989773
I0503 09:35:00.612134  8462 solver.cpp:418]     Test net output #1: loss = 0.0517343 (* 1 = 0.0517343 loss)
I0503 09:35:03.782119  8468 data_layer.cpp:73] Restarting data prefetching from start.
I0503 09:35:03.883976  8462 solver.cpp:351] Iteration 9750, Testing net (#0)
I0503 09:35:04.172257  8469 data_layer.cpp:73] Restarting data prefetching from start.
I0503 09:35:04.480417  8469 data_layer.cpp:73] Restarting data prefetching from start.
I0503 09:35:04.791270  8469 data_layer.cpp:73] Restarting data prefetching from start.
I0503 09:35:04.946732  8462 solver.cpp:418]     Test net output #0: accuracy = 0.989631
I0503 09:35:04.946761  8462 solver.cpp:418]     Test net output #1: loss = 0.0490085 (* 1 = 0.0490085 loss)
I0503 09:35:08.194136  8462 solver.cpp:351] Iteration 9875, Testing net (#0)
I0503 09:35:08.366952  8469 data_layer.cpp:73] Restarting data prefetching from start.
I0503 09:35:08.677723  8469 data_layer.cpp:73] Restarting data prefetching from start.
I0503 09:35:08.987236  8469 data_layer.cpp:73] Restarting data prefetching from start.
I0503 09:35:09.262917  8462 solver.cpp:418]     Test net output #0: accuracy = 0.989205
I0503 09:35:09.262945  8462 solver.cpp:418]     Test net output #1: loss = 0.0488235 (* 1 = 0.0488235 loss)
I0503 09:35:09.296638  8468 data_layer.cpp:73] Restarting data prefetching from start.
I0503 09:35:12.536192  8462 solver.cpp:468] Snapshotting to binary proto file models/sp_final_lenet/exp_10/caffe_lenet_fixed10_train_iter_10000.caffemodel
I0503 09:35:12.561468  8462 sgd_solver.cpp:280] Snapshotting solver state to binary proto file models/sp_final_lenet/exp_10/caffe_lenet_fixed10_train_iter_10000.solverstate
I0503 09:35:12.577021  8462 solver.cpp:331] Iteration 10000, loss = 0.00148894
I0503 09:35:12.577051  8462 solver.cpp:351] Iteration 10000, Testing net (#0)
I0503 09:35:12.629909  8469 data_layer.cpp:73] Restarting data prefetching from start.
I0503 09:35:12.930407  8469 data_layer.cpp:73] Restarting data prefetching from start.
I0503 09:35:13.245703  8469 data_layer.cpp:73] Restarting data prefetching from start.
I0503 09:35:13.548569  8469 data_layer.cpp:73] Restarting data prefetching from start.
I0503 09:35:13.648869  8462 solver.cpp:418]     Test net output #0: accuracy = 0.989347
I0503 09:35:13.648898  8462 solver.cpp:418]     Test net output #1: loss = 0.0469371 (* 1 = 0.0469371 loss)
I0503 09:35:13.648907  8462 solver.cpp:336] Optimization Done.
I0503 09:35:13.648912  8462 caffe.cpp:250] Optimization Done.
