I0509 16:54:16.827117  8531 caffe.cpp:204] Using GPUs 0
I0509 16:54:17.105168  8531 caffe.cpp:209] GPU 0: GeForce 940MX
I0509 16:54:17.409673  8531 solver.cpp:45] Initializing solver from parameters: 
test_iter: 13
test_interval: 89
base_lr: 0.01
display: 500
max_iter: 10000
lr_policy: "fixed"
gamma: 0.1
momentum: 0.9
weight_decay: 0.0005
stepsize: 20000
snapshot: 1000
snapshot_prefix: "models/sp_lenet_int3/exp 2/lenet_fix"
solver_mode: GPU
device_id: 0
net: "models/sp_lenet_int3/lenet_train_val.prototxt"
train_state {
  level: 0
  stage: ""
}
I0509 16:54:17.409823  8531 solver.cpp:102] Creating training net from net file: models/sp_lenet_int3/lenet_train_val.prototxt
I0509 16:54:17.410043  8531 net.cpp:294] The NetState phase (0) differed from the phase (1) specified by a rule in layer data
I0509 16:54:17.410059  8531 net.cpp:294] The NetState phase (0) differed from the phase (1) specified by a rule in layer accuracy
I0509 16:54:17.410140  8531 net.cpp:51] Initializing net from parameters: 
name: "LeNet"
state {
  phase: TRAIN
  level: 0
  stage: ""
}
layer {
  name: "data"
  type: "Data"
  top: "data"
  top: "label"
  include {
    phase: TRAIN
  }
  transform_param {
    scale: 0.00390625
  }
  data_param {
    source: "examples/final_sp/sp_train_lmdb_int3"
    batch_size: 64
    backend: LMDB
  }
}
layer {
  name: "conv1"
  type: "Convolution"
  bottom: "data"
  top: "conv1"
  param {
    lr_mult: 1
  }
  param {
    lr_mult: 2
  }
  convolution_param {
    num_output: 20
    kernel_size: 5
    stride: 1
    weight_filler {
      type: "xavier"
    }
    bias_filler {
      type: "constant"
    }
  }
}
layer {
  name: "pool1"
  type: "Pooling"
  bottom: "conv1"
  top: "pool1"
  pooling_param {
    pool: MAX
    kernel_size: 2
    stride: 2
  }
}
layer {
  name: "conv2"
  type: "Convolution"
  bottom: "pool1"
  top: "conv2"
  param {
    lr_mult: 1
  }
  param {
    lr_mult: 2
  }
  convolution_param {
    num_output: 50
    kernel_size: 5
    stride: 1
    weight_filler {
      type: "xavier"
    }
    bias_filler {
      type: "constant"
    }
  }
}
layer {
  name: "pool2"
  type: "Pooling"
  bottom: "conv2"
  top: "pool2"
  pooling_param {
    pool: MAX
    kernel_size: 2
    stride: 2
  }
}
layer {
  name: "ip1"
  type: "InnerProduct"
  bottom: "pool2"
  top: "ip1"
  param {
    lr_mult: 1
  }
  param {
    lr_mult: 2
  }
  inner_product_param {
    num_output: 500
    weight_filler {
      type: "xavier"
    }
    bias_filler {
      type: "constant"
    }
  }
}
layer {
  name: "relu1"
  type: "ReLU"
  bottom: "ip1"
  top: "ip1"
}
layer {
  name: "ip2"
  type: "InnerProduct"
  bottom: "ip1"
  top: "ip2"
  param {
    lr_mult: 1
  }
  param {
    lr_mult: 2
  }
  inner_product_param {
    num_output: 52
    weight_filler {
      type: "xavier"
    }
    bias_filler {
      type: "constant"
    }
  }
}
layer {
  name: "loss"
  type: "SoftmaxWithLoss"
  bottom: "ip2"
  bottom: "label"
  top: "loss"
}
I0509 16:54:17.410208  8531 layer_factory.hpp:77] Creating layer data
I0509 16:54:17.410308  8531 db_lmdb.cpp:35] Opened lmdb examples/final_sp/sp_train_lmdb_int3
I0509 16:54:17.410337  8531 net.cpp:84] Creating Layer data
I0509 16:54:17.410348  8531 net.cpp:380] data -> data
I0509 16:54:17.410375  8531 net.cpp:380] data -> label
I0509 16:54:17.411027  8531 data_layer.cpp:45] output data size: 64,3,28,28
I0509 16:54:17.415382  8531 net.cpp:122] Setting up data
I0509 16:54:17.415417  8531 net.cpp:129] Top shape: 64 3 28 28 (150528)
I0509 16:54:17.415429  8531 net.cpp:129] Top shape: 64 (64)
I0509 16:54:17.415434  8531 net.cpp:137] Memory required for data: 602368
I0509 16:54:17.415446  8531 layer_factory.hpp:77] Creating layer conv1
I0509 16:54:17.415480  8531 net.cpp:84] Creating Layer conv1
I0509 16:54:17.415490  8531 net.cpp:406] conv1 <- data
I0509 16:54:17.415510  8531 net.cpp:380] conv1 -> conv1
I0509 16:54:17.416935  8531 net.cpp:122] Setting up conv1
I0509 16:54:17.416954  8531 net.cpp:129] Top shape: 64 20 24 24 (737280)
I0509 16:54:17.416959  8531 net.cpp:137] Memory required for data: 3551488
I0509 16:54:17.416983  8531 layer_factory.hpp:77] Creating layer pool1
I0509 16:54:17.417001  8531 net.cpp:84] Creating Layer pool1
I0509 16:54:17.417027  8531 net.cpp:406] pool1 <- conv1
I0509 16:54:17.417038  8531 net.cpp:380] pool1 -> pool1
I0509 16:54:17.417395  8531 net.cpp:122] Setting up pool1
I0509 16:54:17.417405  8531 net.cpp:129] Top shape: 64 20 12 12 (184320)
I0509 16:54:17.417409  8531 net.cpp:137] Memory required for data: 4288768
I0509 16:54:17.417414  8531 layer_factory.hpp:77] Creating layer conv2
I0509 16:54:17.417429  8531 net.cpp:84] Creating Layer conv2
I0509 16:54:17.417439  8531 net.cpp:406] conv2 <- pool1
I0509 16:54:17.417450  8531 net.cpp:380] conv2 -> conv2
I0509 16:54:17.418272  8531 net.cpp:122] Setting up conv2
I0509 16:54:17.418284  8531 net.cpp:129] Top shape: 64 50 8 8 (204800)
I0509 16:54:17.418288  8531 net.cpp:137] Memory required for data: 5107968
I0509 16:54:17.418301  8531 layer_factory.hpp:77] Creating layer pool2
I0509 16:54:17.418313  8531 net.cpp:84] Creating Layer pool2
I0509 16:54:17.418321  8531 net.cpp:406] pool2 <- conv2
I0509 16:54:17.418330  8531 net.cpp:380] pool2 -> pool2
I0509 16:54:17.418375  8531 net.cpp:122] Setting up pool2
I0509 16:54:17.418385  8531 net.cpp:129] Top shape: 64 50 4 4 (51200)
I0509 16:54:17.418390  8531 net.cpp:137] Memory required for data: 5312768
I0509 16:54:17.418395  8531 layer_factory.hpp:77] Creating layer ip1
I0509 16:54:17.418404  8531 net.cpp:84] Creating Layer ip1
I0509 16:54:17.418411  8531 net.cpp:406] ip1 <- pool2
I0509 16:54:17.418421  8531 net.cpp:380] ip1 -> ip1
I0509 16:54:17.421430  8531 net.cpp:122] Setting up ip1
I0509 16:54:17.421450  8531 net.cpp:129] Top shape: 64 500 (32000)
I0509 16:54:17.421454  8531 net.cpp:137] Memory required for data: 5440768
I0509 16:54:17.421470  8531 layer_factory.hpp:77] Creating layer relu1
I0509 16:54:17.421489  8531 net.cpp:84] Creating Layer relu1
I0509 16:54:17.421494  8531 net.cpp:406] relu1 <- ip1
I0509 16:54:17.421502  8531 net.cpp:367] relu1 -> ip1 (in-place)
I0509 16:54:17.421514  8531 net.cpp:122] Setting up relu1
I0509 16:54:17.421520  8531 net.cpp:129] Top shape: 64 500 (32000)
I0509 16:54:17.421525  8531 net.cpp:137] Memory required for data: 5568768
I0509 16:54:17.421530  8531 layer_factory.hpp:77] Creating layer ip2
I0509 16:54:17.421540  8531 net.cpp:84] Creating Layer ip2
I0509 16:54:17.421546  8531 net.cpp:406] ip2 <- ip1
I0509 16:54:17.421555  8531 net.cpp:380] ip2 -> ip2
I0509 16:54:17.422164  8531 net.cpp:122] Setting up ip2
I0509 16:54:17.422179  8531 net.cpp:129] Top shape: 64 52 (3328)
I0509 16:54:17.422185  8531 net.cpp:137] Memory required for data: 5582080
I0509 16:54:17.422221  8531 layer_factory.hpp:77] Creating layer loss
I0509 16:54:17.422232  8531 net.cpp:84] Creating Layer loss
I0509 16:54:17.422238  8531 net.cpp:406] loss <- ip2
I0509 16:54:17.422245  8531 net.cpp:406] loss <- label
I0509 16:54:17.422255  8531 net.cpp:380] loss -> loss
I0509 16:54:17.422277  8531 layer_factory.hpp:77] Creating layer loss
I0509 16:54:17.422390  8531 net.cpp:122] Setting up loss
I0509 16:54:17.422399  8531 net.cpp:129] Top shape: (1)
I0509 16:54:17.422403  8531 net.cpp:132]     with loss weight 1
I0509 16:54:17.422423  8531 net.cpp:137] Memory required for data: 5582084
I0509 16:54:17.422428  8531 net.cpp:198] loss needs backward computation.
I0509 16:54:17.422438  8531 net.cpp:198] ip2 needs backward computation.
I0509 16:54:17.422444  8531 net.cpp:198] relu1 needs backward computation.
I0509 16:54:17.422449  8531 net.cpp:198] ip1 needs backward computation.
I0509 16:54:17.422456  8531 net.cpp:198] pool2 needs backward computation.
I0509 16:54:17.422461  8531 net.cpp:198] conv2 needs backward computation.
I0509 16:54:17.422467  8531 net.cpp:198] pool1 needs backward computation.
I0509 16:54:17.422473  8531 net.cpp:198] conv1 needs backward computation.
I0509 16:54:17.422479  8531 net.cpp:200] data does not need backward computation.
I0509 16:54:17.422484  8531 net.cpp:242] This network produces output loss
I0509 16:54:17.422497  8531 net.cpp:255] Network initialization done.
I0509 16:54:17.422770  8531 solver.cpp:190] Creating test net (#0) specified by net file: models/sp_lenet_int3/lenet_train_val.prototxt
I0509 16:54:17.422819  8531 net.cpp:294] The NetState phase (1) differed from the phase (0) specified by a rule in layer data
I0509 16:54:17.422950  8531 net.cpp:51] Initializing net from parameters: 
name: "LeNet"
state {
  phase: TEST
}
layer {
  name: "data"
  type: "Data"
  top: "data"
  top: "label"
  include {
    phase: TEST
  }
  transform_param {
    scale: 0.00390625
  }
  data_param {
    source: "examples/final_sp/sp_val_lmdb_int3"
    batch_size: 64
    backend: LMDB
  }
}
layer {
  name: "conv1"
  type: "Convolution"
  bottom: "data"
  top: "conv1"
  param {
    lr_mult: 1
  }
  param {
    lr_mult: 2
  }
  convolution_param {
    num_output: 20
    kernel_size: 5
    stride: 1
    weight_filler {
      type: "xavier"
    }
    bias_filler {
      type: "constant"
    }
  }
}
layer {
  name: "pool1"
  type: "Pooling"
  bottom: "conv1"
  top: "pool1"
  pooling_param {
    pool: MAX
    kernel_size: 2
    stride: 2
  }
}
layer {
  name: "conv2"
  type: "Convolution"
  bottom: "pool1"
  top: "conv2"
  param {
    lr_mult: 1
  }
  param {
    lr_mult: 2
  }
  convolution_param {
    num_output: 50
    kernel_size: 5
    stride: 1
    weight_filler {
      type: "xavier"
    }
    bias_filler {
      type: "constant"
    }
  }
}
layer {
  name: "pool2"
  type: "Pooling"
  bottom: "conv2"
  top: "pool2"
  pooling_param {
    pool: MAX
    kernel_size: 2
    stride: 2
  }
}
layer {
  name: "ip1"
  type: "InnerProduct"
  bottom: "pool2"
  top: "ip1"
  param {
    lr_mult: 1
  }
  param {
    lr_mult: 2
  }
  inner_product_param {
    num_output: 500
    weight_filler {
      type: "xavier"
    }
    bias_filler {
      type: "constant"
    }
  }
}
layer {
  name: "relu1"
  type: "ReLU"
  bottom: "ip1"
  top: "ip1"
}
layer {
  name: "ip2"
  type: "InnerProduct"
  bottom: "ip1"
  top: "ip2"
  param {
    lr_mult: 1
  }
  param {
    lr_mult: 2
  }
  inner_product_param {
    num_output: 52
    weight_filler {
      type: "xavier"
    }
    bias_filler {
      type: "constant"
    }
  }
}
layer {
  name: "accuracy"
  type: "Accuracy"
  bottom: "ip2"
  bottom: "label"
  top: "accuracy"
  include {
    phase: TEST
  }
}
layer {
  name: "loss"
  type: "SoftmaxWithLoss"
  bottom: "ip2"
  bottom: "label"
  top: "loss"
}
I0509 16:54:17.423033  8531 layer_factory.hpp:77] Creating layer data
I0509 16:54:17.423141  8531 db_lmdb.cpp:35] Opened lmdb examples/final_sp/sp_val_lmdb_int3
I0509 16:54:17.423161  8531 net.cpp:84] Creating Layer data
I0509 16:54:17.423169  8531 net.cpp:380] data -> data
I0509 16:54:17.423182  8531 net.cpp:380] data -> label
I0509 16:54:17.423301  8531 data_layer.cpp:45] output data size: 64,3,28,28
I0509 16:54:17.428902  8531 net.cpp:122] Setting up data
I0509 16:54:17.428932  8531 net.cpp:129] Top shape: 64 3 28 28 (150528)
I0509 16:54:17.428939  8531 net.cpp:129] Top shape: 64 (64)
I0509 16:54:17.428946  8531 net.cpp:137] Memory required for data: 602368
I0509 16:54:17.428953  8531 layer_factory.hpp:77] Creating layer label_data_1_split
I0509 16:54:17.428972  8531 net.cpp:84] Creating Layer label_data_1_split
I0509 16:54:17.428979  8531 net.cpp:406] label_data_1_split <- label
I0509 16:54:17.428990  8531 net.cpp:380] label_data_1_split -> label_data_1_split_0
I0509 16:54:17.429002  8531 net.cpp:380] label_data_1_split -> label_data_1_split_1
I0509 16:54:17.429076  8531 net.cpp:122] Setting up label_data_1_split
I0509 16:54:17.429093  8531 net.cpp:129] Top shape: 64 (64)
I0509 16:54:17.429100  8531 net.cpp:129] Top shape: 64 (64)
I0509 16:54:17.429103  8531 net.cpp:137] Memory required for data: 602880
I0509 16:54:17.429108  8531 layer_factory.hpp:77] Creating layer conv1
I0509 16:54:17.429124  8531 net.cpp:84] Creating Layer conv1
I0509 16:54:17.429131  8531 net.cpp:406] conv1 <- data
I0509 16:54:17.429139  8531 net.cpp:380] conv1 -> conv1
I0509 16:54:17.429432  8531 net.cpp:122] Setting up conv1
I0509 16:54:17.429445  8531 net.cpp:129] Top shape: 64 20 24 24 (737280)
I0509 16:54:17.429450  8531 net.cpp:137] Memory required for data: 3552000
I0509 16:54:17.429463  8531 layer_factory.hpp:77] Creating layer pool1
I0509 16:54:17.429486  8531 net.cpp:84] Creating Layer pool1
I0509 16:54:17.429493  8531 net.cpp:406] pool1 <- conv1
I0509 16:54:17.429502  8531 net.cpp:380] pool1 -> pool1
I0509 16:54:17.429544  8531 net.cpp:122] Setting up pool1
I0509 16:54:17.429554  8531 net.cpp:129] Top shape: 64 20 12 12 (184320)
I0509 16:54:17.429559  8531 net.cpp:137] Memory required for data: 4289280
I0509 16:54:17.429564  8531 layer_factory.hpp:77] Creating layer conv2
I0509 16:54:17.429575  8531 net.cpp:84] Creating Layer conv2
I0509 16:54:17.429581  8531 net.cpp:406] conv2 <- pool1
I0509 16:54:17.429589  8531 net.cpp:380] conv2 -> conv2
I0509 16:54:17.430343  8531 net.cpp:122] Setting up conv2
I0509 16:54:17.430361  8531 net.cpp:129] Top shape: 64 50 8 8 (204800)
I0509 16:54:17.430366  8531 net.cpp:137] Memory required for data: 5108480
I0509 16:54:17.430379  8531 layer_factory.hpp:77] Creating layer pool2
I0509 16:54:17.430392  8531 net.cpp:84] Creating Layer pool2
I0509 16:54:17.430397  8531 net.cpp:406] pool2 <- conv2
I0509 16:54:17.430408  8531 net.cpp:380] pool2 -> pool2
I0509 16:54:17.430452  8531 net.cpp:122] Setting up pool2
I0509 16:54:17.430461  8531 net.cpp:129] Top shape: 64 50 4 4 (51200)
I0509 16:54:17.430467  8531 net.cpp:137] Memory required for data: 5313280
I0509 16:54:17.430471  8531 layer_factory.hpp:77] Creating layer ip1
I0509 16:54:17.430487  8531 net.cpp:84] Creating Layer ip1
I0509 16:54:17.430493  8531 net.cpp:406] ip1 <- pool2
I0509 16:54:17.430502  8531 net.cpp:380] ip1 -> ip1
I0509 16:54:17.435636  8531 net.cpp:122] Setting up ip1
I0509 16:54:17.435658  8531 net.cpp:129] Top shape: 64 500 (32000)
I0509 16:54:17.435663  8531 net.cpp:137] Memory required for data: 5441280
I0509 16:54:17.435678  8531 layer_factory.hpp:77] Creating layer relu1
I0509 16:54:17.435689  8531 net.cpp:84] Creating Layer relu1
I0509 16:54:17.435694  8531 net.cpp:406] relu1 <- ip1
I0509 16:54:17.435703  8531 net.cpp:367] relu1 -> ip1 (in-place)
I0509 16:54:17.435714  8531 net.cpp:122] Setting up relu1
I0509 16:54:17.435719  8531 net.cpp:129] Top shape: 64 500 (32000)
I0509 16:54:17.435724  8531 net.cpp:137] Memory required for data: 5569280
I0509 16:54:17.435729  8531 layer_factory.hpp:77] Creating layer ip2
I0509 16:54:17.435740  8531 net.cpp:84] Creating Layer ip2
I0509 16:54:17.435745  8531 net.cpp:406] ip2 <- ip1
I0509 16:54:17.435753  8531 net.cpp:380] ip2 -> ip2
I0509 16:54:17.436172  8531 net.cpp:122] Setting up ip2
I0509 16:54:17.436180  8531 net.cpp:129] Top shape: 64 52 (3328)
I0509 16:54:17.436185  8531 net.cpp:137] Memory required for data: 5582592
I0509 16:54:17.436193  8531 layer_factory.hpp:77] Creating layer ip2_ip2_0_split
I0509 16:54:17.436205  8531 net.cpp:84] Creating Layer ip2_ip2_0_split
I0509 16:54:17.436210  8531 net.cpp:406] ip2_ip2_0_split <- ip2
I0509 16:54:17.436218  8531 net.cpp:380] ip2_ip2_0_split -> ip2_ip2_0_split_0
I0509 16:54:17.436228  8531 net.cpp:380] ip2_ip2_0_split -> ip2_ip2_0_split_1
I0509 16:54:17.436285  8531 net.cpp:122] Setting up ip2_ip2_0_split
I0509 16:54:17.436292  8531 net.cpp:129] Top shape: 64 52 (3328)
I0509 16:54:17.436298  8531 net.cpp:129] Top shape: 64 52 (3328)
I0509 16:54:17.436302  8531 net.cpp:137] Memory required for data: 5609216
I0509 16:54:17.436307  8531 layer_factory.hpp:77] Creating layer accuracy
I0509 16:54:17.436318  8531 net.cpp:84] Creating Layer accuracy
I0509 16:54:17.436323  8531 net.cpp:406] accuracy <- ip2_ip2_0_split_0
I0509 16:54:17.436331  8531 net.cpp:406] accuracy <- label_data_1_split_0
I0509 16:54:17.436337  8531 net.cpp:380] accuracy -> accuracy
I0509 16:54:17.436348  8531 net.cpp:122] Setting up accuracy
I0509 16:54:17.436355  8531 net.cpp:129] Top shape: (1)
I0509 16:54:17.436359  8531 net.cpp:137] Memory required for data: 5609220
I0509 16:54:17.436364  8531 layer_factory.hpp:77] Creating layer loss
I0509 16:54:17.436375  8531 net.cpp:84] Creating Layer loss
I0509 16:54:17.436380  8531 net.cpp:406] loss <- ip2_ip2_0_split_1
I0509 16:54:17.436388  8531 net.cpp:406] loss <- label_data_1_split_1
I0509 16:54:17.436415  8531 net.cpp:380] loss -> loss
I0509 16:54:17.436427  8531 layer_factory.hpp:77] Creating layer loss
I0509 16:54:17.436553  8531 net.cpp:122] Setting up loss
I0509 16:54:17.436563  8531 net.cpp:129] Top shape: (1)
I0509 16:54:17.436568  8531 net.cpp:132]     with loss weight 1
I0509 16:54:17.436579  8531 net.cpp:137] Memory required for data: 5609224
I0509 16:54:17.436585  8531 net.cpp:198] loss needs backward computation.
I0509 16:54:17.436591  8531 net.cpp:200] accuracy does not need backward computation.
I0509 16:54:17.436597  8531 net.cpp:198] ip2_ip2_0_split needs backward computation.
I0509 16:54:17.436602  8531 net.cpp:198] ip2 needs backward computation.
I0509 16:54:17.436607  8531 net.cpp:198] relu1 needs backward computation.
I0509 16:54:17.436612  8531 net.cpp:198] ip1 needs backward computation.
I0509 16:54:17.436617  8531 net.cpp:198] pool2 needs backward computation.
I0509 16:54:17.436622  8531 net.cpp:198] conv2 needs backward computation.
I0509 16:54:17.436626  8531 net.cpp:198] pool1 needs backward computation.
I0509 16:54:17.436631  8531 net.cpp:198] conv1 needs backward computation.
I0509 16:54:17.436637  8531 net.cpp:200] label_data_1_split does not need backward computation.
I0509 16:54:17.436643  8531 net.cpp:200] data does not need backward computation.
I0509 16:54:17.436647  8531 net.cpp:242] This network produces output accuracy
I0509 16:54:17.436652  8531 net.cpp:242] This network produces output loss
I0509 16:54:17.436671  8531 net.cpp:255] Network initialization done.
I0509 16:54:17.436746  8531 solver.cpp:57] Solver scaffolding done.
I0509 16:54:17.437057  8531 caffe.cpp:239] Starting Optimization
I0509 16:54:17.437065  8531 solver.cpp:293] Solving LeNet
I0509 16:54:17.437070  8531 solver.cpp:294] Learning Rate Policy: fixed
I0509 16:54:17.438128  8531 solver.cpp:351] Iteration 0, Testing net (#0)
I0509 16:54:17.550422  8538 data_layer.cpp:73] Restarting data prefetching from start.
I0509 16:54:17.598928  8531 solver.cpp:418]     Test net output #0: accuracy = 0.0144231
I0509 16:54:17.598958  8531 solver.cpp:418]     Test net output #1: loss = 4.01645 (* 1 = 4.01645 loss)
I0509 16:54:17.630769  8531 solver.cpp:239] Iteration 0 (7.80976e-05 iter/s, 0.193616s/500 iters), loss = 4.04292
I0509 16:54:17.630820  8531 solver.cpp:258]     Train net output #0: loss = 4.04292 (* 1 = 4.04292 loss)
I0509 16:54:17.630837  8531 sgd_solver.cpp:112] Iteration 0, lr = 0.01
I0509 16:54:20.091343  8537 data_layer.cpp:73] Restarting data prefetching from start.
I0509 16:54:20.173539  8531 solver.cpp:351] Iteration 89, Testing net (#0)
I0509 16:54:20.283778  8538 data_layer.cpp:73] Restarting data prefetching from start.
I0509 16:54:20.331187  8531 solver.cpp:418]     Test net output #0: accuracy = 0.838942
I0509 16:54:20.331214  8531 solver.cpp:418]     Test net output #1: loss = 0.511794 (* 1 = 0.511794 loss)
I0509 16:54:22.846040  8537 data_layer.cpp:73] Restarting data prefetching from start.
I0509 16:54:22.927284  8531 solver.cpp:351] Iteration 178, Testing net (#0)
I0509 16:54:23.051172  8538 data_layer.cpp:73] Restarting data prefetching from start.
I0509 16:54:23.100142  8531 solver.cpp:418]     Test net output #0: accuracy = 0.90024
I0509 16:54:23.100183  8531 solver.cpp:418]     Test net output #1: loss = 0.298373 (* 1 = 0.298373 loss)
I0509 16:54:25.459260  8537 data_layer.cpp:73] Restarting data prefetching from start.
I0509 16:54:25.507424  8531 solver.cpp:351] Iteration 267, Testing net (#0)
I0509 16:54:25.611804  8538 data_layer.cpp:73] Restarting data prefetching from start.
I0509 16:54:25.656216  8531 solver.cpp:418]     Test net output #0: accuracy = 0.913462
I0509 16:54:25.656246  8531 solver.cpp:418]     Test net output #1: loss = 0.25061 (* 1 = 0.25061 loss)
I0509 16:54:28.124061  8537 data_layer.cpp:73] Restarting data prefetching from start.
I0509 16:54:28.172379  8531 solver.cpp:351] Iteration 356, Testing net (#0)
I0509 16:54:28.276319  8538 data_layer.cpp:73] Restarting data prefetching from start.
I0509 16:54:28.320507  8531 solver.cpp:418]     Test net output #0: accuracy = 0.911058
I0509 16:54:28.320559  8531 solver.cpp:418]     Test net output #1: loss = 0.265019 (* 1 = 0.265019 loss)
I0509 16:54:30.635201  8537 data_layer.cpp:73] Restarting data prefetching from start.
I0509 16:54:30.683568  8531 solver.cpp:351] Iteration 445, Testing net (#0)
I0509 16:54:30.787297  8538 data_layer.cpp:73] Restarting data prefetching from start.
I0509 16:54:30.831986  8531 solver.cpp:418]     Test net output #0: accuracy = 0.918269
I0509 16:54:30.832016  8531 solver.cpp:418]     Test net output #1: loss = 0.236722 (* 1 = 0.236722 loss)
I0509 16:54:32.294364  8531 solver.cpp:239] Iteration 500 (34.0991 iter/s, 14.6631s/500 iters), loss = 0.141708
I0509 16:54:32.294401  8531 solver.cpp:258]     Train net output #0: loss = 0.141708 (* 1 = 0.141708 loss)
I0509 16:54:32.294409  8531 sgd_solver.cpp:112] Iteration 500, lr = 0.01
I0509 16:54:33.136008  8537 data_layer.cpp:73] Restarting data prefetching from start.
I0509 16:54:33.147409  8531 solver.cpp:351] Iteration 534, Testing net (#0)
I0509 16:54:33.254328  8538 data_layer.cpp:73] Restarting data prefetching from start.
I0509 16:54:33.302031  8531 solver.cpp:418]     Test net output #0: accuracy = 0.921875
I0509 16:54:33.302059  8531 solver.cpp:418]     Test net output #1: loss = 0.236934 (* 1 = 0.236934 loss)
I0509 16:54:35.598186  8537 data_layer.cpp:73] Restarting data prefetching from start.
I0509 16:54:35.608832  8531 solver.cpp:351] Iteration 623, Testing net (#0)
I0509 16:54:35.717569  8538 data_layer.cpp:73] Restarting data prefetching from start.
I0509 16:54:35.764499  8531 solver.cpp:418]     Test net output #0: accuracy = 0.915865
I0509 16:54:35.764530  8531 solver.cpp:418]     Test net output #1: loss = 0.276547 (* 1 = 0.276547 loss)
I0509 16:54:38.060875  8537 data_layer.cpp:73] Restarting data prefetching from start.
I0509 16:54:38.071107  8531 solver.cpp:351] Iteration 712, Testing net (#0)
I0509 16:54:38.178830  8538 data_layer.cpp:73] Restarting data prefetching from start.
I0509 16:54:38.226140  8531 solver.cpp:418]     Test net output #0: accuracy = 0.932692
I0509 16:54:38.226168  8531 solver.cpp:418]     Test net output #1: loss = 0.202359 (* 1 = 0.202359 loss)
I0509 16:54:40.536135  8531 solver.cpp:351] Iteration 801, Testing net (#0)
I0509 16:54:40.644083  8538 data_layer.cpp:73] Restarting data prefetching from start.
I0509 16:54:40.686205  8531 solver.cpp:418]     Test net output #0: accuracy = 0.929087
I0509 16:54:40.686234  8531 solver.cpp:418]     Test net output #1: loss = 0.207028 (* 1 = 0.207028 loss)
I0509 16:54:40.687100  8537 data_layer.cpp:73] Restarting data prefetching from start.
I0509 16:54:42.996448  8531 solver.cpp:351] Iteration 890, Testing net (#0)
I0509 16:54:43.106905  8538 data_layer.cpp:73] Restarting data prefetching from start.
I0509 16:54:43.156661  8531 solver.cpp:418]     Test net output #0: accuracy = 0.933894
I0509 16:54:43.156692  8531 solver.cpp:418]     Test net output #1: loss = 0.226029 (* 1 = 0.226029 loss)
I0509 16:54:43.157752  8537 data_layer.cpp:73] Restarting data prefetching from start.
I0509 16:54:45.466987  8531 solver.cpp:351] Iteration 979, Testing net (#0)
I0509 16:54:45.575417  8538 data_layer.cpp:73] Restarting data prefetching from start.
I0509 16:54:45.620268  8531 solver.cpp:418]     Test net output #0: accuracy = 0.93149
I0509 16:54:45.620298  8531 solver.cpp:418]     Test net output #1: loss = 0.258533 (* 1 = 0.258533 loss)
I0509 16:54:45.653995  8537 data_layer.cpp:73] Restarting data prefetching from start.
I0509 16:54:46.170228  8531 solver.cpp:468] Snapshotting to binary proto file models/sp_lenet_int3/exp 2/lenet_fix_iter_1000.caffemodel
I0509 16:54:46.197168  8531 sgd_solver.cpp:280] Snapshotting solver state to binary proto file models/sp_lenet_int3/exp 2/lenet_fix_iter_1000.solverstate
I0509 16:54:46.231420  8531 solver.cpp:239] Iteration 1000 (35.8767 iter/s, 13.9366s/500 iters), loss = 0.0956033
I0509 16:54:46.231469  8531 solver.cpp:258]     Train net output #0: loss = 0.0956033 (* 1 = 0.0956033 loss)
I0509 16:54:46.231479  8531 sgd_solver.cpp:112] Iteration 1000, lr = 0.01
I0509 16:54:47.968127  8531 solver.cpp:351] Iteration 1068, Testing net (#0)
I0509 16:54:48.083724  8538 data_layer.cpp:73] Restarting data prefetching from start.
I0509 16:54:48.129954  8531 solver.cpp:418]     Test net output #0: accuracy = 0.938702
I0509 16:54:48.129983  8531 solver.cpp:418]     Test net output #1: loss = 0.226806 (* 1 = 0.226806 loss)
I0509 16:54:48.161083  8537 data_layer.cpp:73] Restarting data prefetching from start.
I0509 16:54:50.444250  8531 solver.cpp:351] Iteration 1157, Testing net (#0)
I0509 16:54:50.554507  8538 data_layer.cpp:73] Restarting data prefetching from start.
I0509 16:54:50.596123  8531 solver.cpp:418]     Test net output #0: accuracy = 0.932692
I0509 16:54:50.596151  8531 solver.cpp:418]     Test net output #1: loss = 0.241958 (* 1 = 0.241958 loss)
I0509 16:54:50.636031  8537 data_layer.cpp:73] Restarting data prefetching from start.
I0509 16:54:52.914016  8531 solver.cpp:351] Iteration 1246, Testing net (#0)
I0509 16:54:53.024781  8538 data_layer.cpp:73] Restarting data prefetching from start.
I0509 16:54:53.070775  8531 solver.cpp:418]     Test net output #0: accuracy = 0.944712
I0509 16:54:53.070802  8531 solver.cpp:418]     Test net output #1: loss = 0.193195 (* 1 = 0.193195 loss)
I0509 16:54:53.129673  8537 data_layer.cpp:73] Restarting data prefetching from start.
I0509 16:54:55.379689  8531 solver.cpp:351] Iteration 1335, Testing net (#0)
I0509 16:54:55.489481  8538 data_layer.cpp:73] Restarting data prefetching from start.
I0509 16:54:55.536907  8531 solver.cpp:418]     Test net output #0: accuracy = 0.941106
I0509 16:54:55.536937  8531 solver.cpp:418]     Test net output #1: loss = 0.201883 (* 1 = 0.201883 loss)
I0509 16:54:55.596452  8537 data_layer.cpp:73] Restarting data prefetching from start.
I0509 16:54:57.846366  8531 solver.cpp:351] Iteration 1424, Testing net (#0)
I0509 16:54:57.955695  8538 data_layer.cpp:73] Restarting data prefetching from start.
I0509 16:54:58.003604  8531 solver.cpp:418]     Test net output #0: accuracy = 0.949519
I0509 16:54:58.003635  8531 solver.cpp:418]     Test net output #1: loss = 0.167782 (* 1 = 0.167782 loss)
I0509 16:54:58.065809  8537 data_layer.cpp:73] Restarting data prefetching from start.
I0509 16:55:00.021111  8531 solver.cpp:239] Iteration 1500 (36.2601 iter/s, 13.7893s/500 iters), loss = 0.0189909
I0509 16:55:00.021152  8531 solver.cpp:258]     Train net output #0: loss = 0.018991 (* 1 = 0.018991 loss)
I0509 16:55:00.021158  8531 sgd_solver.cpp:112] Iteration 1500, lr = 0.01
I0509 16:55:00.337807  8531 solver.cpp:351] Iteration 1513, Testing net (#0)
I0509 16:55:00.445333  8538 data_layer.cpp:73] Restarting data prefetching from start.
I0509 16:55:00.493036  8531 solver.cpp:418]     Test net output #0: accuracy = 0.955529
I0509 16:55:00.493067  8531 solver.cpp:418]     Test net output #1: loss = 0.160165 (* 1 = 0.160165 loss)
I0509 16:55:00.578075  8537 data_layer.cpp:73] Restarting data prefetching from start.
I0509 16:55:02.803910  8531 solver.cpp:351] Iteration 1602, Testing net (#0)
I0509 16:55:02.913990  8538 data_layer.cpp:73] Restarting data prefetching from start.
I0509 16:55:02.960747  8531 solver.cpp:418]     Test net output #0: accuracy = 0.954327
I0509 16:55:02.960777  8531 solver.cpp:418]     Test net output #1: loss = 0.159462 (* 1 = 0.159462 loss)
I0509 16:55:03.049266  8537 data_layer.cpp:73] Restarting data prefetching from start.
I0509 16:55:05.271759  8531 solver.cpp:351] Iteration 1691, Testing net (#0)
I0509 16:55:05.382128  8538 data_layer.cpp:73] Restarting data prefetching from start.
I0509 16:55:05.427384  8531 solver.cpp:418]     Test net output #0: accuracy = 0.954327
I0509 16:55:05.427414  8531 solver.cpp:418]     Test net output #1: loss = 0.159547 (* 1 = 0.159547 loss)
I0509 16:55:05.538061  8537 data_layer.cpp:73] Restarting data prefetching from start.
I0509 16:55:07.742928  8531 solver.cpp:351] Iteration 1780, Testing net (#0)
I0509 16:55:07.853201  8538 data_layer.cpp:73] Restarting data prefetching from start.
I0509 16:55:07.903477  8531 solver.cpp:418]     Test net output #0: accuracy = 0.951923
I0509 16:55:07.903508  8531 solver.cpp:418]     Test net output #1: loss = 0.160823 (* 1 = 0.160823 loss)
I0509 16:55:08.015224  8537 data_layer.cpp:73] Restarting data prefetching from start.
I0509 16:55:10.214380  8531 solver.cpp:351] Iteration 1869, Testing net (#0)
I0509 16:55:10.324102  8538 data_layer.cpp:73] Restarting data prefetching from start.
I0509 16:55:10.366279  8531 solver.cpp:418]     Test net output #0: accuracy = 0.947115
I0509 16:55:10.366312  8531 solver.cpp:418]     Test net output #1: loss = 0.179242 (* 1 = 0.179242 loss)
I0509 16:55:10.484053  8537 data_layer.cpp:73] Restarting data prefetching from start.
I0509 16:55:12.682765  8531 solver.cpp:351] Iteration 1958, Testing net (#0)
I0509 16:55:12.790412  8538 data_layer.cpp:73] Restarting data prefetching from start.
I0509 16:55:12.837165  8531 solver.cpp:418]     Test net output #0: accuracy = 0.947115
I0509 16:55:12.837195  8531 solver.cpp:418]     Test net output #1: loss = 0.196229 (* 1 = 0.196229 loss)
I0509 16:55:12.974174  8537 data_layer.cpp:73] Restarting data prefetching from start.
I0509 16:55:13.928532  8531 solver.cpp:468] Snapshotting to binary proto file models/sp_lenet_int3/exp 2/lenet_fix_iter_2000.caffemodel
I0509 16:55:13.950659  8531 sgd_solver.cpp:280] Snapshotting solver state to binary proto file models/sp_lenet_int3/exp 2/lenet_fix_iter_2000.solverstate
I0509 16:55:13.987295  8531 solver.cpp:239] Iteration 2000 (35.8018 iter/s, 13.9658s/500 iters), loss = 0.0566739
I0509 16:55:13.987335  8531 solver.cpp:258]     Train net output #0: loss = 0.056674 (* 1 = 0.056674 loss)
I0509 16:55:13.987344  8531 sgd_solver.cpp:112] Iteration 2000, lr = 0.01
I0509 16:55:15.172884  8531 solver.cpp:351] Iteration 2047, Testing net (#0)
I0509 16:55:15.282111  8538 data_layer.cpp:73] Restarting data prefetching from start.
I0509 16:55:15.332849  8531 solver.cpp:418]     Test net output #0: accuracy = 0.948317
I0509 16:55:15.332877  8531 solver.cpp:418]     Test net output #1: loss = 0.179313 (* 1 = 0.179313 loss)
I0509 16:55:15.472708  8537 data_layer.cpp:73] Restarting data prefetching from start.
I0509 16:55:17.643721  8531 solver.cpp:351] Iteration 2136, Testing net (#0)
I0509 16:55:17.753053  8538 data_layer.cpp:73] Restarting data prefetching from start.
I0509 16:55:17.799978  8531 solver.cpp:418]     Test net output #0: accuracy = 0.953125
I0509 16:55:17.800009  8531 solver.cpp:418]     Test net output #1: loss = 0.171132 (* 1 = 0.171132 loss)
I0509 16:55:17.939831  8537 data_layer.cpp:73] Restarting data prefetching from start.
I0509 16:55:20.110455  8531 solver.cpp:351] Iteration 2225, Testing net (#0)
I0509 16:55:20.219866  8538 data_layer.cpp:73] Restarting data prefetching from start.
I0509 16:55:20.266649  8531 solver.cpp:418]     Test net output #0: accuracy = 0.953125
I0509 16:55:20.266680  8531 solver.cpp:418]     Test net output #1: loss = 0.176577 (* 1 = 0.176577 loss)
I0509 16:55:20.429412  8537 data_layer.cpp:73] Restarting data prefetching from start.
I0509 16:55:22.589401  8531 solver.cpp:351] Iteration 2314, Testing net (#0)
I0509 16:55:22.698356  8538 data_layer.cpp:73] Restarting data prefetching from start.
I0509 16:55:22.746516  8531 solver.cpp:418]     Test net output #0: accuracy = 0.957933
I0509 16:55:22.746544  8531 solver.cpp:418]     Test net output #1: loss = 0.173893 (* 1 = 0.173893 loss)
I0509 16:55:22.915889  8537 data_layer.cpp:73] Restarting data prefetching from start.
I0509 16:55:25.066248  8531 solver.cpp:351] Iteration 2403, Testing net (#0)
I0509 16:55:25.175822  8538 data_layer.cpp:73] Restarting data prefetching from start.
I0509 16:55:25.223536  8531 solver.cpp:418]     Test net output #0: accuracy = 0.963942
I0509 16:55:25.223567  8531 solver.cpp:418]     Test net output #1: loss = 0.167794 (* 1 = 0.167794 loss)
I0509 16:55:25.414804  8537 data_layer.cpp:73] Restarting data prefetching from start.
I0509 16:55:27.538501  8531 solver.cpp:351] Iteration 2492, Testing net (#0)
I0509 16:55:27.649094  8538 data_layer.cpp:73] Restarting data prefetching from start.
I0509 16:55:27.697226  8531 solver.cpp:418]     Test net output #0: accuracy = 0.96274
I0509 16:55:27.697257  8531 solver.cpp:418]     Test net output #1: loss = 0.149331 (* 1 = 0.149331 loss)
I0509 16:55:27.887506  8537 data_layer.cpp:73] Restarting data prefetching from start.
I0509 16:55:27.948735  8531 solver.cpp:239] Iteration 2500 (35.814 iter/s, 13.961s/500 iters), loss = 0.00376012
I0509 16:55:27.948781  8531 solver.cpp:258]     Train net output #0: loss = 0.0037602 (* 1 = 0.0037602 loss)
I0509 16:55:27.948791  8531 sgd_solver.cpp:112] Iteration 2500, lr = 0.01
I0509 16:55:30.022567  8531 solver.cpp:351] Iteration 2581, Testing net (#0)
I0509 16:55:30.133102  8538 data_layer.cpp:73] Restarting data prefetching from start.
I0509 16:55:30.175202  8531 solver.cpp:418]     Test net output #0: accuracy = 0.959135
I0509 16:55:30.175233  8531 solver.cpp:418]     Test net output #1: loss = 0.163759 (* 1 = 0.163759 loss)
I0509 16:55:30.370574  8537 data_layer.cpp:73] Restarting data prefetching from start.
I0509 16:55:32.491267  8531 solver.cpp:351] Iteration 2670, Testing net (#0)
I0509 16:55:32.599174  8538 data_layer.cpp:73] Restarting data prefetching from start.
I0509 16:55:32.646358  8531 solver.cpp:418]     Test net output #0: accuracy = 0.963942
I0509 16:55:32.646389  8531 solver.cpp:418]     Test net output #1: loss = 0.159864 (* 1 = 0.159864 loss)
I0509 16:55:32.860759  8537 data_layer.cpp:73] Restarting data prefetching from start.
I0509 16:55:34.956538  8531 solver.cpp:351] Iteration 2759, Testing net (#0)
I0509 16:55:35.067059  8538 data_layer.cpp:73] Restarting data prefetching from start.
I0509 16:55:35.111639  8531 solver.cpp:418]     Test net output #0: accuracy = 0.96274
I0509 16:55:35.111670  8531 solver.cpp:418]     Test net output #1: loss = 0.1681 (* 1 = 0.1681 loss)
I0509 16:55:35.330332  8537 data_layer.cpp:73] Restarting data prefetching from start.
I0509 16:55:37.427675  8531 solver.cpp:351] Iteration 2848, Testing net (#0)
I0509 16:55:37.545361  8538 data_layer.cpp:73] Restarting data prefetching from start.
I0509 16:55:37.587422  8531 solver.cpp:418]     Test net output #0: accuracy = 0.956731
I0509 16:55:37.587450  8531 solver.cpp:418]     Test net output #1: loss = 0.178836 (* 1 = 0.178836 loss)
I0509 16:55:37.808130  8537 data_layer.cpp:73] Restarting data prefetching from start.
I0509 16:55:39.905913  8531 solver.cpp:351] Iteration 2937, Testing net (#0)
I0509 16:55:40.013629  8538 data_layer.cpp:73] Restarting data prefetching from start.
I0509 16:55:40.061496  8531 solver.cpp:418]     Test net output #0: accuracy = 0.957933
I0509 16:55:40.061527  8531 solver.cpp:418]     Test net output #1: loss = 0.179597 (* 1 = 0.179597 loss)
I0509 16:55:40.305680  8537 data_layer.cpp:73] Restarting data prefetching from start.
I0509 16:55:41.702260  8531 solver.cpp:468] Snapshotting to binary proto file models/sp_lenet_int3/exp 2/lenet_fix_iter_3000.caffemodel
I0509 16:55:41.729354  8531 sgd_solver.cpp:280] Snapshotting solver state to binary proto file models/sp_lenet_int3/exp 2/lenet_fix_iter_3000.solverstate
I0509 16:55:41.762037  8531 solver.cpp:239] Iteration 3000 (36.1981 iter/s, 13.8129s/500 iters), loss = 0.0562176
I0509 16:55:41.762074  8531 solver.cpp:258]     Train net output #0: loss = 0.0562176 (* 1 = 0.0562176 loss)
I0509 16:55:41.762081  8531 sgd_solver.cpp:112] Iteration 3000, lr = 0.01
I0509 16:55:42.403014  8531 solver.cpp:351] Iteration 3026, Testing net (#0)
I0509 16:55:42.512625  8538 data_layer.cpp:73] Restarting data prefetching from start.
I0509 16:55:42.558439  8531 solver.cpp:418]     Test net output #0: accuracy = 0.961538
I0509 16:55:42.558470  8531 solver.cpp:418]     Test net output #1: loss = 0.151575 (* 1 = 0.151575 loss)
I0509 16:55:42.799123  8537 data_layer.cpp:73] Restarting data prefetching from start.
I0509 16:55:44.866829  8531 solver.cpp:351] Iteration 3115, Testing net (#0)
I0509 16:55:44.977046  8538 data_layer.cpp:73] Restarting data prefetching from start.
I0509 16:55:45.023962  8531 solver.cpp:418]     Test net output #0: accuracy = 0.963942
I0509 16:55:45.023993  8531 solver.cpp:418]     Test net output #1: loss = 0.165262 (* 1 = 0.165262 loss)
I0509 16:55:45.290469  8537 data_layer.cpp:73] Restarting data prefetching from start.
I0509 16:55:47.337011  8531 solver.cpp:351] Iteration 3204, Testing net (#0)
I0509 16:55:47.446517  8538 data_layer.cpp:73] Restarting data prefetching from start.
I0509 16:55:47.492522  8531 solver.cpp:418]     Test net output #0: accuracy = 0.967548
I0509 16:55:47.492550  8531 solver.cpp:418]     Test net output #1: loss = 0.154058 (* 1 = 0.154058 loss)
I0509 16:55:47.759091  8537 data_layer.cpp:73] Restarting data prefetching from start.
I0509 16:55:49.816020  8531 solver.cpp:351] Iteration 3293, Testing net (#0)
I0509 16:55:49.924393  8538 data_layer.cpp:73] Restarting data prefetching from start.
I0509 16:55:49.971421  8531 solver.cpp:418]     Test net output #0: accuracy = 0.966346
I0509 16:55:49.971457  8531 solver.cpp:418]     Test net output #1: loss = 0.160186 (* 1 = 0.160186 loss)
I0509 16:55:50.243199  8537 data_layer.cpp:73] Restarting data prefetching from start.
I0509 16:55:52.292203  8531 solver.cpp:351] Iteration 3382, Testing net (#0)
I0509 16:55:52.402513  8538 data_layer.cpp:73] Restarting data prefetching from start.
I0509 16:55:52.459223  8531 solver.cpp:418]     Test net output #0: accuracy = 0.965144
I0509 16:55:52.459259  8531 solver.cpp:418]     Test net output #1: loss = 0.161012 (* 1 = 0.161012 loss)
I0509 16:55:52.755705  8537 data_layer.cpp:73] Restarting data prefetching from start.
I0509 16:55:54.772811  8531 solver.cpp:351] Iteration 3471, Testing net (#0)
I0509 16:55:54.883111  8538 data_layer.cpp:73] Restarting data prefetching from start.
I0509 16:55:54.928979  8531 solver.cpp:418]     Test net output #0: accuracy = 0.969952
I0509 16:55:54.929010  8531 solver.cpp:418]     Test net output #1: loss = 0.163126 (* 1 = 0.163126 loss)
I0509 16:55:55.221433  8537 data_layer.cpp:73] Restarting data prefetching from start.
I0509 16:55:55.724957  8531 solver.cpp:239] Iteration 3500 (35.8102 iter/s, 13.9625s/500 iters), loss = 0.0052396
I0509 16:55:55.724997  8531 solver.cpp:258]     Train net output #0: loss = 0.00523967 (* 1 = 0.00523967 loss)
I0509 16:55:55.725005  8531 sgd_solver.cpp:112] Iteration 3500, lr = 0.01
I0509 16:55:57.250260  8531 solver.cpp:351] Iteration 3560, Testing net (#0)
I0509 16:55:57.359719  8538 data_layer.cpp:73] Restarting data prefetching from start.
I0509 16:55:57.407462  8531 solver.cpp:418]     Test net output #0: accuracy = 0.965144
I0509 16:55:57.407495  8531 solver.cpp:418]     Test net output #1: loss = 0.171958 (* 1 = 0.171958 loss)
I0509 16:55:57.702862  8537 data_layer.cpp:73] Restarting data prefetching from start.
I0509 16:55:59.719354  8531 solver.cpp:351] Iteration 3649, Testing net (#0)
I0509 16:55:59.827283  8538 data_layer.cpp:73] Restarting data prefetching from start.
I0509 16:55:59.871620  8531 solver.cpp:418]     Test net output #0: accuracy = 0.965144
I0509 16:55:59.871649  8531 solver.cpp:418]     Test net output #1: loss = 0.174272 (* 1 = 0.174272 loss)
I0509 16:56:00.204732  8537 data_layer.cpp:73] Restarting data prefetching from start.
I0509 16:56:02.199537  8531 solver.cpp:351] Iteration 3738, Testing net (#0)
I0509 16:56:02.307091  8538 data_layer.cpp:73] Restarting data prefetching from start.
I0509 16:56:02.349088  8531 solver.cpp:418]     Test net output #0: accuracy = 0.963942
I0509 16:56:02.349117  8531 solver.cpp:418]     Test net output #1: loss = 0.166728 (* 1 = 0.166728 loss)
I0509 16:56:02.673945  8537 data_layer.cpp:73] Restarting data prefetching from start.
I0509 16:56:04.664449  8531 solver.cpp:351] Iteration 3827, Testing net (#0)
I0509 16:56:04.774647  8538 data_layer.cpp:73] Restarting data prefetching from start.
I0509 16:56:04.822901  8531 solver.cpp:418]     Test net output #0: accuracy = 0.963942
I0509 16:56:04.822930  8531 solver.cpp:418]     Test net output #1: loss = 0.173734 (* 1 = 0.173734 loss)
I0509 16:56:05.169848  8537 data_layer.cpp:73] Restarting data prefetching from start.
I0509 16:56:07.137475  8531 solver.cpp:351] Iteration 3916, Testing net (#0)
I0509 16:56:07.247249  8538 data_layer.cpp:73] Restarting data prefetching from start.
I0509 16:56:07.295156  8531 solver.cpp:418]     Test net output #0: accuracy = 0.96274
I0509 16:56:07.295210  8531 solver.cpp:418]     Test net output #1: loss = 0.173473 (* 1 = 0.173473 loss)
I0509 16:56:07.646646  8537 data_layer.cpp:73] Restarting data prefetching from start.
I0509 16:56:09.482856  8531 solver.cpp:468] Snapshotting to binary proto file models/sp_lenet_int3/exp 2/lenet_fix_iter_4000.caffemodel
I0509 16:56:09.504925  8531 sgd_solver.cpp:280] Snapshotting solver state to binary proto file models/sp_lenet_int3/exp 2/lenet_fix_iter_4000.solverstate
I0509 16:56:09.541859  8531 solver.cpp:239] Iteration 4000 (36.1886 iter/s, 13.8165s/500 iters), loss = 0.00216115
I0509 16:56:09.541914  8531 solver.cpp:258]     Train net output #0: loss = 0.00216122 (* 1 = 0.00216122 loss)
I0509 16:56:09.541925  8531 sgd_solver.cpp:112] Iteration 4000, lr = 0.01
I0509 16:56:09.638645  8531 solver.cpp:351] Iteration 4005, Testing net (#0)
I0509 16:56:09.746433  8538 data_layer.cpp:73] Restarting data prefetching from start.
I0509 16:56:09.788645  8531 solver.cpp:418]     Test net output #0: accuracy = 0.966346
I0509 16:56:09.788676  8531 solver.cpp:418]     Test net output #1: loss = 0.168833 (* 1 = 0.168833 loss)
I0509 16:56:10.139963  8537 data_layer.cpp:73] Restarting data prefetching from start.
I0509 16:56:12.108038  8531 solver.cpp:351] Iteration 4094, Testing net (#0)
I0509 16:56:12.216203  8538 data_layer.cpp:73] Restarting data prefetching from start.
I0509 16:56:12.260545  8531 solver.cpp:418]     Test net output #0: accuracy = 0.963942
I0509 16:56:12.260573  8531 solver.cpp:418]     Test net output #1: loss = 0.16803 (* 1 = 0.16803 loss)
I0509 16:56:12.636226  8537 data_layer.cpp:73] Restarting data prefetching from start.
I0509 16:56:14.576668  8531 solver.cpp:351] Iteration 4183, Testing net (#0)
I0509 16:56:14.686098  8538 data_layer.cpp:73] Restarting data prefetching from start.
I0509 16:56:14.733193  8531 solver.cpp:418]     Test net output #0: accuracy = 0.965144
I0509 16:56:14.733220  8531 solver.cpp:418]     Test net output #1: loss = 0.161521 (* 1 = 0.161521 loss)
I0509 16:56:15.107569  8537 data_layer.cpp:73] Restarting data prefetching from start.
I0509 16:56:17.048420  8531 solver.cpp:351] Iteration 4272, Testing net (#0)
I0509 16:56:17.156929  8538 data_layer.cpp:73] Restarting data prefetching from start.
I0509 16:56:17.204439  8531 solver.cpp:418]     Test net output #0: accuracy = 0.963942
I0509 16:56:17.204470  8531 solver.cpp:418]     Test net output #1: loss = 0.169918 (* 1 = 0.169918 loss)
I0509 16:56:17.576571  8537 data_layer.cpp:73] Restarting data prefetching from start.
I0509 16:56:19.518573  8531 solver.cpp:351] Iteration 4361, Testing net (#0)
I0509 16:56:19.626737  8538 data_layer.cpp:73] Restarting data prefetching from start.
I0509 16:56:19.670047  8531 solver.cpp:418]     Test net output #0: accuracy = 0.963942
I0509 16:56:19.670073  8531 solver.cpp:418]     Test net output #1: loss = 0.16881 (* 1 = 0.16881 loss)
I0509 16:56:20.069644  8537 data_layer.cpp:73] Restarting data prefetching from start.
I0509 16:56:21.989164  8531 solver.cpp:351] Iteration 4450, Testing net (#0)
I0509 16:56:22.099984  8538 data_layer.cpp:73] Restarting data prefetching from start.
I0509 16:56:22.148797  8531 solver.cpp:418]     Test net output #0: accuracy = 0.963942
I0509 16:56:22.148828  8531 solver.cpp:418]     Test net output #1: loss = 0.162122 (* 1 = 0.162122 loss)
I0509 16:56:22.563148  8537 data_layer.cpp:73] Restarting data prefetching from start.
I0509 16:56:23.514025  8531 solver.cpp:239] Iteration 4500 (35.7865 iter/s, 13.9718s/500 iters), loss = 0.00260076
I0509 16:56:23.514065  8531 solver.cpp:258]     Train net output #0: loss = 0.00260082 (* 1 = 0.00260082 loss)
I0509 16:56:23.514072  8531 sgd_solver.cpp:112] Iteration 4500, lr = 0.01
I0509 16:56:24.498378  8531 solver.cpp:351] Iteration 4539, Testing net (#0)
I0509 16:56:24.606930  8538 data_layer.cpp:73] Restarting data prefetching from start.
I0509 16:56:24.654425  8531 solver.cpp:418]     Test net output #0: accuracy = 0.963942
I0509 16:56:24.654453  8531 solver.cpp:418]     Test net output #1: loss = 0.163281 (* 1 = 0.163281 loss)
I0509 16:56:25.079021  8537 data_layer.cpp:73] Restarting data prefetching from start.
I0509 16:56:26.974951  8531 solver.cpp:351] Iteration 4628, Testing net (#0)
I0509 16:56:27.083475  8538 data_layer.cpp:73] Restarting data prefetching from start.
I0509 16:56:27.130583  8531 solver.cpp:418]     Test net output #0: accuracy = 0.963942
I0509 16:56:27.130609  8531 solver.cpp:418]     Test net output #1: loss = 0.165258 (* 1 = 0.165258 loss)
I0509 16:56:27.552793  8537 data_layer.cpp:73] Restarting data prefetching from start.
I0509 16:56:29.440181  8531 solver.cpp:351] Iteration 4717, Testing net (#0)
I0509 16:56:29.550812  8538 data_layer.cpp:73] Restarting data prefetching from start.
I0509 16:56:29.600208  8531 solver.cpp:418]     Test net output #0: accuracy = 0.963942
I0509 16:56:29.600239  8531 solver.cpp:418]     Test net output #1: loss = 0.166521 (* 1 = 0.166521 loss)
I0509 16:56:30.023177  8537 data_layer.cpp:73] Restarting data prefetching from start.
I0509 16:56:31.909981  8531 solver.cpp:351] Iteration 4806, Testing net (#0)
I0509 16:56:32.017895  8538 data_layer.cpp:73] Restarting data prefetching from start.
I0509 16:56:32.060750  8531 solver.cpp:418]     Test net output #0: accuracy = 0.96274
I0509 16:56:32.060784  8531 solver.cpp:418]     Test net output #1: loss = 0.172854 (* 1 = 0.172854 loss)
I0509 16:56:32.514587  8537 data_layer.cpp:73] Restarting data prefetching from start.
I0509 16:56:34.376237  8531 solver.cpp:351] Iteration 4895, Testing net (#0)
I0509 16:56:34.486647  8538 data_layer.cpp:73] Restarting data prefetching from start.
I0509 16:56:34.535908  8531 solver.cpp:418]     Test net output #0: accuracy = 0.963942
I0509 16:56:34.535955  8531 solver.cpp:418]     Test net output #1: loss = 0.160351 (* 1 = 0.160351 loss)
I0509 16:56:34.984853  8537 data_layer.cpp:73] Restarting data prefetching from start.
I0509 16:56:37.065702  8531 solver.cpp:351] Iteration 4984, Testing net (#0)
I0509 16:56:37.181936  8538 data_layer.cpp:73] Restarting data prefetching from start.
I0509 16:56:37.232506  8531 solver.cpp:418]     Test net output #0: accuracy = 0.963942
I0509 16:56:37.232537  8531 solver.cpp:418]     Test net output #1: loss = 0.167606 (* 1 = 0.167606 loss)
I0509 16:56:37.688657  8531 solver.cpp:468] Snapshotting to binary proto file models/sp_lenet_int3/exp 2/lenet_fix_iter_5000.caffemodel
I0509 16:56:37.710870  8531 sgd_solver.cpp:280] Snapshotting solver state to binary proto file models/sp_lenet_int3/exp 2/lenet_fix_iter_5000.solverstate
I0509 16:56:37.750871  8531 solver.cpp:239] Iteration 5000 (35.1212 iter/s, 14.2364s/500 iters), loss = 0.00114148
I0509 16:56:37.750922  8531 solver.cpp:258]     Train net output #0: loss = 0.00114155 (* 1 = 0.00114155 loss)
I0509 16:56:37.750931  8531 sgd_solver.cpp:112] Iteration 5000, lr = 0.01
I0509 16:56:37.753273  8537 data_layer.cpp:73] Restarting data prefetching from start.
I0509 16:56:39.864955  8531 solver.cpp:351] Iteration 5073, Testing net (#0)
I0509 16:56:39.975091  8538 data_layer.cpp:73] Restarting data prefetching from start.
I0509 16:56:40.022092  8531 solver.cpp:418]     Test net output #0: accuracy = 0.965144
I0509 16:56:40.022150  8531 solver.cpp:418]     Test net output #1: loss = 0.159272 (* 1 = 0.159272 loss)
I0509 16:56:40.510113  8537 data_layer.cpp:73] Restarting data prefetching from start.
I0509 16:56:42.358182  8531 solver.cpp:351] Iteration 5162, Testing net (#0)
I0509 16:56:42.469758  8538 data_layer.cpp:73] Restarting data prefetching from start.
I0509 16:56:42.513911  8531 solver.cpp:418]     Test net output #0: accuracy = 0.963942
I0509 16:56:42.513942  8531 solver.cpp:418]     Test net output #1: loss = 0.163287 (* 1 = 0.163287 loss)
I0509 16:56:42.998035  8537 data_layer.cpp:73] Restarting data prefetching from start.
I0509 16:56:44.856529  8531 solver.cpp:351] Iteration 5251, Testing net (#0)
I0509 16:56:44.969909  8538 data_layer.cpp:73] Restarting data prefetching from start.
I0509 16:56:45.014722  8531 solver.cpp:418]     Test net output #0: accuracy = 0.963942
I0509 16:56:45.014753  8531 solver.cpp:418]     Test net output #1: loss = 0.158384 (* 1 = 0.158384 loss)
I0509 16:56:45.524996  8537 data_layer.cpp:73] Restarting data prefetching from start.
I0509 16:56:47.354400  8531 solver.cpp:351] Iteration 5340, Testing net (#0)
I0509 16:56:47.464488  8538 data_layer.cpp:73] Restarting data prefetching from start.
I0509 16:56:47.509266  8531 solver.cpp:418]     Test net output #0: accuracy = 0.963942
I0509 16:56:47.509297  8531 solver.cpp:418]     Test net output #1: loss = 0.162882 (* 1 = 0.162882 loss)
I0509 16:56:48.021368  8537 data_layer.cpp:73] Restarting data prefetching from start.
I0509 16:56:49.852932  8531 solver.cpp:351] Iteration 5429, Testing net (#0)
I0509 16:56:49.962651  8538 data_layer.cpp:73] Restarting data prefetching from start.
I0509 16:56:50.011271  8531 solver.cpp:418]     Test net output #0: accuracy = 0.963942
I0509 16:56:50.011298  8531 solver.cpp:418]     Test net output #1: loss = 0.158966 (* 1 = 0.158966 loss)
I0509 16:56:50.515751  8537 data_layer.cpp:73] Restarting data prefetching from start.
I0509 16:56:51.910439  8531 solver.cpp:239] Iteration 5500 (35.3129 iter/s, 14.1591s/500 iters), loss = 0.00157936
I0509 16:56:51.910470  8531 solver.cpp:258]     Train net output #0: loss = 0.00157943 (* 1 = 0.00157943 loss)
I0509 16:56:51.910475  8531 sgd_solver.cpp:112] Iteration 5500, lr = 0.01
I0509 16:56:52.350522  8531 solver.cpp:351] Iteration 5518, Testing net (#0)
I0509 16:56:52.461275  8538 data_layer.cpp:73] Restarting data prefetching from start.
I0509 16:56:52.515483  8531 solver.cpp:418]     Test net output #0: accuracy = 0.963942
I0509 16:56:52.515512  8531 solver.cpp:418]     Test net output #1: loss = 0.163878 (* 1 = 0.163878 loss)
I0509 16:56:53.048789  8537 data_layer.cpp:73] Restarting data prefetching from start.
I0509 16:56:54.843391  8531 solver.cpp:351] Iteration 5607, Testing net (#0)
I0509 16:56:54.955389  8538 data_layer.cpp:73] Restarting data prefetching from start.
I0509 16:56:55.002411  8531 solver.cpp:418]     Test net output #0: accuracy = 0.96274
I0509 16:56:55.002439  8531 solver.cpp:418]     Test net output #1: loss = 0.161052 (* 1 = 0.161052 loss)
I0509 16:56:55.539662  8537 data_layer.cpp:73] Restarting data prefetching from start.
I0509 16:56:57.337069  8531 solver.cpp:351] Iteration 5696, Testing net (#0)
I0509 16:56:57.448520  8538 data_layer.cpp:73] Restarting data prefetching from start.
I0509 16:56:57.495190  8531 solver.cpp:418]     Test net output #0: accuracy = 0.96274
I0509 16:56:57.495214  8531 solver.cpp:418]     Test net output #1: loss = 0.1621 (* 1 = 0.1621 loss)
I0509 16:56:58.033560  8537 data_layer.cpp:73] Restarting data prefetching from start.
I0509 16:56:59.828914  8531 solver.cpp:351] Iteration 5785, Testing net (#0)
I0509 16:56:59.940587  8538 data_layer.cpp:73] Restarting data prefetching from start.
I0509 16:56:59.984697  8531 solver.cpp:418]     Test net output #0: accuracy = 0.96274
I0509 16:56:59.984721  8531 solver.cpp:418]     Test net output #1: loss = 0.162285 (* 1 = 0.162285 loss)
I0509 16:57:00.553377  8537 data_layer.cpp:73] Restarting data prefetching from start.
I0509 16:57:02.315794  8531 solver.cpp:351] Iteration 5874, Testing net (#0)
I0509 16:57:02.426862  8538 data_layer.cpp:73] Restarting data prefetching from start.
I0509 16:57:02.477566  8531 solver.cpp:418]     Test net output #0: accuracy = 0.96274
I0509 16:57:02.477591  8531 solver.cpp:418]     Test net output #1: loss = 0.160995 (* 1 = 0.160995 loss)
I0509 16:57:03.034544  8537 data_layer.cpp:73] Restarting data prefetching from start.
I0509 16:57:04.805212  8531 solver.cpp:351] Iteration 5963, Testing net (#0)
I0509 16:57:04.914702  8538 data_layer.cpp:73] Restarting data prefetching from start.
I0509 16:57:04.961285  8531 solver.cpp:418]     Test net output #0: accuracy = 0.96274
I0509 16:57:04.961314  8531 solver.cpp:418]     Test net output #1: loss = 0.160319 (* 1 = 0.160319 loss)
I0509 16:57:05.545743  8537 data_layer.cpp:73] Restarting data prefetching from start.
I0509 16:57:05.929200  8531 solver.cpp:468] Snapshotting to binary proto file models/sp_lenet_int3/exp 2/lenet_fix_iter_6000.caffemodel
I0509 16:57:05.951067  8531 sgd_solver.cpp:280] Snapshotting solver state to binary proto file models/sp_lenet_int3/exp 2/lenet_fix_iter_6000.solverstate
I0509 16:57:05.982633  8531 solver.cpp:239] Iteration 6000 (35.532 iter/s, 14.0718s/500 iters), loss = 0.00174898
I0509 16:57:05.982676  8531 solver.cpp:258]     Train net output #0: loss = 0.00174905 (* 1 = 0.00174905 loss)
I0509 16:57:05.982684  8531 sgd_solver.cpp:112] Iteration 6000, lr = 0.01
I0509 16:57:07.316622  8531 solver.cpp:351] Iteration 6052, Testing net (#0)
I0509 16:57:07.427450  8538 data_layer.cpp:73] Restarting data prefetching from start.
I0509 16:57:07.476097  8531 solver.cpp:418]     Test net output #0: accuracy = 0.96274
I0509 16:57:07.476128  8531 solver.cpp:418]     Test net output #1: loss = 0.159832 (* 1 = 0.159832 loss)
I0509 16:57:08.067013  8537 data_layer.cpp:73] Restarting data prefetching from start.
I0509 16:57:09.810354  8531 solver.cpp:351] Iteration 6141, Testing net (#0)
I0509 16:57:09.921764  8538 data_layer.cpp:73] Restarting data prefetching from start.
I0509 16:57:09.970263  8531 solver.cpp:418]     Test net output #0: accuracy = 0.96274
I0509 16:57:09.970289  8531 solver.cpp:418]     Test net output #1: loss = 0.159355 (* 1 = 0.159355 loss)
I0509 16:57:10.553524  8537 data_layer.cpp:73] Restarting data prefetching from start.
I0509 16:57:12.295892  8531 solver.cpp:351] Iteration 6230, Testing net (#0)
I0509 16:57:12.407148  8538 data_layer.cpp:73] Restarting data prefetching from start.
I0509 16:57:12.455564  8531 solver.cpp:418]     Test net output #0: accuracy = 0.96274
I0509 16:57:12.455588  8531 solver.cpp:418]     Test net output #1: loss = 0.157614 (* 1 = 0.157614 loss)
I0509 16:57:13.066215  8537 data_layer.cpp:73] Restarting data prefetching from start.
I0509 16:57:14.782771  8531 solver.cpp:351] Iteration 6319, Testing net (#0)
I0509 16:57:14.893645  8538 data_layer.cpp:73] Restarting data prefetching from start.
I0509 16:57:14.937783  8531 solver.cpp:418]     Test net output #0: accuracy = 0.96274
I0509 16:57:14.937808  8531 solver.cpp:418]     Test net output #1: loss = 0.157628 (* 1 = 0.157628 loss)
I0509 16:57:15.552750  8537 data_layer.cpp:73] Restarting data prefetching from start.
I0509 16:57:17.272660  8531 solver.cpp:351] Iteration 6408, Testing net (#0)
I0509 16:57:17.381953  8538 data_layer.cpp:73] Restarting data prefetching from start.
I0509 16:57:17.428993  8531 solver.cpp:418]     Test net output #0: accuracy = 0.96274
I0509 16:57:17.429020  8531 solver.cpp:418]     Test net output #1: loss = 0.157021 (* 1 = 0.157021 loss)
I0509 16:57:18.042240  8537 data_layer.cpp:73] Restarting data prefetching from start.
I0509 16:57:19.760807  8531 solver.cpp:351] Iteration 6497, Testing net (#0)
I0509 16:57:19.870939  8538 data_layer.cpp:73] Restarting data prefetching from start.
I0509 16:57:19.919163  8531 solver.cpp:418]     Test net output #0: accuracy = 0.96274
I0509 16:57:19.919188  8531 solver.cpp:418]     Test net output #1: loss = 0.157304 (* 1 = 0.157304 loss)
I0509 16:57:20.029649  8531 solver.cpp:239] Iteration 6500 (35.5957 iter/s, 14.0466s/500 iters), loss = 0.00523744
I0509 16:57:20.029681  8531 solver.cpp:258]     Train net output #0: loss = 0.00523751 (* 1 = 0.00523751 loss)
I0509 16:57:20.029686  8531 sgd_solver.cpp:112] Iteration 6500, lr = 0.01
I0509 16:57:20.571333  8537 data_layer.cpp:73] Restarting data prefetching from start.
I0509 16:57:22.264791  8531 solver.cpp:351] Iteration 6586, Testing net (#0)
I0509 16:57:22.374406  8538 data_layer.cpp:73] Restarting data prefetching from start.
I0509 16:57:22.421239  8531 solver.cpp:418]     Test net output #0: accuracy = 0.961538
I0509 16:57:22.421265  8531 solver.cpp:418]     Test net output #1: loss = 0.161207 (* 1 = 0.161207 loss)
I0509 16:57:23.071791  8537 data_layer.cpp:73] Restarting data prefetching from start.
I0509 16:57:24.774433  8531 solver.cpp:351] Iteration 6675, Testing net (#0)
I0509 16:57:24.884941  8538 data_layer.cpp:73] Restarting data prefetching from start.
I0509 16:57:24.929384  8531 solver.cpp:418]     Test net output #0: accuracy = 0.961538
I0509 16:57:24.929411  8531 solver.cpp:418]     Test net output #1: loss = 0.161207 (* 1 = 0.161207 loss)
I0509 16:57:25.597200  8537 data_layer.cpp:73] Restarting data prefetching from start.
I0509 16:57:27.251018  8531 solver.cpp:351] Iteration 6764, Testing net (#0)
I0509 16:57:27.363093  8538 data_layer.cpp:73] Restarting data prefetching from start.
I0509 16:57:27.408016  8531 solver.cpp:418]     Test net output #0: accuracy = 0.961538
I0509 16:57:27.408041  8531 solver.cpp:418]     Test net output #1: loss = 0.159234 (* 1 = 0.159234 loss)
I0509 16:57:28.074594  8537 data_layer.cpp:73] Restarting data prefetching from start.
I0509 16:57:29.742375  8531 solver.cpp:351] Iteration 6853, Testing net (#0)
I0509 16:57:29.851513  8538 data_layer.cpp:73] Restarting data prefetching from start.
I0509 16:57:29.899363  8531 solver.cpp:418]     Test net output #0: accuracy = 0.961538
I0509 16:57:29.899389  8531 solver.cpp:418]     Test net output #1: loss = 0.157955 (* 1 = 0.157955 loss)
I0509 16:57:30.562510  8537 data_layer.cpp:73] Restarting data prefetching from start.
I0509 16:57:32.228917  8531 solver.cpp:351] Iteration 6942, Testing net (#0)
I0509 16:57:32.339892  8538 data_layer.cpp:73] Restarting data prefetching from start.
I0509 16:57:32.385130  8531 solver.cpp:418]     Test net output #0: accuracy = 0.961538
I0509 16:57:32.385157  8531 solver.cpp:418]     Test net output #1: loss = 0.157639 (* 1 = 0.157639 loss)
I0509 16:57:33.075827  8537 data_layer.cpp:73] Restarting data prefetching from start.
I0509 16:57:33.907157  8531 solver.cpp:468] Snapshotting to binary proto file models/sp_lenet_int3/exp 2/lenet_fix_iter_7000.caffemodel
I0509 16:57:33.929054  8531 sgd_solver.cpp:280] Snapshotting solver state to binary proto file models/sp_lenet_int3/exp 2/lenet_fix_iter_7000.solverstate
I0509 16:57:33.966317  8531 solver.cpp:239] Iteration 7000 (35.8776 iter/s, 13.9363s/500 iters), loss = 0.00202644
I0509 16:57:33.966356  8531 solver.cpp:258]     Train net output #0: loss = 0.00202652 (* 1 = 0.00202652 loss)
I0509 16:57:33.966363  8531 sgd_solver.cpp:112] Iteration 7000, lr = 0.01
I0509 16:57:34.742853  8531 solver.cpp:351] Iteration 7031, Testing net (#0)
I0509 16:57:34.851920  8538 data_layer.cpp:73] Restarting data prefetching from start.
I0509 16:57:34.896416  8531 solver.cpp:418]     Test net output #0: accuracy = 0.961538
I0509 16:57:34.896442  8531 solver.cpp:418]     Test net output #1: loss = 0.157389 (* 1 = 0.157389 loss)
I0509 16:57:35.586611  8537 data_layer.cpp:73] Restarting data prefetching from start.
I0509 16:57:37.232290  8531 solver.cpp:351] Iteration 7120, Testing net (#0)
I0509 16:57:37.341444  8538 data_layer.cpp:73] Restarting data prefetching from start.
I0509 16:57:37.388489  8531 solver.cpp:418]     Test net output #0: accuracy = 0.961538
I0509 16:57:37.388517  8531 solver.cpp:418]     Test net output #1: loss = 0.157109 (* 1 = 0.157109 loss)
I0509 16:57:38.093492  8537 data_layer.cpp:73] Restarting data prefetching from start.
I0509 16:57:39.733413  8531 solver.cpp:351] Iteration 7209, Testing net (#0)
I0509 16:57:39.842433  8538 data_layer.cpp:73] Restarting data prefetching from start.
I0509 16:57:39.889523  8531 solver.cpp:418]     Test net output #0: accuracy = 0.96274
I0509 16:57:39.889550  8531 solver.cpp:418]     Test net output #1: loss = 0.155791 (* 1 = 0.155791 loss)
I0509 16:57:40.612735  8537 data_layer.cpp:73] Restarting data prefetching from start.
I0509 16:57:42.230386  8531 solver.cpp:351] Iteration 7298, Testing net (#0)
I0509 16:57:42.346727  8538 data_layer.cpp:73] Restarting data prefetching from start.
I0509 16:57:42.397610  8531 solver.cpp:418]     Test net output #0: accuracy = 0.96274
I0509 16:57:42.397636  8531 solver.cpp:418]     Test net output #1: loss = 0.155559 (* 1 = 0.155559 loss)
I0509 16:57:43.111652  8537 data_layer.cpp:73] Restarting data prefetching from start.
I0509 16:57:44.721297  8531 solver.cpp:351] Iteration 7387, Testing net (#0)
I0509 16:57:44.834938  8538 data_layer.cpp:73] Restarting data prefetching from start.
I0509 16:57:44.881096  8531 solver.cpp:418]     Test net output #0: accuracy = 0.96274
I0509 16:57:44.881122  8531 solver.cpp:418]     Test net output #1: loss = 0.155524 (* 1 = 0.155524 loss)
I0509 16:57:45.627437  8537 data_layer.cpp:73] Restarting data prefetching from start.
I0509 16:57:47.222069  8531 solver.cpp:351] Iteration 7476, Testing net (#0)
I0509 16:57:47.331194  8538 data_layer.cpp:73] Restarting data prefetching from start.
I0509 16:57:47.374109  8531 solver.cpp:418]     Test net output #0: accuracy = 0.96274
I0509 16:57:47.374136  8531 solver.cpp:418]     Test net output #1: loss = 0.15485 (* 1 = 0.15485 loss)
I0509 16:57:48.042024  8531 solver.cpp:239] Iteration 7500 (35.5232 iter/s, 14.0753s/500 iters), loss = 0.00119892
I0509 16:57:48.042057  8531 solver.cpp:258]     Train net output #0: loss = 0.00119899 (* 1 = 0.00119899 loss)
I0509 16:57:48.042062  8531 sgd_solver.cpp:112] Iteration 7500, lr = 0.01
I0509 16:57:48.132064  8537 data_layer.cpp:73] Restarting data prefetching from start.
I0509 16:57:49.715299  8531 solver.cpp:351] Iteration 7565, Testing net (#0)
I0509 16:57:49.825754  8538 data_layer.cpp:73] Restarting data prefetching from start.
I0509 16:57:49.873491  8531 solver.cpp:418]     Test net output #0: accuracy = 0.96274
I0509 16:57:49.873515  8531 solver.cpp:418]     Test net output #1: loss = 0.154226 (* 1 = 0.154226 loss)
I0509 16:57:50.614111  8537 data_layer.cpp:73] Restarting data prefetching from start.
I0509 16:57:52.205564  8531 solver.cpp:351] Iteration 7654, Testing net (#0)
I0509 16:57:52.314913  8538 data_layer.cpp:73] Restarting data prefetching from start.
I0509 16:57:52.362434  8531 solver.cpp:418]     Test net output #0: accuracy = 0.96274
I0509 16:57:52.362459  8531 solver.cpp:418]     Test net output #1: loss = 0.154076 (* 1 = 0.154076 loss)
I0509 16:57:53.136970  8537 data_layer.cpp:73] Restarting data prefetching from start.
I0509 16:57:54.706964  8531 solver.cpp:351] Iteration 7743, Testing net (#0)
I0509 16:57:54.815762  8538 data_layer.cpp:73] Restarting data prefetching from start.
I0509 16:57:54.860579  8531 solver.cpp:418]     Test net output #0: accuracy = 0.96274
I0509 16:57:54.860605  8531 solver.cpp:418]     Test net output #1: loss = 0.153626 (* 1 = 0.153626 loss)
I0509 16:57:55.629761  8537 data_layer.cpp:73] Restarting data prefetching from start.
I0509 16:57:57.192589  8531 solver.cpp:351] Iteration 7832, Testing net (#0)
I0509 16:57:57.301203  8538 data_layer.cpp:73] Restarting data prefetching from start.
I0509 16:57:57.345685  8531 solver.cpp:418]     Test net output #0: accuracy = 0.96274
I0509 16:57:57.345712  8531 solver.cpp:418]     Test net output #1: loss = 0.153569 (* 1 = 0.153569 loss)
I0509 16:57:58.116564  8537 data_layer.cpp:73] Restarting data prefetching from start.
I0509 16:57:59.676038  8531 solver.cpp:351] Iteration 7921, Testing net (#0)
I0509 16:57:59.786212  8538 data_layer.cpp:73] Restarting data prefetching from start.
I0509 16:57:59.836550  8531 solver.cpp:418]     Test net output #0: accuracy = 0.96274
I0509 16:57:59.836573  8531 solver.cpp:418]     Test net output #1: loss = 0.153507 (* 1 = 0.153507 loss)
I0509 16:58:00.648202  8537 data_layer.cpp:73] Restarting data prefetching from start.
I0509 16:58:01.919730  8531 solver.cpp:468] Snapshotting to binary proto file models/sp_lenet_int3/exp 2/lenet_fix_iter_8000.caffemodel
I0509 16:58:01.945889  8531 sgd_solver.cpp:280] Snapshotting solver state to binary proto file models/sp_lenet_int3/exp 2/lenet_fix_iter_8000.solverstate
I0509 16:58:01.979053  8531 solver.cpp:239] Iteration 8000 (35.8766 iter/s, 13.9367s/500 iters), loss = 0.00148312
I0509 16:58:01.979085  8531 solver.cpp:258]     Train net output #0: loss = 0.0014832 (* 1 = 0.0014832 loss)
I0509 16:58:01.979090  8531 sgd_solver.cpp:112] Iteration 8000, lr = 0.01
I0509 16:58:02.206033  8531 solver.cpp:351] Iteration 8010, Testing net (#0)
I0509 16:58:02.315804  8538 data_layer.cpp:73] Restarting data prefetching from start.
I0509 16:58:02.362366  8531 solver.cpp:418]     Test net output #0: accuracy = 0.96274
I0509 16:58:02.362392  8531 solver.cpp:418]     Test net output #1: loss = 0.153082 (* 1 = 0.153082 loss)
I0509 16:58:03.156558  8537 data_layer.cpp:73] Restarting data prefetching from start.
I0509 16:58:04.687248  8531 solver.cpp:351] Iteration 8099, Testing net (#0)
I0509 16:58:04.797468  8538 data_layer.cpp:73] Restarting data prefetching from start.
I0509 16:58:04.841851  8531 solver.cpp:418]     Test net output #0: accuracy = 0.96274
I0509 16:58:04.841877  8531 solver.cpp:418]     Test net output #1: loss = 0.153279 (* 1 = 0.153279 loss)
I0509 16:58:05.669575  8537 data_layer.cpp:73] Restarting data prefetching from start.
I0509 16:58:07.174168  8531 solver.cpp:351] Iteration 8188, Testing net (#0)
I0509 16:58:07.289021  8538 data_layer.cpp:73] Restarting data prefetching from start.
I0509 16:58:07.340163  8531 solver.cpp:418]     Test net output #0: accuracy = 0.96274
I0509 16:58:07.340188  8531 solver.cpp:418]     Test net output #1: loss = 0.152632 (* 1 = 0.152632 loss)
I0509 16:58:08.164750  8537 data_layer.cpp:73] Restarting data prefetching from start.
I0509 16:58:09.671407  8531 solver.cpp:351] Iteration 8277, Testing net (#0)
I0509 16:58:09.777823  8538 data_layer.cpp:73] Restarting data prefetching from start.
I0509 16:58:09.825031  8531 solver.cpp:418]     Test net output #0: accuracy = 0.96274
I0509 16:58:09.825055  8531 solver.cpp:418]     Test net output #1: loss = 0.152591 (* 1 = 0.152591 loss)
I0509 16:58:10.640570  8537 data_layer.cpp:73] Restarting data prefetching from start.
I0509 16:58:12.144831  8531 solver.cpp:351] Iteration 8366, Testing net (#0)
I0509 16:58:12.256752  8538 data_layer.cpp:73] Restarting data prefetching from start.
I0509 16:58:12.301285  8531 solver.cpp:418]     Test net output #0: accuracy = 0.96274
I0509 16:58:12.301311  8531 solver.cpp:418]     Test net output #1: loss = 0.152318 (* 1 = 0.152318 loss)
I0509 16:58:13.149346  8537 data_layer.cpp:73] Restarting data prefetching from start.
I0509 16:58:14.648079  8531 solver.cpp:351] Iteration 8455, Testing net (#0)
I0509 16:58:14.757617  8538 data_layer.cpp:73] Restarting data prefetching from start.
I0509 16:58:14.801816  8531 solver.cpp:418]     Test net output #0: accuracy = 0.96274
I0509 16:58:14.801842  8531 solver.cpp:418]     Test net output #1: loss = 0.152113 (* 1 = 0.152113 loss)
I0509 16:58:15.651859  8537 data_layer.cpp:73] Restarting data prefetching from start.
I0509 16:58:16.026227  8531 solver.cpp:239] Iteration 8500 (35.5953 iter/s, 14.0468s/500 iters), loss = 0.00132656
I0509 16:58:16.026258  8531 solver.cpp:258]     Train net output #0: loss = 0.00132663 (* 1 = 0.00132663 loss)
I0509 16:58:16.026265  8531 sgd_solver.cpp:112] Iteration 8500, lr = 0.01
I0509 16:58:17.144208  8531 solver.cpp:351] Iteration 8544, Testing net (#0)
I0509 16:58:17.258049  8538 data_layer.cpp:73] Restarting data prefetching from start.
I0509 16:58:17.303176  8531 solver.cpp:418]     Test net output #0: accuracy = 0.96274
I0509 16:58:17.303200  8531 solver.cpp:418]     Test net output #1: loss = 0.15166 (* 1 = 0.15166 loss)
I0509 16:58:18.150625  8537 data_layer.cpp:73] Restarting data prefetching from start.
I0509 16:58:19.628579  8531 solver.cpp:351] Iteration 8633, Testing net (#0)
I0509 16:58:19.740559  8538 data_layer.cpp:73] Restarting data prefetching from start.
I0509 16:58:19.787189  8531 solver.cpp:418]     Test net output #0: accuracy = 0.96274
I0509 16:58:19.787214  8531 solver.cpp:418]     Test net output #1: loss = 0.151561 (* 1 = 0.151561 loss)
I0509 16:58:20.668020  8537 data_layer.cpp:73] Restarting data prefetching from start.
I0509 16:58:22.124234  8531 solver.cpp:351] Iteration 8722, Testing net (#0)
I0509 16:58:22.233517  8538 data_layer.cpp:73] Restarting data prefetching from start.
I0509 16:58:22.280622  8531 solver.cpp:418]     Test net output #0: accuracy = 0.96274
I0509 16:58:22.280648  8531 solver.cpp:418]     Test net output #1: loss = 0.151275 (* 1 = 0.151275 loss)
I0509 16:58:23.167399  8537 data_layer.cpp:73] Restarting data prefetching from start.
I0509 16:58:24.623344  8531 solver.cpp:351] Iteration 8811, Testing net (#0)
I0509 16:58:24.737277  8538 data_layer.cpp:73] Restarting data prefetching from start.
I0509 16:58:24.781999  8531 solver.cpp:418]     Test net output #0: accuracy = 0.96274
I0509 16:58:24.782052  8531 solver.cpp:418]     Test net output #1: loss = 0.151209 (* 1 = 0.151209 loss)
I0509 16:58:25.685230  8537 data_layer.cpp:73] Restarting data prefetching from start.
I0509 16:58:27.124295  8531 solver.cpp:351] Iteration 8900, Testing net (#0)
I0509 16:58:27.235998  8538 data_layer.cpp:73] Restarting data prefetching from start.
I0509 16:58:27.286443  8531 solver.cpp:418]     Test net output #0: accuracy = 0.96274
I0509 16:58:27.286468  8531 solver.cpp:418]     Test net output #1: loss = 0.150742 (* 1 = 0.150742 loss)
I0509 16:58:28.183125  8537 data_layer.cpp:73] Restarting data prefetching from start.
I0509 16:58:29.609622  8531 solver.cpp:351] Iteration 8989, Testing net (#0)
I0509 16:58:29.719985  8538 data_layer.cpp:73] Restarting data prefetching from start.
I0509 16:58:29.763919  8531 solver.cpp:418]     Test net output #0: accuracy = 0.96274
I0509 16:58:29.763945  8531 solver.cpp:418]     Test net output #1: loss = 0.150736 (* 1 = 0.150736 loss)
I0509 16:58:30.054353  8531 solver.cpp:468] Snapshotting to binary proto file models/sp_lenet_int3/exp 2/lenet_fix_iter_9000.caffemodel
I0509 16:58:30.076217  8531 sgd_solver.cpp:280] Snapshotting solver state to binary proto file models/sp_lenet_int3/exp 2/lenet_fix_iter_9000.solverstate
I0509 16:58:30.113801  8531 solver.cpp:239] Iteration 9000 (35.4932 iter/s, 14.0872s/500 iters), loss = 0.00171189
I0509 16:58:30.113842  8531 solver.cpp:258]     Train net output #0: loss = 0.00171196 (* 1 = 0.00171196 loss)
I0509 16:58:30.113847  8531 sgd_solver.cpp:112] Iteration 9000, lr = 0.01
I0509 16:58:30.699286  8537 data_layer.cpp:73] Restarting data prefetching from start.
I0509 16:58:32.132262  8531 solver.cpp:351] Iteration 9078, Testing net (#0)
I0509 16:58:32.247961  8538 data_layer.cpp:73] Restarting data prefetching from start.
I0509 16:58:32.294494  8531 solver.cpp:418]     Test net output #0: accuracy = 0.96274
I0509 16:58:32.294519  8531 solver.cpp:418]     Test net output #1: loss = 0.150575 (* 1 = 0.150575 loss)
I0509 16:58:33.227660  8537 data_layer.cpp:73] Restarting data prefetching from start.
I0509 16:58:34.634719  8531 solver.cpp:351] Iteration 9167, Testing net (#0)
I0509 16:58:34.745594  8538 data_layer.cpp:73] Restarting data prefetching from start.
I0509 16:58:34.792126  8531 solver.cpp:418]     Test net output #0: accuracy = 0.96274
I0509 16:58:34.792150  8531 solver.cpp:418]     Test net output #1: loss = 0.150241 (* 1 = 0.150241 loss)
I0509 16:58:35.716634  8537 data_layer.cpp:73] Restarting data prefetching from start.
I0509 16:58:37.122977  8531 solver.cpp:351] Iteration 9256, Testing net (#0)
I0509 16:58:37.232861  8538 data_layer.cpp:73] Restarting data prefetching from start.
I0509 16:58:37.277127  8531 solver.cpp:418]     Test net output #0: accuracy = 0.961538
I0509 16:58:37.277158  8531 solver.cpp:418]     Test net output #1: loss = 0.150158 (* 1 = 0.150158 loss)
I0509 16:58:38.209126  8537 data_layer.cpp:73] Restarting data prefetching from start.
I0509 16:58:39.613376  8531 solver.cpp:351] Iteration 9345, Testing net (#0)
I0509 16:58:39.723161  8538 data_layer.cpp:73] Restarting data prefetching from start.
I0509 16:58:39.771741  8531 solver.cpp:418]     Test net output #0: accuracy = 0.960337
I0509 16:58:39.771767  8531 solver.cpp:418]     Test net output #1: loss = 0.150075 (* 1 = 0.150075 loss)
I0509 16:58:40.728372  8537 data_layer.cpp:73] Restarting data prefetching from start.
I0509 16:58:42.106222  8531 solver.cpp:351] Iteration 9434, Testing net (#0)
I0509 16:58:42.217295  8538 data_layer.cpp:73] Restarting data prefetching from start.
I0509 16:58:42.264580  8531 solver.cpp:418]     Test net output #0: accuracy = 0.960337
I0509 16:58:42.264605  8531 solver.cpp:418]     Test net output #1: loss = 0.149751 (* 1 = 0.149751 loss)
I0509 16:58:43.214190  8537 data_layer.cpp:73] Restarting data prefetching from start.
I0509 16:58:44.033149  8531 solver.cpp:239] Iteration 9500 (35.9222 iter/s, 13.919s/500 iters), loss = 0.00116421
I0509 16:58:44.033180  8531 solver.cpp:258]     Train net output #0: loss = 0.00116428 (* 1 = 0.00116428 loss)
I0509 16:58:44.033186  8531 sgd_solver.cpp:112] Iteration 9500, lr = 0.01
I0509 16:58:44.605957  8531 solver.cpp:351] Iteration 9523, Testing net (#0)
I0509 16:58:44.719173  8538 data_layer.cpp:73] Restarting data prefetching from start.
I0509 16:58:44.764314  8531 solver.cpp:418]     Test net output #0: accuracy = 0.960337
I0509 16:58:44.764343  8531 solver.cpp:418]     Test net output #1: loss = 0.149719 (* 1 = 0.149719 loss)
I0509 16:58:45.745754  8537 data_layer.cpp:73] Restarting data prefetching from start.
I0509 16:58:47.099309  8531 solver.cpp:351] Iteration 9612, Testing net (#0)
I0509 16:58:47.210011  8538 data_layer.cpp:73] Restarting data prefetching from start.
I0509 16:58:47.257055  8531 solver.cpp:418]     Test net output #0: accuracy = 0.960337
I0509 16:58:47.257079  8531 solver.cpp:418]     Test net output #1: loss = 0.149395 (* 1 = 0.149395 loss)
I0509 16:58:48.240145  8537 data_layer.cpp:73] Restarting data prefetching from start.
I0509 16:58:49.606154  8531 solver.cpp:351] Iteration 9701, Testing net (#0)
I0509 16:58:49.716029  8538 data_layer.cpp:73] Restarting data prefetching from start.
I0509 16:58:49.762935  8531 solver.cpp:418]     Test net output #0: accuracy = 0.960337
I0509 16:58:49.762960  8531 solver.cpp:418]     Test net output #1: loss = 0.149395 (* 1 = 0.149395 loss)
I0509 16:58:50.741202  8537 data_layer.cpp:73] Restarting data prefetching from start.
I0509 16:58:52.098822  8531 solver.cpp:351] Iteration 9790, Testing net (#0)
I0509 16:58:52.211287  8538 data_layer.cpp:73] Restarting data prefetching from start.
I0509 16:58:52.258219  8531 solver.cpp:418]     Test net output #0: accuracy = 0.960337
I0509 16:58:52.258244  8531 solver.cpp:418]     Test net output #1: loss = 0.149289 (* 1 = 0.149289 loss)
I0509 16:58:53.277503  8537 data_layer.cpp:73] Restarting data prefetching from start.
I0509 16:58:54.602111  8531 solver.cpp:351] Iteration 9879, Testing net (#0)
I0509 16:58:54.711704  8538 data_layer.cpp:73] Restarting data prefetching from start.
I0509 16:58:54.758893  8531 solver.cpp:418]     Test net output #0: accuracy = 0.960337
I0509 16:58:54.758915  8531 solver.cpp:418]     Test net output #1: loss = 0.149066 (* 1 = 0.149066 loss)
I0509 16:58:55.756669  8537 data_layer.cpp:73] Restarting data prefetching from start.
I0509 16:58:57.081857  8531 solver.cpp:351] Iteration 9968, Testing net (#0)
I0509 16:58:57.192925  8538 data_layer.cpp:73] Restarting data prefetching from start.
I0509 16:58:57.241879  8531 solver.cpp:418]     Test net output #0: accuracy = 0.960337
I0509 16:58:57.241904  8531 solver.cpp:418]     Test net output #1: loss = 0.14894 (* 1 = 0.14894 loss)
I0509 16:58:58.068130  8531 solver.cpp:468] Snapshotting to binary proto file models/sp_lenet_int3/exp 2/lenet_fix_iter_10000.caffemodel
I0509 16:58:58.095695  8531 sgd_solver.cpp:280] Snapshotting solver state to binary proto file models/sp_lenet_int3/exp 2/lenet_fix_iter_10000.solverstate
I0509 16:58:58.109647  8531 solver.cpp:331] Iteration 10000, loss = 0.00294872
I0509 16:58:58.109673  8531 solver.cpp:336] Optimization Done.
I0509 16:58:58.109676  8531 caffe.cpp:250] Optimization Done.
