I0502 19:04:22.658720  3863 caffe.cpp:204] Using GPUs 0
I0502 19:04:22.677546  3863 caffe.cpp:209] GPU 0: GeForce 940MX
I0502 19:04:22.939896  3863 solver.cpp:45] Initializing solver from parameters: 
test_iter: 50
test_interval: 125
base_lr: 0.01
display: 500
max_iter: 10000
lr_policy: "fixed"
gamma: 0.1
momentum: 0.9
weight_decay: 0.0005
stepsize: 20000
snapshot: 1000
snapshot_prefix: "models/sp_final_lenet/exp_8/caffe_lenet_fixed8_train"
solver_mode: GPU
device_id: 0
net: "models/sp_final_lenet/lenet_train_val.prototxt"
train_state {
  level: 0
  stage: ""
}
I0502 19:04:22.940049  3863 solver.cpp:102] Creating training net from net file: models/sp_final_lenet/lenet_train_val.prototxt
I0502 19:04:22.940232  3863 net.cpp:294] The NetState phase (0) differed from the phase (1) specified by a rule in layer data
I0502 19:04:22.940246  3863 net.cpp:294] The NetState phase (0) differed from the phase (1) specified by a rule in layer accuracy
I0502 19:04:22.940323  3863 net.cpp:51] Initializing net from parameters: 
name: "LeNet"
state {
  phase: TRAIN
  level: 0
  stage: ""
}
layer {
  name: "data"
  type: "Data"
  top: "data"
  top: "label"
  include {
    phase: TRAIN
  }
  transform_param {
    scale: 0.00390625
  }
  data_param {
    source: "examples/final_sp/sp_train_lmdb"
    batch_size: 64
    backend: LMDB
  }
}
layer {
  name: "conv1"
  type: "Convolution"
  bottom: "data"
  top: "conv1"
  param {
    lr_mult: 1
  }
  param {
    lr_mult: 2
  }
  convolution_param {
    num_output: 20
    kernel_size: 5
    stride: 1
    weight_filler {
      type: "xavier"
    }
    bias_filler {
      type: "constant"
    }
  }
}
layer {
  name: "pool1"
  type: "Pooling"
  bottom: "conv1"
  top: "pool1"
  pooling_param {
    pool: MAX
    kernel_size: 2
    stride: 2
  }
}
layer {
  name: "conv2"
  type: "Convolution"
  bottom: "pool1"
  top: "conv2"
  param {
    lr_mult: 1
  }
  param {
    lr_mult: 2
  }
  convolution_param {
    num_output: 50
    kernel_size: 5
    stride: 1
    weight_filler {
      type: "xavier"
    }
    bias_filler {
      type: "constant"
    }
  }
}
layer {
  name: "pool2"
  type: "Pooling"
  bottom: "conv2"
  top: "pool2"
  pooling_param {
    pool: MAX
    kernel_size: 2
    stride: 2
  }
}
layer {
  name: "ip1"
  type: "InnerProduct"
  bottom: "pool2"
  top: "ip1"
  param {
    lr_mult: 1
  }
  param {
    lr_mult: 2
  }
  inner_product_param {
    num_output: 500
    weight_filler {
      type: "xavier"
    }
    bias_filler {
      type: "constant"
    }
  }
}
layer {
  name: "relu1"
  type: "ReLU"
  bottom: "ip1"
  top: "ip1"
}
layer {
  name: "ip2"
  type: "InnerProduct"
  bottom: "ip1"
  top: "ip2"
  param {
    lr_mult: 1
  }
  param {
    lr_mult: 2
  }
  inner_product_param {
    num_output: 52
    weight_filler {
      type: "xavier"
    }
    bias_filler {
      type: "constant"
    }
  }
}
layer {
  name: "loss"
  type: "SoftmaxWithLoss"
  bottom: "ip2"
  bottom: "label"
  top: "loss"
}
I0502 19:04:22.940381  3863 layer_factory.hpp:77] Creating layer data
I0502 19:04:22.940491  3863 db_lmdb.cpp:35] Opened lmdb examples/final_sp/sp_train_lmdb
I0502 19:04:22.940513  3863 net.cpp:84] Creating Layer data
I0502 19:04:22.940523  3863 net.cpp:380] data -> data
I0502 19:04:22.940546  3863 net.cpp:380] data -> label
I0502 19:04:22.941061  3863 data_layer.cpp:45] output data size: 64,3,28,28
I0502 19:04:22.944963  3863 net.cpp:122] Setting up data
I0502 19:04:22.944993  3863 net.cpp:129] Top shape: 64 3 28 28 (150528)
I0502 19:04:22.944999  3863 net.cpp:129] Top shape: 64 (64)
I0502 19:04:22.945003  3863 net.cpp:137] Memory required for data: 602368
I0502 19:04:22.945015  3863 layer_factory.hpp:77] Creating layer conv1
I0502 19:04:22.945046  3863 net.cpp:84] Creating Layer conv1
I0502 19:04:22.945057  3863 net.cpp:406] conv1 <- data
I0502 19:04:22.945075  3863 net.cpp:380] conv1 -> conv1
I0502 19:04:22.946034  3863 net.cpp:122] Setting up conv1
I0502 19:04:22.946048  3863 net.cpp:129] Top shape: 64 20 24 24 (737280)
I0502 19:04:22.946053  3863 net.cpp:137] Memory required for data: 3551488
I0502 19:04:22.946075  3863 layer_factory.hpp:77] Creating layer pool1
I0502 19:04:22.946106  3863 net.cpp:84] Creating Layer pool1
I0502 19:04:22.946111  3863 net.cpp:406] pool1 <- conv1
I0502 19:04:22.946120  3863 net.cpp:380] pool1 -> pool1
I0502 19:04:22.946177  3863 net.cpp:122] Setting up pool1
I0502 19:04:22.946187  3863 net.cpp:129] Top shape: 64 20 12 12 (184320)
I0502 19:04:22.946192  3863 net.cpp:137] Memory required for data: 4288768
I0502 19:04:22.946195  3863 layer_factory.hpp:77] Creating layer conv2
I0502 19:04:22.946208  3863 net.cpp:84] Creating Layer conv2
I0502 19:04:22.946213  3863 net.cpp:406] conv2 <- pool1
I0502 19:04:22.946219  3863 net.cpp:380] conv2 -> conv2
I0502 19:04:22.947401  3863 net.cpp:122] Setting up conv2
I0502 19:04:22.947438  3863 net.cpp:129] Top shape: 64 50 8 8 (204800)
I0502 19:04:22.947443  3863 net.cpp:137] Memory required for data: 5107968
I0502 19:04:22.947454  3863 layer_factory.hpp:77] Creating layer pool2
I0502 19:04:22.947463  3863 net.cpp:84] Creating Layer pool2
I0502 19:04:22.947474  3863 net.cpp:406] pool2 <- conv2
I0502 19:04:22.947484  3863 net.cpp:380] pool2 -> pool2
I0502 19:04:22.947518  3863 net.cpp:122] Setting up pool2
I0502 19:04:22.947525  3863 net.cpp:129] Top shape: 64 50 4 4 (51200)
I0502 19:04:22.947531  3863 net.cpp:137] Memory required for data: 5312768
I0502 19:04:22.947536  3863 layer_factory.hpp:77] Creating layer ip1
I0502 19:04:22.947546  3863 net.cpp:84] Creating Layer ip1
I0502 19:04:22.947552  3863 net.cpp:406] ip1 <- pool2
I0502 19:04:22.947561  3863 net.cpp:380] ip1 -> ip1
I0502 19:04:22.950186  3863 net.cpp:122] Setting up ip1
I0502 19:04:22.950206  3863 net.cpp:129] Top shape: 64 500 (32000)
I0502 19:04:22.950211  3863 net.cpp:137] Memory required for data: 5440768
I0502 19:04:22.950229  3863 layer_factory.hpp:77] Creating layer relu1
I0502 19:04:22.950240  3863 net.cpp:84] Creating Layer relu1
I0502 19:04:22.950247  3863 net.cpp:406] relu1 <- ip1
I0502 19:04:22.950254  3863 net.cpp:367] relu1 -> ip1 (in-place)
I0502 19:04:22.950265  3863 net.cpp:122] Setting up relu1
I0502 19:04:22.950275  3863 net.cpp:129] Top shape: 64 500 (32000)
I0502 19:04:22.950280  3863 net.cpp:137] Memory required for data: 5568768
I0502 19:04:22.950284  3863 layer_factory.hpp:77] Creating layer ip2
I0502 19:04:22.950294  3863 net.cpp:84] Creating Layer ip2
I0502 19:04:22.950299  3863 net.cpp:406] ip2 <- ip1
I0502 19:04:22.950306  3863 net.cpp:380] ip2 -> ip2
I0502 19:04:22.950501  3863 net.cpp:122] Setting up ip2
I0502 19:04:22.950508  3863 net.cpp:129] Top shape: 64 52 (3328)
I0502 19:04:22.950512  3863 net.cpp:137] Memory required for data: 5582080
I0502 19:04:22.950520  3863 layer_factory.hpp:77] Creating layer loss
I0502 19:04:22.950531  3863 net.cpp:84] Creating Layer loss
I0502 19:04:22.950536  3863 net.cpp:406] loss <- ip2
I0502 19:04:22.950543  3863 net.cpp:406] loss <- label
I0502 19:04:22.950552  3863 net.cpp:380] loss -> loss
I0502 19:04:22.950572  3863 layer_factory.hpp:77] Creating layer loss
I0502 19:04:22.950649  3863 net.cpp:122] Setting up loss
I0502 19:04:22.950655  3863 net.cpp:129] Top shape: (1)
I0502 19:04:22.950659  3863 net.cpp:132]     with loss weight 1
I0502 19:04:22.950680  3863 net.cpp:137] Memory required for data: 5582084
I0502 19:04:22.950685  3863 net.cpp:198] loss needs backward computation.
I0502 19:04:22.950692  3863 net.cpp:198] ip2 needs backward computation.
I0502 19:04:22.950696  3863 net.cpp:198] relu1 needs backward computation.
I0502 19:04:22.950700  3863 net.cpp:198] ip1 needs backward computation.
I0502 19:04:22.950704  3863 net.cpp:198] pool2 needs backward computation.
I0502 19:04:22.950709  3863 net.cpp:198] conv2 needs backward computation.
I0502 19:04:22.950716  3863 net.cpp:198] pool1 needs backward computation.
I0502 19:04:22.950719  3863 net.cpp:198] conv1 needs backward computation.
I0502 19:04:22.950724  3863 net.cpp:200] data does not need backward computation.
I0502 19:04:22.950728  3863 net.cpp:242] This network produces output loss
I0502 19:04:22.950742  3863 net.cpp:255] Network initialization done.
I0502 19:04:22.950893  3863 solver.cpp:190] Creating test net (#0) specified by net file: models/sp_final_lenet/lenet_train_val.prototxt
I0502 19:04:22.950961  3863 net.cpp:294] The NetState phase (1) differed from the phase (0) specified by a rule in layer data
I0502 19:04:22.951037  3863 net.cpp:51] Initializing net from parameters: 
name: "LeNet"
state {
  phase: TEST
}
layer {
  name: "data"
  type: "Data"
  top: "data"
  top: "label"
  include {
    phase: TEST
  }
  transform_param {
    scale: 0.00390625
  }
  data_param {
    source: "examples/final_sp/sp_val_lmdb"
    batch_size: 64
    backend: LMDB
  }
}
layer {
  name: "conv1"
  type: "Convolution"
  bottom: "data"
  top: "conv1"
  param {
    lr_mult: 1
  }
  param {
    lr_mult: 2
  }
  convolution_param {
    num_output: 20
    kernel_size: 5
    stride: 1
    weight_filler {
      type: "xavier"
    }
    bias_filler {
      type: "constant"
    }
  }
}
layer {
  name: "pool1"
  type: "Pooling"
  bottom: "conv1"
  top: "pool1"
  pooling_param {
    pool: MAX
    kernel_size: 2
    stride: 2
  }
}
layer {
  name: "conv2"
  type: "Convolution"
  bottom: "pool1"
  top: "conv2"
  param {
    lr_mult: 1
  }
  param {
    lr_mult: 2
  }
  convolution_param {
    num_output: 50
    kernel_size: 5
    stride: 1
    weight_filler {
      type: "xavier"
    }
    bias_filler {
      type: "constant"
    }
  }
}
layer {
  name: "pool2"
  type: "Pooling"
  bottom: "conv2"
  top: "pool2"
  pooling_param {
    pool: MAX
    kernel_size: 2
    stride: 2
  }
}
layer {
  name: "ip1"
  type: "InnerProduct"
  bottom: "pool2"
  top: "ip1"
  param {
    lr_mult: 1
  }
  param {
    lr_mult: 2
  }
  inner_product_param {
    num_output: 500
    weight_filler {
      type: "xavier"
    }
    bias_filler {
      type: "constant"
    }
  }
}
layer {
  name: "relu1"
  type: "ReLU"
  bottom: "ip1"
  top: "ip1"
}
layer {
  name: "ip2"
  type: "InnerProduct"
  bottom: "ip1"
  top: "ip2"
  param {
    lr_mult: 1
  }
  param {
    lr_mult: 2
  }
  inner_product_param {
    num_output: 52
    weight_filler {
      type: "xavier"
    }
    bias_filler {
      type: "constant"
    }
  }
}
layer {
  name: "accuracy"
  type: "Accuracy"
  bottom: "ip2"
  bottom: "label"
  top: "accuracy"
  include {
    phase: TEST
  }
}
layer {
  name: "loss"
  type: "SoftmaxWithLoss"
  bottom: "ip2"
  bottom: "label"
  top: "loss"
}
I0502 19:04:22.951117  3863 layer_factory.hpp:77] Creating layer data
I0502 19:04:22.951180  3863 db_lmdb.cpp:35] Opened lmdb examples/final_sp/sp_val_lmdb
I0502 19:04:22.951195  3863 net.cpp:84] Creating Layer data
I0502 19:04:22.951201  3863 net.cpp:380] data -> data
I0502 19:04:22.951211  3863 net.cpp:380] data -> label
I0502 19:04:22.951601  3863 data_layer.cpp:45] output data size: 64,3,28,28
I0502 19:04:22.961824  3863 net.cpp:122] Setting up data
I0502 19:04:22.961848  3863 net.cpp:129] Top shape: 64 3 28 28 (150528)
I0502 19:04:22.961854  3863 net.cpp:129] Top shape: 64 (64)
I0502 19:04:22.961858  3863 net.cpp:137] Memory required for data: 602368
I0502 19:04:22.961865  3863 layer_factory.hpp:77] Creating layer label_data_1_split
I0502 19:04:22.961879  3863 net.cpp:84] Creating Layer label_data_1_split
I0502 19:04:22.961886  3863 net.cpp:406] label_data_1_split <- label
I0502 19:04:22.961897  3863 net.cpp:380] label_data_1_split -> label_data_1_split_0
I0502 19:04:22.961910  3863 net.cpp:380] label_data_1_split -> label_data_1_split_1
I0502 19:04:22.961982  3863 net.cpp:122] Setting up label_data_1_split
I0502 19:04:22.961992  3863 net.cpp:129] Top shape: 64 (64)
I0502 19:04:22.961997  3863 net.cpp:129] Top shape: 64 (64)
I0502 19:04:22.962002  3863 net.cpp:137] Memory required for data: 602880
I0502 19:04:22.962005  3863 layer_factory.hpp:77] Creating layer conv1
I0502 19:04:22.962021  3863 net.cpp:84] Creating Layer conv1
I0502 19:04:22.962026  3863 net.cpp:406] conv1 <- data
I0502 19:04:22.962034  3863 net.cpp:380] conv1 -> conv1
I0502 19:04:22.962218  3863 net.cpp:122] Setting up conv1
I0502 19:04:22.962225  3863 net.cpp:129] Top shape: 64 20 24 24 (737280)
I0502 19:04:22.962229  3863 net.cpp:137] Memory required for data: 3552000
I0502 19:04:22.962241  3863 layer_factory.hpp:77] Creating layer pool1
I0502 19:04:22.962260  3863 net.cpp:84] Creating Layer pool1
I0502 19:04:22.962265  3863 net.cpp:406] pool1 <- conv1
I0502 19:04:22.962272  3863 net.cpp:380] pool1 -> pool1
I0502 19:04:22.962306  3863 net.cpp:122] Setting up pool1
I0502 19:04:22.962314  3863 net.cpp:129] Top shape: 64 20 12 12 (184320)
I0502 19:04:22.962319  3863 net.cpp:137] Memory required for data: 4289280
I0502 19:04:22.962323  3863 layer_factory.hpp:77] Creating layer conv2
I0502 19:04:22.962335  3863 net.cpp:84] Creating Layer conv2
I0502 19:04:22.962339  3863 net.cpp:406] conv2 <- pool1
I0502 19:04:22.962348  3863 net.cpp:380] conv2 -> conv2
I0502 19:04:22.962677  3863 net.cpp:122] Setting up conv2
I0502 19:04:22.962685  3863 net.cpp:129] Top shape: 64 50 8 8 (204800)
I0502 19:04:22.962690  3863 net.cpp:137] Memory required for data: 5108480
I0502 19:04:22.962699  3863 layer_factory.hpp:77] Creating layer pool2
I0502 19:04:22.962707  3863 net.cpp:84] Creating Layer pool2
I0502 19:04:22.962710  3863 net.cpp:406] pool2 <- conv2
I0502 19:04:22.962718  3863 net.cpp:380] pool2 -> pool2
I0502 19:04:22.963083  3863 net.cpp:122] Setting up pool2
I0502 19:04:22.963091  3863 net.cpp:129] Top shape: 64 50 4 4 (51200)
I0502 19:04:22.963095  3863 net.cpp:137] Memory required for data: 5313280
I0502 19:04:22.963099  3863 layer_factory.hpp:77] Creating layer ip1
I0502 19:04:22.963109  3863 net.cpp:84] Creating Layer ip1
I0502 19:04:22.963114  3863 net.cpp:406] ip1 <- pool2
I0502 19:04:22.963122  3863 net.cpp:380] ip1 -> ip1
I0502 19:04:22.965755  3863 net.cpp:122] Setting up ip1
I0502 19:04:22.965777  3863 net.cpp:129] Top shape: 64 500 (32000)
I0502 19:04:22.965781  3863 net.cpp:137] Memory required for data: 5441280
I0502 19:04:22.965800  3863 layer_factory.hpp:77] Creating layer relu1
I0502 19:04:22.965809  3863 net.cpp:84] Creating Layer relu1
I0502 19:04:22.965814  3863 net.cpp:406] relu1 <- ip1
I0502 19:04:22.965849  3863 net.cpp:367] relu1 -> ip1 (in-place)
I0502 19:04:22.965860  3863 net.cpp:122] Setting up relu1
I0502 19:04:22.965867  3863 net.cpp:129] Top shape: 64 500 (32000)
I0502 19:04:22.965872  3863 net.cpp:137] Memory required for data: 5569280
I0502 19:04:22.965875  3863 layer_factory.hpp:77] Creating layer ip2
I0502 19:04:22.965888  3863 net.cpp:84] Creating Layer ip2
I0502 19:04:22.965893  3863 net.cpp:406] ip2 <- ip1
I0502 19:04:22.965900  3863 net.cpp:380] ip2 -> ip2
I0502 19:04:22.966100  3863 net.cpp:122] Setting up ip2
I0502 19:04:22.966109  3863 net.cpp:129] Top shape: 64 52 (3328)
I0502 19:04:22.966111  3863 net.cpp:137] Memory required for data: 5582592
I0502 19:04:22.966120  3863 layer_factory.hpp:77] Creating layer ip2_ip2_0_split
I0502 19:04:22.966130  3863 net.cpp:84] Creating Layer ip2_ip2_0_split
I0502 19:04:22.966135  3863 net.cpp:406] ip2_ip2_0_split <- ip2
I0502 19:04:22.966142  3863 net.cpp:380] ip2_ip2_0_split -> ip2_ip2_0_split_0
I0502 19:04:22.966151  3863 net.cpp:380] ip2_ip2_0_split -> ip2_ip2_0_split_1
I0502 19:04:22.966182  3863 net.cpp:122] Setting up ip2_ip2_0_split
I0502 19:04:22.966189  3863 net.cpp:129] Top shape: 64 52 (3328)
I0502 19:04:22.966193  3863 net.cpp:129] Top shape: 64 52 (3328)
I0502 19:04:22.966197  3863 net.cpp:137] Memory required for data: 5609216
I0502 19:04:22.966202  3863 layer_factory.hpp:77] Creating layer accuracy
I0502 19:04:22.966212  3863 net.cpp:84] Creating Layer accuracy
I0502 19:04:22.966217  3863 net.cpp:406] accuracy <- ip2_ip2_0_split_0
I0502 19:04:22.966223  3863 net.cpp:406] accuracy <- label_data_1_split_0
I0502 19:04:22.966230  3863 net.cpp:380] accuracy -> accuracy
I0502 19:04:22.966240  3863 net.cpp:122] Setting up accuracy
I0502 19:04:22.966246  3863 net.cpp:129] Top shape: (1)
I0502 19:04:22.966250  3863 net.cpp:137] Memory required for data: 5609220
I0502 19:04:22.966254  3863 layer_factory.hpp:77] Creating layer loss
I0502 19:04:22.966260  3863 net.cpp:84] Creating Layer loss
I0502 19:04:22.966265  3863 net.cpp:406] loss <- ip2_ip2_0_split_1
I0502 19:04:22.966270  3863 net.cpp:406] loss <- label_data_1_split_1
I0502 19:04:22.966290  3863 net.cpp:380] loss -> loss
I0502 19:04:22.966302  3863 layer_factory.hpp:77] Creating layer loss
I0502 19:04:22.966384  3863 net.cpp:122] Setting up loss
I0502 19:04:22.966390  3863 net.cpp:129] Top shape: (1)
I0502 19:04:22.966394  3863 net.cpp:132]     with loss weight 1
I0502 19:04:22.966406  3863 net.cpp:137] Memory required for data: 5609224
I0502 19:04:22.966410  3863 net.cpp:198] loss needs backward computation.
I0502 19:04:22.966416  3863 net.cpp:200] accuracy does not need backward computation.
I0502 19:04:22.966421  3863 net.cpp:198] ip2_ip2_0_split needs backward computation.
I0502 19:04:22.966425  3863 net.cpp:198] ip2 needs backward computation.
I0502 19:04:22.966430  3863 net.cpp:198] relu1 needs backward computation.
I0502 19:04:22.966434  3863 net.cpp:198] ip1 needs backward computation.
I0502 19:04:22.966439  3863 net.cpp:198] pool2 needs backward computation.
I0502 19:04:22.966442  3863 net.cpp:198] conv2 needs backward computation.
I0502 19:04:22.966446  3863 net.cpp:198] pool1 needs backward computation.
I0502 19:04:22.966454  3863 net.cpp:198] conv1 needs backward computation.
I0502 19:04:22.966459  3863 net.cpp:200] label_data_1_split does not need backward computation.
I0502 19:04:22.966464  3863 net.cpp:200] data does not need backward computation.
I0502 19:04:22.966467  3863 net.cpp:242] This network produces output accuracy
I0502 19:04:22.966471  3863 net.cpp:242] This network produces output loss
I0502 19:04:22.966486  3863 net.cpp:255] Network initialization done.
I0502 19:04:22.966536  3863 solver.cpp:57] Solver scaffolding done.
I0502 19:04:22.966740  3863 caffe.cpp:239] Starting Optimization
I0502 19:04:22.966747  3863 solver.cpp:293] Solving LeNet
I0502 19:04:22.966749  3863 solver.cpp:294] Learning Rate Policy: fixed
I0502 19:04:22.967613  3863 solver.cpp:351] Iteration 0, Testing net (#0)
I0502 19:04:23.282914  3871 data_layer.cpp:73] Restarting data prefetching from start.
I0502 19:04:23.505838  3863 solver.cpp:418]     Test net output #0: accuracy = 0.0290625
I0502 19:04:23.505863  3863 solver.cpp:418]     Test net output #1: loss = 3.99455 (* 1 = 3.99455 loss)
I0502 19:04:23.539734  3863 solver.cpp:239] Iteration 0 (0 iter/s, 0.57291s/500 iters), loss = 3.98273
I0502 19:04:23.539777  3863 solver.cpp:258]     Train net output #0: loss = 3.98273 (* 1 = 3.98273 loss)
I0502 19:04:23.539785  3863 sgd_solver.cpp:112] Iteration 0, lr = 0.01
I0502 19:04:27.470465  3863 solver.cpp:351] Iteration 125, Testing net (#0)
I0502 19:04:27.618634  3871 data_layer.cpp:73] Restarting data prefetching from start.
I0502 19:04:27.993335  3871 data_layer.cpp:73] Restarting data prefetching from start.
I0502 19:04:28.071467  3863 solver.cpp:418]     Test net output #0: accuracy = 0.859375
I0502 19:04:28.071491  3863 solver.cpp:418]     Test net output #1: loss = 0.458847 (* 1 = 0.458847 loss)
I0502 19:04:28.112118  3870 data_layer.cpp:73] Restarting data prefetching from start.
I0502 19:04:31.886417  3863 solver.cpp:351] Iteration 250, Testing net (#0)
I0502 19:04:32.190838  3871 data_layer.cpp:73] Restarting data prefetching from start.
I0502 19:04:32.473388  3863 solver.cpp:418]     Test net output #0: accuracy = 0.905625
I0502 19:04:32.473413  3863 solver.cpp:418]     Test net output #1: loss = 0.288882 (* 1 = 0.288882 loss)
I0502 19:04:32.671015  3870 data_layer.cpp:73] Restarting data prefetching from start.
I0502 19:04:36.313093  3863 solver.cpp:351] Iteration 375, Testing net (#0)
I0502 19:04:36.447803  3871 data_layer.cpp:73] Restarting data prefetching from start.
I0502 19:04:36.799074  3871 data_layer.cpp:73] Restarting data prefetching from start.
I0502 19:04:36.910406  3863 solver.cpp:418]     Test net output #0: accuracy = 0.947812
I0502 19:04:36.910435  3863 solver.cpp:418]     Test net output #1: loss = 0.182945 (* 1 = 0.182945 loss)
I0502 19:04:37.253477  3870 data_layer.cpp:73] Restarting data prefetching from start.
I0502 19:04:40.732165  3863 solver.cpp:351] Iteration 500, Testing net (#0)
I0502 19:04:41.026247  3871 data_layer.cpp:73] Restarting data prefetching from start.
I0502 19:04:41.323714  3863 solver.cpp:418]     Test net output #0: accuracy = 0.953125
I0502 19:04:41.323737  3863 solver.cpp:418]     Test net output #1: loss = 0.162126 (* 1 = 0.162126 loss)
I0502 19:04:41.361028  3863 solver.cpp:239] Iteration 500 (28.0587 iter/s, 17.8198s/500 iters), loss = 0.137868
I0502 19:04:41.361070  3863 solver.cpp:258]     Train net output #0: loss = 0.137868 (* 1 = 0.137868 loss)
I0502 19:04:41.361076  3863 sgd_solver.cpp:112] Iteration 500, lr = 0.01
I0502 19:04:41.834252  3870 data_layer.cpp:73] Restarting data prefetching from start.
I0502 19:04:45.167395  3863 solver.cpp:351] Iteration 625, Testing net (#0)
I0502 19:04:45.265111  3871 data_layer.cpp:73] Restarting data prefetching from start.
I0502 19:04:45.653586  3871 data_layer.cpp:73] Restarting data prefetching from start.
I0502 19:04:45.780935  3863 solver.cpp:418]     Test net output #0: accuracy = 0.962812
I0502 19:04:45.780959  3863 solver.cpp:418]     Test net output #1: loss = 0.135616 (* 1 = 0.135616 loss)
I0502 19:04:46.436188  3870 data_layer.cpp:73] Restarting data prefetching from start.
I0502 19:04:49.609299  3863 solver.cpp:351] Iteration 750, Testing net (#0)
I0502 19:04:49.879331  3871 data_layer.cpp:73] Restarting data prefetching from start.
I0502 19:04:50.210456  3863 solver.cpp:418]     Test net output #0: accuracy = 0.964688
I0502 19:04:50.210487  3863 solver.cpp:418]     Test net output #1: loss = 0.128647 (* 1 = 0.128647 loss)
I0502 19:04:51.015838  3870 data_layer.cpp:73] Restarting data prefetching from start.
I0502 19:04:54.031265  3863 solver.cpp:351] Iteration 875, Testing net (#0)
I0502 19:04:54.106709  3871 data_layer.cpp:73] Restarting data prefetching from start.
I0502 19:04:54.469713  3871 data_layer.cpp:73] Restarting data prefetching from start.
I0502 19:04:54.634186  3863 solver.cpp:418]     Test net output #0: accuracy = 0.972188
I0502 19:04:54.634209  3863 solver.cpp:418]     Test net output #1: loss = 0.0932599 (* 1 = 0.0932599 loss)
I0502 19:04:55.595104  3870 data_layer.cpp:73] Restarting data prefetching from start.
I0502 19:04:58.456184  3863 solver.cpp:468] Snapshotting to binary proto file models/sp_final_lenet/exp_8/caffe_lenet_fixed8_train_iter_1000.caffemodel
I0502 19:04:58.487423  3863 sgd_solver.cpp:280] Snapshotting solver state to binary proto file models/sp_final_lenet/exp_8/caffe_lenet_fixed8_train_iter_1000.solverstate
I0502 19:04:58.489938  3863 solver.cpp:351] Iteration 1000, Testing net (#0)
I0502 19:04:58.714349  3871 data_layer.cpp:73] Restarting data prefetching from start.
I0502 19:04:59.065702  3863 solver.cpp:418]     Test net output #0: accuracy = 0.971875
I0502 19:04:59.065727  3863 solver.cpp:418]     Test net output #1: loss = 0.0878851 (* 1 = 0.0878851 loss)
I0502 19:04:59.103454  3863 solver.cpp:239] Iteration 1000 (28.1824 iter/s, 17.7416s/500 iters), loss = 0.110857
I0502 19:04:59.103495  3863 solver.cpp:258]     Train net output #0: loss = 0.110857 (* 1 = 0.110857 loss)
I0502 19:04:59.103502  3863 sgd_solver.cpp:112] Iteration 1000, lr = 0.01
I0502 19:05:00.184177  3870 data_layer.cpp:73] Restarting data prefetching from start.
I0502 19:05:02.878787  3863 solver.cpp:351] Iteration 1125, Testing net (#0)
I0502 19:05:02.913221  3871 data_layer.cpp:73] Restarting data prefetching from start.
I0502 19:05:03.300949  3871 data_layer.cpp:73] Restarting data prefetching from start.
I0502 19:05:03.485319  3863 solver.cpp:418]     Test net output #0: accuracy = 0.971875
I0502 19:05:03.485347  3863 solver.cpp:418]     Test net output #1: loss = 0.111439 (* 1 = 0.111439 loss)
I0502 19:05:04.751986  3870 data_layer.cpp:73] Restarting data prefetching from start.
I0502 19:05:07.308452  3863 solver.cpp:351] Iteration 1250, Testing net (#0)
I0502 19:05:07.514961  3871 data_layer.cpp:73] Restarting data prefetching from start.
I0502 19:05:07.885401  3871 data_layer.cpp:73] Restarting data prefetching from start.
I0502 19:05:07.896610  3863 solver.cpp:418]     Test net output #0: accuracy = 0.976875
I0502 19:05:07.896633  3863 solver.cpp:418]     Test net output #1: loss = 0.086901 (* 1 = 0.086901 loss)
I0502 19:05:09.324239  3870 data_layer.cpp:73] Restarting data prefetching from start.
I0502 19:05:11.733769  3863 solver.cpp:351] Iteration 1375, Testing net (#0)
I0502 19:05:12.112812  3871 data_layer.cpp:73] Restarting data prefetching from start.
I0502 19:05:12.339323  3863 solver.cpp:418]     Test net output #0: accuracy = 0.9775
I0502 19:05:12.339350  3863 solver.cpp:418]     Test net output #1: loss = 0.0690462 (* 1 = 0.0690462 loss)
I0502 19:05:13.902240  3870 data_layer.cpp:73] Restarting data prefetching from start.
I0502 19:05:16.150826  3863 solver.cpp:351] Iteration 1500, Testing net (#0)
I0502 19:05:16.343540  3871 data_layer.cpp:73] Restarting data prefetching from start.
I0502 19:05:16.697634  3871 data_layer.cpp:73] Restarting data prefetching from start.
I0502 19:05:16.757884  3863 solver.cpp:418]     Test net output #0: accuracy = 0.982188
I0502 19:05:16.757910  3863 solver.cpp:418]     Test net output #1: loss = 0.0643335 (* 1 = 0.0643335 loss)
I0502 19:05:16.791273  3863 solver.cpp:239] Iteration 1500 (28.2704 iter/s, 17.6863s/500 iters), loss = 0.00900908
I0502 19:05:16.791317  3863 solver.cpp:258]     Train net output #0: loss = 0.00900911 (* 1 = 0.00900911 loss)
I0502 19:05:16.791323  3863 sgd_solver.cpp:112] Iteration 1500, lr = 0.01
I0502 19:05:18.496994  3870 data_layer.cpp:73] Restarting data prefetching from start.
I0502 19:05:20.579907  3863 solver.cpp:351] Iteration 1625, Testing net (#0)
I0502 19:05:20.924202  3871 data_layer.cpp:73] Restarting data prefetching from start.
I0502 19:05:21.169706  3863 solver.cpp:418]     Test net output #0: accuracy = 0.97375
I0502 19:05:21.169751  3863 solver.cpp:418]     Test net output #1: loss = 0.090993 (* 1 = 0.090993 loss)
I0502 19:05:23.015431  3870 data_layer.cpp:73] Restarting data prefetching from start.
I0502 19:05:24.947682  3863 solver.cpp:351] Iteration 1750, Testing net (#0)
I0502 19:05:25.095754  3871 data_layer.cpp:73] Restarting data prefetching from start.
I0502 19:05:25.475344  3871 data_layer.cpp:73] Restarting data prefetching from start.
I0502 19:05:25.546735  3863 solver.cpp:418]     Test net output #0: accuracy = 0.981875
I0502 19:05:25.546764  3863 solver.cpp:418]     Test net output #1: loss = 0.075772 (* 1 = 0.075772 loss)
I0502 19:05:27.570379  3870 data_layer.cpp:73] Restarting data prefetching from start.
I0502 19:05:29.353899  3863 solver.cpp:351] Iteration 1875, Testing net (#0)
I0502 19:05:29.670250  3871 data_layer.cpp:73] Restarting data prefetching from start.
I0502 19:05:29.937357  3863 solver.cpp:418]     Test net output #0: accuracy = 0.986562
I0502 19:05:29.937382  3863 solver.cpp:418]     Test net output #1: loss = 0.0514615 (* 1 = 0.0514615 loss)
I0502 19:05:32.113332  3870 data_layer.cpp:73] Restarting data prefetching from start.
I0502 19:05:33.742142  3863 solver.cpp:468] Snapshotting to binary proto file models/sp_final_lenet/exp_8/caffe_lenet_fixed8_train_iter_2000.caffemodel
I0502 19:05:33.768934  3863 sgd_solver.cpp:280] Snapshotting solver state to binary proto file models/sp_final_lenet/exp_8/caffe_lenet_fixed8_train_iter_2000.solverstate
I0502 19:05:33.771632  3863 solver.cpp:351] Iteration 2000, Testing net (#0)
I0502 19:05:33.897969  3871 data_layer.cpp:73] Restarting data prefetching from start.
I0502 19:05:34.265298  3871 data_layer.cpp:73] Restarting data prefetching from start.
I0502 19:05:34.374876  3863 solver.cpp:418]     Test net output #0: accuracy = 0.97625
I0502 19:05:34.374900  3863 solver.cpp:418]     Test net output #1: loss = 0.0768591 (* 1 = 0.0768591 loss)
I0502 19:05:34.405570  3863 solver.cpp:239] Iteration 2000 (28.3885 iter/s, 17.6128s/500 iters), loss = 0.00707002
I0502 19:05:34.405622  3863 solver.cpp:258]     Train net output #0: loss = 0.00707006 (* 1 = 0.00707006 loss)
I0502 19:05:34.405629  3863 sgd_solver.cpp:112] Iteration 2000, lr = 0.01
I0502 19:05:36.698998  3870 data_layer.cpp:73] Restarting data prefetching from start.
I0502 19:05:38.179086  3863 solver.cpp:351] Iteration 2125, Testing net (#0)
I0502 19:05:38.471778  3871 data_layer.cpp:73] Restarting data prefetching from start.
I0502 19:05:38.769850  3863 solver.cpp:418]     Test net output #0: accuracy = 0.98625
I0502 19:05:38.769876  3863 solver.cpp:418]     Test net output #1: loss = 0.0518455 (* 1 = 0.0518455 loss)
I0502 19:05:41.254528  3870 data_layer.cpp:73] Restarting data prefetching from start.
I0502 19:05:42.582890  3863 solver.cpp:351] Iteration 2250, Testing net (#0)
I0502 19:05:42.677525  3871 data_layer.cpp:73] Restarting data prefetching from start.
I0502 19:05:43.050321  3871 data_layer.cpp:73] Restarting data prefetching from start.
I0502 19:05:43.178726  3863 solver.cpp:418]     Test net output #0: accuracy = 0.984062
I0502 19:05:43.178751  3863 solver.cpp:418]     Test net output #1: loss = 0.0647938 (* 1 = 0.0647938 loss)
I0502 19:05:45.798880  3870 data_layer.cpp:73] Restarting data prefetching from start.
I0502 19:05:46.979856  3863 solver.cpp:351] Iteration 2375, Testing net (#0)
I0502 19:05:47.249670  3871 data_layer.cpp:73] Restarting data prefetching from start.
I0502 19:05:47.575078  3863 solver.cpp:418]     Test net output #0: accuracy = 0.986562
I0502 19:05:47.575104  3863 solver.cpp:418]     Test net output #1: loss = 0.0552442 (* 1 = 0.0552442 loss)
I0502 19:05:50.352123  3870 data_layer.cpp:73] Restarting data prefetching from start.
I0502 19:05:51.375355  3863 solver.cpp:351] Iteration 2500, Testing net (#0)
I0502 19:05:51.452885  3871 data_layer.cpp:73] Restarting data prefetching from start.
I0502 19:05:51.816453  3871 data_layer.cpp:73] Restarting data prefetching from start.
I0502 19:05:51.989035  3863 solver.cpp:418]     Test net output #0: accuracy = 0.98625
I0502 19:05:51.989059  3863 solver.cpp:418]     Test net output #1: loss = 0.0524004 (* 1 = 0.0524004 loss)
I0502 19:05:52.021500  3863 solver.cpp:239] Iteration 2500 (28.3881 iter/s, 17.613s/500 iters), loss = 0.00695823
I0502 19:05:52.021551  3863 solver.cpp:258]     Train net output #0: loss = 0.00695829 (* 1 = 0.00695829 loss)
I0502 19:05:52.021589  3863 sgd_solver.cpp:112] Iteration 2500, lr = 0.01
I0502 19:05:54.934938  3870 data_layer.cpp:73] Restarting data prefetching from start.
I0502 19:05:55.810426  3863 solver.cpp:351] Iteration 2625, Testing net (#0)
I0502 19:05:56.049640  3871 data_layer.cpp:73] Restarting data prefetching from start.
I0502 19:05:56.404786  3863 solver.cpp:418]     Test net output #0: accuracy = 0.979062
I0502 19:05:56.404814  3863 solver.cpp:418]     Test net output #1: loss = 0.0908329 (* 1 = 0.0908329 loss)
I0502 19:05:59.485684  3870 data_layer.cpp:73] Restarting data prefetching from start.
I0502 19:06:00.227399  3863 solver.cpp:351] Iteration 2750, Testing net (#0)
I0502 19:06:00.265128  3871 data_layer.cpp:73] Restarting data prefetching from start.
I0502 19:06:00.637246  3871 data_layer.cpp:73] Restarting data prefetching from start.
I0502 19:06:00.836926  3863 solver.cpp:418]     Test net output #0: accuracy = 0.988437
I0502 19:06:00.836956  3863 solver.cpp:418]     Test net output #1: loss = 0.048339 (* 1 = 0.048339 loss)
I0502 19:06:04.059388  3870 data_layer.cpp:73] Restarting data prefetching from start.
I0502 19:06:04.620409  3863 solver.cpp:351] Iteration 2875, Testing net (#0)
I0502 19:06:04.828361  3871 data_layer.cpp:73] Restarting data prefetching from start.
I0502 19:06:05.201006  3871 data_layer.cpp:73] Restarting data prefetching from start.
I0502 19:06:05.212225  3863 solver.cpp:418]     Test net output #0: accuracy = 0.989688
I0502 19:06:05.212255  3863 solver.cpp:418]     Test net output #1: loss = 0.0555819 (* 1 = 0.0555819 loss)
I0502 19:06:08.602955  3870 data_layer.cpp:73] Restarting data prefetching from start.
I0502 19:06:09.018278  3863 solver.cpp:468] Snapshotting to binary proto file models/sp_final_lenet/exp_8/caffe_lenet_fixed8_train_iter_3000.caffemodel
I0502 19:06:09.042261  3863 sgd_solver.cpp:280] Snapshotting solver state to binary proto file models/sp_final_lenet/exp_8/caffe_lenet_fixed8_train_iter_3000.solverstate
I0502 19:06:09.044874  3863 solver.cpp:351] Iteration 3000, Testing net (#0)
I0502 19:06:09.412359  3871 data_layer.cpp:73] Restarting data prefetching from start.
I0502 19:06:09.630048  3863 solver.cpp:418]     Test net output #0: accuracy = 0.989375
I0502 19:06:09.630072  3863 solver.cpp:418]     Test net output #1: loss = 0.0486491 (* 1 = 0.0486491 loss)
I0502 19:06:09.666059  3863 solver.cpp:239] Iteration 3000 (28.3411 iter/s, 17.6422s/500 iters), loss = 0.00245091
I0502 19:06:09.666105  3863 solver.cpp:258]     Train net output #0: loss = 0.00245097 (* 1 = 0.00245097 loss)
I0502 19:06:09.666111  3863 sgd_solver.cpp:112] Iteration 3000, lr = 0.01
I0502 19:06:13.178977  3870 data_layer.cpp:73] Restarting data prefetching from start.
I0502 19:06:13.442085  3863 solver.cpp:351] Iteration 3125, Testing net (#0)
I0502 19:06:13.625937  3871 data_layer.cpp:73] Restarting data prefetching from start.
I0502 19:06:13.993824  3871 data_layer.cpp:73] Restarting data prefetching from start.
I0502 19:06:14.042013  3863 solver.cpp:418]     Test net output #0: accuracy = 0.988125
I0502 19:06:14.042039  3863 solver.cpp:418]     Test net output #1: loss = 0.056243 (* 1 = 0.056243 loss)
I0502 19:06:17.739569  3870 data_layer.cpp:73] Restarting data prefetching from start.
I0502 19:06:17.850850  3863 solver.cpp:351] Iteration 3250, Testing net (#0)
I0502 19:06:18.195416  3871 data_layer.cpp:73] Restarting data prefetching from start.
I0502 19:06:18.439483  3863 solver.cpp:418]     Test net output #0: accuracy = 0.988125
I0502 19:06:18.439530  3863 solver.cpp:418]     Test net output #1: loss = 0.0474957 (* 1 = 0.0474957 loss)
I0502 19:06:22.390720  3863 solver.cpp:351] Iteration 3375, Testing net (#0)
I0502 19:06:22.585577  3871 data_layer.cpp:73] Restarting data prefetching from start.
I0502 19:06:23.006208  3871 data_layer.cpp:73] Restarting data prefetching from start.
I0502 19:06:23.086496  3863 solver.cpp:418]     Test net output #0: accuracy = 0.99
I0502 19:06:23.086529  3863 solver.cpp:418]     Test net output #1: loss = 0.0499798 (* 1 = 0.0499798 loss)
I0502 19:06:23.125669  3870 data_layer.cpp:73] Restarting data prefetching from start.
I0502 19:06:27.020220  3863 solver.cpp:351] Iteration 3500, Testing net (#0)
I0502 19:06:27.337818  3871 data_layer.cpp:73] Restarting data prefetching from start.
I0502 19:06:27.609616  3863 solver.cpp:418]     Test net output #0: accuracy = 0.99
I0502 19:06:27.609639  3863 solver.cpp:418]     Test net output #1: loss = 0.044867 (* 1 = 0.044867 loss)
I0502 19:06:27.643995  3863 solver.cpp:239] Iteration 3500 (27.8132 iter/s, 17.9771s/500 iters), loss = 0.00177083
I0502 19:06:27.644034  3863 solver.cpp:258]     Train net output #0: loss = 0.00177088 (* 1 = 0.00177088 loss)
I0502 19:06:27.644039  3863 sgd_solver.cpp:112] Iteration 3500, lr = 0.01
I0502 19:06:27.815469  3870 data_layer.cpp:73] Restarting data prefetching from start.
I0502 19:06:31.432826  3863 solver.cpp:351] Iteration 3625, Testing net (#0)
I0502 19:06:31.566766  3871 data_layer.cpp:73] Restarting data prefetching from start.
I0502 19:06:31.922960  3871 data_layer.cpp:73] Restarting data prefetching from start.
I0502 19:06:32.028762  3863 solver.cpp:418]     Test net output #0: accuracy = 0.989688
I0502 19:06:32.028789  3863 solver.cpp:418]     Test net output #1: loss = 0.0520275 (* 1 = 0.0520275 loss)
I0502 19:06:32.374790  3870 data_layer.cpp:73] Restarting data prefetching from start.
I0502 19:06:35.829924  3863 solver.cpp:351] Iteration 3750, Testing net (#0)
I0502 19:06:36.118809  3871 data_layer.cpp:73] Restarting data prefetching from start.
I0502 19:06:36.412297  3863 solver.cpp:418]     Test net output #0: accuracy = 0.99
I0502 19:06:36.412324  3863 solver.cpp:418]     Test net output #1: loss = 0.0421706 (* 1 = 0.0421706 loss)
I0502 19:06:36.901778  3870 data_layer.cpp:73] Restarting data prefetching from start.
I0502 19:06:40.204116  3863 solver.cpp:351] Iteration 3875, Testing net (#0)
I0502 19:06:40.308555  3871 data_layer.cpp:73] Restarting data prefetching from start.
I0502 19:06:40.678223  3871 data_layer.cpp:73] Restarting data prefetching from start.
I0502 19:06:40.802459  3863 solver.cpp:418]     Test net output #0: accuracy = 0.989062
I0502 19:06:40.802486  3863 solver.cpp:418]     Test net output #1: loss = 0.0492643 (* 1 = 0.0492643 loss)
I0502 19:06:41.469314  3870 data_layer.cpp:73] Restarting data prefetching from start.
I0502 19:06:44.621237  3863 solver.cpp:468] Snapshotting to binary proto file models/sp_final_lenet/exp_8/caffe_lenet_fixed8_train_iter_4000.caffemodel
I0502 19:06:44.645400  3863 sgd_solver.cpp:280] Snapshotting solver state to binary proto file models/sp_final_lenet/exp_8/caffe_lenet_fixed8_train_iter_4000.solverstate
I0502 19:06:44.647944  3863 solver.cpp:351] Iteration 4000, Testing net (#0)
I0502 19:06:44.898036  3871 data_layer.cpp:73] Restarting data prefetching from start.
I0502 19:06:45.230504  3863 solver.cpp:418]     Test net output #0: accuracy = 0.98875
I0502 19:06:45.230530  3863 solver.cpp:418]     Test net output #1: loss = 0.0468433 (* 1 = 0.0468433 loss)
I0502 19:06:45.265442  3863 solver.cpp:239] Iteration 4000 (28.3769 iter/s, 17.62s/500 iters), loss = 0.00146126
I0502 19:06:45.265488  3863 solver.cpp:258]     Train net output #0: loss = 0.00146132 (* 1 = 0.00146132 loss)
I0502 19:06:45.265496  3863 sgd_solver.cpp:112] Iteration 4000, lr = 0.01
I0502 19:06:46.045120  3870 data_layer.cpp:73] Restarting data prefetching from start.
I0502 19:06:49.051815  3863 solver.cpp:351] Iteration 4125, Testing net (#0)
I0502 19:06:49.129354  3871 data_layer.cpp:73] Restarting data prefetching from start.
I0502 19:06:49.496654  3871 data_layer.cpp:73] Restarting data prefetching from start.
I0502 19:06:49.663748  3863 solver.cpp:418]     Test net output #0: accuracy = 0.989375
I0502 19:06:49.663774  3863 solver.cpp:418]     Test net output #1: loss = 0.0444145 (* 1 = 0.0444145 loss)
I0502 19:06:50.613677  3870 data_layer.cpp:73] Restarting data prefetching from start.
I0502 19:06:53.468284  3863 solver.cpp:351] Iteration 4250, Testing net (#0)
I0502 19:06:53.707859  3871 data_layer.cpp:73] Restarting data prefetching from start.
I0502 19:06:54.056218  3863 solver.cpp:418]     Test net output #0: accuracy = 0.988437
I0502 19:06:54.056270  3863 solver.cpp:418]     Test net output #1: loss = 0.048606 (* 1 = 0.048606 loss)
I0502 19:06:55.164155  3870 data_layer.cpp:73] Restarting data prefetching from start.
I0502 19:06:57.854208  3863 solver.cpp:351] Iteration 4375, Testing net (#0)
I0502 19:06:57.889199  3871 data_layer.cpp:73] Restarting data prefetching from start.
I0502 19:06:58.267207  3871 data_layer.cpp:73] Restarting data prefetching from start.
I0502 19:06:58.455618  3863 solver.cpp:418]     Test net output #0: accuracy = 0.987813
I0502 19:06:58.455642  3863 solver.cpp:418]     Test net output #1: loss = 0.0470515 (* 1 = 0.0470515 loss)
I0502 19:06:59.728229  3870 data_layer.cpp:73] Restarting data prefetching from start.
I0502 19:07:02.278450  3863 solver.cpp:351] Iteration 4500, Testing net (#0)
I0502 19:07:02.487388  3871 data_layer.cpp:73] Restarting data prefetching from start.
I0502 19:07:02.862720  3871 data_layer.cpp:73] Restarting data prefetching from start.
I0502 19:07:02.876556  3863 solver.cpp:418]     Test net output #0: accuracy = 0.986875
I0502 19:07:02.876585  3863 solver.cpp:418]     Test net output #1: loss = 0.0489597 (* 1 = 0.0489597 loss)
I0502 19:07:02.911360  3863 solver.cpp:239] Iteration 4500 (28.3375 iter/s, 17.6444s/500 iters), loss = 0.0019908
I0502 19:07:02.911407  3863 solver.cpp:258]     Train net output #0: loss = 0.00199084 (* 1 = 0.00199084 loss)
I0502 19:07:02.911415  3863 sgd_solver.cpp:112] Iteration 4500, lr = 0.01
I0502 19:07:04.309480  3870 data_layer.cpp:73] Restarting data prefetching from start.
I0502 19:07:06.702879  3863 solver.cpp:351] Iteration 4625, Testing net (#0)
I0502 19:07:07.070392  3871 data_layer.cpp:73] Restarting data prefetching from start.
I0502 19:07:07.290576  3863 solver.cpp:418]     Test net output #0: accuracy = 0.988125
I0502 19:07:07.290604  3863 solver.cpp:418]     Test net output #1: loss = 0.044203 (* 1 = 0.044203 loss)
I0502 19:07:08.847316  3870 data_layer.cpp:73] Restarting data prefetching from start.
I0502 19:07:11.080313  3863 solver.cpp:351] Iteration 4750, Testing net (#0)
I0502 19:07:11.262506  3871 data_layer.cpp:73] Restarting data prefetching from start.
I0502 19:07:11.632253  3871 data_layer.cpp:73] Restarting data prefetching from start.
I0502 19:07:11.687180  3863 solver.cpp:418]     Test net output #0: accuracy = 0.9875
I0502 19:07:11.687206  3863 solver.cpp:418]     Test net output #1: loss = 0.0514715 (* 1 = 0.0514715 loss)
I0502 19:07:13.421033  3870 data_layer.cpp:73] Restarting data prefetching from start.
I0502 19:07:15.512864  3863 solver.cpp:351] Iteration 4875, Testing net (#0)
I0502 19:07:15.858196  3871 data_layer.cpp:73] Restarting data prefetching from start.
I0502 19:07:16.105752  3863 solver.cpp:418]     Test net output #0: accuracy = 0.987188
I0502 19:07:16.105780  3863 solver.cpp:418]     Test net output #1: loss = 0.0452626 (* 1 = 0.0452626 loss)
I0502 19:07:17.969254  3870 data_layer.cpp:73] Restarting data prefetching from start.
I0502 19:07:19.907483  3863 solver.cpp:468] Snapshotting to binary proto file models/sp_final_lenet/exp_8/caffe_lenet_fixed8_train_iter_5000.caffemodel
I0502 19:07:19.934860  3863 sgd_solver.cpp:280] Snapshotting solver state to binary proto file models/sp_final_lenet/exp_8/caffe_lenet_fixed8_train_iter_5000.solverstate
I0502 19:07:19.938086  3863 solver.cpp:351] Iteration 5000, Testing net (#0)
I0502 19:07:20.091606  3871 data_layer.cpp:73] Restarting data prefetching from start.
I0502 19:07:20.463050  3871 data_layer.cpp:73] Restarting data prefetching from start.
I0502 19:07:20.541740  3863 solver.cpp:418]     Test net output #0: accuracy = 0.9875
I0502 19:07:20.541766  3863 solver.cpp:418]     Test net output #1: loss = 0.0514225 (* 1 = 0.0514225 loss)
I0502 19:07:20.575318  3863 solver.cpp:239] Iteration 5000 (28.3076 iter/s, 17.6631s/500 iters), loss = 0.0151319
I0502 19:07:20.575394  3863 solver.cpp:258]     Train net output #0: loss = 0.015132 (* 1 = 0.015132 loss)
I0502 19:07:20.575403  3863 sgd_solver.cpp:112] Iteration 5000, lr = 0.01
I0502 19:07:22.564422  3870 data_layer.cpp:73] Restarting data prefetching from start.
I0502 19:07:24.363793  3863 solver.cpp:351] Iteration 5125, Testing net (#0)
I0502 19:07:24.681659  3871 data_layer.cpp:73] Restarting data prefetching from start.
I0502 19:07:24.952607  3863 solver.cpp:418]     Test net output #0: accuracy = 0.98625
I0502 19:07:24.952657  3863 solver.cpp:418]     Test net output #1: loss = 0.0466623 (* 1 = 0.0466623 loss)
I0502 19:07:27.115602  3870 data_layer.cpp:73] Restarting data prefetching from start.
I0502 19:07:28.758903  3863 solver.cpp:351] Iteration 5250, Testing net (#0)
I0502 19:07:28.891821  3871 data_layer.cpp:73] Restarting data prefetching from start.
I0502 19:07:29.253238  3871 data_layer.cpp:73] Restarting data prefetching from start.
I0502 19:07:29.360370  3863 solver.cpp:418]     Test net output #0: accuracy = 0.986562
I0502 19:07:29.360394  3863 solver.cpp:418]     Test net output #1: loss = 0.0558146 (* 1 = 0.0558146 loss)
I0502 19:07:31.689038  3870 data_layer.cpp:73] Restarting data prefetching from start.
I0502 19:07:33.168458  3863 solver.cpp:351] Iteration 5375, Testing net (#0)
I0502 19:07:33.457471  3871 data_layer.cpp:73] Restarting data prefetching from start.
I0502 19:07:33.748535  3863 solver.cpp:418]     Test net output #0: accuracy = 0.987188
I0502 19:07:33.748587  3863 solver.cpp:418]     Test net output #1: loss = 0.0453355 (* 1 = 0.0453355 loss)
I0502 19:07:36.222108  3870 data_layer.cpp:73] Restarting data prefetching from start.
I0502 19:07:37.554574  3863 solver.cpp:351] Iteration 5500, Testing net (#0)
I0502 19:07:37.655866  3871 data_layer.cpp:73] Restarting data prefetching from start.
I0502 19:07:38.034005  3871 data_layer.cpp:73] Restarting data prefetching from start.
I0502 19:07:38.173493  3863 solver.cpp:418]     Test net output #0: accuracy = 0.986562
I0502 19:07:38.173518  3863 solver.cpp:418]     Test net output #1: loss = 0.0532275 (* 1 = 0.0532275 loss)
I0502 19:07:38.208940  3863 solver.cpp:239] Iteration 5500 (28.3575 iter/s, 17.632s/500 iters), loss = 0.00217699
I0502 19:07:38.208989  3863 solver.cpp:258]     Train net output #0: loss = 0.00217703 (* 1 = 0.00217703 loss)
I0502 19:07:38.208997  3863 sgd_solver.cpp:112] Iteration 5500, lr = 0.01
I0502 19:07:40.806035  3870 data_layer.cpp:73] Restarting data prefetching from start.
I0502 19:07:41.988917  3863 solver.cpp:351] Iteration 5625, Testing net (#0)
I0502 19:07:42.249615  3871 data_layer.cpp:73] Restarting data prefetching from start.
I0502 19:07:42.573581  3863 solver.cpp:418]     Test net output #0: accuracy = 0.988125
I0502 19:07:42.573611  3863 solver.cpp:418]     Test net output #1: loss = 0.050654 (* 1 = 0.050654 loss)
I0502 19:07:45.349380  3870 data_layer.cpp:73] Restarting data prefetching from start.
I0502 19:07:46.379892  3863 solver.cpp:351] Iteration 5750, Testing net (#0)
I0502 19:07:46.459969  3871 data_layer.cpp:73] Restarting data prefetching from start.
I0502 19:07:46.824494  3871 data_layer.cpp:73] Restarting data prefetching from start.
I0502 19:07:46.984597  3863 solver.cpp:418]     Test net output #0: accuracy = 0.987813
I0502 19:07:46.984622  3863 solver.cpp:418]     Test net output #1: loss = 0.0487895 (* 1 = 0.0487895 loss)
I0502 19:07:49.919723  3870 data_layer.cpp:73] Restarting data prefetching from start.
I0502 19:07:50.797899  3863 solver.cpp:351] Iteration 5875, Testing net (#0)
I0502 19:07:51.032622  3871 data_layer.cpp:73] Restarting data prefetching from start.
I0502 19:07:51.378566  3863 solver.cpp:418]     Test net output #0: accuracy = 0.988125
I0502 19:07:51.378592  3863 solver.cpp:418]     Test net output #1: loss = 0.0503562 (* 1 = 0.0503562 loss)
I0502 19:07:54.475512  3870 data_layer.cpp:73] Restarting data prefetching from start.
I0502 19:07:55.211045  3863 solver.cpp:468] Snapshotting to binary proto file models/sp_final_lenet/exp_8/caffe_lenet_fixed8_train_iter_6000.caffemodel
I0502 19:07:55.232926  3863 sgd_solver.cpp:280] Snapshotting solver state to binary proto file models/sp_final_lenet/exp_8/caffe_lenet_fixed8_train_iter_6000.solverstate
I0502 19:07:55.235409  3863 solver.cpp:351] Iteration 6000, Testing net (#0)
I0502 19:07:55.259318  3871 data_layer.cpp:73] Restarting data prefetching from start.
I0502 19:07:55.630478  3871 data_layer.cpp:73] Restarting data prefetching from start.
I0502 19:07:55.820228  3863 solver.cpp:418]     Test net output #0: accuracy = 0.98875
I0502 19:07:55.820255  3863 solver.cpp:418]     Test net output #1: loss = 0.0466434 (* 1 = 0.0466434 loss)
I0502 19:07:55.853452  3863 solver.cpp:239] Iteration 6000 (28.3388 iter/s, 17.6437s/500 iters), loss = 0.00149886
I0502 19:07:55.853502  3863 solver.cpp:258]     Train net output #0: loss = 0.00149891 (* 1 = 0.00149891 loss)
I0502 19:07:55.853538  3863 sgd_solver.cpp:112] Iteration 6000, lr = 0.01
I0502 19:07:59.057710  3870 data_layer.cpp:73] Restarting data prefetching from start.
I0502 19:07:59.637014  3863 solver.cpp:351] Iteration 6125, Testing net (#0)
I0502 19:07:59.846837  3871 data_layer.cpp:73] Restarting data prefetching from start.
I0502 19:08:00.233976  3871 data_layer.cpp:73] Restarting data prefetching from start.
I0502 19:08:00.245651  3863 solver.cpp:418]     Test net output #0: accuracy = 0.988125
I0502 19:08:00.245677  3863 solver.cpp:418]     Test net output #1: loss = 0.0500693 (* 1 = 0.0500693 loss)
I0502 19:08:03.651439  3870 data_layer.cpp:73] Restarting data prefetching from start.
I0502 19:08:04.064080  3863 solver.cpp:351] Iteration 6250, Testing net (#0)
I0502 19:08:04.438500  3871 data_layer.cpp:73] Restarting data prefetching from start.
I0502 19:08:04.652829  3863 solver.cpp:418]     Test net output #0: accuracy = 0.98875
I0502 19:08:04.652860  3863 solver.cpp:418]     Test net output #1: loss = 0.044673 (* 1 = 0.044673 loss)
I0502 19:08:08.204488  3870 data_layer.cpp:73] Restarting data prefetching from start.
I0502 19:08:08.467562  3863 solver.cpp:351] Iteration 6375, Testing net (#0)
I0502 19:08:08.658450  3871 data_layer.cpp:73] Restarting data prefetching from start.
I0502 19:08:09.020246  3871 data_layer.cpp:73] Restarting data prefetching from start.
I0502 19:08:09.068454  3863 solver.cpp:418]     Test net output #0: accuracy = 0.988125
I0502 19:08:09.068483  3863 solver.cpp:418]     Test net output #1: loss = 0.0506216 (* 1 = 0.0506216 loss)
I0502 19:08:13.225215  3870 data_layer.cpp:73] Restarting data prefetching from start.
I0502 19:08:13.336940  3863 solver.cpp:351] Iteration 6500, Testing net (#0)
I0502 19:08:13.686803  3871 data_layer.cpp:73] Restarting data prefetching from start.
I0502 19:08:13.932644  3863 solver.cpp:418]     Test net output #0: accuracy = 0.9875
I0502 19:08:13.932667  3863 solver.cpp:418]     Test net output #1: loss = 0.0441078 (* 1 = 0.0441078 loss)
I0502 19:08:13.966364  3863 solver.cpp:239] Iteration 6500 (27.6071 iter/s, 18.1113s/500 iters), loss = 0.00176141
I0502 19:08:13.966406  3863 solver.cpp:258]     Train net output #0: loss = 0.00176145 (* 1 = 0.00176145 loss)
I0502 19:08:13.966413  3863 sgd_solver.cpp:112] Iteration 6500, lr = 0.01
I0502 19:08:17.726449  3863 solver.cpp:351] Iteration 6625, Testing net (#0)
I0502 19:08:17.879009  3871 data_layer.cpp:73] Restarting data prefetching from start.
I0502 19:08:18.258869  3871 data_layer.cpp:73] Restarting data prefetching from start.
I0502 19:08:18.340062  3863 solver.cpp:418]     Test net output #0: accuracy = 0.988437
I0502 19:08:18.340086  3863 solver.cpp:418]     Test net output #1: loss = 0.048622 (* 1 = 0.048622 loss)
I0502 19:08:18.379405  3870 data_layer.cpp:73] Restarting data prefetching from start.
I0502 19:08:22.123996  3863 solver.cpp:351] Iteration 6750, Testing net (#0)
I0502 19:08:22.442667  3871 data_layer.cpp:73] Restarting data prefetching from start.
I0502 19:08:22.722128  3863 solver.cpp:418]     Test net output #0: accuracy = 0.988125
I0502 19:08:22.722158  3863 solver.cpp:418]     Test net output #1: loss = 0.0424613 (* 1 = 0.0424613 loss)
I0502 19:08:22.910890  3870 data_layer.cpp:73] Restarting data prefetching from start.
I0502 19:08:26.526401  3863 solver.cpp:351] Iteration 6875, Testing net (#0)
I0502 19:08:26.655176  3871 data_layer.cpp:73] Restarting data prefetching from start.
I0502 19:08:27.023437  3871 data_layer.cpp:73] Restarting data prefetching from start.
I0502 19:08:27.128857  3863 solver.cpp:418]     Test net output #0: accuracy = 0.987813
I0502 19:08:27.128882  3863 solver.cpp:418]     Test net output #1: loss = 0.0514487 (* 1 = 0.0514487 loss)
I0502 19:08:27.479329  3870 data_layer.cpp:73] Restarting data prefetching from start.
I0502 19:08:30.915916  3863 solver.cpp:468] Snapshotting to binary proto file models/sp_final_lenet/exp_8/caffe_lenet_fixed8_train_iter_7000.caffemodel
I0502 19:08:30.942970  3863 sgd_solver.cpp:280] Snapshotting solver state to binary proto file models/sp_final_lenet/exp_8/caffe_lenet_fixed8_train_iter_7000.solverstate
I0502 19:08:31.052995  3863 solver.cpp:351] Iteration 7000, Testing net (#0)
I0502 19:08:31.329080  3871 data_layer.cpp:73] Restarting data prefetching from start.
I0502 19:08:31.637739  3863 solver.cpp:418]     Test net output #0: accuracy = 0.98875
I0502 19:08:31.637766  3863 solver.cpp:418]     Test net output #1: loss = 0.0409791 (* 1 = 0.0409791 loss)
I0502 19:08:31.672161  3863 solver.cpp:239] Iteration 7000 (28.2415 iter/s, 17.7044s/500 iters), loss = 0.00123915
I0502 19:08:31.672201  3863 solver.cpp:258]     Train net output #0: loss = 0.0012392 (* 1 = 0.0012392 loss)
I0502 19:08:31.672207  3863 sgd_solver.cpp:112] Iteration 7000, lr = 0.01
I0502 19:08:32.149912  3870 data_layer.cpp:73] Restarting data prefetching from start.
I0502 19:08:35.463378  3863 solver.cpp:351] Iteration 7125, Testing net (#0)
I0502 19:08:35.565136  3871 data_layer.cpp:73] Restarting data prefetching from start.
I0502 19:08:35.940595  3871 data_layer.cpp:73] Restarting data prefetching from start.
I0502 19:08:36.065321  3863 solver.cpp:418]     Test net output #0: accuracy = 0.987813
I0502 19:08:36.065347  3863 solver.cpp:418]     Test net output #1: loss = 0.048856 (* 1 = 0.048856 loss)
I0502 19:08:36.723572  3870 data_layer.cpp:73] Restarting data prefetching from start.
I0502 19:08:39.901945  3863 solver.cpp:351] Iteration 7250, Testing net (#0)
I0502 19:08:40.170742  3871 data_layer.cpp:73] Restarting data prefetching from start.
I0502 19:08:40.501451  3863 solver.cpp:418]     Test net output #0: accuracy = 0.987813
I0502 19:08:40.501480  3863 solver.cpp:418]     Test net output #1: loss = 0.0463606 (* 1 = 0.0463606 loss)
I0502 19:08:41.318835  3870 data_layer.cpp:73] Restarting data prefetching from start.
I0502 19:08:44.328467  3863 solver.cpp:351] Iteration 7375, Testing net (#0)
I0502 19:08:44.405750  3871 data_layer.cpp:73] Restarting data prefetching from start.
I0502 19:08:44.768507  3871 data_layer.cpp:73] Restarting data prefetching from start.
I0502 19:08:44.930943  3863 solver.cpp:418]     Test net output #0: accuracy = 0.988437
I0502 19:08:44.930969  3863 solver.cpp:418]     Test net output #1: loss = 0.0433207 (* 1 = 0.0433207 loss)
I0502 19:08:45.891137  3870 data_layer.cpp:73] Restarting data prefetching from start.
I0502 19:08:48.738734  3863 solver.cpp:351] Iteration 7500, Testing net (#0)
I0502 19:08:48.978454  3871 data_layer.cpp:73] Restarting data prefetching from start.
I0502 19:08:49.331681  3863 solver.cpp:418]     Test net output #0: accuracy = 0.9875
I0502 19:08:49.331707  3863 solver.cpp:418]     Test net output #1: loss = 0.046354 (* 1 = 0.046354 loss)
I0502 19:08:49.365203  3863 solver.cpp:239] Iteration 7500 (28.261 iter/s, 17.6922s/500 iters), loss = 0.00197604
I0502 19:08:49.365245  3863 solver.cpp:258]     Train net output #0: loss = 0.00197609 (* 1 = 0.00197609 loss)
I0502 19:08:49.365252  3863 sgd_solver.cpp:112] Iteration 7500, lr = 0.01
I0502 19:08:50.447294  3870 data_layer.cpp:73] Restarting data prefetching from start.
I0502 19:08:53.152825  3863 solver.cpp:351] Iteration 7625, Testing net (#0)
I0502 19:08:53.187949  3871 data_layer.cpp:73] Restarting data prefetching from start.
I0502 19:08:53.563560  3871 data_layer.cpp:73] Restarting data prefetching from start.
I0502 19:08:53.753437  3863 solver.cpp:418]     Test net output #0: accuracy = 0.989062
I0502 19:08:53.753461  3863 solver.cpp:418]     Test net output #1: loss = 0.0428489 (* 1 = 0.0428489 loss)
I0502 19:08:55.017666  3870 data_layer.cpp:73] Restarting data prefetching from start.
I0502 19:08:57.569401  3863 solver.cpp:351] Iteration 7750, Testing net (#0)
I0502 19:08:57.778650  3871 data_layer.cpp:73] Restarting data prefetching from start.
I0502 19:08:58.148455  3871 data_layer.cpp:73] Restarting data prefetching from start.
I0502 19:08:58.159440  3863 solver.cpp:418]     Test net output #0: accuracy = 0.9875
I0502 19:08:58.159477  3863 solver.cpp:418]     Test net output #1: loss = 0.0485313 (* 1 = 0.0485313 loss)
I0502 19:08:59.571000  3870 data_layer.cpp:73] Restarting data prefetching from start.
I0502 19:09:01.963208  3863 solver.cpp:351] Iteration 7875, Testing net (#0)
I0502 19:09:02.336668  3871 data_layer.cpp:73] Restarting data prefetching from start.
I0502 19:09:02.557313  3863 solver.cpp:418]     Test net output #0: accuracy = 0.988437
I0502 19:09:02.557337  3863 solver.cpp:418]     Test net output #1: loss = 0.0424239 (* 1 = 0.0424239 loss)
I0502 19:09:04.117202  3870 data_layer.cpp:73] Restarting data prefetching from start.
I0502 19:09:06.369091  3863 solver.cpp:468] Snapshotting to binary proto file models/sp_final_lenet/exp_8/caffe_lenet_fixed8_train_iter_8000.caffemodel
I0502 19:09:06.398314  3863 sgd_solver.cpp:280] Snapshotting solver state to binary proto file models/sp_final_lenet/exp_8/caffe_lenet_fixed8_train_iter_8000.solverstate
I0502 19:09:06.400988  3863 solver.cpp:351] Iteration 8000, Testing net (#0)
I0502 19:09:06.571471  3871 data_layer.cpp:73] Restarting data prefetching from start.
I0502 19:09:06.932999  3871 data_layer.cpp:73] Restarting data prefetching from start.
I0502 19:09:06.993749  3863 solver.cpp:418]     Test net output #0: accuracy = 0.9875
I0502 19:09:06.993779  3863 solver.cpp:418]     Test net output #1: loss = 0.0493429 (* 1 = 0.0493429 loss)
I0502 19:09:07.028666  3863 solver.cpp:239] Iteration 8000 (28.3094 iter/s, 17.662s/500 iters), loss = 0.0019439
I0502 19:09:07.028708  3863 solver.cpp:258]     Train net output #0: loss = 0.00194395 (* 1 = 0.00194395 loss)
I0502 19:09:07.028717  3863 sgd_solver.cpp:112] Iteration 8000, lr = 0.01
I0502 19:09:08.706521  3870 data_layer.cpp:73] Restarting data prefetching from start.
I0502 19:09:10.806577  3863 solver.cpp:351] Iteration 8125, Testing net (#0)
I0502 19:09:11.155882  3871 data_layer.cpp:73] Restarting data prefetching from start.
I0502 19:09:11.399134  3863 solver.cpp:418]     Test net output #0: accuracy = 0.987188
I0502 19:09:11.399163  3863 solver.cpp:418]     Test net output #1: loss = 0.0440761 (* 1 = 0.0440761 loss)
I0502 19:09:13.264806  3870 data_layer.cpp:73] Restarting data prefetching from start.
I0502 19:09:15.204813  3863 solver.cpp:351] Iteration 8250, Testing net (#0)
I0502 19:09:15.366214  3871 data_layer.cpp:73] Restarting data prefetching from start.
I0502 19:09:15.743795  3871 data_layer.cpp:73] Restarting data prefetching from start.
I0502 19:09:15.820474  3863 solver.cpp:418]     Test net output #0: accuracy = 0.987188
I0502 19:09:15.820502  3863 solver.cpp:418]     Test net output #1: loss = 0.0488304 (* 1 = 0.0488304 loss)
I0502 19:09:17.844420  3870 data_layer.cpp:73] Restarting data prefetching from start.
I0502 19:09:19.643915  3863 solver.cpp:351] Iteration 8375, Testing net (#0)
I0502 19:09:19.957485  3871 data_layer.cpp:73] Restarting data prefetching from start.
I0502 19:09:20.234388  3863 solver.cpp:418]     Test net output #0: accuracy = 0.985937
I0502 19:09:20.234414  3863 solver.cpp:418]     Test net output #1: loss = 0.0469148 (* 1 = 0.0469148 loss)
I0502 19:09:22.424638  3870 data_layer.cpp:73] Restarting data prefetching from start.
I0502 19:09:24.052718  3863 solver.cpp:351] Iteration 8500, Testing net (#0)
I0502 19:09:24.181886  3871 data_layer.cpp:73] Restarting data prefetching from start.
I0502 19:09:24.542438  3871 data_layer.cpp:73] Restarting data prefetching from start.
I0502 19:09:24.653949  3863 solver.cpp:418]     Test net output #0: accuracy = 0.986562
I0502 19:09:24.653972  3863 solver.cpp:418]     Test net output #1: loss = 0.0543951 (* 1 = 0.0543951 loss)
I0502 19:09:24.687865  3863 solver.cpp:239] Iteration 8500 (28.3152 iter/s, 17.6584s/500 iters), loss = 0.00243241
I0502 19:09:24.687906  3863 solver.cpp:258]     Train net output #0: loss = 0.00243246 (* 1 = 0.00243246 loss)
I0502 19:09:24.687912  3863 sgd_solver.cpp:112] Iteration 8500, lr = 0.01
I0502 19:09:26.986490  3870 data_layer.cpp:73] Restarting data prefetching from start.
I0502 19:09:28.466958  3863 solver.cpp:351] Iteration 8625, Testing net (#0)
I0502 19:09:28.755604  3871 data_layer.cpp:73] Restarting data prefetching from start.
I0502 19:09:29.049363  3863 solver.cpp:418]     Test net output #0: accuracy = 0.987188
I0502 19:09:29.049389  3863 solver.cpp:418]     Test net output #1: loss = 0.0441045 (* 1 = 0.0441045 loss)
I0502 19:09:31.530287  3870 data_layer.cpp:73] Restarting data prefetching from start.
I0502 19:09:32.858077  3863 solver.cpp:351] Iteration 8750, Testing net (#0)
I0502 19:09:32.953378  3871 data_layer.cpp:73] Restarting data prefetching from start.
I0502 19:09:33.335032  3871 data_layer.cpp:73] Restarting data prefetching from start.
I0502 19:09:33.470197  3863 solver.cpp:418]     Test net output #0: accuracy = 0.987188
I0502 19:09:33.470221  3863 solver.cpp:418]     Test net output #1: loss = 0.0512 (* 1 = 0.0512 loss)
I0502 19:09:36.103664  3870 data_layer.cpp:73] Restarting data prefetching from start.
I0502 19:09:37.282579  3863 solver.cpp:351] Iteration 8875, Testing net (#0)
I0502 19:09:37.537768  3871 data_layer.cpp:73] Restarting data prefetching from start.
I0502 19:09:37.868322  3863 solver.cpp:418]     Test net output #0: accuracy = 0.987813
I0502 19:09:37.868350  3863 solver.cpp:418]     Test net output #1: loss = 0.048858 (* 1 = 0.048858 loss)
I0502 19:09:40.645684  3870 data_layer.cpp:73] Restarting data prefetching from start.
I0502 19:09:41.676255  3863 solver.cpp:468] Snapshotting to binary proto file models/sp_final_lenet/exp_8/caffe_lenet_fixed8_train_iter_9000.caffemodel
I0502 19:09:41.704239  3863 sgd_solver.cpp:280] Snapshotting solver state to binary proto file models/sp_final_lenet/exp_8/caffe_lenet_fixed8_train_iter_9000.solverstate
I0502 19:09:41.707010  3863 solver.cpp:351] Iteration 9000, Testing net (#0)
I0502 19:09:41.769136  3871 data_layer.cpp:73] Restarting data prefetching from start.
I0502 19:09:42.127012  3871 data_layer.cpp:73] Restarting data prefetching from start.
I0502 19:09:42.293018  3863 solver.cpp:418]     Test net output #0: accuracy = 0.987188
I0502 19:09:42.293047  3863 solver.cpp:418]     Test net output #1: loss = 0.0459642 (* 1 = 0.0459642 loss)
I0502 19:09:42.328673  3863 solver.cpp:239] Iteration 9000 (28.3457 iter/s, 17.6393s/500 iters), loss = 0.00222218
I0502 19:09:42.328735  3863 solver.cpp:258]     Train net output #0: loss = 0.00222223 (* 1 = 0.00222223 loss)
I0502 19:09:42.328747  3863 sgd_solver.cpp:112] Iteration 9000, lr = 0.01
I0502 19:09:45.229574  3870 data_layer.cpp:73] Restarting data prefetching from start.
I0502 19:09:46.102861  3863 solver.cpp:351] Iteration 9125, Testing net (#0)
I0502 19:09:46.349534  3871 data_layer.cpp:73] Restarting data prefetching from start.
I0502 19:09:46.706063  3863 solver.cpp:418]     Test net output #0: accuracy = 0.987813
I0502 19:09:46.706089  3863 solver.cpp:418]     Test net output #1: loss = 0.0489828 (* 1 = 0.0489828 loss)
I0502 19:09:49.804173  3870 data_layer.cpp:73] Restarting data prefetching from start.
I0502 19:09:50.533012  3863 solver.cpp:351] Iteration 9250, Testing net (#0)
I0502 19:09:50.573271  3871 data_layer.cpp:73] Restarting data prefetching from start.
I0502 19:09:50.942309  3871 data_layer.cpp:73] Restarting data prefetching from start.
I0502 19:09:51.134876  3863 solver.cpp:418]     Test net output #0: accuracy = 0.9875
I0502 19:09:51.134904  3863 solver.cpp:418]     Test net output #1: loss = 0.0456244 (* 1 = 0.0456244 loss)
I0502 19:09:54.368810  3870 data_layer.cpp:73] Restarting data prefetching from start.
I0502 19:09:54.933804  3863 solver.cpp:351] Iteration 9375, Testing net (#0)
I0502 19:09:55.136549  3871 data_layer.cpp:73] Restarting data prefetching from start.
I0502 19:09:55.507339  3871 data_layer.cpp:73] Restarting data prefetching from start.
I0502 19:09:55.515403  3863 solver.cpp:418]     Test net output #0: accuracy = 0.988125
I0502 19:09:55.515424  3863 solver.cpp:418]     Test net output #1: loss = 0.0496313 (* 1 = 0.0496313 loss)
I0502 19:09:58.896252  3870 data_layer.cpp:73] Restarting data prefetching from start.
I0502 19:09:59.323573  3863 solver.cpp:351] Iteration 9500, Testing net (#0)
I0502 19:09:59.702390  3871 data_layer.cpp:73] Restarting data prefetching from start.
I0502 19:09:59.924557  3863 solver.cpp:418]     Test net output #0: accuracy = 0.98875
I0502 19:09:59.924583  3863 solver.cpp:418]     Test net output #1: loss = 0.0443115 (* 1 = 0.0443115 loss)
I0502 19:09:59.963649  3863 solver.cpp:239] Iteration 9500 (28.3541 iter/s, 17.6341s/500 iters), loss = 0.00189452
I0502 19:09:59.963695  3863 solver.cpp:258]     Train net output #0: loss = 0.00189456 (* 1 = 0.00189456 loss)
I0502 19:09:59.963721  3863 sgd_solver.cpp:112] Iteration 9500, lr = 0.01
I0502 19:10:03.480844  3870 data_layer.cpp:73] Restarting data prefetching from start.
I0502 19:10:03.754242  3863 solver.cpp:351] Iteration 9625, Testing net (#0)
I0502 19:10:03.936170  3871 data_layer.cpp:73] Restarting data prefetching from start.
I0502 19:10:04.301566  3871 data_layer.cpp:73] Restarting data prefetching from start.
I0502 19:10:04.356309  3863 solver.cpp:418]     Test net output #0: accuracy = 0.988125
I0502 19:10:04.356338  3863 solver.cpp:418]     Test net output #1: loss = 0.0505762 (* 1 = 0.0505762 loss)
I0502 19:10:08.064471  3870 data_layer.cpp:73] Restarting data prefetching from start.
I0502 19:10:08.178366  3863 solver.cpp:351] Iteration 9750, Testing net (#0)
I0502 19:10:08.516149  3871 data_layer.cpp:73] Restarting data prefetching from start.
I0502 19:10:08.756922  3863 solver.cpp:418]     Test net output #0: accuracy = 0.988125
I0502 19:10:08.756948  3863 solver.cpp:418]     Test net output #1: loss = 0.0440651 (* 1 = 0.0440651 loss)
I0502 19:10:12.550840  3863 solver.cpp:351] Iteration 9875, Testing net (#0)
I0502 19:10:12.695101  3871 data_layer.cpp:73] Restarting data prefetching from start.
I0502 19:10:13.077141  3871 data_layer.cpp:73] Restarting data prefetching from start.
I0502 19:10:13.156520  3863 solver.cpp:418]     Test net output #0: accuracy = 0.989062
I0502 19:10:13.156549  3863 solver.cpp:418]     Test net output #1: loss = 0.0470465 (* 1 = 0.0470465 loss)
I0502 19:10:13.192665  3870 data_layer.cpp:73] Restarting data prefetching from start.
I0502 19:10:16.954752  3863 solver.cpp:468] Snapshotting to binary proto file models/sp_final_lenet/exp_8/caffe_lenet_fixed8_train_iter_10000.caffemodel
I0502 19:10:16.978651  3863 sgd_solver.cpp:280] Snapshotting solver state to binary proto file models/sp_final_lenet/exp_8/caffe_lenet_fixed8_train_iter_10000.solverstate
I0502 19:10:16.997534  3863 solver.cpp:331] Iteration 10000, loss = 0.00136011
I0502 19:10:16.997558  3863 solver.cpp:351] Iteration 10000, Testing net (#0)
I0502 19:10:17.309516  3871 data_layer.cpp:73] Restarting data prefetching from start.
I0502 19:10:17.582581  3863 solver.cpp:418]     Test net output #0: accuracy = 0.98875
I0502 19:10:17.582605  3863 solver.cpp:418]     Test net output #1: loss = 0.0423261 (* 1 = 0.0423261 loss)
I0502 19:10:17.582610  3863 solver.cpp:336] Optimization Done.
I0502 19:10:17.582613  3863 caffe.cpp:250] Optimization Done.
