I0502 12:06:42.530555  2662 caffe.cpp:204] Using GPUs 0
I0502 12:06:42.554209  2662 caffe.cpp:209] GPU 0: GeForce 940MX
I0502 12:06:42.796808  2662 solver.cpp:45] Initializing solver from parameters: 
test_iter: 33
test_interval: 130
base_lr: 0.01
display: 500
max_iter: 10000
lr_policy: "sigmoid"
momentum: 0.9
weight_decay: 0.0005
stepsize: 50000
snapshot: 1000
snapshot_prefix: "models/sp_final_lenet/exp_5/caffe_lenet_sigmoid5_train"
solver_mode: GPU
device_id: 0
net: "models/sp_final_lenet/lenet_train_val.prototxt"
train_state {
  level: 0
  stage: ""
}
I0502 12:06:42.796977  2662 solver.cpp:102] Creating training net from net file: models/sp_final_lenet/lenet_train_val.prototxt
I0502 12:06:42.797178  2662 net.cpp:294] The NetState phase (0) differed from the phase (1) specified by a rule in layer data
I0502 12:06:42.797194  2662 net.cpp:294] The NetState phase (0) differed from the phase (1) specified by a rule in layer accuracy
I0502 12:06:42.797271  2662 net.cpp:51] Initializing net from parameters: 
name: "LeNet"
state {
  phase: TRAIN
  level: 0
  stage: ""
}
layer {
  name: "data"
  type: "Data"
  top: "data"
  top: "label"
  include {
    phase: TRAIN
  }
  transform_param {
    scale: 0.00390625
  }
  data_param {
    source: "examples/final_sp/sp_train_lmdb"
    batch_size: 64
    backend: LMDB
  }
}
layer {
  name: "conv1"
  type: "Convolution"
  bottom: "data"
  top: "conv1"
  param {
    lr_mult: 1
  }
  param {
    lr_mult: 2
  }
  convolution_param {
    num_output: 20
    kernel_size: 5
    stride: 1
    weight_filler {
      type: "xavier"
    }
    bias_filler {
      type: "constant"
    }
  }
}
layer {
  name: "pool1"
  type: "Pooling"
  bottom: "conv1"
  top: "pool1"
  pooling_param {
    pool: MAX
    kernel_size: 2
    stride: 2
  }
}
layer {
  name: "conv2"
  type: "Convolution"
  bottom: "pool1"
  top: "conv2"
  param {
    lr_mult: 1
  }
  param {
    lr_mult: 2
  }
  convolution_param {
    num_output: 50
    kernel_size: 5
    stride: 1
    weight_filler {
      type: "xavier"
    }
    bias_filler {
      type: "constant"
    }
  }
}
layer {
  name: "pool2"
  type: "Pooling"
  bottom: "conv2"
  top: "pool2"
  pooling_param {
    pool: MAX
    kernel_size: 2
    stride: 2
  }
}
layer {
  name: "ip1"
  type: "InnerProduct"
  bottom: "pool2"
  top: "ip1"
  param {
    lr_mult: 1
  }
  param {
    lr_mult: 2
  }
  inner_product_param {
    num_output: 500
    weight_filler {
      type: "xavier"
    }
    bias_filler {
      type: "constant"
    }
  }
}
layer {
  name: "relu1"
  type: "ReLU"
  bottom: "ip1"
  top: "ip1"
}
layer {
  name: "ip2"
  type: "InnerProduct"
  bottom: "ip1"
  top: "ip2"
  param {
    lr_mult: 1
  }
  param {
    lr_mult: 2
  }
  inner_product_param {
    num_output: 52
    weight_filler {
      type: "xavier"
    }
    bias_filler {
      type: "constant"
    }
  }
}
layer {
  name: "loss"
  type: "SoftmaxWithLoss"
  bottom: "ip2"
  bottom: "label"
  top: "loss"
}
I0502 12:06:42.797327  2662 layer_factory.hpp:77] Creating layer data
I0502 12:06:42.797408  2662 db_lmdb.cpp:35] Opened lmdb examples/final_sp/sp_train_lmdb
I0502 12:06:42.797430  2662 net.cpp:84] Creating Layer data
I0502 12:06:42.797441  2662 net.cpp:380] data -> data
I0502 12:06:42.797461  2662 net.cpp:380] data -> label
I0502 12:06:42.797971  2662 data_layer.cpp:45] output data size: 64,3,28,28
I0502 12:06:42.801879  2662 net.cpp:122] Setting up data
I0502 12:06:42.801908  2662 net.cpp:129] Top shape: 64 3 28 28 (150528)
I0502 12:06:42.801915  2662 net.cpp:129] Top shape: 64 (64)
I0502 12:06:42.801919  2662 net.cpp:137] Memory required for data: 602368
I0502 12:06:42.801930  2662 layer_factory.hpp:77] Creating layer conv1
I0502 12:06:42.801959  2662 net.cpp:84] Creating Layer conv1
I0502 12:06:42.801966  2662 net.cpp:406] conv1 <- data
I0502 12:06:42.801983  2662 net.cpp:380] conv1 -> conv1
I0502 12:06:42.803298  2662 net.cpp:122] Setting up conv1
I0502 12:06:42.803315  2662 net.cpp:129] Top shape: 64 20 24 24 (737280)
I0502 12:06:42.803319  2662 net.cpp:137] Memory required for data: 3551488
I0502 12:06:42.803344  2662 layer_factory.hpp:77] Creating layer pool1
I0502 12:06:42.803375  2662 net.cpp:84] Creating Layer pool1
I0502 12:06:42.803380  2662 net.cpp:406] pool1 <- conv1
I0502 12:06:42.803388  2662 net.cpp:380] pool1 -> pool1
I0502 12:06:42.803782  2662 net.cpp:122] Setting up pool1
I0502 12:06:42.803791  2662 net.cpp:129] Top shape: 64 20 12 12 (184320)
I0502 12:06:42.803792  2662 net.cpp:137] Memory required for data: 4288768
I0502 12:06:42.803797  2662 layer_factory.hpp:77] Creating layer conv2
I0502 12:06:42.803808  2662 net.cpp:84] Creating Layer conv2
I0502 12:06:42.803814  2662 net.cpp:406] conv2 <- pool1
I0502 12:06:42.803822  2662 net.cpp:380] conv2 -> conv2
I0502 12:06:42.804498  2662 net.cpp:122] Setting up conv2
I0502 12:06:42.804508  2662 net.cpp:129] Top shape: 64 50 8 8 (204800)
I0502 12:06:42.804512  2662 net.cpp:137] Memory required for data: 5107968
I0502 12:06:42.804519  2662 layer_factory.hpp:77] Creating layer pool2
I0502 12:06:42.804529  2662 net.cpp:84] Creating Layer pool2
I0502 12:06:42.804534  2662 net.cpp:406] pool2 <- conv2
I0502 12:06:42.804540  2662 net.cpp:380] pool2 -> pool2
I0502 12:06:42.804572  2662 net.cpp:122] Setting up pool2
I0502 12:06:42.804579  2662 net.cpp:129] Top shape: 64 50 4 4 (51200)
I0502 12:06:42.804584  2662 net.cpp:137] Memory required for data: 5312768
I0502 12:06:42.804587  2662 layer_factory.hpp:77] Creating layer ip1
I0502 12:06:42.804596  2662 net.cpp:84] Creating Layer ip1
I0502 12:06:42.804602  2662 net.cpp:406] ip1 <- pool2
I0502 12:06:42.804608  2662 net.cpp:380] ip1 -> ip1
I0502 12:06:42.806819  2662 net.cpp:122] Setting up ip1
I0502 12:06:42.806836  2662 net.cpp:129] Top shape: 64 500 (32000)
I0502 12:06:42.806840  2662 net.cpp:137] Memory required for data: 5440768
I0502 12:06:42.806854  2662 layer_factory.hpp:77] Creating layer relu1
I0502 12:06:42.806864  2662 net.cpp:84] Creating Layer relu1
I0502 12:06:42.806869  2662 net.cpp:406] relu1 <- ip1
I0502 12:06:42.806876  2662 net.cpp:367] relu1 -> ip1 (in-place)
I0502 12:06:42.806886  2662 net.cpp:122] Setting up relu1
I0502 12:06:42.806892  2662 net.cpp:129] Top shape: 64 500 (32000)
I0502 12:06:42.806895  2662 net.cpp:137] Memory required for data: 5568768
I0502 12:06:42.806901  2662 layer_factory.hpp:77] Creating layer ip2
I0502 12:06:42.806910  2662 net.cpp:84] Creating Layer ip2
I0502 12:06:42.806915  2662 net.cpp:406] ip2 <- ip1
I0502 12:06:42.806923  2662 net.cpp:380] ip2 -> ip2
I0502 12:06:42.807119  2662 net.cpp:122] Setting up ip2
I0502 12:06:42.807126  2662 net.cpp:129] Top shape: 64 52 (3328)
I0502 12:06:42.807130  2662 net.cpp:137] Memory required for data: 5582080
I0502 12:06:42.807137  2662 layer_factory.hpp:77] Creating layer loss
I0502 12:06:42.807148  2662 net.cpp:84] Creating Layer loss
I0502 12:06:42.807153  2662 net.cpp:406] loss <- ip2
I0502 12:06:42.807159  2662 net.cpp:406] loss <- label
I0502 12:06:42.807168  2662 net.cpp:380] loss -> loss
I0502 12:06:42.807184  2662 layer_factory.hpp:77] Creating layer loss
I0502 12:06:42.807257  2662 net.cpp:122] Setting up loss
I0502 12:06:42.807265  2662 net.cpp:129] Top shape: (1)
I0502 12:06:42.807268  2662 net.cpp:132]     with loss weight 1
I0502 12:06:42.807286  2662 net.cpp:137] Memory required for data: 5582084
I0502 12:06:42.807291  2662 net.cpp:198] loss needs backward computation.
I0502 12:06:42.807298  2662 net.cpp:198] ip2 needs backward computation.
I0502 12:06:42.807302  2662 net.cpp:198] relu1 needs backward computation.
I0502 12:06:42.807307  2662 net.cpp:198] ip1 needs backward computation.
I0502 12:06:42.807310  2662 net.cpp:198] pool2 needs backward computation.
I0502 12:06:42.807315  2662 net.cpp:198] conv2 needs backward computation.
I0502 12:06:42.807320  2662 net.cpp:198] pool1 needs backward computation.
I0502 12:06:42.807323  2662 net.cpp:198] conv1 needs backward computation.
I0502 12:06:42.807328  2662 net.cpp:200] data does not need backward computation.
I0502 12:06:42.807333  2662 net.cpp:242] This network produces output loss
I0502 12:06:42.807345  2662 net.cpp:255] Network initialization done.
I0502 12:06:42.807484  2662 solver.cpp:190] Creating test net (#0) specified by net file: models/sp_final_lenet/lenet_train_val.prototxt
I0502 12:06:42.807520  2662 net.cpp:294] The NetState phase (1) differed from the phase (0) specified by a rule in layer data
I0502 12:06:42.807591  2662 net.cpp:51] Initializing net from parameters: 
name: "LeNet"
state {
  phase: TEST
}
layer {
  name: "data"
  type: "Data"
  top: "data"
  top: "label"
  include {
    phase: TEST
  }
  transform_param {
    scale: 0.00390625
  }
  data_param {
    source: "examples/final_sp/sp_val_lmdb"
    batch_size: 64
    backend: LMDB
  }
}
layer {
  name: "conv1"
  type: "Convolution"
  bottom: "data"
  top: "conv1"
  param {
    lr_mult: 1
  }
  param {
    lr_mult: 2
  }
  convolution_param {
    num_output: 20
    kernel_size: 5
    stride: 1
    weight_filler {
      type: "xavier"
    }
    bias_filler {
      type: "constant"
    }
  }
}
layer {
  name: "pool1"
  type: "Pooling"
  bottom: "conv1"
  top: "pool1"
  pooling_param {
    pool: MAX
    kernel_size: 2
    stride: 2
  }
}
layer {
  name: "conv2"
  type: "Convolution"
  bottom: "pool1"
  top: "conv2"
  param {
    lr_mult: 1
  }
  param {
    lr_mult: 2
  }
  convolution_param {
    num_output: 50
    kernel_size: 5
    stride: 1
    weight_filler {
      type: "xavier"
    }
    bias_filler {
      type: "constant"
    }
  }
}
layer {
  name: "pool2"
  type: "Pooling"
  bottom: "conv2"
  top: "pool2"
  pooling_param {
    pool: MAX
    kernel_size: 2
    stride: 2
  }
}
layer {
  name: "ip1"
  type: "InnerProduct"
  bottom: "pool2"
  top: "ip1"
  param {
    lr_mult: 1
  }
  param {
    lr_mult: 2
  }
  inner_product_param {
    num_output: 500
    weight_filler {
      type: "xavier"
    }
    bias_filler {
      type: "constant"
    }
  }
}
layer {
  name: "relu1"
  type: "ReLU"
  bottom: "ip1"
  top: "ip1"
}
layer {
  name: "ip2"
  type: "InnerProduct"
  bottom: "ip1"
  top: "ip2"
  param {
    lr_mult: 1
  }
  param {
    lr_mult: 2
  }
  inner_product_param {
    num_output: 52
    weight_filler {
      type: "xavier"
    }
    bias_filler {
      type: "constant"
    }
  }
}
layer {
  name: "accuracy"
  type: "Accuracy"
  bottom: "ip2"
  bottom: "label"
  top: "accuracy"
  include {
    phase: TEST
  }
}
layer {
  name: "loss"
  type: "SoftmaxWithLoss"
  bottom: "ip2"
  bottom: "label"
  top: "loss"
}
I0502 12:06:42.807693  2662 layer_factory.hpp:77] Creating layer data
I0502 12:06:42.807760  2662 db_lmdb.cpp:35] Opened lmdb examples/final_sp/sp_val_lmdb
I0502 12:06:42.807773  2662 net.cpp:84] Creating Layer data
I0502 12:06:42.807780  2662 net.cpp:380] data -> data
I0502 12:06:42.807791  2662 net.cpp:380] data -> label
I0502 12:06:42.807996  2662 data_layer.cpp:45] output data size: 64,3,28,28
I0502 12:06:42.813071  2662 net.cpp:122] Setting up data
I0502 12:06:42.813097  2662 net.cpp:129] Top shape: 64 3 28 28 (150528)
I0502 12:06:42.813103  2662 net.cpp:129] Top shape: 64 (64)
I0502 12:06:42.813107  2662 net.cpp:137] Memory required for data: 602368
I0502 12:06:42.813113  2662 layer_factory.hpp:77] Creating layer label_data_1_split
I0502 12:06:42.813127  2662 net.cpp:84] Creating Layer label_data_1_split
I0502 12:06:42.813133  2662 net.cpp:406] label_data_1_split <- label
I0502 12:06:42.813141  2662 net.cpp:380] label_data_1_split -> label_data_1_split_0
I0502 12:06:42.813156  2662 net.cpp:380] label_data_1_split -> label_data_1_split_1
I0502 12:06:42.813211  2662 net.cpp:122] Setting up label_data_1_split
I0502 12:06:42.813218  2662 net.cpp:129] Top shape: 64 (64)
I0502 12:06:42.813223  2662 net.cpp:129] Top shape: 64 (64)
I0502 12:06:42.813227  2662 net.cpp:137] Memory required for data: 602880
I0502 12:06:42.813231  2662 layer_factory.hpp:77] Creating layer conv1
I0502 12:06:42.813247  2662 net.cpp:84] Creating Layer conv1
I0502 12:06:42.813252  2662 net.cpp:406] conv1 <- data
I0502 12:06:42.813259  2662 net.cpp:380] conv1 -> conv1
I0502 12:06:42.813454  2662 net.cpp:122] Setting up conv1
I0502 12:06:42.813463  2662 net.cpp:129] Top shape: 64 20 24 24 (737280)
I0502 12:06:42.813467  2662 net.cpp:137] Memory required for data: 3552000
I0502 12:06:42.813480  2662 layer_factory.hpp:77] Creating layer pool1
I0502 12:06:42.813496  2662 net.cpp:84] Creating Layer pool1
I0502 12:06:42.813501  2662 net.cpp:406] pool1 <- conv1
I0502 12:06:42.813508  2662 net.cpp:380] pool1 -> pool1
I0502 12:06:42.813544  2662 net.cpp:122] Setting up pool1
I0502 12:06:42.813551  2662 net.cpp:129] Top shape: 64 20 12 12 (184320)
I0502 12:06:42.813555  2662 net.cpp:137] Memory required for data: 4289280
I0502 12:06:42.813560  2662 layer_factory.hpp:77] Creating layer conv2
I0502 12:06:42.813572  2662 net.cpp:84] Creating Layer conv2
I0502 12:06:42.813576  2662 net.cpp:406] conv2 <- pool1
I0502 12:06:42.813583  2662 net.cpp:380] conv2 -> conv2
I0502 12:06:42.813869  2662 net.cpp:122] Setting up conv2
I0502 12:06:42.813879  2662 net.cpp:129] Top shape: 64 50 8 8 (204800)
I0502 12:06:42.813884  2662 net.cpp:137] Memory required for data: 5108480
I0502 12:06:42.813892  2662 layer_factory.hpp:77] Creating layer pool2
I0502 12:06:42.813899  2662 net.cpp:84] Creating Layer pool2
I0502 12:06:42.813904  2662 net.cpp:406] pool2 <- conv2
I0502 12:06:42.813910  2662 net.cpp:380] pool2 -> pool2
I0502 12:06:42.813944  2662 net.cpp:122] Setting up pool2
I0502 12:06:42.813951  2662 net.cpp:129] Top shape: 64 50 4 4 (51200)
I0502 12:06:42.813954  2662 net.cpp:137] Memory required for data: 5313280
I0502 12:06:42.813958  2662 layer_factory.hpp:77] Creating layer ip1
I0502 12:06:42.813967  2662 net.cpp:84] Creating Layer ip1
I0502 12:06:42.813972  2662 net.cpp:406] ip1 <- pool2
I0502 12:06:42.813978  2662 net.cpp:380] ip1 -> ip1
I0502 12:06:42.816220  2662 net.cpp:122] Setting up ip1
I0502 12:06:42.816236  2662 net.cpp:129] Top shape: 64 500 (32000)
I0502 12:06:42.816241  2662 net.cpp:137] Memory required for data: 5441280
I0502 12:06:42.816259  2662 layer_factory.hpp:77] Creating layer relu1
I0502 12:06:42.816268  2662 net.cpp:84] Creating Layer relu1
I0502 12:06:42.816273  2662 net.cpp:406] relu1 <- ip1
I0502 12:06:42.816283  2662 net.cpp:367] relu1 -> ip1 (in-place)
I0502 12:06:42.816293  2662 net.cpp:122] Setting up relu1
I0502 12:06:42.816298  2662 net.cpp:129] Top shape: 64 500 (32000)
I0502 12:06:42.816305  2662 net.cpp:137] Memory required for data: 5569280
I0502 12:06:42.816309  2662 layer_factory.hpp:77] Creating layer ip2
I0502 12:06:42.816319  2662 net.cpp:84] Creating Layer ip2
I0502 12:06:42.816323  2662 net.cpp:406] ip2 <- ip1
I0502 12:06:42.816331  2662 net.cpp:380] ip2 -> ip2
I0502 12:06:42.816542  2662 net.cpp:122] Setting up ip2
I0502 12:06:42.816550  2662 net.cpp:129] Top shape: 64 52 (3328)
I0502 12:06:42.816555  2662 net.cpp:137] Memory required for data: 5582592
I0502 12:06:42.816562  2662 layer_factory.hpp:77] Creating layer ip2_ip2_0_split
I0502 12:06:42.816571  2662 net.cpp:84] Creating Layer ip2_ip2_0_split
I0502 12:06:42.816576  2662 net.cpp:406] ip2_ip2_0_split <- ip2
I0502 12:06:42.816582  2662 net.cpp:380] ip2_ip2_0_split -> ip2_ip2_0_split_0
I0502 12:06:42.816596  2662 net.cpp:380] ip2_ip2_0_split -> ip2_ip2_0_split_1
I0502 12:06:42.816632  2662 net.cpp:122] Setting up ip2_ip2_0_split
I0502 12:06:42.816639  2662 net.cpp:129] Top shape: 64 52 (3328)
I0502 12:06:42.816644  2662 net.cpp:129] Top shape: 64 52 (3328)
I0502 12:06:42.816648  2662 net.cpp:137] Memory required for data: 5609216
I0502 12:06:42.816658  2662 layer_factory.hpp:77] Creating layer accuracy
I0502 12:06:42.816668  2662 net.cpp:84] Creating Layer accuracy
I0502 12:06:42.816673  2662 net.cpp:406] accuracy <- ip2_ip2_0_split_0
I0502 12:06:42.816679  2662 net.cpp:406] accuracy <- label_data_1_split_0
I0502 12:06:42.816685  2662 net.cpp:380] accuracy -> accuracy
I0502 12:06:42.816694  2662 net.cpp:122] Setting up accuracy
I0502 12:06:42.816699  2662 net.cpp:129] Top shape: (1)
I0502 12:06:42.816704  2662 net.cpp:137] Memory required for data: 5609220
I0502 12:06:42.816707  2662 layer_factory.hpp:77] Creating layer loss
I0502 12:06:42.816720  2662 net.cpp:84] Creating Layer loss
I0502 12:06:42.816725  2662 net.cpp:406] loss <- ip2_ip2_0_split_1
I0502 12:06:42.816730  2662 net.cpp:406] loss <- label_data_1_split_1
I0502 12:06:42.816751  2662 net.cpp:380] loss -> loss
I0502 12:06:42.816761  2662 layer_factory.hpp:77] Creating layer loss
I0502 12:06:42.816885  2662 net.cpp:122] Setting up loss
I0502 12:06:42.816893  2662 net.cpp:129] Top shape: (1)
I0502 12:06:42.816897  2662 net.cpp:132]     with loss weight 1
I0502 12:06:42.816910  2662 net.cpp:137] Memory required for data: 5609224
I0502 12:06:42.816913  2662 net.cpp:198] loss needs backward computation.
I0502 12:06:42.816920  2662 net.cpp:200] accuracy does not need backward computation.
I0502 12:06:42.816925  2662 net.cpp:198] ip2_ip2_0_split needs backward computation.
I0502 12:06:42.816928  2662 net.cpp:198] ip2 needs backward computation.
I0502 12:06:42.816932  2662 net.cpp:198] relu1 needs backward computation.
I0502 12:06:42.816936  2662 net.cpp:198] ip1 needs backward computation.
I0502 12:06:42.816941  2662 net.cpp:198] pool2 needs backward computation.
I0502 12:06:42.816944  2662 net.cpp:198] conv2 needs backward computation.
I0502 12:06:42.816948  2662 net.cpp:198] pool1 needs backward computation.
I0502 12:06:42.816952  2662 net.cpp:198] conv1 needs backward computation.
I0502 12:06:42.816957  2662 net.cpp:200] label_data_1_split does not need backward computation.
I0502 12:06:42.816962  2662 net.cpp:200] data does not need backward computation.
I0502 12:06:42.816967  2662 net.cpp:242] This network produces output accuracy
I0502 12:06:42.816972  2662 net.cpp:242] This network produces output loss
I0502 12:06:42.816987  2662 net.cpp:255] Network initialization done.
I0502 12:06:42.817042  2662 solver.cpp:57] Solver scaffolding done.
I0502 12:06:42.817243  2662 caffe.cpp:239] Starting Optimization
I0502 12:06:42.817250  2662 solver.cpp:293] Solving LeNet
I0502 12:06:42.817252  2662 solver.cpp:294] Learning Rate Policy: sigmoid
I0502 12:06:42.822613  2662 solver.cpp:351] Iteration 0, Testing net (#0)
I0502 12:06:43.114110  2669 data_layer.cpp:73] Restarting data prefetching from start.
I0502 12:06:43.162778  2662 solver.cpp:418]     Test net output #0: accuracy = 0.0198864
I0502 12:06:43.162803  2662 solver.cpp:418]     Test net output #1: loss = 4.03631 (* 1 = 4.03631 loss)
I0502 12:06:43.192746  2662 solver.cpp:239] Iteration 0 (-1.28002e-13 iter/s, 0.371122s/500 iters), loss = 4.02462
I0502 12:06:43.192793  2662 solver.cpp:258]     Train net output #0: loss = 4.02462 (* 1 = 4.02462 loss)
I0502 12:06:43.192811  2662 sgd_solver.cpp:112] Iteration 0, lr = 0.005
I0502 12:06:46.470093  2668 data_layer.cpp:73] Restarting data prefetching from start.
I0502 12:06:46.567447  2662 solver.cpp:351] Iteration 130, Testing net (#0)
I0502 12:06:46.853512  2669 data_layer.cpp:73] Restarting data prefetching from start.
I0502 12:06:46.909889  2662 solver.cpp:418]     Test net output #0: accuracy = 0.835701
I0502 12:06:46.909914  2662 solver.cpp:418]     Test net output #1: loss = 0.529438 (* 1 = 0.529438 loss)
I0502 12:06:50.203349  2668 data_layer.cpp:73] Restarting data prefetching from start.
I0502 12:06:50.307626  2662 solver.cpp:351] Iteration 260, Testing net (#0)
I0502 12:06:50.592094  2669 data_layer.cpp:73] Restarting data prefetching from start.
I0502 12:06:50.650526  2662 solver.cpp:418]     Test net output #0: accuracy = 0.910511
I0502 12:06:50.650552  2662 solver.cpp:418]     Test net output #1: loss = 0.32338 (* 1 = 0.32338 loss)
I0502 12:06:53.943457  2668 data_layer.cpp:73] Restarting data prefetching from start.
I0502 12:06:54.044438  2662 solver.cpp:351] Iteration 390, Testing net (#0)
I0502 12:06:54.315824  2669 data_layer.cpp:73] Restarting data prefetching from start.
I0502 12:06:54.380343  2662 solver.cpp:418]     Test net output #0: accuracy = 0.932765
I0502 12:06:54.380369  2662 solver.cpp:418]     Test net output #1: loss = 0.278764 (* 1 = 0.278764 loss)
I0502 12:06:57.284173  2662 solver.cpp:239] Iteration 500 (35.4829 iter/s, 14.0913s/500 iters), loss = 0.0498298
I0502 12:06:57.284204  2662 solver.cpp:258]     Train net output #0: loss = 0.0498298 (* 1 = 0.0498298 loss)
I0502 12:06:57.284209  2662 sgd_solver.cpp:112] Iteration 500, lr = 0.005
I0502 12:06:57.691505  2668 data_layer.cpp:73] Restarting data prefetching from start.
I0502 12:06:57.789728  2662 solver.cpp:351] Iteration 520, Testing net (#0)
I0502 12:06:58.060451  2669 data_layer.cpp:73] Restarting data prefetching from start.
I0502 12:06:58.125000  2662 solver.cpp:418]     Test net output #0: accuracy = 0.94839
I0502 12:06:58.125025  2662 solver.cpp:418]     Test net output #1: loss = 0.16605 (* 1 = 0.16605 loss)
I0502 12:07:01.582516  2668 data_layer.cpp:73] Restarting data prefetching from start.
I0502 12:07:01.684903  2662 solver.cpp:351] Iteration 650, Testing net (#0)
I0502 12:07:01.974105  2669 data_layer.cpp:73] Restarting data prefetching from start.
I0502 12:07:02.053683  2662 solver.cpp:418]     Test net output #0: accuracy = 0.946496
I0502 12:07:02.053706  2662 solver.cpp:418]     Test net output #1: loss = 0.171493 (* 1 = 0.171493 loss)
I0502 12:07:05.588240  2668 data_layer.cpp:73] Restarting data prefetching from start.
I0502 12:07:05.689916  2662 solver.cpp:351] Iteration 780, Testing net (#0)
I0502 12:07:05.952049  2669 data_layer.cpp:73] Restarting data prefetching from start.
I0502 12:07:06.028126  2662 solver.cpp:418]     Test net output #0: accuracy = 0.945549
I0502 12:07:06.028151  2662 solver.cpp:418]     Test net output #1: loss = 0.171209 (* 1 = 0.171209 loss)
I0502 12:07:09.321403  2668 data_layer.cpp:73] Restarting data prefetching from start.
I0502 12:07:09.421178  2662 solver.cpp:351] Iteration 910, Testing net (#0)
I0502 12:07:09.675575  2669 data_layer.cpp:73] Restarting data prefetching from start.
I0502 12:07:09.758401  2662 solver.cpp:418]     Test net output #0: accuracy = 0.946023
I0502 12:07:09.758426  2662 solver.cpp:418]     Test net output #1: loss = 0.188489 (* 1 = 0.188489 loss)
I0502 12:07:12.108441  2662 solver.cpp:468] Snapshotting to binary proto file models/sp_final_lenet/exp_5/caffe_lenet_sigmoid5_train_iter_1000.caffemodel
I0502 12:07:12.132567  2662 sgd_solver.cpp:280] Snapshotting solver state to binary proto file models/sp_final_lenet/exp_5/caffe_lenet_sigmoid5_train_iter_1000.solverstate
I0502 12:07:12.172267  2662 solver.cpp:239] Iteration 1000 (33.5842 iter/s, 14.888s/500 iters), loss = 0.0690154
I0502 12:07:12.172299  2662 solver.cpp:258]     Train net output #0: loss = 0.0690153 (* 1 = 0.0690153 loss)
I0502 12:07:12.172307  2662 sgd_solver.cpp:112] Iteration 1000, lr = 0.005
I0502 12:07:13.098616  2668 data_layer.cpp:73] Restarting data prefetching from start.
I0502 12:07:13.197131  2662 solver.cpp:351] Iteration 1040, Testing net (#0)
I0502 12:07:13.477452  2669 data_layer.cpp:73] Restarting data prefetching from start.
I0502 12:07:13.561820  2662 solver.cpp:418]     Test net output #0: accuracy = 0.942235
I0502 12:07:13.561842  2662 solver.cpp:418]     Test net output #1: loss = 0.203399 (* 1 = 0.203399 loss)
I0502 12:07:16.941407  2668 data_layer.cpp:73] Restarting data prefetching from start.
I0502 12:07:17.036639  2662 solver.cpp:351] Iteration 1170, Testing net (#0)
I0502 12:07:17.283428  2669 data_layer.cpp:73] Restarting data prefetching from start.
I0502 12:07:17.380394  2662 solver.cpp:418]     Test net output #0: accuracy = 0.964962
I0502 12:07:17.380417  2662 solver.cpp:418]     Test net output #1: loss = 0.116532 (* 1 = 0.116532 loss)
I0502 12:07:20.677613  2668 data_layer.cpp:73] Restarting data prefetching from start.
I0502 12:07:20.776214  2662 solver.cpp:351] Iteration 1300, Testing net (#0)
I0502 12:07:21.020547  2669 data_layer.cpp:73] Restarting data prefetching from start.
I0502 12:07:21.113742  2662 solver.cpp:418]     Test net output #0: accuracy = 0.975852
I0502 12:07:21.113765  2662 solver.cpp:418]     Test net output #1: loss = 0.0831199 (* 1 = 0.0831199 loss)
I0502 12:07:24.414229  2668 data_layer.cpp:73] Restarting data prefetching from start.
I0502 12:07:24.514274  2662 solver.cpp:351] Iteration 1430, Testing net (#0)
I0502 12:07:24.752218  2669 data_layer.cpp:73] Restarting data prefetching from start.
I0502 12:07:24.854804  2662 solver.cpp:418]     Test net output #0: accuracy = 0.980587
I0502 12:07:24.854828  2662 solver.cpp:418]     Test net output #1: loss = 0.0636216 (* 1 = 0.0636216 loss)
I0502 12:07:26.715762  2662 solver.cpp:239] Iteration 1500 (34.38 iter/s, 14.5434s/500 iters), loss = 0.0897908
I0502 12:07:26.715792  2662 solver.cpp:258]     Train net output #0: loss = 0.0897906 (* 1 = 0.0897906 loss)
I0502 12:07:26.715797  2662 sgd_solver.cpp:112] Iteration 1500, lr = 0.005
I0502 12:07:28.160953  2668 data_layer.cpp:73] Restarting data prefetching from start.
I0502 12:07:28.260064  2662 solver.cpp:351] Iteration 1560, Testing net (#0)
I0502 12:07:28.500134  2669 data_layer.cpp:73] Restarting data prefetching from start.
I0502 12:07:28.604959  2662 solver.cpp:418]     Test net output #0: accuracy = 0.980114
I0502 12:07:28.604981  2662 solver.cpp:418]     Test net output #1: loss = 0.0616409 (* 1 = 0.0616409 loss)
I0502 12:07:31.906677  2668 data_layer.cpp:73] Restarting data prefetching from start.
I0502 12:07:32.007766  2662 solver.cpp:351] Iteration 1690, Testing net (#0)
I0502 12:07:32.239827  2669 data_layer.cpp:73] Restarting data prefetching from start.
I0502 12:07:32.352761  2662 solver.cpp:418]     Test net output #0: accuracy = 0.982008
I0502 12:07:32.352784  2662 solver.cpp:418]     Test net output #1: loss = 0.0606417 (* 1 = 0.0606417 loss)
I0502 12:07:35.648483  2668 data_layer.cpp:73] Restarting data prefetching from start.
I0502 12:07:35.749197  2662 solver.cpp:351] Iteration 1820, Testing net (#0)
I0502 12:07:35.975117  2669 data_layer.cpp:73] Restarting data prefetching from start.
I0502 12:07:36.081588  2662 solver.cpp:418]     Test net output #0: accuracy = 0.981534
I0502 12:07:36.081612  2662 solver.cpp:418]     Test net output #1: loss = 0.0531904 (* 1 = 0.0531904 loss)
I0502 12:07:39.499794  2668 data_layer.cpp:73] Restarting data prefetching from start.
I0502 12:07:39.600664  2662 solver.cpp:351] Iteration 1950, Testing net (#0)
I0502 12:07:39.818541  2669 data_layer.cpp:73] Restarting data prefetching from start.
I0502 12:07:39.940270  2662 solver.cpp:418]     Test net output #0: accuracy = 0.980587
I0502 12:07:39.940295  2662 solver.cpp:418]     Test net output #1: loss = 0.05364 (* 1 = 0.05364 loss)
I0502 12:07:41.235997  2662 solver.cpp:468] Snapshotting to binary proto file models/sp_final_lenet/exp_5/caffe_lenet_sigmoid5_train_iter_2000.caffemodel
I0502 12:07:41.263358  2662 sgd_solver.cpp:280] Snapshotting solver state to binary proto file models/sp_final_lenet/exp_5/caffe_lenet_sigmoid5_train_iter_2000.solverstate
I0502 12:07:41.296516  2662 solver.cpp:239] Iteration 2000 (34.2921 iter/s, 14.5806s/500 iters), loss = 0.0148862
I0502 12:07:41.296550  2662 solver.cpp:258]     Train net output #0: loss = 0.014886 (* 1 = 0.014886 loss)
I0502 12:07:41.296563  2662 sgd_solver.cpp:112] Iteration 2000, lr = 0.005
I0502 12:07:43.269330  2668 data_layer.cpp:73] Restarting data prefetching from start.
I0502 12:07:43.369282  2662 solver.cpp:351] Iteration 2080, Testing net (#0)
I0502 12:07:43.587249  2669 data_layer.cpp:73] Restarting data prefetching from start.
I0502 12:07:43.709642  2662 solver.cpp:418]     Test net output #0: accuracy = 0.982481
I0502 12:07:43.709667  2662 solver.cpp:418]     Test net output #1: loss = 0.0516296 (* 1 = 0.0516296 loss)
I0502 12:07:47.004271  2668 data_layer.cpp:73] Restarting data prefetching from start.
I0502 12:07:47.104023  2662 solver.cpp:351] Iteration 2210, Testing net (#0)
I0502 12:07:47.313433  2669 data_layer.cpp:73] Restarting data prefetching from start.
I0502 12:07:47.445811  2662 solver.cpp:418]     Test net output #0: accuracy = 0.984375
I0502 12:07:47.445978  2662 solver.cpp:418]     Test net output #1: loss = 0.0512181 (* 1 = 0.0512181 loss)
I0502 12:07:51.594662  2668 data_layer.cpp:73] Restarting data prefetching from start.
I0502 12:07:51.695047  2662 solver.cpp:351] Iteration 2340, Testing net (#0)
I0502 12:07:51.905459  2669 data_layer.cpp:73] Restarting data prefetching from start.
I0502 12:07:52.036726  2662 solver.cpp:418]     Test net output #0: accuracy = 0.977746
I0502 12:07:52.036749  2662 solver.cpp:418]     Test net output #1: loss = 0.0687047 (* 1 = 0.0687047 loss)
I0502 12:07:55.335947  2668 data_layer.cpp:73] Restarting data prefetching from start.
I0502 12:07:55.436841  2662 solver.cpp:351] Iteration 2470, Testing net (#0)
I0502 12:07:55.642483  2669 data_layer.cpp:73] Restarting data prefetching from start.
I0502 12:07:55.780285  2662 solver.cpp:418]     Test net output #0: accuracy = 0.978693
I0502 12:07:55.780308  2662 solver.cpp:418]     Test net output #1: loss = 0.0602552 (* 1 = 0.0602552 loss)
I0502 12:07:56.600462  2662 solver.cpp:239] Iteration 2500 (34.6123 iter/s, 14.4457s/500 iters), loss = 0.0200878
I0502 12:07:56.600492  2662 solver.cpp:258]     Train net output #0: loss = 0.0200876 (* 1 = 0.0200876 loss)
I0502 12:07:56.600497  2662 sgd_solver.cpp:112] Iteration 2500, lr = 0.005
I0502 12:07:59.099853  2668 data_layer.cpp:73] Restarting data prefetching from start.
I0502 12:07:59.195209  2662 solver.cpp:351] Iteration 2600, Testing net (#0)
I0502 12:07:59.399067  2669 data_layer.cpp:73] Restarting data prefetching from start.
I0502 12:07:59.537802  2662 solver.cpp:418]     Test net output #0: accuracy = 0.977273
I0502 12:07:59.537827  2662 solver.cpp:418]     Test net output #1: loss = 0.0712489 (* 1 = 0.0712489 loss)
I0502 12:08:02.846261  2668 data_layer.cpp:73] Restarting data prefetching from start.
I0502 12:08:02.944280  2662 solver.cpp:351] Iteration 2730, Testing net (#0)
I0502 12:08:03.136117  2669 data_layer.cpp:73] Restarting data prefetching from start.
I0502 12:08:03.282928  2662 solver.cpp:418]     Test net output #0: accuracy = 0.983428
I0502 12:08:03.282951  2662 solver.cpp:418]     Test net output #1: loss = 0.0533501 (* 1 = 0.0533501 loss)
I0502 12:08:06.579635  2668 data_layer.cpp:73] Restarting data prefetching from start.
I0502 12:08:06.678894  2662 solver.cpp:351] Iteration 2860, Testing net (#0)
I0502 12:08:06.869621  2669 data_layer.cpp:73] Restarting data prefetching from start.
I0502 12:08:07.017043  2662 solver.cpp:418]     Test net output #0: accuracy = 0.986742
I0502 12:08:07.017066  2662 solver.cpp:418]     Test net output #1: loss = 0.0462218 (* 1 = 0.0462218 loss)
I0502 12:08:10.314812  2668 data_layer.cpp:73] Restarting data prefetching from start.
I0502 12:08:10.413111  2662 solver.cpp:351] Iteration 2990, Testing net (#0)
I0502 12:08:10.593848  2669 data_layer.cpp:73] Restarting data prefetching from start.
I0502 12:08:10.755462  2662 solver.cpp:418]     Test net output #0: accuracy = 0.985322
I0502 12:08:10.755486  2662 solver.cpp:418]     Test net output #1: loss = 0.0444526 (* 1 = 0.0444526 loss)
I0502 12:08:11.011622  2662 solver.cpp:468] Snapshotting to binary proto file models/sp_final_lenet/exp_5/caffe_lenet_sigmoid5_train_iter_3000.caffemodel
I0502 12:08:11.039388  2662 sgd_solver.cpp:280] Snapshotting solver state to binary proto file models/sp_final_lenet/exp_5/caffe_lenet_sigmoid5_train_iter_3000.solverstate
I0502 12:08:11.072015  2662 solver.cpp:239] Iteration 3000 (34.5509 iter/s, 14.4714s/500 iters), loss = 0.00792955
I0502 12:08:11.072070  2662 solver.cpp:258]     Train net output #0: loss = 0.00792934 (* 1 = 0.00792934 loss)
I0502 12:08:11.072087  2662 sgd_solver.cpp:112] Iteration 3000, lr = 0.005
I0502 12:08:14.080822  2668 data_layer.cpp:73] Restarting data prefetching from start.
I0502 12:08:14.180968  2662 solver.cpp:351] Iteration 3120, Testing net (#0)
I0502 12:08:14.362550  2669 data_layer.cpp:73] Restarting data prefetching from start.
I0502 12:08:14.519322  2662 solver.cpp:418]     Test net output #0: accuracy = 0.988163
I0502 12:08:14.519347  2662 solver.cpp:418]     Test net output #1: loss = 0.0375347 (* 1 = 0.0375347 loss)
I0502 12:08:17.823390  2668 data_layer.cpp:73] Restarting data prefetching from start.
I0502 12:08:17.922757  2662 solver.cpp:351] Iteration 3250, Testing net (#0)
I0502 12:08:18.099864  2669 data_layer.cpp:73] Restarting data prefetching from start.
I0502 12:08:18.266165  2662 solver.cpp:418]     Test net output #0: accuracy = 0.986269
I0502 12:08:18.266189  2662 solver.cpp:418]     Test net output #1: loss = 0.0427475 (* 1 = 0.0427475 loss)
I0502 12:08:21.564690  2668 data_layer.cpp:73] Restarting data prefetching from start.
I0502 12:08:21.664546  2662 solver.cpp:351] Iteration 3380, Testing net (#0)
I0502 12:08:21.854846  2669 data_layer.cpp:73] Restarting data prefetching from start.
I0502 12:08:22.011620  2662 solver.cpp:418]     Test net output #0: accuracy = 0.986742
I0502 12:08:22.011644  2662 solver.cpp:418]     Test net output #1: loss = 0.0386656 (* 1 = 0.0386656 loss)
I0502 12:08:25.217900  2662 solver.cpp:239] Iteration 3500 (35.3464 iter/s, 14.1457s/500 iters), loss = 0.0033595
I0502 12:08:25.217929  2662 solver.cpp:258]     Train net output #0: loss = 0.00335928 (* 1 = 0.00335928 loss)
I0502 12:08:25.217934  2662 sgd_solver.cpp:112] Iteration 3500, lr = 0.005
I0502 12:08:25.361516  2668 data_layer.cpp:73] Restarting data prefetching from start.
I0502 12:08:25.460144  2662 solver.cpp:351] Iteration 3510, Testing net (#0)
I0502 12:08:25.626806  2669 data_layer.cpp:73] Restarting data prefetching from start.
I0502 12:08:25.804075  2662 solver.cpp:418]     Test net output #0: accuracy = 0.987216
I0502 12:08:25.804096  2662 solver.cpp:418]     Test net output #1: loss = 0.0425411 (* 1 = 0.0425411 loss)
I0502 12:08:29.118404  2668 data_layer.cpp:73] Restarting data prefetching from start.
I0502 12:08:29.219619  2662 solver.cpp:351] Iteration 3640, Testing net (#0)
I0502 12:08:29.385368  2669 data_layer.cpp:73] Restarting data prefetching from start.
I0502 12:08:29.564636  2662 solver.cpp:418]     Test net output #0: accuracy = 0.986742
I0502 12:08:29.564661  2662 solver.cpp:418]     Test net output #1: loss = 0.038807 (* 1 = 0.038807 loss)
I0502 12:08:32.858402  2668 data_layer.cpp:73] Restarting data prefetching from start.
I0502 12:08:32.957123  2662 solver.cpp:351] Iteration 3770, Testing net (#0)
I0502 12:08:33.118659  2669 data_layer.cpp:73] Restarting data prefetching from start.
I0502 12:08:33.305590  2662 solver.cpp:418]     Test net output #0: accuracy = 0.986742
I0502 12:08:33.305616  2662 solver.cpp:418]     Test net output #1: loss = 0.0436504 (* 1 = 0.0436504 loss)
I0502 12:08:30.485997  2668 data_layer.cpp:73] Restarting data prefetching from start.
I0502 12:08:30.584432  2662 solver.cpp:351] Iteration 3900, Testing net (#0)
I0502 12:08:30.739924  2669 data_layer.cpp:73] Restarting data prefetching from start.
I0502 12:08:30.930119  2662 solver.cpp:418]     Test net output #0: accuracy = 0.988163
I0502 12:08:30.930143  2662 solver.cpp:418]     Test net output #1: loss = 0.0376352 (* 1 = 0.0376352 loss)
I0502 12:08:33.532665  2662 solver.cpp:468] Snapshotting to binary proto file models/sp_final_lenet/exp_5/caffe_lenet_sigmoid5_train_iter_4000.caffemodel
I0502 12:08:33.554293  2662 sgd_solver.cpp:280] Snapshotting solver state to binary proto file models/sp_final_lenet/exp_5/caffe_lenet_sigmoid5_train_iter_4000.solverstate
I0502 12:08:33.591385  2662 solver.cpp:239] Iteration 4000 (34.4914 iter/s, 14.4964s/500 iters), loss = 0.0031405
I0502 12:08:33.591426  2662 solver.cpp:258]     Train net output #0: loss = 0.0031403 (* 1 = 0.0031403 loss)
I0502 12:08:33.591435  2662 sgd_solver.cpp:112] Iteration 4000, lr = 0.005
I0502 12:08:34.260515  2668 data_layer.cpp:73] Restarting data prefetching from start.
I0502 12:08:34.360592  2662 solver.cpp:351] Iteration 4030, Testing net (#0)
I0502 12:08:34.508770  2669 data_layer.cpp:73] Restarting data prefetching from start.
I0502 12:08:34.703766  2662 solver.cpp:418]     Test net output #0: accuracy = 0.987689
I0502 12:08:34.703790  2662 solver.cpp:418]     Test net output #1: loss = 0.0398806 (* 1 = 0.0398806 loss)
I0502 12:08:37.992449  2668 data_layer.cpp:73] Restarting data prefetching from start.
I0502 12:08:38.091832  2662 solver.cpp:351] Iteration 4160, Testing net (#0)
I0502 12:08:38.241313  2669 data_layer.cpp:73] Restarting data prefetching from start.
I0502 12:08:38.438936  2662 solver.cpp:418]     Test net output #0: accuracy = 0.988163
I0502 12:08:38.438961  2662 solver.cpp:418]     Test net output #1: loss = 0.0365588 (* 1 = 0.0365588 loss)
I0502 12:08:41.744676  2668 data_layer.cpp:73] Restarting data prefetching from start.
I0502 12:08:41.843348  2662 solver.cpp:351] Iteration 4290, Testing net (#0)
I0502 12:08:41.991925  2669 data_layer.cpp:73] Restarting data prefetching from start.
I0502 12:08:42.184355  2662 solver.cpp:418]     Test net output #0: accuracy = 0.988163
I0502 12:08:42.184381  2662 solver.cpp:418]     Test net output #1: loss = 0.0363914 (* 1 = 0.0363914 loss)
I0502 12:08:45.484537  2668 data_layer.cpp:73] Restarting data prefetching from start.
I0502 12:08:45.584060  2662 solver.cpp:351] Iteration 4420, Testing net (#0)
I0502 12:08:45.723464  2669 data_layer.cpp:73] Restarting data prefetching from start.
I0502 12:08:45.923820  2662 solver.cpp:418]     Test net output #0: accuracy = 0.987689
I0502 12:08:45.923844  2662 solver.cpp:418]     Test net output #1: loss = 0.0367204 (* 1 = 0.0367204 loss)
I0502 12:08:48.045994  2662 solver.cpp:239] Iteration 4500 (34.5914 iter/s, 14.4545s/500 iters), loss = 0.00510353
I0502 12:08:48.046034  2662 solver.cpp:258]     Train net output #0: loss = 0.00510332 (* 1 = 0.00510332 loss)
I0502 12:08:48.046051  2662 sgd_solver.cpp:112] Iteration 4500, lr = 0.005
I0502 12:08:49.228675  2668 data_layer.cpp:73] Restarting data prefetching from start.
I0502 12:08:49.327626  2662 solver.cpp:351] Iteration 4550, Testing net (#0)
I0502 12:08:49.458972  2669 data_layer.cpp:73] Restarting data prefetching from start.
I0502 12:08:49.675189  2662 solver.cpp:418]     Test net output #0: accuracy = 0.987689
I0502 12:08:49.675215  2662 solver.cpp:418]     Test net output #1: loss = 0.038149 (* 1 = 0.038149 loss)
I0502 12:08:52.972373  2668 data_layer.cpp:73] Restarting data prefetching from start.
I0502 12:08:53.071488  2662 solver.cpp:351] Iteration 4680, Testing net (#0)
I0502 12:08:53.202278  2669 data_layer.cpp:73] Restarting data prefetching from start.
I0502 12:08:53.411459  2662 solver.cpp:418]     Test net output #0: accuracy = 0.987689
I0502 12:08:53.411484  2662 solver.cpp:418]     Test net output #1: loss = 0.0358317 (* 1 = 0.0358317 loss)
I0502 12:08:56.709539  2668 data_layer.cpp:73] Restarting data prefetching from start.
I0502 12:08:56.808120  2662 solver.cpp:351] Iteration 4810, Testing net (#0)
I0502 12:08:56.927366  2669 data_layer.cpp:73] Restarting data prefetching from start.
I0502 12:08:57.148157  2662 solver.cpp:418]     Test net output #0: accuracy = 0.988163
I0502 12:08:57.148180  2662 solver.cpp:418]     Test net output #1: loss = 0.0344368 (* 1 = 0.0344368 loss)
I0502 12:09:00.455054  2668 data_layer.cpp:73] Restarting data prefetching from start.
I0502 12:09:00.553201  2662 solver.cpp:351] Iteration 4940, Testing net (#0)
I0502 12:09:00.671509  2669 data_layer.cpp:73] Restarting data prefetching from start.
I0502 12:09:00.910248  2662 solver.cpp:418]     Test net output #0: accuracy = 0.987216
I0502 12:09:00.910270  2662 solver.cpp:418]     Test net output #1: loss = 0.037373 (* 1 = 0.037373 loss)
I0502 12:09:02.487613  2662 solver.cpp:468] Snapshotting to binary proto file models/sp_final_lenet/exp_5/caffe_lenet_sigmoid5_train_iter_5000.caffemodel
I0502 12:09:02.509055  2662 sgd_solver.cpp:280] Snapshotting solver state to binary proto file models/sp_final_lenet/exp_5/caffe_lenet_sigmoid5_train_iter_5000.solverstate
I0502 12:09:02.547924  2662 solver.cpp:239] Iteration 5000 (34.4785 iter/s, 14.5018s/500 iters), loss = 0.0010749
I0502 12:09:02.547958  2662 solver.cpp:258]     Train net output #0: loss = 0.00107468 (* 1 = 0.00107468 loss)
I0502 12:09:02.547966  2662 sgd_solver.cpp:112] Iteration 5000, lr = 0.005
I0502 12:09:04.256428  2668 data_layer.cpp:73] Restarting data prefetching from start.
I0502 12:09:04.356467  2662 solver.cpp:351] Iteration 5070, Testing net (#0)
I0502 12:09:04.467612  2669 data_layer.cpp:73] Restarting data prefetching from start.
I0502 12:09:04.697669  2662 solver.cpp:418]     Test net output #0: accuracy = 0.988636
I0502 12:09:04.697693  2662 solver.cpp:418]     Test net output #1: loss = 0.0328993 (* 1 = 0.0328993 loss)
I0502 12:09:08.003952  2668 data_layer.cpp:73] Restarting data prefetching from start.
I0502 12:09:08.103796  2662 solver.cpp:351] Iteration 5200, Testing net (#0)
I0502 12:09:08.214946  2669 data_layer.cpp:73] Restarting data prefetching from start.
I0502 12:09:08.446240  2662 solver.cpp:418]     Test net output #0: accuracy = 0.98911
I0502 12:09:08.446264  2662 solver.cpp:418]     Test net output #1: loss = 0.0323147 (* 1 = 0.0323147 loss)
I0502 12:09:11.760325  2668 data_layer.cpp:73] Restarting data prefetching from start.
I0502 12:09:11.858969  2662 solver.cpp:351] Iteration 5330, Testing net (#0)
I0502 12:09:11.960719  2669 data_layer.cpp:73] Restarting data prefetching from start.
I0502 12:09:12.208884  2662 solver.cpp:418]     Test net output #0: accuracy = 0.98911
I0502 12:09:12.208909  2662 solver.cpp:418]     Test net output #1: loss = 0.0316215 (* 1 = 0.0316215 loss)
I0502 12:09:15.501168  2668 data_layer.cpp:73] Restarting data prefetching from start.
I0502 12:09:15.600345  2662 solver.cpp:351] Iteration 5460, Testing net (#0)
I0502 12:09:15.705349  2669 data_layer.cpp:73] Restarting data prefetching from start.
I0502 12:09:15.945189  2662 solver.cpp:418]     Test net output #0: accuracy = 0.98911
I0502 12:09:15.945212  2662 solver.cpp:418]     Test net output #1: loss = 0.0312008 (* 1 = 0.0312008 loss)
I0502 12:09:13.633728  2662 solver.cpp:239] Iteration 5500 (34.5311 iter/s, 14.4797s/500 iters), loss = 0.00226983
I0502 12:09:13.633759  2662 solver.cpp:258]     Train net output #0: loss = 0.0022696 (* 1 = 0.0022696 loss)
I0502 12:09:13.633764  2662 sgd_solver.cpp:112] Iteration 5500, lr = 0.005
I0502 12:09:15.873567  2668 data_layer.cpp:73] Restarting data prefetching from start.
I0502 12:09:15.973208  2662 solver.cpp:351] Iteration 5590, Testing net (#0)
I0502 12:09:16.068614  2669 data_layer.cpp:73] Restarting data prefetching from start.
I0502 12:09:16.316462  2662 solver.cpp:418]     Test net output #0: accuracy = 0.98911
I0502 12:09:16.316485  2662 solver.cpp:418]     Test net output #1: loss = 0.0307631 (* 1 = 0.0307631 loss)
I0502 12:09:19.607020  2668 data_layer.cpp:73] Restarting data prefetching from start.
I0502 12:09:19.707593  2662 solver.cpp:351] Iteration 5720, Testing net (#0)
I0502 12:09:19.799535  2669 data_layer.cpp:73] Restarting data prefetching from start.
I0502 12:09:20.052464  2662 solver.cpp:418]     Test net output #0: accuracy = 0.990057
I0502 12:09:20.052489  2662 solver.cpp:418]     Test net output #1: loss = 0.02999 (* 1 = 0.02999 loss)
I0502 12:09:23.344804  2668 data_layer.cpp:73] Restarting data prefetching from start.
I0502 12:09:23.443084  2662 solver.cpp:351] Iteration 5850, Testing net (#0)
I0502 12:09:23.526876  2669 data_layer.cpp:73] Restarting data prefetching from start.
I0502 12:09:23.785949  2662 solver.cpp:418]     Test net output #0: accuracy = 0.989583
I0502 12:09:23.785974  2662 solver.cpp:418]     Test net output #1: loss = 0.0304968 (* 1 = 0.0304968 loss)
I0502 12:09:27.082511  2668 data_layer.cpp:73] Restarting data prefetching from start.
I0502 12:09:27.181172  2662 solver.cpp:351] Iteration 5980, Testing net (#0)
I0502 12:09:27.264510  2669 data_layer.cpp:73] Restarting data prefetching from start.
I0502 12:09:27.519691  2662 solver.cpp:418]     Test net output #0: accuracy = 0.990057
I0502 12:09:27.519713  2662 solver.cpp:418]     Test net output #1: loss = 0.0296277 (* 1 = 0.0296277 loss)
I0502 12:09:28.037320  2662 solver.cpp:468] Snapshotting to binary proto file models/sp_final_lenet/exp_5/caffe_lenet_sigmoid5_train_iter_6000.caffemodel
I0502 12:09:28.065548  2662 sgd_solver.cpp:280] Snapshotting solver state to binary proto file models/sp_final_lenet/exp_5/caffe_lenet_sigmoid5_train_iter_6000.solverstate
I0502 12:09:28.097983  2662 solver.cpp:239] Iteration 6000 (34.5683 iter/s, 14.4641s/500 iters), loss = 0.00236761
I0502 12:09:28.098013  2662 solver.cpp:258]     Train net output #0: loss = 0.00236738 (* 1 = 0.00236738 loss)
I0502 12:09:28.098019  2662 sgd_solver.cpp:112] Iteration 6000, lr = 0.005
I0502 12:09:30.916378  2668 data_layer.cpp:73] Restarting data prefetching from start.
I0502 12:09:31.014819  2662 solver.cpp:351] Iteration 6110, Testing net (#0)
I0502 12:09:31.088603  2669 data_layer.cpp:73] Restarting data prefetching from start.
I0502 12:09:31.358654  2662 solver.cpp:418]     Test net output #0: accuracy = 0.99053
I0502 12:09:31.358680  2662 solver.cpp:418]     Test net output #1: loss = 0.0288543 (* 1 = 0.0288543 loss)
I0502 12:09:34.653383  2668 data_layer.cpp:73] Restarting data prefetching from start.
I0502 12:09:34.752099  2662 solver.cpp:351] Iteration 6240, Testing net (#0)
I0502 12:09:34.829797  2669 data_layer.cpp:73] Restarting data prefetching from start.
I0502 12:09:35.094749  2662 solver.cpp:418]     Test net output #0: accuracy = 0.99053
I0502 12:09:35.094774  2662 solver.cpp:418]     Test net output #1: loss = 0.028643 (* 1 = 0.028643 loss)
I0502 12:09:38.388464  2668 data_layer.cpp:73] Restarting data prefetching from start.
I0502 12:09:38.487126  2662 solver.cpp:351] Iteration 6370, Testing net (#0)
I0502 12:09:38.554383  2669 data_layer.cpp:73] Restarting data prefetching from start.
I0502 12:09:38.830766  2662 solver.cpp:418]     Test net output #0: accuracy = 0.99053
I0502 12:09:38.830790  2662 solver.cpp:418]     Test net output #1: loss = 0.028467 (* 1 = 0.028467 loss)
I0502 12:09:42.260108  2668 data_layer.cpp:73] Restarting data prefetching from start.
I0502 12:09:42.361373  2662 solver.cpp:351] Iteration 6500, Testing net (#0)
I0502 12:09:42.428030  2669 data_layer.cpp:73] Restarting data prefetching from start.
I0502 12:09:42.707550  2662 solver.cpp:418]     Test net output #0: accuracy = 0.99053
I0502 12:09:42.707584  2662 solver.cpp:418]     Test net output #1: loss = 0.0279412 (* 1 = 0.0279412 loss)
I0502 12:09:42.738214  2662 solver.cpp:239] Iteration 6500 (34.1528 iter/s, 14.6401s/500 iters), loss = 0.00206527
I0502 12:09:42.738281  2662 solver.cpp:258]     Train net output #0: loss = 0.00206503 (* 1 = 0.00206503 loss)
I0502 12:09:42.738296  2662 sgd_solver.cpp:112] Iteration 6500, lr = 0.005
I0502 12:09:46.015686  2668 data_layer.cpp:73] Restarting data prefetching from start.
I0502 12:09:46.115634  2662 solver.cpp:351] Iteration 6630, Testing net (#0)
I0502 12:09:46.170061  2669 data_layer.cpp:73] Restarting data prefetching from start.
I0502 12:09:46.454758  2662 solver.cpp:418]     Test net output #0: accuracy = 0.99053
I0502 12:09:46.454787  2662 solver.cpp:418]     Test net output #1: loss = 0.0268369 (* 1 = 0.0268369 loss)
I0502 12:09:49.758828  2668 data_layer.cpp:73] Restarting data prefetching from start.
I0502 12:09:49.857954  2662 solver.cpp:351] Iteration 6760, Testing net (#0)
I0502 12:09:49.911572  2669 data_layer.cpp:73] Restarting data prefetching from start.
I0502 12:09:50.195406  2662 solver.cpp:418]     Test net output #0: accuracy = 0.99053
I0502 12:09:50.195433  2662 solver.cpp:418]     Test net output #1: loss = 0.0272166 (* 1 = 0.0272166 loss)
I0502 12:09:53.493746  2668 data_layer.cpp:73] Restarting data prefetching from start.
I0502 12:09:53.592731  2662 solver.cpp:351] Iteration 6890, Testing net (#0)
I0502 12:09:53.638103  2669 data_layer.cpp:73] Restarting data prefetching from start.
I0502 12:09:53.937461  2662 solver.cpp:418]     Test net output #0: accuracy = 0.99053
I0502 12:09:53.937485  2662 solver.cpp:418]     Test net output #1: loss = 0.0265265 (* 1 = 0.0265265 loss)
I0502 12:10:00.215809  2662 solver.cpp:468] Snapshotting to binary proto file models/sp_final_lenet/exp_5/caffe_lenet_sigmoid5_train_iter_7000.caffemodel
I0502 12:10:00.238476  2662 sgd_solver.cpp:280] Snapshotting solver state to binary proto file models/sp_final_lenet/exp_5/caffe_lenet_sigmoid5_train_iter_7000.solverstate
I0502 12:10:00.280364  2662 solver.cpp:239] Iteration 7000 (35.3886 iter/s, 14.1289s/500 iters), loss = 0.0017192
I0502 12:10:00.280408  2662 solver.cpp:258]     Train net output #0: loss = 0.00171896 (* 1 = 0.00171896 loss)
I0502 12:10:00.280418  2662 sgd_solver.cpp:112] Iteration 7000, lr = 0.005
I0502 12:10:00.684968  2668 data_layer.cpp:73] Restarting data prefetching from start.
I0502 12:10:00.790155  2662 solver.cpp:351] Iteration 7020, Testing net (#0)
I0502 12:10:00.835077  2669 data_layer.cpp:73] Restarting data prefetching from start.
I0502 12:10:01.137833  2662 solver.cpp:418]     Test net output #0: accuracy = 0.990057
I0502 12:10:01.137858  2662 solver.cpp:418]     Test net output #1: loss = 0.0282763 (* 1 = 0.0282763 loss)
I0502 12:10:04.434342  2668 data_layer.cpp:73] Restarting data prefetching from start.
I0502 12:10:04.538727  2662 solver.cpp:351] Iteration 7150, Testing net (#0)
I0502 12:10:04.564883  2669 data_layer.cpp:73] Restarting data prefetching from start.
I0502 12:10:04.879123  2662 solver.cpp:418]     Test net output #0: accuracy = 0.990057
I0502 12:10:04.879148  2662 solver.cpp:418]     Test net output #1: loss = 0.0290932 (* 1 = 0.0290932 loss)
I0502 12:10:08.194944  2668 data_layer.cpp:73] Restarting data prefetching from start.
I0502 12:10:08.294395  2662 solver.cpp:351] Iteration 7280, Testing net (#0)
I0502 12:10:08.320019  2669 data_layer.cpp:73] Restarting data prefetching from start.
I0502 12:10:08.628661  2662 solver.cpp:418]     Test net output #0: accuracy = 0.990057
I0502 12:10:08.628686  2662 solver.cpp:418]     Test net output #1: loss = 0.0305113 (* 1 = 0.0305113 loss)
I0502 12:10:11.922631  2668 data_layer.cpp:73] Restarting data prefetching from start.
I0502 12:10:12.022405  2662 solver.cpp:351] Iteration 7410, Testing net (#0)
I0502 12:10:12.040159  2669 data_layer.cpp:73] Restarting data prefetching from start.
I0502 12:10:12.352197  2662 solver.cpp:418]     Test net output #0: accuracy = 0.99053
I0502 12:10:12.352222  2662 solver.cpp:418]     Test net output #1: loss = 0.0298042 (* 1 = 0.0298042 loss)
I0502 12:10:14.797714  2662 solver.cpp:239] Iteration 7500 (34.4419 iter/s, 14.5172s/500 iters), loss = 0.00129684
I0502 12:10:14.797744  2662 solver.cpp:258]     Train net output #0: loss = 0.00129661 (* 1 = 0.00129661 loss)
I0502 12:10:14.797750  2662 sgd_solver.cpp:112] Iteration 7500, lr = 0.005
I0502 12:10:15.729001  2668 data_layer.cpp:73] Restarting data prefetching from start.
I0502 12:10:15.833411  2662 solver.cpp:351] Iteration 7540, Testing net (#0)
I0502 12:10:15.846940  2669 data_layer.cpp:73] Restarting data prefetching from start.
I0502 12:10:16.148497  2669 data_layer.cpp:73] Restarting data prefetching from start.
I0502 12:10:16.161672  2662 solver.cpp:418]     Test net output #0: accuracy = 0.990057
I0502 12:10:16.161723  2662 solver.cpp:418]     Test net output #1: loss = 0.0300368 (* 1 = 0.0300368 loss)
I0502 12:10:19.457851  2668 data_layer.cpp:73] Restarting data prefetching from start.
I0502 12:10:19.558969  2662 solver.cpp:351] Iteration 7670, Testing net (#0)
I0502 12:10:19.888942  2669 data_layer.cpp:73] Restarting data prefetching from start.
I0502 12:10:19.892725  2662 solver.cpp:418]     Test net output #0: accuracy = 0.990057
I0502 12:10:19.892751  2662 solver.cpp:418]     Test net output #1: loss = 0.031368 (* 1 = 0.031368 loss)
I0502 12:10:23.573395  2668 data_layer.cpp:73] Restarting data prefetching from start.
I0502 12:10:23.709669  2662 solver.cpp:351] Iteration 7800, Testing net (#0)
I0502 12:10:24.027333  2669 data_layer.cpp:73] Restarting data prefetching from start.
I0502 12:10:24.045320  2662 solver.cpp:418]     Test net output #0: accuracy = 0.990057
I0502 12:10:24.045347  2662 solver.cpp:418]     Test net output #1: loss = 0.0300098 (* 1 = 0.0300098 loss)
I0502 12:10:27.421815  2668 data_layer.cpp:73] Restarting data prefetching from start.
I0502 12:10:27.519546  2662 solver.cpp:351] Iteration 7930, Testing net (#0)
I0502 12:10:27.845494  2669 data_layer.cpp:73] Restarting data prefetching from start.
I0502 12:10:27.871006  2662 solver.cpp:418]     Test net output #0: accuracy = 0.989583
I0502 12:10:27.871037  2662 solver.cpp:418]     Test net output #1: loss = 0.0298962 (* 1 = 0.0298962 loss)
I0502 12:10:29.925843  2662 solver.cpp:468] Snapshotting to binary proto file models/sp_final_lenet/exp_5/caffe_lenet_sigmoid5_train_iter_8000.caffemodel
I0502 12:10:29.948112  2662 sgd_solver.cpp:280] Snapshotting solver state to binary proto file models/sp_final_lenet/exp_5/caffe_lenet_sigmoid5_train_iter_8000.solverstate
I0502 12:10:29.987689  2662 solver.cpp:239] Iteration 8000 (32.9168 iter/s, 15.1898s/500 iters), loss = 0.00260328
I0502 12:10:29.987737  2662 solver.cpp:258]     Train net output #0: loss = 0.00260305 (* 1 = 0.00260305 loss)
I0502 12:10:29.987747  2662 sgd_solver.cpp:112] Iteration 8000, lr = 0.005
I0502 12:10:31.539758  2668 data_layer.cpp:73] Restarting data prefetching from start.
I0502 12:10:31.637171  2662 solver.cpp:351] Iteration 8060, Testing net (#0)
I0502 12:10:31.958462  2669 data_layer.cpp:73] Restarting data prefetching from start.
I0502 12:10:32.002221  2662 solver.cpp:418]     Test net output #0: accuracy = 0.98911
I0502 12:10:32.002250  2662 solver.cpp:418]     Test net output #1: loss = 0.0308633 (* 1 = 0.0308633 loss)
I0502 12:10:38.779706  2668 data_layer.cpp:73] Restarting data prefetching from start.
I0502 12:10:38.878044  2662 solver.cpp:351] Iteration 8190, Testing net (#0)
I0502 12:10:39.201769  2669 data_layer.cpp:73] Restarting data prefetching from start.
I0502 12:10:39.246996  2662 solver.cpp:418]     Test net output #0: accuracy = 0.989583
I0502 12:10:39.247025  2662 solver.cpp:418]     Test net output #1: loss = 0.0299862 (* 1 = 0.0299862 loss)
I0502 12:10:42.940019  2668 data_layer.cpp:73] Restarting data prefetching from start.
I0502 12:10:43.039422  2662 solver.cpp:351] Iteration 8320, Testing net (#0)
I0502 12:10:43.331601  2669 data_layer.cpp:73] Restarting data prefetching from start.
I0502 12:10:43.377039  2662 solver.cpp:418]     Test net output #0: accuracy = 0.989583
I0502 12:10:43.377089  2662 solver.cpp:418]     Test net output #1: loss = 0.0301253 (* 1 = 0.0301253 loss)
I0502 12:10:46.690102  2668 data_layer.cpp:73] Restarting data prefetching from start.
I0502 12:10:46.788722  2662 solver.cpp:351] Iteration 8450, Testing net (#0)
I0502 12:10:47.082254  2669 data_layer.cpp:73] Restarting data prefetching from start.
I0502 12:10:47.134004  2662 solver.cpp:418]     Test net output #0: accuracy = 0.989583
I0502 12:10:47.134030  2662 solver.cpp:418]     Test net output #1: loss = 0.0301694 (* 1 = 0.0301694 loss)
I0502 12:10:48.491649  2662 solver.cpp:239] Iteration 8500 (32.782 iter/s, 15.2523s/500 iters), loss = 0.00134315
I0502 12:10:48.491680  2662 solver.cpp:258]     Train net output #0: loss = 0.00134292 (* 1 = 0.00134292 loss)
I0502 12:10:48.491685  2662 sgd_solver.cpp:112] Iteration 8500, lr = 0.005
I0502 12:10:50.458880  2668 data_layer.cpp:73] Restarting data prefetching from start.
I0502 12:10:50.557669  2662 solver.cpp:351] Iteration 8580, Testing net (#0)
I0502 12:10:50.846714  2669 data_layer.cpp:73] Restarting data prefetching from start.
I0502 12:10:50.906661  2662 solver.cpp:418]     Test net output #0: accuracy = 0.989583
I0502 12:10:50.906685  2662 solver.cpp:418]     Test net output #1: loss = 0.0299562 (* 1 = 0.0299562 loss)
I0502 12:10:54.277173  2668 data_layer.cpp:73] Restarting data prefetching from start.
I0502 12:10:54.374100  2662 solver.cpp:351] Iteration 8710, Testing net (#0)
I0502 12:10:54.655179  2669 data_layer.cpp:73] Restarting data prefetching from start.
I0502 12:10:54.711717  2662 solver.cpp:418]     Test net output #0: accuracy = 0.98911
I0502 12:10:54.711741  2662 solver.cpp:418]     Test net output #1: loss = 0.0307441 (* 1 = 0.0307441 loss)
I0502 12:10:58.008548  2668 data_layer.cpp:73] Restarting data prefetching from start.
I0502 12:10:58.111675  2662 solver.cpp:351] Iteration 8840, Testing net (#0)
I0502 12:10:58.385558  2669 data_layer.cpp:73] Restarting data prefetching from start.
I0502 12:10:58.453687  2662 solver.cpp:418]     Test net output #0: accuracy = 0.989583
I0502 12:10:58.453712  2662 solver.cpp:418]     Test net output #1: loss = 0.0298733 (* 1 = 0.0298733 loss)
I0502 12:11:01.753628  2668 data_layer.cpp:73] Restarting data prefetching from start.
I0502 12:11:01.852174  2662 solver.cpp:351] Iteration 8970, Testing net (#0)
I0502 12:11:02.133427  2669 data_layer.cpp:73] Restarting data prefetching from start.
I0502 12:11:02.198302  2662 solver.cpp:418]     Test net output #0: accuracy = 0.989583
I0502 12:11:02.198329  2662 solver.cpp:418]     Test net output #1: loss = 0.0299961 (* 1 = 0.0299961 loss)
I0502 12:11:02.977242  2662 solver.cpp:468] Snapshotting to binary proto file models/sp_final_lenet/exp_5/caffe_lenet_sigmoid5_train_iter_9000.caffemodel
I0502 12:11:02.999711  2662 sgd_solver.cpp:280] Snapshotting solver state to binary proto file models/sp_final_lenet/exp_5/caffe_lenet_sigmoid5_train_iter_9000.solverstate
I0502 12:11:03.038405  2662 solver.cpp:239] Iteration 9000 (34.3723 iter/s, 14.5466s/500 iters), loss = 0.00187896
I0502 12:11:03.038442  2662 solver.cpp:258]     Train net output #0: loss = 0.00187873 (* 1 = 0.00187873 loss)
I0502 12:11:03.038450  2662 sgd_solver.cpp:112] Iteration 9000, lr = 0.005
I0502 12:11:05.535563  2668 data_layer.cpp:73] Restarting data prefetching from start.
I0502 12:11:05.636760  2662 solver.cpp:351] Iteration 9100, Testing net (#0)
I0502 12:11:05.900471  2669 data_layer.cpp:73] Restarting data prefetching from start.
I0502 12:11:05.976243  2662 solver.cpp:418]     Test net output #0: accuracy = 0.98911
I0502 12:11:05.976271  2662 solver.cpp:418]     Test net output #1: loss = 0.0313735 (* 1 = 0.0313735 loss)
I0502 12:11:09.276904  2668 data_layer.cpp:73] Restarting data prefetching from start.
I0502 12:11:09.376019  2662 solver.cpp:351] Iteration 9230, Testing net (#0)
I0502 12:11:09.640864  2669 data_layer.cpp:73] Restarting data prefetching from start.
I0502 12:11:09.717963  2662 solver.cpp:418]     Test net output #0: accuracy = 0.989583
I0502 12:11:09.717989  2662 solver.cpp:418]     Test net output #1: loss = 0.0297948 (* 1 = 0.0297948 loss)
I0502 12:11:13.037631  2668 data_layer.cpp:73] Restarting data prefetching from start.
I0502 12:11:13.138423  2662 solver.cpp:351] Iteration 9360, Testing net (#0)
I0502 12:11:13.397625  2669 data_layer.cpp:73] Restarting data prefetching from start.
I0502 12:11:13.482023  2662 solver.cpp:418]     Test net output #0: accuracy = 0.989583
I0502 12:11:13.482048  2662 solver.cpp:418]     Test net output #1: loss = 0.029725 (* 1 = 0.029725 loss)
I0502 12:11:16.189853  2668 data_layer.cpp:73] Restarting data prefetching from start.
I0502 12:11:16.289904  2662 solver.cpp:351] Iteration 9490, Testing net (#0)
I0502 12:11:16.545572  2669 data_layer.cpp:73] Restarting data prefetching from start.
I0502 12:11:16.632529  2662 solver.cpp:418]     Test net output #0: accuracy = 0.989583
I0502 12:11:16.632553  2662 solver.cpp:418]     Test net output #1: loss = 0.0298229 (* 1 = 0.0298229 loss)
I0502 12:11:16.934913  2662 solver.cpp:239] Iteration 9500 (34.3805 iter/s, 14.5431s/500 iters), loss = 0.00220353
I0502 12:11:16.934996  2662 solver.cpp:258]     Train net output #0: loss = 0.0022033 (* 1 = 0.0022033 loss)
I0502 12:11:16.935003  2662 sgd_solver.cpp:112] Iteration 9500, lr = 0.005
I0502 12:11:19.950381  2668 data_layer.cpp:73] Restarting data prefetching from start.
I0502 12:11:20.050273  2662 solver.cpp:351] Iteration 9620, Testing net (#0)
I0502 12:11:20.298530  2669 data_layer.cpp:73] Restarting data prefetching from start.
I0502 12:11:20.392145  2662 solver.cpp:418]     Test net output #0: accuracy = 0.989583
I0502 12:11:20.392168  2662 solver.cpp:418]     Test net output #1: loss = 0.0295443 (* 1 = 0.0295443 loss)
I0502 12:11:23.702383  2668 data_layer.cpp:73] Restarting data prefetching from start.
I0502 12:11:23.801558  2662 solver.cpp:351] Iteration 9750, Testing net (#0)
I0502 12:11:24.056108  2669 data_layer.cpp:73] Restarting data prefetching from start.
I0502 12:11:24.149899  2662 solver.cpp:418]     Test net output #0: accuracy = 0.989583
I0502 12:11:24.149926  2662 solver.cpp:418]     Test net output #1: loss = 0.0295505 (* 1 = 0.0295505 loss)
I0502 12:11:27.454514  2668 data_layer.cpp:73] Restarting data prefetching from start.
I0502 12:11:27.553045  2662 solver.cpp:351] Iteration 9880, Testing net (#0)
I0502 12:11:27.789620  2669 data_layer.cpp:73] Restarting data prefetching from start.
I0502 12:11:27.895318  2662 solver.cpp:418]     Test net output #0: accuracy = 0.98911
I0502 12:11:27.895344  2662 solver.cpp:418]     Test net output #1: loss = 0.0308641 (* 1 = 0.0308641 loss)
I0502 12:11:31.016894  2662 solver.cpp:468] Snapshotting to binary proto file models/sp_final_lenet/exp_5/caffe_lenet_sigmoid5_train_iter_10000.caffemodel
I0502 12:11:31.039023  2662 sgd_solver.cpp:280] Snapshotting solver state to binary proto file models/sp_final_lenet/exp_5/caffe_lenet_sigmoid5_train_iter_10000.solverstate
I0502 12:11:31.058722  2662 solver.cpp:331] Iteration 10000, loss = 0.001276
I0502 12:11:31.058748  2662 solver.cpp:336] Optimization Done.
I0502 12:11:31.058751  2662 caffe.cpp:250] Optimization Done.
