I0502 13:59:17.845146  5702 caffe.cpp:204] Using GPUs 0
I0502 13:59:17.864153  5702 caffe.cpp:209] GPU 0: GeForce 940MX
I0502 13:59:18.098404  5702 solver.cpp:45] Initializing solver from parameters: 
test_iter: 35
test_interval: 130
base_lr: 0.01
display: 500
max_iter: 10000
lr_policy: "inv"
gamma: 0.1
momentum: 0.9
weight_decay: 0.0005
stepsize: 20000
snapshot: 1000
snapshot_prefix: "models/sp_final_lenet/exp_7/caffe_lenet_inv7_train"
solver_mode: GPU
device_id: 0
net: "models/sp_final_lenet/lenet_train_val.prototxt"
train_state {
  level: 0
  stage: ""
}
I0502 13:59:18.098553  5702 solver.cpp:102] Creating training net from net file: models/sp_final_lenet/lenet_train_val.prototxt
I0502 13:59:18.098716  5702 net.cpp:294] The NetState phase (0) differed from the phase (1) specified by a rule in layer data
I0502 13:59:18.098727  5702 net.cpp:294] The NetState phase (0) differed from the phase (1) specified by a rule in layer accuracy
I0502 13:59:18.098798  5702 net.cpp:51] Initializing net from parameters: 
name: "LeNet"
state {
  phase: TRAIN
  level: 0
  stage: ""
}
layer {
  name: "data"
  type: "Data"
  top: "data"
  top: "label"
  include {
    phase: TRAIN
  }
  transform_param {
    scale: 0.00390625
  }
  data_param {
    source: "examples/final_sp/sp_train_lmdb"
    batch_size: 64
    backend: LMDB
  }
}
layer {
  name: "conv1"
  type: "Convolution"
  bottom: "data"
  top: "conv1"
  param {
    lr_mult: 1
  }
  param {
    lr_mult: 2
  }
  convolution_param {
    num_output: 20
    kernel_size: 5
    stride: 1
    weight_filler {
      type: "xavier"
    }
    bias_filler {
      type: "constant"
    }
  }
}
layer {
  name: "pool1"
  type: "Pooling"
  bottom: "conv1"
  top: "pool1"
  pooling_param {
    pool: MAX
    kernel_size: 2
    stride: 2
  }
}
layer {
  name: "conv2"
  type: "Convolution"
  bottom: "pool1"
  top: "conv2"
  param {
    lr_mult: 1
  }
  param {
    lr_mult: 2
  }
  convolution_param {
    num_output: 50
    kernel_size: 5
    stride: 1
    weight_filler {
      type: "xavier"
    }
    bias_filler {
      type: "constant"
    }
  }
}
layer {
  name: "pool2"
  type: "Pooling"
  bottom: "conv2"
  top: "pool2"
  pooling_param {
    pool: MAX
    kernel_size: 2
    stride: 2
  }
}
layer {
  name: "ip1"
  type: "InnerProduct"
  bottom: "pool2"
  top: "ip1"
  param {
    lr_mult: 1
  }
  param {
    lr_mult: 2
  }
  inner_product_param {
    num_output: 500
    weight_filler {
      type: "xavier"
    }
    bias_filler {
      type: "constant"
    }
  }
}
layer {
  name: "relu1"
  type: "ReLU"
  bottom: "ip1"
  top: "ip1"
}
layer {
  name: "ip2"
  type: "InnerProduct"
  bottom: "ip1"
  top: "ip2"
  param {
    lr_mult: 1
  }
  param {
    lr_mult: 2
  }
  inner_product_param {
    num_output: 52
    weight_filler {
      type: "xavier"
    }
    bias_filler {
      type: "constant"
    }
  }
}
layer {
  name: "loss"
  type: "SoftmaxWithLoss"
  bottom: "ip2"
  bottom: "label"
  top: "loss"
}
I0502 13:59:18.098852  5702 layer_factory.hpp:77] Creating layer data
I0502 13:59:18.098937  5702 db_lmdb.cpp:35] Opened lmdb examples/final_sp/sp_train_lmdb
I0502 13:59:18.098958  5702 net.cpp:84] Creating Layer data
I0502 13:59:18.098966  5702 net.cpp:380] data -> data
I0502 13:59:18.099014  5702 net.cpp:380] data -> label
I0502 13:59:18.099521  5702 data_layer.cpp:45] output data size: 64,3,28,28
I0502 13:59:18.103423  5702 net.cpp:122] Setting up data
I0502 13:59:18.103451  5702 net.cpp:129] Top shape: 64 3 28 28 (150528)
I0502 13:59:18.103457  5702 net.cpp:129] Top shape: 64 (64)
I0502 13:59:18.103461  5702 net.cpp:137] Memory required for data: 602368
I0502 13:59:18.103473  5702 layer_factory.hpp:77] Creating layer conv1
I0502 13:59:18.103502  5702 net.cpp:84] Creating Layer conv1
I0502 13:59:18.103509  5702 net.cpp:406] conv1 <- data
I0502 13:59:18.103526  5702 net.cpp:380] conv1 -> conv1
I0502 13:59:18.104487  5702 net.cpp:122] Setting up conv1
I0502 13:59:18.104501  5702 net.cpp:129] Top shape: 64 20 24 24 (737280)
I0502 13:59:18.104504  5702 net.cpp:137] Memory required for data: 3551488
I0502 13:59:18.104526  5702 layer_factory.hpp:77] Creating layer pool1
I0502 13:59:18.104557  5702 net.cpp:84] Creating Layer pool1
I0502 13:59:18.104563  5702 net.cpp:406] pool1 <- conv1
I0502 13:59:18.104570  5702 net.cpp:380] pool1 -> pool1
I0502 13:59:18.104624  5702 net.cpp:122] Setting up pool1
I0502 13:59:18.104631  5702 net.cpp:129] Top shape: 64 20 12 12 (184320)
I0502 13:59:18.104635  5702 net.cpp:137] Memory required for data: 4288768
I0502 13:59:18.104640  5702 layer_factory.hpp:77] Creating layer conv2
I0502 13:59:18.104650  5702 net.cpp:84] Creating Layer conv2
I0502 13:59:18.104655  5702 net.cpp:406] conv2 <- pool1
I0502 13:59:18.104661  5702 net.cpp:380] conv2 -> conv2
I0502 13:59:18.105849  5702 net.cpp:122] Setting up conv2
I0502 13:59:18.105864  5702 net.cpp:129] Top shape: 64 50 8 8 (204800)
I0502 13:59:18.105866  5702 net.cpp:137] Memory required for data: 5107968
I0502 13:59:18.105877  5702 layer_factory.hpp:77] Creating layer pool2
I0502 13:59:18.105886  5702 net.cpp:84] Creating Layer pool2
I0502 13:59:18.105892  5702 net.cpp:406] pool2 <- conv2
I0502 13:59:18.105898  5702 net.cpp:380] pool2 -> pool2
I0502 13:59:18.105935  5702 net.cpp:122] Setting up pool2
I0502 13:59:18.105944  5702 net.cpp:129] Top shape: 64 50 4 4 (51200)
I0502 13:59:18.105947  5702 net.cpp:137] Memory required for data: 5312768
I0502 13:59:18.105950  5702 layer_factory.hpp:77] Creating layer ip1
I0502 13:59:18.105959  5702 net.cpp:84] Creating Layer ip1
I0502 13:59:18.105963  5702 net.cpp:406] ip1 <- pool2
I0502 13:59:18.105970  5702 net.cpp:380] ip1 -> ip1
I0502 13:59:18.108506  5702 net.cpp:122] Setting up ip1
I0502 13:59:18.108520  5702 net.cpp:129] Top shape: 64 500 (32000)
I0502 13:59:18.108522  5702 net.cpp:137] Memory required for data: 5440768
I0502 13:59:18.108534  5702 layer_factory.hpp:77] Creating layer relu1
I0502 13:59:18.108543  5702 net.cpp:84] Creating Layer relu1
I0502 13:59:18.108547  5702 net.cpp:406] relu1 <- ip1
I0502 13:59:18.108553  5702 net.cpp:367] relu1 -> ip1 (in-place)
I0502 13:59:18.108564  5702 net.cpp:122] Setting up relu1
I0502 13:59:18.108569  5702 net.cpp:129] Top shape: 64 500 (32000)
I0502 13:59:18.108574  5702 net.cpp:137] Memory required for data: 5568768
I0502 13:59:18.108578  5702 layer_factory.hpp:77] Creating layer ip2
I0502 13:59:18.108585  5702 net.cpp:84] Creating Layer ip2
I0502 13:59:18.108590  5702 net.cpp:406] ip2 <- ip1
I0502 13:59:18.108597  5702 net.cpp:380] ip2 -> ip2
I0502 13:59:18.108901  5702 net.cpp:122] Setting up ip2
I0502 13:59:18.108909  5702 net.cpp:129] Top shape: 64 52 (3328)
I0502 13:59:18.108913  5702 net.cpp:137] Memory required for data: 5582080
I0502 13:59:18.108922  5702 layer_factory.hpp:77] Creating layer loss
I0502 13:59:18.108930  5702 net.cpp:84] Creating Layer loss
I0502 13:59:18.108935  5702 net.cpp:406] loss <- ip2
I0502 13:59:18.108940  5702 net.cpp:406] loss <- label
I0502 13:59:18.108948  5702 net.cpp:380] loss -> loss
I0502 13:59:18.108964  5702 layer_factory.hpp:77] Creating layer loss
I0502 13:59:18.109035  5702 net.cpp:122] Setting up loss
I0502 13:59:18.109042  5702 net.cpp:129] Top shape: (1)
I0502 13:59:18.109045  5702 net.cpp:132]     with loss weight 1
I0502 13:59:18.109066  5702 net.cpp:137] Memory required for data: 5582084
I0502 13:59:18.109069  5702 net.cpp:198] loss needs backward computation.
I0502 13:59:18.109077  5702 net.cpp:198] ip2 needs backward computation.
I0502 13:59:18.109082  5702 net.cpp:198] relu1 needs backward computation.
I0502 13:59:18.109087  5702 net.cpp:198] ip1 needs backward computation.
I0502 13:59:18.109094  5702 net.cpp:198] pool2 needs backward computation.
I0502 13:59:18.109099  5702 net.cpp:198] conv2 needs backward computation.
I0502 13:59:18.109103  5702 net.cpp:198] pool1 needs backward computation.
I0502 13:59:18.109110  5702 net.cpp:198] conv1 needs backward computation.
I0502 13:59:18.109117  5702 net.cpp:200] data does not need backward computation.
I0502 13:59:18.109120  5702 net.cpp:242] This network produces output loss
I0502 13:59:18.109130  5702 net.cpp:255] Network initialization done.
I0502 13:59:18.109283  5702 solver.cpp:190] Creating test net (#0) specified by net file: models/sp_final_lenet/lenet_train_val.prototxt
I0502 13:59:18.109331  5702 net.cpp:294] The NetState phase (1) differed from the phase (0) specified by a rule in layer data
I0502 13:59:18.109410  5702 net.cpp:51] Initializing net from parameters: 
name: "LeNet"
state {
  phase: TEST
}
layer {
  name: "data"
  type: "Data"
  top: "data"
  top: "label"
  include {
    phase: TEST
  }
  transform_param {
    scale: 0.00390625
  }
  data_param {
    source: "examples/final_sp/sp_val_lmdb"
    batch_size: 64
    backend: LMDB
  }
}
layer {
  name: "conv1"
  type: "Convolution"
  bottom: "data"
  top: "conv1"
  param {
    lr_mult: 1
  }
  param {
    lr_mult: 2
  }
  convolution_param {
    num_output: 20
    kernel_size: 5
    stride: 1
    weight_filler {
      type: "xavier"
    }
    bias_filler {
      type: "constant"
    }
  }
}
layer {
  name: "pool1"
  type: "Pooling"
  bottom: "conv1"
  top: "pool1"
  pooling_param {
    pool: MAX
    kernel_size: 2
    stride: 2
  }
}
layer {
  name: "conv2"
  type: "Convolution"
  bottom: "pool1"
  top: "conv2"
  param {
    lr_mult: 1
  }
  param {
    lr_mult: 2
  }
  convolution_param {
    num_output: 50
    kernel_size: 5
    stride: 1
    weight_filler {
      type: "xavier"
    }
    bias_filler {
      type: "constant"
    }
  }
}
layer {
  name: "pool2"
  type: "Pooling"
  bottom: "conv2"
  top: "pool2"
  pooling_param {
    pool: MAX
    kernel_size: 2
    stride: 2
  }
}
layer {
  name: "ip1"
  type: "InnerProduct"
  bottom: "pool2"
  top: "ip1"
  param {
    lr_mult: 1
  }
  param {
    lr_mult: 2
  }
  inner_product_param {
    num_output: 500
    weight_filler {
      type: "xavier"
    }
    bias_filler {
      type: "constant"
    }
  }
}
layer {
  name: "relu1"
  type: "ReLU"
  bottom: "ip1"
  top: "ip1"
}
layer {
  name: "ip2"
  type: "InnerProduct"
  bottom: "ip1"
  top: "ip2"
  param {
    lr_mult: 1
  }
  param {
    lr_mult: 2
  }
  inner_product_param {
    num_output: 52
    weight_filler {
      type: "xavier"
    }
    bias_filler {
      type: "constant"
    }
  }
}
layer {
  name: "accuracy"
  type: "Accuracy"
  bottom: "ip2"
  bottom: "label"
  top: "accuracy"
  include {
    phase: TEST
  }
}
layer {
  name: "loss"
  type: "SoftmaxWithLoss"
  bottom: "ip2"
  bottom: "label"
  top: "loss"
}
I0502 13:59:18.109485  5702 layer_factory.hpp:77] Creating layer data
I0502 13:59:18.109581  5702 db_lmdb.cpp:35] Opened lmdb examples/final_sp/sp_val_lmdb
I0502 13:59:18.109596  5702 net.cpp:84] Creating Layer data
I0502 13:59:18.109602  5702 net.cpp:380] data -> data
I0502 13:59:18.109612  5702 net.cpp:380] data -> label
I0502 13:59:18.109704  5702 data_layer.cpp:45] output data size: 64,3,28,28
I0502 13:59:18.120144  5702 net.cpp:122] Setting up data
I0502 13:59:18.120167  5702 net.cpp:129] Top shape: 64 3 28 28 (150528)
I0502 13:59:18.120174  5702 net.cpp:129] Top shape: 64 (64)
I0502 13:59:18.120177  5702 net.cpp:137] Memory required for data: 602368
I0502 13:59:18.120184  5702 layer_factory.hpp:77] Creating layer label_data_1_split
I0502 13:59:18.120200  5702 net.cpp:84] Creating Layer label_data_1_split
I0502 13:59:18.120205  5702 net.cpp:406] label_data_1_split <- label
I0502 13:59:18.120214  5702 net.cpp:380] label_data_1_split -> label_data_1_split_0
I0502 13:59:18.120227  5702 net.cpp:380] label_data_1_split -> label_data_1_split_1
I0502 13:59:18.120271  5702 net.cpp:122] Setting up label_data_1_split
I0502 13:59:18.120278  5702 net.cpp:129] Top shape: 64 (64)
I0502 13:59:18.120283  5702 net.cpp:129] Top shape: 64 (64)
I0502 13:59:18.120288  5702 net.cpp:137] Memory required for data: 602880
I0502 13:59:18.120293  5702 layer_factory.hpp:77] Creating layer conv1
I0502 13:59:18.120304  5702 net.cpp:84] Creating Layer conv1
I0502 13:59:18.120309  5702 net.cpp:406] conv1 <- data
I0502 13:59:18.120316  5702 net.cpp:380] conv1 -> conv1
I0502 13:59:18.120529  5702 net.cpp:122] Setting up conv1
I0502 13:59:18.120537  5702 net.cpp:129] Top shape: 64 20 24 24 (737280)
I0502 13:59:18.120542  5702 net.cpp:137] Memory required for data: 3552000
I0502 13:59:18.120553  5702 layer_factory.hpp:77] Creating layer pool1
I0502 13:59:18.120570  5702 net.cpp:84] Creating Layer pool1
I0502 13:59:18.120575  5702 net.cpp:406] pool1 <- conv1
I0502 13:59:18.120582  5702 net.cpp:380] pool1 -> pool1
I0502 13:59:18.120612  5702 net.cpp:122] Setting up pool1
I0502 13:59:18.120620  5702 net.cpp:129] Top shape: 64 20 12 12 (184320)
I0502 13:59:18.120623  5702 net.cpp:137] Memory required for data: 4289280
I0502 13:59:18.120627  5702 layer_factory.hpp:77] Creating layer conv2
I0502 13:59:18.120637  5702 net.cpp:84] Creating Layer conv2
I0502 13:59:18.120641  5702 net.cpp:406] conv2 <- pool1
I0502 13:59:18.120648  5702 net.cpp:380] conv2 -> conv2
I0502 13:59:18.120930  5702 net.cpp:122] Setting up conv2
I0502 13:59:18.120939  5702 net.cpp:129] Top shape: 64 50 8 8 (204800)
I0502 13:59:18.120944  5702 net.cpp:137] Memory required for data: 5108480
I0502 13:59:18.120952  5702 layer_factory.hpp:77] Creating layer pool2
I0502 13:59:18.120959  5702 net.cpp:84] Creating Layer pool2
I0502 13:59:18.120965  5702 net.cpp:406] pool2 <- conv2
I0502 13:59:18.120970  5702 net.cpp:380] pool2 -> pool2
I0502 13:59:18.120999  5702 net.cpp:122] Setting up pool2
I0502 13:59:18.121006  5702 net.cpp:129] Top shape: 64 50 4 4 (51200)
I0502 13:59:18.121011  5702 net.cpp:137] Memory required for data: 5313280
I0502 13:59:18.121016  5702 layer_factory.hpp:77] Creating layer ip1
I0502 13:59:18.121022  5702 net.cpp:84] Creating Layer ip1
I0502 13:59:18.121027  5702 net.cpp:406] ip1 <- pool2
I0502 13:59:18.121033  5702 net.cpp:380] ip1 -> ip1
I0502 13:59:18.123232  5702 net.cpp:122] Setting up ip1
I0502 13:59:18.123246  5702 net.cpp:129] Top shape: 64 500 (32000)
I0502 13:59:18.123251  5702 net.cpp:137] Memory required for data: 5441280
I0502 13:59:18.123265  5702 layer_factory.hpp:77] Creating layer relu1
I0502 13:59:18.123277  5702 net.cpp:84] Creating Layer relu1
I0502 13:59:18.123282  5702 net.cpp:406] relu1 <- ip1
I0502 13:59:18.123291  5702 net.cpp:367] relu1 -> ip1 (in-place)
I0502 13:59:18.123299  5702 net.cpp:122] Setting up relu1
I0502 13:59:18.123306  5702 net.cpp:129] Top shape: 64 500 (32000)
I0502 13:59:18.123311  5702 net.cpp:137] Memory required for data: 5569280
I0502 13:59:18.123314  5702 layer_factory.hpp:77] Creating layer ip2
I0502 13:59:18.123324  5702 net.cpp:84] Creating Layer ip2
I0502 13:59:18.123328  5702 net.cpp:406] ip2 <- ip1
I0502 13:59:18.123335  5702 net.cpp:380] ip2 -> ip2
I0502 13:59:18.123529  5702 net.cpp:122] Setting up ip2
I0502 13:59:18.123536  5702 net.cpp:129] Top shape: 64 52 (3328)
I0502 13:59:18.123543  5702 net.cpp:137] Memory required for data: 5582592
I0502 13:59:18.123553  5702 layer_factory.hpp:77] Creating layer ip2_ip2_0_split
I0502 13:59:18.123560  5702 net.cpp:84] Creating Layer ip2_ip2_0_split
I0502 13:59:18.123565  5702 net.cpp:406] ip2_ip2_0_split <- ip2
I0502 13:59:18.123571  5702 net.cpp:380] ip2_ip2_0_split -> ip2_ip2_0_split_0
I0502 13:59:18.123580  5702 net.cpp:380] ip2_ip2_0_split -> ip2_ip2_0_split_1
I0502 13:59:18.123608  5702 net.cpp:122] Setting up ip2_ip2_0_split
I0502 13:59:18.123615  5702 net.cpp:129] Top shape: 64 52 (3328)
I0502 13:59:18.123620  5702 net.cpp:129] Top shape: 64 52 (3328)
I0502 13:59:18.123623  5702 net.cpp:137] Memory required for data: 5609216
I0502 13:59:18.123627  5702 layer_factory.hpp:77] Creating layer accuracy
I0502 13:59:18.123636  5702 net.cpp:84] Creating Layer accuracy
I0502 13:59:18.123639  5702 net.cpp:406] accuracy <- ip2_ip2_0_split_0
I0502 13:59:18.123646  5702 net.cpp:406] accuracy <- label_data_1_split_0
I0502 13:59:18.123652  5702 net.cpp:380] accuracy -> accuracy
I0502 13:59:18.123661  5702 net.cpp:122] Setting up accuracy
I0502 13:59:18.123667  5702 net.cpp:129] Top shape: (1)
I0502 13:59:18.123672  5702 net.cpp:137] Memory required for data: 5609220
I0502 13:59:18.123675  5702 layer_factory.hpp:77] Creating layer loss
I0502 13:59:18.123682  5702 net.cpp:84] Creating Layer loss
I0502 13:59:18.123685  5702 net.cpp:406] loss <- ip2_ip2_0_split_1
I0502 13:59:18.123692  5702 net.cpp:406] loss <- label_data_1_split_1
I0502 13:59:18.123713  5702 net.cpp:380] loss -> loss
I0502 13:59:18.123723  5702 layer_factory.hpp:77] Creating layer loss
I0502 13:59:18.123795  5702 net.cpp:122] Setting up loss
I0502 13:59:18.123800  5702 net.cpp:129] Top shape: (1)
I0502 13:59:18.123805  5702 net.cpp:132]     with loss weight 1
I0502 13:59:18.123816  5702 net.cpp:137] Memory required for data: 5609224
I0502 13:59:18.123819  5702 net.cpp:198] loss needs backward computation.
I0502 13:59:18.123826  5702 net.cpp:200] accuracy does not need backward computation.
I0502 13:59:18.123831  5702 net.cpp:198] ip2_ip2_0_split needs backward computation.
I0502 13:59:18.123836  5702 net.cpp:198] ip2 needs backward computation.
I0502 13:59:18.123839  5702 net.cpp:198] relu1 needs backward computation.
I0502 13:59:18.123844  5702 net.cpp:198] ip1 needs backward computation.
I0502 13:59:18.123849  5702 net.cpp:198] pool2 needs backward computation.
I0502 13:59:18.123854  5702 net.cpp:198] conv2 needs backward computation.
I0502 13:59:18.123860  5702 net.cpp:198] pool1 needs backward computation.
I0502 13:59:18.123864  5702 net.cpp:198] conv1 needs backward computation.
I0502 13:59:18.123869  5702 net.cpp:200] label_data_1_split does not need backward computation.
I0502 13:59:18.123875  5702 net.cpp:200] data does not need backward computation.
I0502 13:59:18.123880  5702 net.cpp:242] This network produces output accuracy
I0502 13:59:18.123884  5702 net.cpp:242] This network produces output loss
I0502 13:59:18.123898  5702 net.cpp:255] Network initialization done.
I0502 13:59:18.123945  5702 solver.cpp:57] Solver scaffolding done.
I0502 13:59:18.124176  5702 caffe.cpp:239] Starting Optimization
I0502 13:59:18.124181  5702 solver.cpp:293] Solving LeNet
I0502 13:59:18.124186  5702 solver.cpp:294] Learning Rate Policy: inv
I0502 13:59:18.125599  5702 solver.cpp:351] Iteration 0, Testing net (#0)
I0502 13:59:18.423204  5709 data_layer.cpp:73] Restarting data prefetching from start.
I0502 13:59:18.488600  5702 solver.cpp:418]     Test net output #0: accuracy = 0.0142857
I0502 13:59:18.488626  5702 solver.cpp:418]     Test net output #1: loss = 3.99856 (* 1 = 3.99856 loss)
I0502 13:59:18.514643  5702 solver.cpp:239] Iteration 0 (-5.93091e+09 iter/s, 0.390076s/500 iters), loss = 4.03872
I0502 13:59:18.514680  5702 solver.cpp:258]     Train net output #0: loss = 4.03872 (* 1 = 4.03872 loss)
I0502 13:59:18.514704  5702 sgd_solver.cpp:112] Iteration 0, lr = 0.01
I0502 13:59:21.794137  5708 data_layer.cpp:73] Restarting data prefetching from start.
I0502 13:59:21.894632  5702 solver.cpp:351] Iteration 130, Testing net (#0)
I0502 13:59:22.162786  5709 data_layer.cpp:73] Restarting data prefetching from start.
I0502 13:59:22.255928  5702 solver.cpp:418]     Test net output #0: accuracy = 0.869196
I0502 13:59:22.255954  5702 solver.cpp:418]     Test net output #1: loss = 0.422821 (* 1 = 0.422821 loss)
I0502 13:59:25.553282  5708 data_layer.cpp:73] Restarting data prefetching from start.
I0502 13:59:25.652135  5702 solver.cpp:351] Iteration 260, Testing net (#0)
I0502 13:59:25.896876  5709 data_layer.cpp:73] Restarting data prefetching from start.
I0502 13:59:26.009750  5702 solver.cpp:418]     Test net output #0: accuracy = 0.930357
I0502 13:59:26.009774  5702 solver.cpp:418]     Test net output #1: loss = 0.220778 (* 1 = 0.220778 loss)
I0502 13:59:29.303393  5708 data_layer.cpp:73] Restarting data prefetching from start.
I0502 13:59:29.401029  5702 solver.cpp:351] Iteration 390, Testing net (#0)
I0502 13:59:29.621873  5709 data_layer.cpp:73] Restarting data prefetching from start.
I0502 13:59:29.758813  5702 solver.cpp:418]     Test net output #0: accuracy = 0.950446
I0502 13:59:29.758837  5702 solver.cpp:418]     Test net output #1: loss = 0.15582 (* 1 = 0.15582 loss)
I0502 13:59:32.665410  5702 solver.cpp:239] Iteration 500 (35.3341 iter/s, 14.1506s/500 iters), loss = 0.142901
I0502 13:59:32.665442  5702 solver.cpp:258]     Train net output #0: loss = 0.142901 (* 1 = 0.142901 loss)
I0502 13:59:32.665449  5702 sgd_solver.cpp:112] Iteration 500, lr = 0.01
I0502 13:59:33.068358  5708 data_layer.cpp:73] Restarting data prefetching from start.
I0502 13:59:33.165784  5702 solver.cpp:351] Iteration 520, Testing net (#0)
I0502 13:59:33.364596  5709 data_layer.cpp:73] Restarting data prefetching from start.
I0502 13:59:33.520335  5702 solver.cpp:418]     Test net output #0: accuracy = 0.9625
I0502 13:59:33.520364  5702 solver.cpp:418]     Test net output #1: loss = 0.122741 (* 1 = 0.122741 loss)
I0502 13:59:36.823087  5708 data_layer.cpp:73] Restarting data prefetching from start.
I0502 13:59:36.922268  5702 solver.cpp:351] Iteration 650, Testing net (#0)
I0502 13:59:37.097620  5709 data_layer.cpp:73] Restarting data prefetching from start.
I0502 13:59:37.289594  5702 solver.cpp:418]     Test net output #0: accuracy = 0.961161
I0502 13:59:37.289618  5702 solver.cpp:418]     Test net output #1: loss = 0.123692 (* 1 = 0.123692 loss)
I0502 13:59:40.586019  5708 data_layer.cpp:73] Restarting data prefetching from start.
I0502 13:59:40.683722  5702 solver.cpp:351] Iteration 780, Testing net (#0)
I0502 13:59:40.839510  5709 data_layer.cpp:73] Restarting data prefetching from start.
I0502 13:59:41.042812  5702 solver.cpp:418]     Test net output #0: accuracy = 0.960714
I0502 13:59:41.042835  5702 solver.cpp:418]     Test net output #1: loss = 0.125217 (* 1 = 0.125217 loss)
I0502 13:59:44.344641  5708 data_layer.cpp:73] Restarting data prefetching from start.
I0502 13:59:44.442241  5702 solver.cpp:351] Iteration 910, Testing net (#0)
I0502 13:59:44.571610  5709 data_layer.cpp:73] Restarting data prefetching from start.
I0502 13:59:44.798629  5702 solver.cpp:418]     Test net output #0: accuracy = 0.964732
I0502 13:59:44.798652  5702 solver.cpp:418]     Test net output #1: loss = 0.128145 (* 1 = 0.128145 loss)
I0502 13:59:47.129812  5702 solver.cpp:468] Snapshotting to binary proto file models/sp_final_lenet/exp_7/caffe_lenet_inv7_train_iter_1000.caffemodel
I0502 13:59:47.157102  5702 sgd_solver.cpp:280] Snapshotting solver state to binary proto file models/sp_final_lenet/exp_7/caffe_lenet_inv7_train_iter_1000.solverstate
I0502 13:59:47.189344  5702 solver.cpp:239] Iteration 1000 (34.4263 iter/s, 14.5238s/500 iters), loss = 0.0533173
I0502 13:59:47.189376  5702 solver.cpp:258]     Train net output #0: loss = 0.0533173 (* 1 = 0.0533173 loss)
I0502 13:59:47.189385  5702 sgd_solver.cpp:112] Iteration 1000, lr = 0.01
I0502 13:59:48.114142  5708 data_layer.cpp:73] Restarting data prefetching from start.
I0502 13:59:48.212126  5702 solver.cpp:351] Iteration 1040, Testing net (#0)
I0502 13:59:48.322129  5709 data_layer.cpp:73] Restarting data prefetching from start.
I0502 13:59:48.571871  5702 solver.cpp:418]     Test net output #0: accuracy = 0.966964
I0502 13:59:48.571893  5702 solver.cpp:418]     Test net output #1: loss = 0.115486 (* 1 = 0.115486 loss)
I0502 13:59:51.877377  5708 data_layer.cpp:73] Restarting data prefetching from start.
I0502 13:59:51.975289  5702 solver.cpp:351] Iteration 1170, Testing net (#0)
I0502 13:59:52.057812  5709 data_layer.cpp:73] Restarting data prefetching from start.
I0502 13:59:52.330581  5702 solver.cpp:418]     Test net output #0: accuracy = 0.983482
I0502 13:59:52.330605  5702 solver.cpp:418]     Test net output #1: loss = 0.0629072 (* 1 = 0.0629072 loss)
I0502 13:59:55.631332  5708 data_layer.cpp:73] Restarting data prefetching from start.
I0502 13:59:55.732261  5702 solver.cpp:351] Iteration 1300, Testing net (#0)
I0502 13:59:55.796746  5709 data_layer.cpp:73] Restarting data prefetching from start.
I0502 13:59:56.090162  5702 solver.cpp:418]     Test net output #0: accuracy = 0.968304
I0502 13:59:56.090186  5702 solver.cpp:418]     Test net output #1: loss = 0.114746 (* 1 = 0.114746 loss)
I0502 13:59:59.381722  5708 data_layer.cpp:73] Restarting data prefetching from start.
I0502 13:59:59.479728  5702 solver.cpp:351] Iteration 1430, Testing net (#0)
I0502 13:59:59.514910  5709 data_layer.cpp:73] Restarting data prefetching from start.
I0502 13:59:59.831359  5709 data_layer.cpp:73] Restarting data prefetching from start.
I0502 13:59:59.839727  5702 solver.cpp:418]     Test net output #0: accuracy = 0.957143
I0502 13:59:59.839749  5702 solver.cpp:418]     Test net output #1: loss = 0.151792 (* 1 = 0.151792 loss)
I0502 14:00:01.709820  5702 solver.cpp:239] Iteration 1500 (34.4345 iter/s, 14.5203s/500 iters), loss = 0.0122912
I0502 14:00:01.709851  5702 solver.cpp:258]     Train net output #0: loss = 0.0122912 (* 1 = 0.0122912 loss)
I0502 14:00:01.709856  5702 sgd_solver.cpp:112] Iteration 1500, lr = 0.01
I0502 14:00:03.156911  5708 data_layer.cpp:73] Restarting data prefetching from start.
I0502 14:00:03.255316  5702 solver.cpp:351] Iteration 1560, Testing net (#0)
I0502 14:00:03.566512  5709 data_layer.cpp:73] Restarting data prefetching from start.
I0502 14:00:03.611295  5702 solver.cpp:418]     Test net output #0: accuracy = 0.978571
I0502 14:00:03.611321  5702 solver.cpp:418]     Test net output #1: loss = 0.0892458 (* 1 = 0.0892458 loss)
I0502 14:00:06.913774  5708 data_layer.cpp:73] Restarting data prefetching from start.
I0502 14:00:07.011554  5702 solver.cpp:351] Iteration 1690, Testing net (#0)
I0502 14:00:07.304292  5709 data_layer.cpp:73] Restarting data prefetching from start.
I0502 14:00:07.370653  5702 solver.cpp:418]     Test net output #0: accuracy = 0.983036
I0502 14:00:07.370678  5702 solver.cpp:418]     Test net output #1: loss = 0.0731484 (* 1 = 0.0731484 loss)
I0502 14:00:10.662981  5708 data_layer.cpp:73] Restarting data prefetching from start.
I0502 14:00:10.761231  5702 solver.cpp:351] Iteration 1820, Testing net (#0)
I0502 14:00:11.029769  5709 data_layer.cpp:73] Restarting data prefetching from start.
I0502 14:00:11.122985  5702 solver.cpp:418]     Test net output #0: accuracy = 0.972321
I0502 14:00:11.123009  5702 solver.cpp:418]     Test net output #1: loss = 0.113266 (* 1 = 0.113266 loss)
I0502 14:00:14.417280  5708 data_layer.cpp:73] Restarting data prefetching from start.
I0502 14:00:14.517837  5702 solver.cpp:351] Iteration 1950, Testing net (#0)
I0502 14:00:14.761533  5709 data_layer.cpp:73] Restarting data prefetching from start.
I0502 14:00:14.874819  5702 solver.cpp:418]     Test net output #0: accuracy = 0.979018
I0502 14:00:14.874845  5702 solver.cpp:418]     Test net output #1: loss = 0.0691619 (* 1 = 0.0691619 loss)
I0502 14:00:16.174571  5702 solver.cpp:468] Snapshotting to binary proto file models/sp_final_lenet/exp_7/caffe_lenet_inv7_train_iter_2000.caffemodel
I0502 14:00:16.201167  5702 sgd_solver.cpp:280] Snapshotting solver state to binary proto file models/sp_final_lenet/exp_7/caffe_lenet_inv7_train_iter_2000.solverstate
I0502 14:00:16.234097  5702 solver.cpp:239] Iteration 2000 (34.4255 iter/s, 14.5241s/500 iters), loss = 0.0806268
I0502 14:00:16.234131  5702 solver.cpp:258]     Train net output #0: loss = 0.0806268 (* 1 = 0.0806268 loss)
I0502 14:00:16.234139  5702 sgd_solver.cpp:112] Iteration 2000, lr = 0.01
I0502 14:00:18.201573  5708 data_layer.cpp:73] Restarting data prefetching from start.
I0502 14:00:18.299927  5702 solver.cpp:351] Iteration 2080, Testing net (#0)
I0502 14:00:18.519989  5709 data_layer.cpp:73] Restarting data prefetching from start.
I0502 14:00:18.663552  5702 solver.cpp:418]     Test net output #0: accuracy = 0.976786
I0502 14:00:18.663578  5702 solver.cpp:418]     Test net output #1: loss = 0.0914157 (* 1 = 0.0914157 loss)
I0502 14:00:21.962399  5708 data_layer.cpp:73] Restarting data prefetching from start.
I0502 14:00:22.061208  5702 solver.cpp:351] Iteration 2210, Testing net (#0)
I0502 14:00:22.265501  5709 data_layer.cpp:73] Restarting data prefetching from start.
I0502 14:00:22.421722  5702 solver.cpp:418]     Test net output #0: accuracy = 0.983036
I0502 14:00:22.421747  5702 solver.cpp:418]     Test net output #1: loss = 0.0669847 (* 1 = 0.0669847 loss)
I0502 14:00:25.722316  5708 data_layer.cpp:73] Restarting data prefetching from start.
I0502 14:00:25.820545  5702 solver.cpp:351] Iteration 2340, Testing net (#0)
I0502 14:00:25.994926  5709 data_layer.cpp:73] Restarting data prefetching from start.
I0502 14:00:26.180979  5702 solver.cpp:418]     Test net output #0: accuracy = 0.982143
I0502 14:00:26.181004  5702 solver.cpp:418]     Test net output #1: loss = 0.0748952 (* 1 = 0.0748952 loss)
I0502 14:00:29.482100  5708 data_layer.cpp:73] Restarting data prefetching from start.
I0502 14:00:29.580323  5702 solver.cpp:351] Iteration 2470, Testing net (#0)
I0502 14:00:29.736661  5709 data_layer.cpp:73] Restarting data prefetching from start.
I0502 14:00:29.942075  5702 solver.cpp:418]     Test net output #0: accuracy = 0.986607
I0502 14:00:29.942102  5702 solver.cpp:418]     Test net output #1: loss = 0.0548316 (* 1 = 0.0548316 loss)
I0502 14:00:30.763909  5702 solver.cpp:239] Iteration 2500 (34.4123 iter/s, 14.5297s/500 iters), loss = 0.00991865
I0502 14:00:30.763938  5702 solver.cpp:258]     Train net output #0: loss = 0.00991865 (* 1 = 0.00991865 loss)
I0502 14:00:30.763943  5702 sgd_solver.cpp:112] Iteration 2500, lr = 0.01
I0502 14:00:33.251374  5708 data_layer.cpp:73] Restarting data prefetching from start.
I0502 14:00:33.351920  5702 solver.cpp:351] Iteration 2600, Testing net (#0)
I0502 14:00:33.479475  5709 data_layer.cpp:73] Restarting data prefetching from start.
I0502 14:00:33.710227  5702 solver.cpp:418]     Test net output #0: accuracy = 0.987946
I0502 14:00:33.710253  5702 solver.cpp:418]     Test net output #1: loss = 0.0519135 (* 1 = 0.0519135 loss)
I0502 14:00:37.004465  5708 data_layer.cpp:73] Restarting data prefetching from start.
I0502 14:00:37.102566  5702 solver.cpp:351] Iteration 2730, Testing net (#0)
I0502 14:00:37.212761  5709 data_layer.cpp:73] Restarting data prefetching from start.
I0502 14:00:37.459333  5702 solver.cpp:418]     Test net output #0: accuracy = 0.989286
I0502 14:00:37.459357  5702 solver.cpp:418]     Test net output #1: loss = 0.0534159 (* 1 = 0.0534159 loss)
I0502 14:00:40.765379  5708 data_layer.cpp:73] Restarting data prefetching from start.
I0502 14:00:40.863090  5702 solver.cpp:351] Iteration 2860, Testing net (#0)
I0502 14:00:40.946534  5709 data_layer.cpp:73] Restarting data prefetching from start.
I0502 14:00:41.220409  5702 solver.cpp:418]     Test net output #0: accuracy = 0.988393
I0502 14:00:41.220433  5702 solver.cpp:418]     Test net output #1: loss = 0.0526155 (* 1 = 0.0526155 loss)
I0502 14:00:44.511662  5708 data_layer.cpp:73] Restarting data prefetching from start.
I0502 14:00:44.609220  5702 solver.cpp:351] Iteration 2990, Testing net (#0)
I0502 14:00:44.674574  5709 data_layer.cpp:73] Restarting data prefetching from start.
I0502 14:00:44.968681  5702 solver.cpp:418]     Test net output #0: accuracy = 0.988839
I0502 14:00:44.968706  5702 solver.cpp:418]     Test net output #1: loss = 0.050833 (* 1 = 0.050833 loss)
I0502 14:00:45.225611  5702 solver.cpp:468] Snapshotting to binary proto file models/sp_final_lenet/exp_7/caffe_lenet_inv7_train_iter_3000.caffemodel
I0502 14:00:45.247586  5702 sgd_solver.cpp:280] Snapshotting solver state to binary proto file models/sp_final_lenet/exp_7/caffe_lenet_inv7_train_iter_3000.solverstate
I0502 14:00:45.288776  5702 solver.cpp:239] Iteration 3000 (34.4241 iter/s, 14.5247s/500 iters), loss = 0.00207678
I0502 14:00:45.288815  5702 solver.cpp:258]     Train net output #0: loss = 0.00207678 (* 1 = 0.00207678 loss)
I0502 14:00:45.288820  5702 sgd_solver.cpp:112] Iteration 3000, lr = 0.01
I0502 14:00:48.302243  5708 data_layer.cpp:73] Restarting data prefetching from start.
I0502 14:00:48.400239  5702 solver.cpp:351] Iteration 3120, Testing net (#0)
I0502 14:00:48.437261  5709 data_layer.cpp:73] Restarting data prefetching from start.
I0502 14:00:48.747650  5709 data_layer.cpp:73] Restarting data prefetching from start.
I0502 14:00:48.755926  5702 solver.cpp:418]     Test net output #0: accuracy = 0.988393
I0502 14:00:48.755946  5702 solver.cpp:418]     Test net output #1: loss = 0.0518121 (* 1 = 0.0518121 loss)
I0502 14:00:52.060138  5708 data_layer.cpp:73] Restarting data prefetching from start.
I0502 14:00:52.157937  5702 solver.cpp:351] Iteration 3250, Testing net (#0)
I0502 14:00:52.466959  5709 data_layer.cpp:73] Restarting data prefetching from start.
I0502 14:00:52.515363  5702 solver.cpp:418]     Test net output #0: accuracy = 0.988839
I0502 14:00:52.515388  5702 solver.cpp:418]     Test net output #1: loss = 0.0505792 (* 1 = 0.0505792 loss)
I0502 14:00:55.806017  5708 data_layer.cpp:73] Restarting data prefetching from start.
I0502 14:00:55.904759  5702 solver.cpp:351] Iteration 3380, Testing net (#0)
I0502 14:00:56.197881  5709 data_layer.cpp:73] Restarting data prefetching from start.
I0502 14:00:56.264394  5702 solver.cpp:418]     Test net output #0: accuracy = 0.990179
I0502 14:00:56.264420  5702 solver.cpp:418]     Test net output #1: loss = 0.0467536 (* 1 = 0.0467536 loss)
I0502 14:00:59.426486  5702 solver.cpp:239] Iteration 3500 (35.3668 iter/s, 14.1376s/500 iters), loss = 0.00135589
I0502 14:00:59.426518  5702 solver.cpp:258]     Train net output #0: loss = 0.00135589 (* 1 = 0.00135589 loss)
I0502 14:00:59.426525  5702 sgd_solver.cpp:112] Iteration 3500, lr = 0.01
I0502 14:00:59.568306  5708 data_layer.cpp:73] Restarting data prefetching from start.
I0502 14:00:59.666522  5702 solver.cpp:351] Iteration 3510, Testing net (#0)
I0502 14:00:59.932992  5709 data_layer.cpp:73] Restarting data prefetching from start.
I0502 14:01:00.024693  5702 solver.cpp:418]     Test net output #0: accuracy = 0.989286
I0502 14:01:00.024718  5702 solver.cpp:418]     Test net output #1: loss = 0.053001 (* 1 = 0.053001 loss)
I0502 14:01:03.330865  5708 data_layer.cpp:73] Restarting data prefetching from start.
I0502 14:01:03.429114  5702 solver.cpp:351] Iteration 3640, Testing net (#0)
I0502 14:01:03.680090  5709 data_layer.cpp:73] Restarting data prefetching from start.
I0502 14:01:03.789854  5702 solver.cpp:418]     Test net output #0: accuracy = 0.989286
I0502 14:01:03.789878  5702 solver.cpp:418]     Test net output #1: loss = 0.0467721 (* 1 = 0.0467721 loss)
I0502 14:01:07.085238  5708 data_layer.cpp:73] Restarting data prefetching from start.
I0502 14:01:07.185657  5702 solver.cpp:351] Iteration 3770, Testing net (#0)
I0502 14:01:07.407236  5709 data_layer.cpp:73] Restarting data prefetching from start.
I0502 14:01:07.543694  5702 solver.cpp:418]     Test net output #0: accuracy = 0.988839
I0502 14:01:07.543720  5702 solver.cpp:418]     Test net output #1: loss = 0.048918 (* 1 = 0.048918 loss)
I0502 14:01:10.840150  5708 data_layer.cpp:73] Restarting data prefetching from start.
I0502 14:01:10.938971  5702 solver.cpp:351] Iteration 3900, Testing net (#0)
I0502 14:01:11.139019  5709 data_layer.cpp:73] Restarting data prefetching from start.
I0502 14:01:11.294806  5702 solver.cpp:418]     Test net output #0: accuracy = 0.989286
I0502 14:01:11.294836  5702 solver.cpp:418]     Test net output #1: loss = 0.0478895 (* 1 = 0.0478895 loss)
I0502 14:01:13.905645  5702 solver.cpp:468] Snapshotting to binary proto file models/sp_final_lenet/exp_7/caffe_lenet_inv7_train_iter_4000.caffemodel
I0502 14:01:13.932412  5702 sgd_solver.cpp:280] Snapshotting solver state to binary proto file models/sp_final_lenet/exp_7/caffe_lenet_inv7_train_iter_4000.solverstate
I0502 14:01:13.965845  5702 solver.cpp:239] Iteration 4000 (34.3898 iter/s, 14.5392s/500 iters), loss = 0.000889219
I0502 14:01:13.965894  5702 solver.cpp:258]     Train net output #0: loss = 0.000889219 (* 1 = 0.000889219 loss)
I0502 14:01:13.965904  5702 sgd_solver.cpp:112] Iteration 4000, lr = 0.01
I0502 14:01:14.635213  5708 data_layer.cpp:73] Restarting data prefetching from start.
I0502 14:01:14.734082  5702 solver.cpp:351] Iteration 4030, Testing net (#0)
I0502 14:01:14.908812  5709 data_layer.cpp:73] Restarting data prefetching from start.
I0502 14:01:15.096747  5702 solver.cpp:418]     Test net output #0: accuracy = 0.988839
I0502 14:01:15.096774  5702 solver.cpp:418]     Test net output #1: loss = 0.0475351 (* 1 = 0.0475351 loss)
I0502 14:01:18.393404  5708 data_layer.cpp:73] Restarting data prefetching from start.
I0502 14:01:18.492398  5702 solver.cpp:351] Iteration 4160, Testing net (#0)
I0502 14:01:18.649072  5709 data_layer.cpp:73] Restarting data prefetching from start.
I0502 14:01:18.851248  5702 solver.cpp:418]     Test net output #0: accuracy = 0.988839
I0502 14:01:18.851274  5702 solver.cpp:418]     Test net output #1: loss = 0.0494412 (* 1 = 0.0494412 loss)
I0502 14:01:22.149502  5708 data_layer.cpp:73] Restarting data prefetching from start.
I0502 14:01:22.250006  5702 solver.cpp:351] Iteration 4290, Testing net (#0)
I0502 14:01:22.376828  5709 data_layer.cpp:73] Restarting data prefetching from start.
I0502 14:01:22.606022  5702 solver.cpp:418]     Test net output #0: accuracy = 0.989286
I0502 14:01:22.606048  5702 solver.cpp:418]     Test net output #1: loss = 0.0481241 (* 1 = 0.0481241 loss)
I0502 14:01:25.908983  5708 data_layer.cpp:73] Restarting data prefetching from start.
I0502 14:01:26.010064  5702 solver.cpp:351] Iteration 4420, Testing net (#0)
I0502 14:01:26.122781  5709 data_layer.cpp:73] Restarting data prefetching from start.
I0502 14:01:26.370290  5702 solver.cpp:418]     Test net output #0: accuracy = 0.989732
I0502 14:01:26.370321  5702 solver.cpp:418]     Test net output #1: loss = 0.0506237 (* 1 = 0.0506237 loss)
I0502 14:01:28.496006  5702 solver.cpp:239] Iteration 4500 (34.4116 iter/s, 14.53s/500 iters), loss = 0.00107483
I0502 14:01:28.496038  5702 solver.cpp:258]     Train net output #0: loss = 0.00107483 (* 1 = 0.00107483 loss)
I0502 14:01:28.496047  5702 sgd_solver.cpp:112] Iteration 4500, lr = 0.01
I0502 14:01:29.681435  5708 data_layer.cpp:73] Restarting data prefetching from start.
I0502 14:01:29.779852  5702 solver.cpp:351] Iteration 4550, Testing net (#0)
I0502 14:01:29.866413  5709 data_layer.cpp:73] Restarting data prefetching from start.
I0502 14:01:30.141396  5702 solver.cpp:418]     Test net output #0: accuracy = 0.989286
I0502 14:01:30.141422  5702 solver.cpp:418]     Test net output #1: loss = 0.0522807 (* 1 = 0.0522807 loss)
I0502 14:01:33.435295  5708 data_layer.cpp:73] Restarting data prefetching from start.
I0502 14:01:33.534243  5702 solver.cpp:351] Iteration 4680, Testing net (#0)
I0502 14:01:33.597797  5709 data_layer.cpp:73] Restarting data prefetching from start.
I0502 14:01:33.889798  5702 solver.cpp:418]     Test net output #0: accuracy = 0.989286
I0502 14:01:33.889827  5702 solver.cpp:418]     Test net output #1: loss = 0.0475189 (* 1 = 0.0475189 loss)
I0502 14:01:37.191939  5708 data_layer.cpp:73] Restarting data prefetching from start.
I0502 14:01:37.291581  5702 solver.cpp:351] Iteration 4810, Testing net (#0)
I0502 14:01:37.324004  5709 data_layer.cpp:73] Restarting data prefetching from start.
I0502 14:01:37.636759  5709 data_layer.cpp:73] Restarting data prefetching from start.
I0502 14:01:37.645176  5702 solver.cpp:418]     Test net output #0: accuracy = 0.989286
I0502 14:01:37.645200  5702 solver.cpp:418]     Test net output #1: loss = 0.0488225 (* 1 = 0.0488225 loss)
I0502 14:01:40.940114  5708 data_layer.cpp:73] Restarting data prefetching from start.
I0502 14:01:41.038820  5702 solver.cpp:351] Iteration 4940, Testing net (#0)
I0502 14:01:41.350232  5709 data_layer.cpp:73] Restarting data prefetching from start.
I0502 14:01:41.400586  5702 solver.cpp:418]     Test net output #0: accuracy = 0.989286
I0502 14:01:41.400612  5702 solver.cpp:418]     Test net output #1: loss = 0.0494332 (* 1 = 0.0494332 loss)
I0502 14:01:42.955267  5702 solver.cpp:468] Snapshotting to binary proto file models/sp_final_lenet/exp_7/caffe_lenet_inv7_train_iter_5000.caffemodel
I0502 14:01:42.981853  5702 sgd_solver.cpp:280] Snapshotting solver state to binary proto file models/sp_final_lenet/exp_7/caffe_lenet_inv7_train_iter_5000.solverstate
I0502 14:01:43.015070  5702 solver.cpp:239] Iteration 5000 (34.4378 iter/s, 14.5189s/500 iters), loss = 0.0026693
I0502 14:01:43.015111  5702 solver.cpp:258]     Train net output #0: loss = 0.0026693 (* 1 = 0.0026693 loss)
I0502 14:01:43.015120  5702 sgd_solver.cpp:112] Iteration 5000, lr = 0.01
I0502 14:01:44.725085  5708 data_layer.cpp:73] Restarting data prefetching from start.
I0502 14:01:44.823235  5702 solver.cpp:351] Iteration 5070, Testing net (#0)
I0502 14:01:45.116477  5709 data_layer.cpp:73] Restarting data prefetching from start.
I0502 14:01:45.183535  5702 solver.cpp:418]     Test net output #0: accuracy = 0.989732
I0502 14:01:45.183560  5702 solver.cpp:418]     Test net output #1: loss = 0.045953 (* 1 = 0.045953 loss)
I0502 14:01:48.485340  5708 data_layer.cpp:73] Restarting data prefetching from start.
I0502 14:01:48.583369  5702 solver.cpp:351] Iteration 5200, Testing net (#0)
I0502 14:01:48.847085  5709 data_layer.cpp:73] Restarting data prefetching from start.
I0502 14:01:48.941253  5702 solver.cpp:418]     Test net output #0: accuracy = 0.989286
I0502 14:01:48.941282  5702 solver.cpp:418]     Test net output #1: loss = 0.0520174 (* 1 = 0.0520174 loss)
I0502 14:01:52.251058  5708 data_layer.cpp:73] Restarting data prefetching from start.
I0502 14:01:52.348661  5702 solver.cpp:351] Iteration 5330, Testing net (#0)
I0502 14:01:52.601008  5709 data_layer.cpp:73] Restarting data prefetching from start.
I0502 14:01:52.712033  5702 solver.cpp:418]     Test net output #0: accuracy = 0.989286
I0502 14:01:52.712061  5702 solver.cpp:418]     Test net output #1: loss = 0.0463206 (* 1 = 0.0463206 loss)
I0502 14:01:56.008819  5708 data_layer.cpp:73] Restarting data prefetching from start.
I0502 14:01:56.107127  5702 solver.cpp:351] Iteration 5460, Testing net (#0)
I0502 14:01:56.325698  5709 data_layer.cpp:73] Restarting data prefetching from start.
I0502 14:01:56.463307  5702 solver.cpp:418]     Test net output #0: accuracy = 0.988839
I0502 14:01:56.463331  5702 solver.cpp:418]     Test net output #1: loss = 0.0482324 (* 1 = 0.0482324 loss)
I0502 14:01:57.542924  5702 solver.cpp:239] Iteration 5500 (34.417 iter/s, 14.5277s/500 iters), loss = 0.00215293
I0502 14:01:57.542954  5702 solver.cpp:258]     Train net output #0: loss = 0.00215293 (* 1 = 0.00215293 loss)
I0502 14:01:57.542961  5702 sgd_solver.cpp:112] Iteration 5500, lr = 0.01
I0502 14:01:59.772739  5708 data_layer.cpp:73] Restarting data prefetching from start.
I0502 14:01:59.870821  5702 solver.cpp:351] Iteration 5590, Testing net (#0)
I0502 14:02:00.071735  5709 data_layer.cpp:73] Restarting data prefetching from start.
I0502 14:02:00.232343  5702 solver.cpp:418]     Test net output #0: accuracy = 0.989286
I0502 14:02:00.232373  5702 solver.cpp:418]     Test net output #1: loss = 0.0472343 (* 1 = 0.0472343 loss)
I0502 14:02:03.528851  5708 data_layer.cpp:73] Restarting data prefetching from start.
I0502 14:02:03.630252  5702 solver.cpp:351] Iteration 5720, Testing net (#0)
I0502 14:02:03.804195  5709 data_layer.cpp:73] Restarting data prefetching from start.
I0502 14:02:03.986459  5702 solver.cpp:418]     Test net output #0: accuracy = 0.988839
I0502 14:02:03.986485  5702 solver.cpp:418]     Test net output #1: loss = 0.0470407 (* 1 = 0.0470407 loss)
I0502 14:02:07.287044  5708 data_layer.cpp:73] Restarting data prefetching from start.
I0502 14:02:07.385511  5702 solver.cpp:351] Iteration 5850, Testing net (#0)
I0502 14:02:07.538825  5709 data_layer.cpp:73] Restarting data prefetching from start.
I0502 14:02:07.744987  5702 solver.cpp:418]     Test net output #0: accuracy = 0.988839
I0502 14:02:07.745016  5702 solver.cpp:418]     Test net output #1: loss = 0.0494079 (* 1 = 0.0494079 loss)
I0502 14:02:11.046597  5708 data_layer.cpp:73] Restarting data prefetching from start.
I0502 14:02:11.145064  5702 solver.cpp:351] Iteration 5980, Testing net (#0)
I0502 14:02:11.273005  5709 data_layer.cpp:73] Restarting data prefetching from start.
I0502 14:02:11.504827  5702 solver.cpp:418]     Test net output #0: accuracy = 0.989286
I0502 14:02:11.504860  5702 solver.cpp:418]     Test net output #1: loss = 0.0480427 (* 1 = 0.0480427 loss)
I0502 14:02:12.021898  5702 solver.cpp:468] Snapshotting to binary proto file models/sp_final_lenet/exp_7/caffe_lenet_inv7_train_iter_6000.caffemodel
I0502 14:02:12.044220  5702 sgd_solver.cpp:280] Snapshotting solver state to binary proto file models/sp_final_lenet/exp_7/caffe_lenet_inv7_train_iter_6000.solverstate
I0502 14:02:12.084924  5702 solver.cpp:239] Iteration 6000 (34.3835 iter/s, 14.5419s/500 iters), loss = 0.00136015
I0502 14:02:12.084957  5702 solver.cpp:258]     Train net output #0: loss = 0.00136015 (* 1 = 0.00136015 loss)
I0502 14:02:12.084964  5702 sgd_solver.cpp:112] Iteration 6000, lr = 0.01
I0502 14:02:14.833492  5708 data_layer.cpp:73] Restarting data prefetching from start.
I0502 14:02:14.934317  5702 solver.cpp:351] Iteration 6110, Testing net (#0)
I0502 14:02:15.047834  5709 data_layer.cpp:73] Restarting data prefetching from start.
I0502 14:02:15.302397  5702 solver.cpp:418]     Test net output #0: accuracy = 0.989732
I0502 14:02:15.302424  5702 solver.cpp:418]     Test net output #1: loss = 0.0504311 (* 1 = 0.0504311 loss)
I0502 14:02:18.595293  5708 data_layer.cpp:73] Restarting data prefetching from start.
I0502 14:02:18.694216  5702 solver.cpp:351] Iteration 6240, Testing net (#0)
I0502 14:02:18.779072  5709 data_layer.cpp:73] Restarting data prefetching from start.
I0502 14:02:19.052736  5702 solver.cpp:418]     Test net output #0: accuracy = 0.989286
I0502 14:02:19.052760  5702 solver.cpp:418]     Test net output #1: loss = 0.0520929 (* 1 = 0.0520929 loss)
I0502 14:02:22.352175  5708 data_layer.cpp:73] Restarting data prefetching from start.
I0502 14:02:22.450481  5702 solver.cpp:351] Iteration 6370, Testing net (#0)
I0502 14:02:22.518532  5709 data_layer.cpp:73] Restarting data prefetching from start.
I0502 14:02:22.809722  5702 solver.cpp:418]     Test net output #0: accuracy = 0.989286
I0502 14:02:22.809747  5702 solver.cpp:418]     Test net output #1: loss = 0.0473811 (* 1 = 0.0473811 loss)
I0502 14:02:26.098778  5708 data_layer.cpp:73] Restarting data prefetching from start.
I0502 14:02:26.197484  5702 solver.cpp:351] Iteration 6500, Testing net (#0)
I0502 14:02:26.231532  5709 data_layer.cpp:73] Restarting data prefetching from start.
I0502 14:02:26.545295  5709 data_layer.cpp:73] Restarting data prefetching from start.
I0502 14:02:26.553609  5702 solver.cpp:418]     Test net output #0: accuracy = 0.989286
I0502 14:02:26.553632  5702 solver.cpp:418]     Test net output #1: loss = 0.048998 (* 1 = 0.048998 loss)
I0502 14:02:26.586719  5702 solver.cpp:239] Iteration 6500 (34.4789 iter/s, 14.5016s/500 iters), loss = 0.00208479
I0502 14:02:26.586766  5702 solver.cpp:258]     Train net output #0: loss = 0.00208479 (* 1 = 0.00208479 loss)
I0502 14:02:26.586776  5702 sgd_solver.cpp:112] Iteration 6500, lr = 0.01
I0502 14:02:29.857183  5708 data_layer.cpp:73] Restarting data prefetching from start.
I0502 14:02:29.955931  5702 solver.cpp:351] Iteration 6630, Testing net (#0)
I0502 14:02:30.266108  5709 data_layer.cpp:73] Restarting data prefetching from start.
I0502 14:02:30.309325  5702 solver.cpp:418]     Test net output #0: accuracy = 0.989286
I0502 14:02:30.309352  5702 solver.cpp:418]     Test net output #1: loss = 0.0496599 (* 1 = 0.0496599 loss)
I0502 14:02:33.613687  5708 data_layer.cpp:73] Restarting data prefetching from start.
I0502 14:02:33.712234  5702 solver.cpp:351] Iteration 6760, Testing net (#0)
I0502 14:02:34.003376  5709 data_layer.cpp:73] Restarting data prefetching from start.
I0502 14:02:34.070672  5702 solver.cpp:418]     Test net output #0: accuracy = 0.989732
I0502 14:02:34.070698  5702 solver.cpp:418]     Test net output #1: loss = 0.0462892 (* 1 = 0.0462892 loss)
I0502 14:02:37.359709  5708 data_layer.cpp:73] Restarting data prefetching from start.
I0502 14:02:37.457995  5702 solver.cpp:351] Iteration 6890, Testing net (#0)
I0502 14:02:37.728104  5709 data_layer.cpp:73] Restarting data prefetching from start.
I0502 14:02:37.820834  5702 solver.cpp:418]     Test net output #0: accuracy = 0.989732
I0502 14:02:37.820864  5702 solver.cpp:418]     Test net output #1: loss = 0.0523776 (* 1 = 0.0523776 loss)
I0502 14:02:40.681848  5702 solver.cpp:468] Snapshotting to binary proto file models/sp_final_lenet/exp_7/caffe_lenet_inv7_train_iter_7000.caffemodel
I0502 14:02:40.704545  5702 sgd_solver.cpp:280] Snapshotting solver state to binary proto file models/sp_final_lenet/exp_7/caffe_lenet_inv7_train_iter_7000.solverstate
I0502 14:02:40.734933  5702 solver.cpp:239] Iteration 7000 (35.3405 iter/s, 14.1481s/500 iters), loss = 0.00149818
I0502 14:02:40.734977  5702 solver.cpp:258]     Train net output #0: loss = 0.00149818 (* 1 = 0.00149818 loss)
I0502 14:02:40.734987  5702 sgd_solver.cpp:112] Iteration 7000, lr = 0.01
I0502 14:02:41.140873  5708 data_layer.cpp:73] Restarting data prefetching from start.
I0502 14:02:41.239715  5702 solver.cpp:351] Iteration 7020, Testing net (#0)
I0502 14:02:41.489814  5709 data_layer.cpp:73] Restarting data prefetching from start.
I0502 14:02:41.599936  5702 solver.cpp:418]     Test net output #0: accuracy = 0.989732
I0502 14:02:41.599961  5702 solver.cpp:418]     Test net output #1: loss = 0.0469693 (* 1 = 0.0469693 loss)
I0502 14:02:44.894385  5708 data_layer.cpp:73] Restarting data prefetching from start.
I0502 14:02:44.995127  5702 solver.cpp:351] Iteration 7150, Testing net (#0)
I0502 14:02:45.212085  5709 data_layer.cpp:73] Restarting data prefetching from start.
I0502 14:02:45.350584  5702 solver.cpp:418]     Test net output #0: accuracy = 0.989286
I0502 14:02:45.350612  5702 solver.cpp:418]     Test net output #1: loss = 0.0488203 (* 1 = 0.0488203 loss)
I0502 14:02:48.653857  5708 data_layer.cpp:73] Restarting data prefetching from start.
I0502 14:02:48.752559  5702 solver.cpp:351] Iteration 7280, Testing net (#0)
I0502 14:02:48.950819  5709 data_layer.cpp:73] Restarting data prefetching from start.
I0502 14:02:49.107782  5702 solver.cpp:418]     Test net output #0: accuracy = 0.989732
I0502 14:02:49.107811  5702 solver.cpp:418]     Test net output #1: loss = 0.0477067 (* 1 = 0.0477067 loss)
I0502 14:02:52.391434  5708 data_layer.cpp:73] Restarting data prefetching from start.
I0502 14:02:52.490198  5702 solver.cpp:351] Iteration 7410, Testing net (#0)
I0502 14:02:52.665187  5709 data_layer.cpp:73] Restarting data prefetching from start.
I0502 14:02:52.847476  5702 solver.cpp:418]     Test net output #0: accuracy = 0.989286
I0502 14:02:52.847502  5702 solver.cpp:418]     Test net output #1: loss = 0.0476258 (* 1 = 0.0476258 loss)
I0502 14:02:55.229892  5702 solver.cpp:239] Iteration 7500 (34.5001 iter/s, 14.4927s/500 iters), loss = 0.00176339
I0502 14:02:55.229924  5702 solver.cpp:258]     Train net output #0: loss = 0.00176339 (* 1 = 0.00176339 loss)
I0502 14:02:55.229930  5702 sgd_solver.cpp:112] Iteration 7500, lr = 0.01
I0502 14:02:56.158030  5708 data_layer.cpp:73] Restarting data prefetching from start.
I0502 14:02:56.256978  5702 solver.cpp:351] Iteration 7540, Testing net (#0)
I0502 14:02:56.413527  5709 data_layer.cpp:73] Restarting data prefetching from start.
I0502 14:02:56.618583  5702 solver.cpp:418]     Test net output #0: accuracy = 0.988839
I0502 14:02:56.618611  5702 solver.cpp:418]     Test net output #1: loss = 0.0503542 (* 1 = 0.0503542 loss)
I0502 14:02:59.917047  5708 data_layer.cpp:73] Restarting data prefetching from start.
I0502 14:03:00.016614  5702 solver.cpp:351] Iteration 7670, Testing net (#0)
I0502 14:03:00.151640  5709 data_layer.cpp:73] Restarting data prefetching from start.
I0502 14:03:00.385926  5702 solver.cpp:418]     Test net output #0: accuracy = 0.989286
I0502 14:03:00.385957  5702 solver.cpp:418]     Test net output #1: loss = 0.048845 (* 1 = 0.048845 loss)
I0502 14:03:03.679251  5708 data_layer.cpp:73] Restarting data prefetching from start.
I0502 14:03:03.779362  5702 solver.cpp:351] Iteration 7800, Testing net (#0)
I0502 14:03:03.887712  5709 data_layer.cpp:73] Restarting data prefetching from start.
I0502 14:03:04.133463  5702 solver.cpp:418]     Test net output #0: accuracy = 0.989732
I0502 14:03:04.133514  5702 solver.cpp:418]     Test net output #1: loss = 0.0511206 (* 1 = 0.0511206 loss)
I0502 14:03:07.436671  5708 data_layer.cpp:73] Restarting data prefetching from start.
I0502 14:03:07.537288  5702 solver.cpp:351] Iteration 7930, Testing net (#0)
I0502 14:03:07.619259  5709 data_layer.cpp:73] Restarting data prefetching from start.
I0502 14:03:07.893604  5702 solver.cpp:418]     Test net output #0: accuracy = 0.989286
I0502 14:03:07.893628  5702 solver.cpp:418]     Test net output #1: loss = 0.0527842 (* 1 = 0.0527842 loss)
I0502 14:03:09.712200  5702 solver.cpp:468] Snapshotting to binary proto file models/sp_final_lenet/exp_7/caffe_lenet_inv7_train_iter_8000.caffemodel
I0502 14:03:09.741886  5702 sgd_solver.cpp:280] Snapshotting solver state to binary proto file models/sp_final_lenet/exp_7/caffe_lenet_inv7_train_iter_8000.solverstate
I0502 14:03:09.773365  5702 solver.cpp:239] Iteration 8000 (34.38 iter/s, 14.5433s/500 iters), loss = 0.00164448
I0502 14:03:09.773406  5702 solver.cpp:258]     Train net output #0: loss = 0.00164448 (* 1 = 0.00164448 loss)
I0502 14:03:09.773416  5702 sgd_solver.cpp:112] Iteration 8000, lr = 0.01
I0502 14:03:11.227207  5708 data_layer.cpp:73] Restarting data prefetching from start.
I0502 14:03:11.326138  5702 solver.cpp:351] Iteration 8060, Testing net (#0)
I0502 14:03:11.391152  5709 data_layer.cpp:73] Restarting data prefetching from start.
I0502 14:03:11.691135  5702 solver.cpp:418]     Test net output #0: accuracy = 0.989286
I0502 14:03:11.691162  5702 solver.cpp:418]     Test net output #1: loss = 0.0480467 (* 1 = 0.0480467 loss)
I0502 14:03:14.987342  5708 data_layer.cpp:73] Restarting data prefetching from start.
I0502 14:03:15.085788  5702 solver.cpp:351] Iteration 8190, Testing net (#0)
I0502 14:03:15.122756  5709 data_layer.cpp:73] Restarting data prefetching from start.
I0502 14:03:15.435386  5709 data_layer.cpp:73] Restarting data prefetching from start.
I0502 14:03:15.443753  5702 solver.cpp:418]     Test net output #0: accuracy = 0.989286
I0502 14:03:15.443776  5702 solver.cpp:418]     Test net output #1: loss = 0.0498112 (* 1 = 0.0498112 loss)
I0502 14:03:18.747527  5708 data_layer.cpp:73] Restarting data prefetching from start.
I0502 14:03:18.845531  5702 solver.cpp:351] Iteration 8320, Testing net (#0)
I0502 14:03:19.157744  5709 data_layer.cpp:73] Restarting data prefetching from start.
I0502 14:03:19.204614  5702 solver.cpp:418]     Test net output #0: accuracy = 0.989286
I0502 14:03:19.204644  5702 solver.cpp:418]     Test net output #1: loss = 0.0502673 (* 1 = 0.0502673 loss)
I0502 14:03:22.495599  5708 data_layer.cpp:73] Restarting data prefetching from start.
I0502 14:03:22.593708  5702 solver.cpp:351] Iteration 8450, Testing net (#0)
I0502 14:03:22.892051  5709 data_layer.cpp:73] Restarting data prefetching from start.
I0502 14:03:22.958411  5702 solver.cpp:418]     Test net output #0: accuracy = 0.989732
I0502 14:03:22.958434  5702 solver.cpp:418]     Test net output #1: loss = 0.0469845 (* 1 = 0.0469845 loss)
I0502 14:03:24.294781  5702 solver.cpp:239] Iteration 8500 (34.4323 iter/s, 14.5213s/500 iters), loss = 0.00246329
I0502 14:03:24.294811  5702 solver.cpp:258]     Train net output #0: loss = 0.0024633 (* 1 = 0.0024633 loss)
I0502 14:03:24.294816  5702 sgd_solver.cpp:112] Iteration 8500, lr = 0.01
I0502 14:03:26.262784  5708 data_layer.cpp:73] Restarting data prefetching from start.
I0502 14:03:26.361124  5702 solver.cpp:351] Iteration 8580, Testing net (#0)
I0502 14:03:26.627949  5709 data_layer.cpp:73] Restarting data prefetching from start.
I0502 14:03:26.719825  5702 solver.cpp:418]     Test net output #0: accuracy = 0.989732
I0502 14:03:26.719849  5702 solver.cpp:418]     Test net output #1: loss = 0.053091 (* 1 = 0.053091 loss)
I0502 14:03:30.022944  5708 data_layer.cpp:73] Restarting data prefetching from start.
I0502 14:03:30.121253  5702 solver.cpp:351] Iteration 8710, Testing net (#0)
I0502 14:03:30.366505  5709 data_layer.cpp:73] Restarting data prefetching from start.
I0502 14:03:30.477720  5702 solver.cpp:418]     Test net output #0: accuracy = 0.989732
I0502 14:03:30.477746  5702 solver.cpp:418]     Test net output #1: loss = 0.0478195 (* 1 = 0.0478195 loss)
I0502 14:03:33.775038  5708 data_layer.cpp:73] Restarting data prefetching from start.
I0502 14:03:33.873543  5702 solver.cpp:351] Iteration 8840, Testing net (#0)
I0502 14:03:34.093361  5709 data_layer.cpp:73] Restarting data prefetching from start.
I0502 14:03:34.237653  5702 solver.cpp:418]     Test net output #0: accuracy = 0.989286
I0502 14:03:34.237682  5702 solver.cpp:418]     Test net output #1: loss = 0.049478 (* 1 = 0.049478 loss)
I0502 14:03:37.535670  5708 data_layer.cpp:73] Restarting data prefetching from start.
I0502 14:03:37.633718  5702 solver.cpp:351] Iteration 8970, Testing net (#0)
I0502 14:03:37.836764  5709 data_layer.cpp:73] Restarting data prefetching from start.
I0502 14:03:37.992015  5702 solver.cpp:418]     Test net output #0: accuracy = 0.989732
I0502 14:03:37.992043  5702 solver.cpp:418]     Test net output #1: loss = 0.048265 (* 1 = 0.048265 loss)
I0502 14:03:38.775995  5702 solver.cpp:468] Snapshotting to binary proto file models/sp_final_lenet/exp_7/caffe_lenet_inv7_train_iter_9000.caffemodel
I0502 14:03:38.798063  5702 sgd_solver.cpp:280] Snapshotting solver state to binary proto file models/sp_final_lenet/exp_7/caffe_lenet_inv7_train_iter_9000.solverstate
I0502 14:03:38.835963  5702 solver.cpp:239] Iteration 9000 (34.3854 iter/s, 14.541s/500 iters), loss = 0.00272614
I0502 14:03:38.836004  5702 solver.cpp:258]     Train net output #0: loss = 0.00272615 (* 1 = 0.00272615 loss)
I0502 14:03:38.836014  5702 sgd_solver.cpp:112] Iteration 9000, lr = 0.01
I0502 14:03:41.323266  5708 data_layer.cpp:73] Restarting data prefetching from start.
I0502 14:03:41.422680  5702 solver.cpp:351] Iteration 9100, Testing net (#0)
I0502 14:03:41.596844  5709 data_layer.cpp:73] Restarting data prefetching from start.
I0502 14:03:41.783783  5702 solver.cpp:418]     Test net output #0: accuracy = 0.989286
I0502 14:03:41.783812  5702 solver.cpp:418]     Test net output #1: loss = 0.0484093 (* 1 = 0.0484093 loss)
I0502 14:03:45.083322  5708 data_layer.cpp:73] Restarting data prefetching from start.
I0502 14:03:45.183374  5702 solver.cpp:351] Iteration 9230, Testing net (#0)
I0502 14:03:45.341123  5709 data_layer.cpp:73] Restarting data prefetching from start.
I0502 14:03:45.541436  5702 solver.cpp:418]     Test net output #0: accuracy = 0.988839
I0502 14:03:45.541462  5702 solver.cpp:418]     Test net output #1: loss = 0.0512865 (* 1 = 0.0512865 loss)
I0502 14:03:48.839160  5708 data_layer.cpp:73] Restarting data prefetching from start.
I0502 14:03:48.936978  5702 solver.cpp:351] Iteration 9360, Testing net (#0)
I0502 14:03:49.065488  5709 data_layer.cpp:73] Restarting data prefetching from start.
I0502 14:03:49.295403  5702 solver.cpp:418]     Test net output #0: accuracy = 0.989286
I0502 14:03:49.295429  5702 solver.cpp:418]     Test net output #1: loss = 0.0497797 (* 1 = 0.0497797 loss)
I0502 14:03:52.607210  5708 data_layer.cpp:73] Restarting data prefetching from start.
I0502 14:03:52.708163  5702 solver.cpp:351] Iteration 9490, Testing net (#0)
I0502 14:03:52.817349  5709 data_layer.cpp:73] Restarting data prefetching from start.
I0502 14:03:53.065326  5702 solver.cpp:418]     Test net output #0: accuracy = 0.989732
I0502 14:03:53.065378  5702 solver.cpp:418]     Test net output #1: loss = 0.0518627 (* 1 = 0.0518627 loss)
I0502 14:03:53.363478  5702 solver.cpp:239] Iteration 9500 (34.4178 iter/s, 14.5274s/500 iters), loss = 0.00179545
I0502 14:03:53.363508  5702 solver.cpp:258]     Train net output #0: loss = 0.00179545 (* 1 = 0.00179545 loss)
I0502 14:03:53.363513  5702 sgd_solver.cpp:112] Iteration 9500, lr = 0.01
I0502 14:03:56.380985  5708 data_layer.cpp:73] Restarting data prefetching from start.
I0502 14:03:56.479584  5702 solver.cpp:351] Iteration 9620, Testing net (#0)
I0502 14:03:56.565980  5709 data_layer.cpp:73] Restarting data prefetching from start.
I0502 14:03:56.845657  5702 solver.cpp:418]     Test net output #0: accuracy = 0.989286
I0502 14:03:56.845682  5702 solver.cpp:418]     Test net output #1: loss = 0.0534741 (* 1 = 0.0534741 loss)
I0502 14:04:00.149469  5708 data_layer.cpp:73] Restarting data prefetching from start.
I0502 14:04:00.249660  5702 solver.cpp:351] Iteration 9750, Testing net (#0)
I0502 14:04:00.313443  5709 data_layer.cpp:73] Restarting data prefetching from start.
I0502 14:04:00.605506  5702 solver.cpp:418]     Test net output #0: accuracy = 0.989286
I0502 14:04:00.605531  5702 solver.cpp:418]     Test net output #1: loss = 0.0487662 (* 1 = 0.0487662 loss)
I0502 14:04:03.907985  5708 data_layer.cpp:73] Restarting data prefetching from start.
I0502 14:04:04.006234  5702 solver.cpp:351] Iteration 9880, Testing net (#0)
I0502 14:04:04.031849  5709 data_layer.cpp:73] Restarting data prefetching from start.
I0502 14:04:04.350016  5709 data_layer.cpp:73] Restarting data prefetching from start.
I0502 14:04:04.358373  5702 solver.cpp:418]     Test net output #0: accuracy = 0.989286
I0502 14:04:04.358395  5702 solver.cpp:418]     Test net output #1: loss = 0.050673 (* 1 = 0.050673 loss)
I0502 14:04:07.481554  5702 solver.cpp:468] Snapshotting to binary proto file models/sp_final_lenet/exp_7/caffe_lenet_inv7_train_iter_10000.caffemodel
I0502 14:04:07.503569  5702 sgd_solver.cpp:280] Snapshotting solver state to binary proto file models/sp_final_lenet/exp_7/caffe_lenet_inv7_train_iter_10000.solverstate
I0502 14:04:07.523032  5702 solver.cpp:331] Iteration 10000, loss = 0.00162048
I0502 14:04:07.523061  5702 solver.cpp:336] Optimization Done.
I0502 14:04:07.523064  5702 caffe.cpp:250] Optimization Done.
